***  Installation Started 12/05/2007 10:39  ***
Title: RemObjects Pascal Script
Source: C:\W2003S\Temp\GLB9.tmp | 12-05-2007 | 10:39:54 | 71680
Made Dir: C:\Program Files\RemObjects Software
Made Dir: C:\Program Files\RemObjects Software\Pascal Script for Delphi
File Copy: C:\Program Files\RemObjects Software\Pascal Script for Delphi\UNWISE.EXE | 07-26-2002 | 18:02:06 | | 153088 | 5be5019b
RegDB Key: Software\Microsoft\Windows\CurrentVersion\Uninstall\Pascal Script
RegDB Val: Pascal Script
RegDB Name: DisplayName
RegDB Root: 2
RegDB Key: Software\Microsoft\Windows\CurrentVersion\Uninstall\Pascal Script
RegDB Val: C:\PROGRA~1\REMOBJ~1\PASCAL~1\UNWISE.EXE C:\PROGRA~1\REMOBJ~1\PASCAL~1\INSTALL.LOG
RegDB Name: UninstallString
RegDB Root: 2
RegDB Key: Software\Microsoft\Windows\CurrentVersion\Uninstall\Pascal Script
RegDB Val: WWW
RegDB Name: RegCompany
RegDB Root: 2
RegDB Key: Software\Microsoft\Windows\CurrentVersion\Uninstall\Pascal Script
RegDB Val: WWW
RegDB Name: RegOwner
RegDB Root: 2
Made Dir: C:\Program Files\RemObjects Software\Everwood
Made Dir: C:\Program Files\RemObjects Software\Everwood\Bin
File Copy: C:\Program Files\RemObjects Software\Everwood\Bin\EWSetRegistryPath.exe | 01-06-2006 | 09:33:30 | | 116224 | 96193577
File Copy: C:\Program Files\RemObjects Software\Everwood\Bin\RemObjects_Everwood_D6.bpl | 10-24-2007 | 17:09:22 | 2.0.1.99 | 260608 | de0d7f7d
File Copy: C:\Program Files\RemObjects Software\Everwood\Bin\RemObjects_Everwood_D7.bpl | 10-24-2007 | 17:09:22 | 2.0.1.99 | 261120 | 9d8e390a
File Copy: C:\Program Files\RemObjects Software\Everwood\Bin\RemObjects_Everwood_D6.dcp | 10-24-2007 | 17:09:22 | | 83887 | d73c9b6
File Copy: C:\Program Files\RemObjects Software\Everwood\Bin\RemObjects_Everwood_D7.dcp | 10-24-2007 | 17:09:22 | | 87270 | f13716d2
File Copy: C:\Program Files\RemObjects Software\Everwood\Bin\RemObjects_Everwood_D9.bpl | 10-24-2007 | 17:09:24 | 2.0.1.99 | 268288 | 32392b58
File Copy: C:\Program Files\RemObjects Software\Everwood\Bin\RemObjects_Everwood_D9.dcp | 10-24-2007 | 17:09:24 | | 91362 | 325e32a0
File Copy: C:\Program Files\RemObjects Software\Everwood\Bin\RemObjects_Everwood_D10.bpl | 10-24-2007 | 17:09:26 | 2.0.1.99 | 264704 | dc95547c
File Copy: C:\Program Files\RemObjects Software\Everwood\Bin\RemObjects_Everwood_D10.dcp | 10-24-2007 | 17:09:26 | | 91571 | 5a550362
File Copy: C:\Program Files\RemObjects Software\Everwood\Bin\RemObjects_Everwood_D11.bpl | 10-24-2007 | 17:09:28 | 2.0.1.99 | 264704 | 85de059c
File Copy: C:\Program Files\RemObjects Software\Everwood\Bin\RemObjects_Everwood_D11.dcp | 10-24-2007 | 17:09:28 | | 91586 | 5725813c
RegDB Key: Software\Borland\Delphi\7.0\Environment Variables
RegDB Val: C:\Program Files\RemObjects Software\Everwood
RegDB Name: Everwood
RegDB Root: 1
RegDB Key: Software\Borland\Delphi\7.0\Known Packages
RegDB Val: Everwood
RegDB Name: $(Everwood)\Bin\RemObjects_Everwood_D7.bpl
RegDB Root: 1
RegDB Key: Software\Borland\BDS\5.0\Environment Variables
RegDB Val: C:\Program Files\RemObjects Software\Everwood
RegDB Name: Everwood
RegDB Root: 1
RegDB Key: Software\Borland\BDS\5.0\Known Packages
RegDB Val: 
RegDB Name: $(Everwood)\Bin\RemObjects_Everwood_D10.bpl
RegDB Root: 1
RegDB Key: Software\Borland\BDS\5.0\Known Packages
RegDB Val: Everwood
RegDB Name: $(Everwood)\Bin\RemObjects_Everwood_D11.bpl
RegDB Root: 1
Made Dir: C:\Program Files\RemObjects Software\Everwood\Source
Made Dir: C:\Program Files\RemObjects Software\Everwood\Source\Delphi
File Copy: C:\Program Files\RemObjects Software\Everwood\Source\Delphi\RemObjects_Everwood_D6.dpk | 10-08-2007 | 15:45:32 | | 1321 | aac43c71
File Copy: C:\Program Files\RemObjects Software\Everwood\Source\Delphi\RemObjects_Everwood_D6.cfg | 10-08-2007 | 15:45:32 | | 376 | 584bcad7
File Copy: C:\Program Files\RemObjects Software\Everwood\Source\Delphi\RemObjects_Everwood_D6.dof | 10-08-2007 | 15:45:32 | | 5009 | dc2ee817
File Copy: C:\Program Files\RemObjects Software\Everwood\Source\Delphi\RemObjects_Everwood_D6.res | 10-24-2007 | 17:09:22 | | 392 | 354b98c3
File Copy: C:\Program Files\RemObjects Software\Everwood\Source\Delphi\RemObjects_Everwood_D7.dpk | 10-08-2007 | 15:45:18 | | 1321 | 7229b44a
File Copy: C:\Program Files\RemObjects Software\Everwood\Source\Delphi\RemObjects_Everwood_D7.cfg | 10-08-2007 | 15:45:18 | | 540 | 6cd75910
File Copy: C:\Program Files\RemObjects Software\Everwood\Source\Delphi\RemObjects_Everwood_D7.dof | 10-08-2007 | 15:45:18 | | 3326 | 770233c0
File Copy: C:\Program Files\RemObjects Software\Everwood\Source\Delphi\RemObjects_Everwood_D7.res | 10-24-2007 | 17:09:22 | | 392 | 354b98c3
File Copy: C:\Program Files\RemObjects Software\Everwood\Source\Delphi\RemObjects_Everwood_D9.bdsproj | 10-08-2007 | 16:18:10 | | 10398 | aeae826a
File Copy: C:\Program Files\RemObjects Software\Everwood\Source\Delphi\RemObjects_Everwood_D9.cfg | 10-08-2007 | 16:18:10 | | 512 | 7e4f5fc8
File Copy: C:\Program Files\RemObjects Software\Everwood\Source\Delphi\RemObjects_Everwood_D9.dof | 10-08-2007 | 16:18:10 | | 3535 | b9f87056
File Copy: C:\Program Files\RemObjects Software\Everwood\Source\Delphi\RemObjects_Everwood_D9.dpk | 10-08-2007 | 16:18:10 | | 1321 | bc0ed08e
File Copy: C:\Program Files\RemObjects Software\Everwood\Source\Delphi\RemObjects_Everwood_D9.res | 10-24-2007 | 17:09:24 | | 392 | 354b98c3
File Copy: C:\Program Files\RemObjects Software\Everwood\Source\Delphi\RemObjects_Everwood_D10.bdsproj | 10-08-2007 | 16:17:30 | | 10393 | 5377e35f
File Copy: C:\Program Files\RemObjects Software\Everwood\Source\Delphi\RemObjects_Everwood_D10.cfg | 10-08-2007 | 16:17:30 | | 518 | 4ac93bc
File Copy: C:\Program Files\RemObjects Software\Everwood\Source\Delphi\RemObjects_Everwood_D10.dpk | 10-08-2007 | 16:17:30 | | 1322 | c217326f
File Copy: C:\Program Files\RemObjects Software\Everwood\Source\Delphi\RemObjects_Everwood_D10.res | 10-24-2007 | 17:09:26 | | 392 | 354b98c3
File Copy: C:\Program Files\RemObjects Software\Everwood\Source\Delphi\RemObjects_Everwood_D11.dproj | 10-08-2007 | 16:49:24 | | 6790 | 67314d14
File Copy: C:\Program Files\RemObjects Software\Everwood\Source\Delphi\RemObjects_Everwood_D11.dpk | 10-08-2007 | 16:49:24 | | 1322 | 1afaba54
File Copy: C:\Program Files\RemObjects Software\Everwood\Source\Delphi\RemObjects_Everwood_D11.res | 10-24-2007 | 17:09:26 | | 392 | 354b98c3
File Copy: C:\Program Files\RemObjects Software\Everwood\Source\Delphi\uEWOTAMessages.pas | 08-19-2006 | 13:36:34 | | 1601 | 2805e15e
File Copy: C:\Program Files\RemObjects Software\Everwood\Source\Delphi\uEWOTANewModuleExpert.pas | 01-26-2007 | 18:54:04 | | 286 | 978aef87
File Copy: C:\Program Files\RemObjects Software\Everwood\Source\Delphi\uEWOTANewProjectExpert.pas | 01-24-2007 | 19:31:08 | | 291 | a44ff5d9
File Copy: C:\Program Files\RemObjects Software\Everwood\Source\Delphi\uEWOTARepositoryExpert.pas | 09-03-2007 | 17:03:42 | | 9172 | c5abbf32
File Copy: C:\Program Files\RemObjects Software\Everwood\Source\Delphi\uEWOTAWizards.pas | 01-24-2007 | 19:00:06 | | 9523 | f87eaa98
File Copy: C:\Program Files\RemObjects Software\Everwood\Source\Delphi\uEWSampleInfo.dfm | 10-17-2007 | 12:42:02 | | 36513 | 2aa93efe
File Copy: C:\Program Files\RemObjects Software\Everwood\Source\Delphi\uEWSampleInfo.pas | 10-17-2007 | 12:42:02 | | 3687 | 932f0bf8
File Copy: C:\Program Files\RemObjects Software\Everwood\Source\Delphi\uEWStringTools.pas | 08-19-2006 | 13:20:12 | | 998 | 2126883a
File Copy: C:\Program Files\RemObjects Software\Everwood\Source\Delphi\uEWTools.pas | 08-19-2006 | 13:01:50 | | 273 | 28c13b3d
File Copy: C:\Program Files\RemObjects Software\Everwood\Source\Delphi\uEWWizard.dfm | 01-26-2007 | 19:01:58 | | 19494 | 9e40a13d
File Copy: C:\Program Files\RemObjects Software\Everwood\Source\Delphi\uEWWizard.pas | 01-26-2007 | 19:01:58 | | 6634 | 156e1fe
File Copy: C:\Program Files\RemObjects Software\Everwood\Source\Delphi\EverwoodIDEResources.res | 10-24-2007 | 17:09:20 | | 15292 | 40e5d0a2
File Copy: C:\Program Files\RemObjects Software\Everwood\Source\Delphi\RemObjects_Everwood_Reg.pas | 10-19-2003 | 23:40:46 | | 134 | efb4c303
File Copy: C:\Program Files\RemObjects Software\Everwood\Source\Delphi\uEWAbout.dfm | 09-05-2004 | 10:11:26 | | 342395 | df9db1f9
File Copy: C:\Program Files\RemObjects Software\Everwood\Source\Delphi\uEWAbout.pas | 09-05-2004 | 10:11:26 | | 2753 | 2e727e16
File Copy: C:\Program Files\RemObjects Software\Everwood\Source\Delphi\uEWHelpers.pas | 01-26-2007 | 18:51:44 | | 2489 | 1a73bb0e
File Copy: C:\Program Files\RemObjects Software\Everwood\Source\Delphi\uEWMenuManager.pas | 01-24-2007 | 19:38:02 | | 9809 | 66eff00e
File Copy: C:\Program Files\RemObjects Software\Everwood\Source\Delphi\uEWOTAHelpers.pas | 10-03-2007 | 15:53:54 | | 10578 | 5dba221a
File Copy: C:\Program Files\RemObjects Software\Everwood\Source\Delphi\eDefines.inc | 09-12-2007 | 20:40:10 | | 16114 | c6c1dbe0
File Copy: C:\Program Files\RemObjects Software\Everwood\Source\Delphi\Everwood.inc | 10-19-2003 | 21:50:04 | | 27 | b50f733
RegDB Key: Software\RemObjects\Everwood for Delphi
RegDB Val: 1
RegDB Name: Installed
RegDB Root: 1
RegDB Key: Software\RemObjects\Everwood for Delphi
RegDB Val: C:\Program Files\RemObjects Software\Everwood
RegDB Name: InstallDir
RegDB Root: 1
Made Dir: C:\Program Files\Common Files\RemObjects Software
Made Dir: C:\Program Files\Common Files\RemObjects Software\Help
File Copy: C:\Program Files\Common Files\RemObjects Software\Help\RemObjects.HxC | 12-30-2005 | 15:47:36 | | 981 | cf99aaff
File Copy: C:\Program Files\Common Files\RemObjects Software\Help\RemObjects.HxT | 06-04-2005 | 04:16:32 | | 542 | b5ef3cda
File Copy: C:\Program Files\Common Files\RemObjects Software\Help\RemObjects_F.HxK | 05-14-2002 | 18:57:32 | | 114 | 57ef63da
File Copy: C:\Program Files\Common Files\RemObjects Software\Help\RemObjects_K.HxK | 07-26-2004 | 18:04:30 | | 164 | 7867ef6c
File Copy: C:\Program Files\Common Files\RemObjects Software\Help\h2reg.ini | 06-11-2007 | 11:33:02 | | 3698 | 7dea23e6
File Copy: C:\Program Files\Common Files\RemObjects Software\Help\RemObjects.HxA | 06-04-2005 | 03:52:46 | | 1515 | b3b89fef
File Copy: C:\Program Files\Common Files\RemObjects Software\Help\H2Reg.exe | 04-12-2003 | 09:02:08 | 1.2.2.0 | 182272 | ef6ecdc5
File Copy: C:\Program Files\RemObjects Software\Pascal Script for Delphi\License.txt | 06-26-2007 | 15:48:28 | | 9419 | bdf4ee4e
File Copy: C:\Program Files\RemObjects Software\Pascal Script for Delphi\README.html | 04-20-2004 | 16:23:38 | | 1747 | 19f2794a
File Copy: C:\Program Files\RemObjects Software\Pascal Script for Delphi\ps.png | 04-25-2004 | 16:10:08 | | 16701 | a7a101
File Copy: C:\Program Files\RemObjects Software\Pascal Script for Delphi\Launch.exe | 02-21-2003 | 13:47:32 | | 14848 | 81197b84
File Copy: C:\Program Files\RemObjects Software\Pascal Script for Delphi\Changes.txt | 12-19-2005 | 20:07:16 | | 4447 | 7bb0bcbe
File Copy: C:\Program Files\RemObjects Software\Pascal Script for Delphi\Pascal Script.ico | 04-21-2004 | 22:14:42 | | 22486 | d564aa43
Made Dir: C:\Program Files\RemObjects Software\Pascal Script for Delphi\Bin
File Copy: C:\Program Files\RemObjects Software\Pascal Script for Delphi\Bin\PSUnitImporter.exe | 10-24-2007 | 17:16:58 | 3.0.25.631 | 1353144 | 1c7d204a
Made Dir: C:\Program Files\RemObjects Software\Pascal Script for Delphi\Dcu
Made Dir: C:\Program Files\RemObjects Software\Pascal Script for Delphi\Dcu\D6
File Copy: C:\Program Files\RemObjects Software\Pascal Script for Delphi\Dcu\D6\PascalScript_Core_D6.bpl | 10-24-2007 | 17:16:44 | 3.0.25.631 | 643072 | 5eee88a3
File Copy: C:\Program Files\RemObjects Software\Pascal Script for Delphi\Dcu\D6\PascalScript_Core_D6.dcp | 10-24-2007 | 17:16:44 | | 790876 | 258565b9
Made Dir: C:\Program Files\RemObjects Software\Pascal Script for Delphi\Dcu\D7
File Copy: C:\Program Files\RemObjects Software\Pascal Script for Delphi\Dcu\D7\PascalScript_Core_D7.bpl | 10-24-2007 | 17:16:46 | 3.0.25.631 | 651264 | 68761c5b
File Copy: C:\Program Files\RemObjects Software\Pascal Script for Delphi\Dcu\D7\PascalScript_Core_D7.dcp | 10-24-2007 | 17:16:46 | | 792676 | 870802e2
Made Dir: C:\Program Files\RemObjects Software\Pascal Script for Delphi\Dcu\D10
File Copy: C:\Program Files\RemObjects Software\Pascal Script for Delphi\Dcu\D10\PascalScript_Core_D10.bpl | 10-24-2007 | 17:16:48 | 3.0.25.631 | 648192 | c644f0f7
File Copy: C:\Program Files\RemObjects Software\Pascal Script for Delphi\Dcu\D10\PascalScript_Core_D10.dcp | 10-24-2007 | 17:16:48 | | 807977 | 9597eb38
Made Dir: C:\Program Files\RemObjects Software\Pascal Script for Delphi\Dcu\D11
File Copy: C:\Program Files\RemObjects Software\Pascal Script for Delphi\Dcu\D11\PascalScript_Core_D11.bpl | 10-24-2007 | 17:16:52 | 3.0.25.631 | 648192 | 3b6621f7
File Copy: C:\Program Files\RemObjects Software\Pascal Script for Delphi\Dcu\D11\PascalScript_Core_D11.dcp | 10-24-2007 | 17:16:52 | | 808065 | 798cefc9
File Copy: C:\Program Files\RemObjects Software\Pascal Script for Delphi\Dcu\D7\PascalScript_RO_D7.bpl | 10-24-2007 | 17:16:46 | 3.0.25.631 | 55808 | 3f5c4d2c
File Copy: C:\Program Files\RemObjects Software\Pascal Script for Delphi\Dcu\D7\PascalScript_RO_D7.dcp | 10-24-2007 | 17:16:46 | | 43799 | e00c0e0b
File Copy: C:\Program Files\RemObjects Software\Pascal Script for Delphi\Dcu\D10\PascalScript_RO_D10.bpl | 10-24-2007 | 17:16:48 | 3.0.25.631 | 50176 | d03c648d
File Copy: C:\Program Files\RemObjects Software\Pascal Script for Delphi\Dcu\D10\PascalScript_RO_D10.dcp | 10-24-2007 | 17:16:48 | | 41712 | f45aed21
File Copy: C:\Program Files\RemObjects Software\Pascal Script for Delphi\Dcu\D11\PascalScript_RO_D11.bpl | 10-24-2007 | 17:16:52 | 3.0.25.631 | 50176 | e4a5a9b8
File Copy: C:\Program Files\RemObjects Software\Pascal Script for Delphi\Dcu\D11\PascalScript_RO_D11.dcp | 10-24-2007 | 17:16:52 | | 41705 | 3b948e3
Made Dir: C:\Program Files\RemObjects Software\Pascal Script for Delphi\Source
File Copy: C:\Program Files\RemObjects Software\Pascal Script for Delphi\Source\PascalScript_Core_D10.bdsproj | 10-24-2007 | 17:16:48 | | 8295 | 814ec54
File Copy: C:\Program Files\RemObjects Software\Pascal Script for Delphi\Source\PascalScript_Core_D10.dpk | 10-22-2007 | 13:54:44 | | 2257 | e002e122
File Copy: C:\Program Files\RemObjects Software\Pascal Script for Delphi\Source\PascalScript_Core_D10.res | 10-24-2007 | 17:16:46 | | 628 | 67fbe01a
File Copy: C:\Program Files\RemObjects Software\Pascal Script for Delphi\Source\PascalScript_Core_D10.cfg | 10-22-2007 | 13:54:44 | | 535 | 129a73f7
File Copy: C:\Program Files\RemObjects Software\Pascal Script for Delphi\Source\PascalScript_Core_D11.dproj | 10-24-2007 | 17:16:52 | | 7393 | fd81855d
File Copy: C:\Program Files\RemObjects Software\Pascal Script for Delphi\Source\PascalScript_Core_D11.dpk | 10-22-2007 | 13:54:54 | | 2255 | 2fec7078
File Copy: C:\Program Files\RemObjects Software\Pascal Script for Delphi\Source\PascalScript_Core_D11.res | 10-24-2007 | 17:16:50 | | 628 | 67fbe01a
File Copy: C:\Program Files\RemObjects Software\Pascal Script for Delphi\Source\PascalScript_Core_D7.dpk | 10-22-2007 | 13:54:36 | | 2256 | f54510fd
File Copy: C:\Program Files\RemObjects Software\Pascal Script for Delphi\Source\PascalScript_Core_D7.dof | 10-24-2007 | 17:16:46 | | 1919 | 5b50c53e
File Copy: C:\Program Files\RemObjects Software\Pascal Script for Delphi\Source\PascalScript_Core_D7.res | 10-24-2007 | 17:16:44 | | 628 | 67fbe01a
File Copy: C:\Program Files\RemObjects Software\Pascal Script for Delphi\Source\PascalScript_Core_D6.dof | 10-24-2007 | 17:16:44 | | 1851 | 5bc8c2be
File Copy: C:\Program Files\RemObjects Software\Pascal Script for Delphi\Source\PascalScript_Core_D6.dpk | 10-22-2007 | 13:54:30 | | 2254 | 210d82fd
File Copy: C:\Program Files\RemObjects Software\Pascal Script for Delphi\Source\PascalScript_Core_D6.res | 10-24-2007 | 17:16:42 | | 628 | 67fbe01a
File Copy: C:\Program Files\RemObjects Software\Pascal Script for Delphi\Source\PascalScript_Core_D5.dof | 10-24-2007 | 17:16:42 | | 1786 | 21061a8c
File Copy: C:\Program Files\RemObjects Software\Pascal Script for Delphi\Source\PascalScript_Core_D5.dpk | 10-16-2006 | 17:18:58 | | 2209 | 679f6309
File Copy: C:\Program Files\RemObjects Software\Pascal Script for Delphi\Source\PascalScript_Core_D4.dpk | 10-16-2006 | 17:19:02 | | 2208 | ac617051
File Copy: C:\Program Files\RemObjects Software\Pascal Script for Delphi\Source\PascalScript_Core_D4.dof | 10-24-2007 | 17:16:42 | | 1786 | c918aa04
File Copy: C:\Program Files\RemObjects Software\Pascal Script for Delphi\Source\PascalScript_Core_D3.dof | 10-24-2007 | 17:16:42 | | 1804 | 5288eae4
File Copy: C:\Program Files\RemObjects Software\Pascal Script for Delphi\Source\PascalScript_Core_D3.dpk | 10-16-2006 | 17:19:06 | | 2209 | 5f5bb6f8
File Copy: C:\Program Files\RemObjects Software\Pascal Script for Delphi\Source\PascalScript_Core_K3.kof | 04-20-2004 | 16:20:46 | | 1786 | 2be344e0
File Copy: C:\Program Files\RemObjects Software\Pascal Script for Delphi\Source\PascalScript_Core_K3.dpk | 04-20-2004 | 16:20:46 | | 2209 | 69dc73d4
File Copy: C:\Program Files\RemObjects Software\Pascal Script for Delphi\Source\PascalScript_Core_Glyphs.RES | 10-24-2007 | 17:16:42 | | 18328 | e7641689
File Copy: C:\Program Files\RemObjects Software\Pascal Script for Delphi\Source\PascalScript_Core_Reg.pas | 03-19-2007 | 20:28:24 | | 1296 | cbc24b1b
File Copy: C:\Program Files\RemObjects Software\Pascal Script for Delphi\Source\PascalScript_RO_D10.bdsproj | 10-24-2007 | 17:16:50 | | 8256 | 6fed23b3
File Copy: C:\Program Files\RemObjects Software\Pascal Script for Delphi\Source\PascalScript_RO_D10.cfg | 04-26-2006 | 11:03:46 | | 846 | 995e9ae1
File Copy: C:\Program Files\RemObjects Software\Pascal Script for Delphi\Source\PascalScript_RO_D10.dpk | 04-26-2006 | 11:03:46 | | 930 | ab48f3b5
File Copy: C:\Program Files\RemObjects Software\Pascal Script for Delphi\Source\PascalScript_RO_D7.dpk | 02-23-2006 | 14:13:00 | | 834 | 42a10e79
File Copy: C:\Program Files\RemObjects Software\Pascal Script for Delphi\Source\PascalScript_RO_D11.dproj | 10-24-2007 | 17:16:54 | | 6566 | 85d4a5b8
File Copy: C:\Program Files\RemObjects Software\Pascal Script for Delphi\Source\PascalScript_RO_D11.dpk | 09-13-2007 | 13:49:18 | | 930 | b7bbca3
Made Dir: C:\Program Files\RemObjects Software\Pascal Script for Delphi\BACKUP
File Overwrite: C:\Program Files\RemObjects Software\Pascal Script for Delphi\Source\PascalScript_RO_D7.dpk | 02-23-2006 | 14:13:00 | | 834 | 42a10e79
Backup Copy: C:\Program Files\RemObjects Software\Pascal Script for Delphi\BACKUP\PascalScript_RO_D7.dpk
File Copy: C:\Program Files\RemObjects Software\Pascal Script for Delphi\Source\PascalScript_RO_D7.dof | 10-24-2007 | 17:16:46 | | 1940 | eb0b5743
File Copy: C:\Program Files\RemObjects Software\Pascal Script for Delphi\Source\PascalScript_RO_D7.res | 10-24-2007 | 17:16:46 | | 628 | 67fbe01a
File Copy: C:\Program Files\RemObjects Software\Pascal Script for Delphi\Source\PascalScript_RO_D6.dpk | 02-23-2006 | 14:13:18 | | 834 | 21e8b115
File Copy: C:\Program Files\RemObjects Software\Pascal Script for Delphi\Source\PascalScript_RO_D6.dof | 10-24-2007 | 17:16:42 | | 1804 | 252473d1
File Copy: C:\Program Files\RemObjects Software\Pascal Script for Delphi\Source\PascalScript_RO_D6.res | 02-23-2006 | 14:13:18 | | 616 | 9bbf6df1
File Copy: C:\Program Files\RemObjects Software\Pascal Script for Delphi\Source\PascalScript_RO_Glyphs.RES | 10-24-2007 | 17:16:42 | | 1876 | 88704ce0
File Copy: C:\Program Files\RemObjects Software\Pascal Script for Delphi\Source\PascalScript_RO_Reg.pas | 04-17-2006 | 15:56:16 | | 745 | 7e39e914
File Copy: C:\Program Files\RemObjects Software\Pascal Script for Delphi\Source\PascalScript.inc | 01-05-2006 | 18:02:32 | | 1732 | 155d434c
File Copy: C:\Program Files\RemObjects Software\Pascal Script for Delphi\Source\eDefines.inc | 02-20-2007 | 13:50:50 | | 14033 | 45fcae7
File Copy: C:\Program Files\RemObjects Software\Pascal Script for Delphi\Source\BuildPackages_D6.bpg | 04-25-2004 | 15:47:52 | | 875 | 17e01450
File Copy: C:\Program Files\RemObjects Software\Pascal Script for Delphi\Source\BuildPackages_D7.bpg | 04-25-2004 | 14:16:46 | | 875 | dc57cb7
File Copy: C:\Program Files\RemObjects Software\Pascal Script for Delphi\Source\BuildPackages_D10.bdsgroup | 12-19-2005 | 16:57:16 | | 856 | 1e8535b2
File Copy: C:\Program Files\RemObjects Software\Pascal Script for Delphi\Source\BuildPackages_D11.groupproj | 09-13-2007 | 13:48:30 | | 1853 | 214bf1b2
File Copy: C:\Program Files\RemObjects Software\Pascal Script for Delphi\Source\uPSDebugger.pas | 07-27-2005 | 14:19:56 | | 15796 | 4da4b45f
File Copy: C:\Program Files\RemObjects Software\Pascal Script for Delphi\Source\uPSDisassembly.pas | 07-27-2005 | 14:19:54 | | 15818 | 4462d079
File Copy: C:\Program Files\RemObjects Software\Pascal Script for Delphi\Source\uPSPreProcessor.pas | 07-27-2005 | 14:19:58 | | 21848 | ff6b02a8
File Copy: C:\Program Files\RemObjects Software\Pascal Script for Delphi\Source\uPSR_buttons.pas | 09-17-2004 | 16:47:08 | | 789 | 45ccccdd
File Copy: C:\Program Files\RemObjects Software\Pascal Script for Delphi\Source\uPSR_classes.pas | 07-27-2005 | 14:19:54 | | 14735 | 7bec20bc
File Copy: C:\Program Files\RemObjects Software\Pascal Script for Delphi\Source\uPSR_comobj.pas | 07-27-2005 | 14:19:52 | | 2154 | 6098c2a9
File Copy: C:\Program Files\RemObjects Software\Pascal Script for Delphi\Source\uPSR_controls.pas | 11-10-2005 | 10:44:34 | | 10924 | 5923bb29
File Copy: C:\Program Files\RemObjects Software\Pascal Script for Delphi\Source\uPSR_dateutils.pas | 03-15-2007 | 14:50:58 | | 1863 | 57f190dd
File Copy: C:\Program Files\RemObjects Software\Pascal Script for Delphi\Source\uPSR_DB.pas | 11-10-2005 | 10:44:36 | | 75792 | feebf90d
File Copy: C:\Program Files\RemObjects Software\Pascal Script for Delphi\Source\uPSR_dll.pas | 11-10-2005 | 10:44:36 | | 7115 | a938d03
File Copy: C:\Program Files\RemObjects Software\Pascal Script for Delphi\Source\uPSR_extctrls.pas | 11-10-2005 | 10:44:36 | | 3674 | fab516f0
File Copy: C:\Program Files\RemObjects Software\Pascal Script for Delphi\Source\uPSR_forms.pas | 11-10-2005 | 10:44:36 | | 13843 | f2d576c5
File Copy: C:\Program Files\RemObjects Software\Pascal Script for Delphi\Source\uPSR_graphics.pas | 01-16-2006 | 12:11:16 | | 8488 | 8c2b726e
File Copy: C:\Program Files\RemObjects Software\Pascal Script for Delphi\Source\uPSR_menus.pas | 11-10-2005 | 10:52:16 | | 17296 | a63d3bb4
File Copy: C:\Program Files\RemObjects Software\Pascal Script for Delphi\Source\uPSR_std.pas | 09-17-2004 | 16:47:08 | | 2710 | 17cc7c4a
File Copy: C:\Program Files\RemObjects Software\Pascal Script for Delphi\Source\uPSR_stdctrls.pas | 11-10-2005 | 10:44:36 | | 11025 | 43456fc
File Copy: C:\Program Files\RemObjects Software\Pascal Script for Delphi\Source\uPSRuntime.pas | 09-21-2006 | 22:54:42 | | 402717 | 9ed28ac4
File Copy: C:\Program Files\RemObjects Software\Pascal Script for Delphi\Source\uPSUtils.pas | 03-15-2007 | 13:43:08 | | 35511 | 69d11e41
File Copy: C:\Program Files\RemObjects Software\Pascal Script for Delphi\Source\uPSC_buttons.pas | 10-01-2004 | 19:19:56 | | 2806 | 35ea551
File Copy: C:\Program Files\RemObjects Software\Pascal Script for Delphi\Source\uPSC_classes.pas | 10-01-2004 | 19:20:26 | | 12241 | bc7fbd7a
File Copy: C:\Program Files\RemObjects Software\Pascal Script for Delphi\Source\uPSC_comobj.pas | 10-01-2004 | 19:20:52 | | 612 | 38614afb
File Copy: C:\Program Files\RemObjects Software\Pascal Script for Delphi\Source\uPSC_controls.pas | 11-10-2005 | 10:44:34 | | 9771 | 64c9a93f
File Copy: C:\Program Files\RemObjects Software\Pascal Script for Delphi\Source\uPSC_dateutils.pas | 10-01-2004 | 19:22:44 | | 1553 | 6121bee5
File Copy: C:\Program Files\RemObjects Software\Pascal Script for Delphi\Source\uPSC_DB.pas | 10-04-2006 | 10:02:38 | | 36742 | 851fdf6d
File Copy: C:\Program Files\RemObjects Software\Pascal Script for Delphi\Source\uPSC_dll.pas | 07-27-2005 | 14:19:54 | | 3621 | c94a1792
File Copy: C:\Program Files\RemObjects Software\Pascal Script for Delphi\Source\uPSC_extctrls.pas | 07-27-2005 | 14:19:50 | | 12642 | b80a3fbd
File Copy: C:\Program Files\RemObjects Software\Pascal Script for Delphi\Source\uPSC_forms.pas | 07-27-2005 | 14:19:58 | | 11886 | cf0f9153
File Copy: C:\Program Files\RemObjects Software\Pascal Script for Delphi\Source\uPSC_graphics.pas | 01-16-2006 | 12:10:56 | | 13222 | eed66126
File Copy: C:\Program Files\RemObjects Software\Pascal Script for Delphi\Source\uPSC_menus.pas | 11-10-2005 | 10:44:34 | | 9930 | 4517c1d1
File Copy: C:\Program Files\RemObjects Software\Pascal Script for Delphi\Source\uPSC_std.pas | 10-01-2004 | 19:25:34 | | 2707 | b9b9ec2d
File Copy: C:\Program Files\RemObjects Software\Pascal Script for Delphi\Source\uPSC_stdctrls.pas | 07-27-2005 | 14:19:56 | | 25016 | cc69c9de
File Copy: C:\Program Files\RemObjects Software\Pascal Script for Delphi\Source\uPSCompiler.pas | 03-15-2007 | 13:46:54 | | 435316 | a572bba
File Copy: C:\Program Files\RemObjects Software\Pascal Script for Delphi\Source\uPSComponent.pas | 10-04-2006 | 10:01:32 | | 41868 | adec54c1
File Copy: C:\Program Files\RemObjects Software\Pascal Script for Delphi\Source\uPSComponent_COM.pas | 09-17-2004 | 16:47:08 | | 755 | 7d8d0635
File Copy: C:\Program Files\RemObjects Software\Pascal Script for Delphi\Source\uPSComponent_Controls.pas | 11-03-2005 | 20:30:34 | | 1636 | c15c38a7
File Copy: C:\Program Files\RemObjects Software\Pascal Script for Delphi\Source\uPSComponent_DB.pas | 03-15-2007 | 14:50:18 | | 715 | 3a93c74c
File Copy: C:\Program Files\RemObjects Software\Pascal Script for Delphi\Source\uPSComponent_Default.pas | 09-21-2006 | 22:54:42 | | 1945 | 64df0be9
File Copy: C:\Program Files\RemObjects Software\Pascal Script for Delphi\Source\uPSComponent_Forms.pas | 11-10-2005 | 10:44:34 | | 1438 | d778cbb8
File Copy: C:\Program Files\RemObjects Software\Pascal Script for Delphi\Source\uPSComponent_StdCtrls.pas | 11-03-2005 | 20:32:02 | | 1558 | d2e2afb9
File Copy: C:\Program Files\RemObjects Software\Pascal Script for Delphi\Source\uROPSServerLink.pas | 01-30-2006 | 16:08:54 | | 34753 | 40c7d51d
File Copy: C:\Program Files\RemObjects Software\Pascal Script for Delphi\Source\uROPSImports.pas | 07-27-2005 | 21:06:32 | | 10899 | 67ed1671
Made Dir: C:\Program Files\RemObjects Software\Pascal Script for Delphi\Samples
Made Dir: C:\Program Files\RemObjects Software\Pascal Script for Delphi\Samples\Console
File Copy: C:\Program Files\RemObjects Software\Pascal Script for Delphi\Samples\Console\sample4.dpr | 07-12-2005 | 11:17:20 | | 3652 | c62d935
File Copy: C:\Program Files\RemObjects Software\Pascal Script for Delphi\Samples\Console\sample5.dpr | 07-12-2005 | 11:22:32 | | 3946 | e7c2eb31
File Copy: C:\Program Files\RemObjects Software\Pascal Script for Delphi\Samples\Console\sample6.dpr | 07-12-2005 | 11:28:26 | | 4597 | 473765e
File Copy: C:\Program Files\RemObjects Software\Pascal Script for Delphi\Samples\Console\sample7.dpr | 07-12-2005 | 11:47:22 | | 4854 | fc4ed706
File Copy: C:\Program Files\RemObjects Software\Pascal Script for Delphi\Samples\Console\sample8.dpr | 07-12-2005 | 11:52:22 | | 4045 | bd5cb91b
File Copy: C:\Program Files\RemObjects Software\Pascal Script for Delphi\Samples\Console\sample1.dpr | 07-12-2005 | 11:08:06 | | 2051 | f2022a40
File Copy: C:\Program Files\RemObjects Software\Pascal Script for Delphi\Samples\Console\sample2.dpr | 07-12-2005 | 11:10:44 | | 2745 | e0bc2dda
File Copy: C:\Program Files\RemObjects Software\Pascal Script for Delphi\Samples\Console\sample3.dpr | 07-12-2005 | 11:13:16 | | 2797 | f1bb348c
Made Dir: C:\Program Files\RemObjects Software\Pascal Script for Delphi\Samples\Debug
File Copy: C:\Program Files\RemObjects Software\Pascal Script for Delphi\Samples\Debug\ide_debugoutput.pas | 05-04-2004 | 10:59:04 | | 580 | 6d77c2b7
File Copy: C:\Program Files\RemObjects Software\Pascal Script for Delphi\Samples\Debug\ide_editor.dfm | 05-04-2004 | 10:59:04 | | 5732 | 212433b7
File Copy: C:\Program Files\RemObjects Software\Pascal Script for Delphi\Samples\Debug\ide_editor.pas | 05-04-2004 | 10:59:04 | | 10086 | deb814f6
File Copy: C:\Program Files\RemObjects Software\Pascal Script for Delphi\Samples\Debug\readme.txt | 05-04-2004 | 10:59:04 | | 62 | c9df037d
File Copy: C:\Program Files\RemObjects Software\Pascal Script for Delphi\Samples\Debug\ide.dpr | 05-04-2004 | 10:59:04 | | 309 | 3133d127
File Copy: C:\Program Files\RemObjects Software\Pascal Script for Delphi\Samples\Debug\ide.res | 05-04-2004 | 10:59:04 | | 876 | 1671909e
File Copy: C:\Program Files\RemObjects Software\Pascal Script for Delphi\Samples\Debug\ide_debugoutput.dfm | 05-04-2004 | 10:59:04 | | 521 | 69396746
Made Dir: C:\Program Files\RemObjects Software\Pascal Script for Delphi\Samples\Import
File Copy: C:\Program Files\RemObjects Software\Pascal Script for Delphi\Samples\Import\fDwin.pas | 04-20-2004 | 16:29:56 | | 380 | 2aca94c7
File Copy: C:\Program Files\RemObjects Software\Pascal Script for Delphi\Samples\Import\fMain.pas | 08-02-2005 | 11:42:26 | | 12131 | cb87ae26
File Copy: C:\Program Files\RemObjects Software\Pascal Script for Delphi\Samples\Import\Import.res | 04-19-2004 | 21:02:16 | | 22748 | 7b82a90a
File Copy: C:\Program Files\RemObjects Software\Pascal Script for Delphi\Samples\Import\fDwin.dfm | 04-20-2004 | 16:29:56 | | 608 | b0dc1522
File Copy: C:\Program Files\RemObjects Software\Pascal Script for Delphi\Samples\Import\fMain.dfm | 08-02-2005 | 11:42:26 | | 1997 | 2b89a703
File Copy: C:\Program Files\RemObjects Software\Pascal Script for Delphi\Samples\Import\Import.dpr | 04-19-2004 | 21:02:16 | | 310 | fbd0d2b2
File Copy: C:\Program Files\RemObjects Software\Pascal Script for Delphi\Samples\Import\importtest.rops | 04-19-2004 | 15:04:28 | | 188 | 8ad17bd8
File Copy: C:\Program Files\RemObjects Software\Pascal Script for Delphi\Samples\Import\longfortest.rops | 04-19-2004 | 15:04:30 | | 132 | f2f55245
File Copy: C:\Program Files\RemObjects Software\Pascal Script for Delphi\Samples\Import\rectest.rops | 04-19-2004 | 15:04:30 | | 168 | 95f5d1ea
File Copy: C:\Program Files\RemObjects Software\Pascal Script for Delphi\Samples\Import\stringtest.rops | 04-19-2004 | 15:04:28 | | 81 | e855a712
File Copy: C:\Program Files\RemObjects Software\Pascal Script for Delphi\Samples\Import\t1.rops | 04-25-2004 | 12:51:06 | | 82 | fdd4ff5e
File Copy: C:\Program Files\RemObjects Software\Pascal Script for Delphi\Samples\Import\t2.rops | 04-19-2004 | 15:04:28 | | 71 | ac71c911
File Copy: C:\Program Files\RemObjects Software\Pascal Script for Delphi\Samples\Import\t3.rops | 04-19-2004 | 15:04:30 | | 44 | fae7f743
File Copy: C:\Program Files\RemObjects Software\Pascal Script for Delphi\Samples\Import\t4.rops | 04-19-2004 | 15:04:30 | | 92 | a4ea2881
File Copy: C:\Program Files\RemObjects Software\Pascal Script for Delphi\Samples\Import\t5.rops | 04-19-2004 | 15:04:30 | | 120 | 9555109e
File Copy: C:\Program Files\RemObjects Software\Pascal Script for Delphi\Samples\Import\t6.rops | 04-19-2004 | 15:04:30 | | 314 | 146387e4
File Copy: C:\Program Files\RemObjects Software\Pascal Script for Delphi\Samples\Import\t7.rops | 04-19-2004 | 15:04:30 | | 76 | 1fdd5565
File Copy: C:\Program Files\RemObjects Software\Pascal Script for Delphi\Samples\Import\t8.rops | 04-19-2004 | 15:04:30 | | 748 | ec525a55
File Copy: C:\Program Files\RemObjects Software\Pascal Script for Delphi\Samples\Import\t9.rops | 04-25-2004 | 12:51:06 | | 236 | 8ce601a5
File Copy: C:\Program Files\RemObjects Software\Pascal Script for Delphi\Samples\Import\t10.rops | 04-19-2004 | 15:04:30 | | 187 | 79538f8a
File Copy: C:\Program Files\RemObjects Software\Pascal Script for Delphi\Samples\Import\t11.rops | 04-25-2004 | 12:51:06 | | 1353 | fda91ca6
File Copy: C:\Program Files\RemObjects Software\Pascal Script for Delphi\Samples\Import\testdefine.rops | 04-25-2004 | 12:51:06 | | 172 | db084c84
File Copy: C:\Program Files\RemObjects Software\Pascal Script for Delphi\Samples\Import\testinclude.rops | 04-25-2004 | 12:51:06 | | 214 | b8fe8ebb
File Copy: C:\Program Files\RemObjects Software\Pascal Script for Delphi\Samples\Import\vartype.rops | 04-25-2004 | 12:51:06 | | 286 | d18add38
File Copy: C:\Program Files\RemObjects Software\Pascal Script for Delphi\Samples\Import\wordole.rops | 04-19-2004 | 15:04:28 | | 126 | cfeabde8
File Copy: C:\Program Files\RemObjects Software\Pascal Script for Delphi\Samples\Import\arraytest.rops | 04-19-2004 | 15:04:28 | | 313 | 308fcb11
File Copy: C:\Program Files\RemObjects Software\Pascal Script for Delphi\Samples\Import\booleantest.rops | 04-19-2004 | 15:04:32 | | 303 | 1c2a740e
File Copy: C:\Program Files\RemObjects Software\Pascal Script for Delphi\Samples\Import\bytearray.rops | 04-25-2004 | 12:51:04 | | 319 | 1a6d5b0f
File Copy: C:\Program Files\RemObjects Software\Pascal Script for Delphi\Samples\Import\casetest.rops | 04-19-2004 | 15:04:30 | | 162 | f882dc71
File Copy: C:\Program Files\RemObjects Software\Pascal Script for Delphi\Samples\Import\dlltest.rops | 04-19-2004 | 15:04:28 | | 876 | 7464642d
File Copy: C:\Program Files\RemObjects Software\Pascal Script for Delphi\Samples\Import\exittest.rops | 04-19-2004 | 15:04:28 | | 145 | 877c07ad
File Copy: C:\Program Files\RemObjects Software\Pascal Script for Delphi\Samples\Import\fortest.rops | 04-19-2004 | 15:04:32 | | 117 | 786be752
File Copy: C:\Program Files\RemObjects Software\Pascal Script for Delphi\Samples\Import\if.rops | 04-19-2004 | 15:04:30 | | 131 | 3bac7a0e
File Copy: C:\Program Files\RemObjects Software\Pascal Script for Delphi\Samples\Import\iformtest.rops | 04-19-2004 | 15:04:32 | | 2337 | 8e8ce14d
Made Dir: C:\Program Files\RemObjects Software\Pascal Script for Delphi\Samples\Kylix
File Copy: C:\Program Files\RemObjects Software\Pascal Script for Delphi\Samples\Kylix\Import.dpr | 04-20-2004 | 19:55:40 | | 270 | 4fa91fdc
File Copy: C:\Program Files\RemObjects Software\Pascal Script for Delphi\Samples\Kylix\fDwin.pas | 04-20-2004 | 19:55:40 | | 367 | 679c1d4e
File Copy: C:\Program Files\RemObjects Software\Pascal Script for Delphi\Samples\Kylix\fMain.pas | 08-02-2005 | 11:47:24 | | 8060 | 78685d4b
File Copy: C:\Program Files\RemObjects Software\Pascal Script for Delphi\Samples\Kylix\fDwin.dfm | 04-20-2004 | 19:55:40 | | 666 | 7202d3fa
File Copy: C:\Program Files\RemObjects Software\Pascal Script for Delphi\Samples\Kylix\fMain.dfm | 08-02-2005 | 11:47:24 | | 1775 | 22ef8cf0
File Copy: C:\Program Files\RemObjects Software\Pascal Script for Delphi\Samples\Kylix\bytearray.rops | 04-19-2004 | 15:04:26 | | 157 | bc32e18
File Copy: C:\Program Files\RemObjects Software\Pascal Script for Delphi\Samples\Kylix\casetest.rops | 04-19-2004 | 15:04:26 | | 162 | f882dc71
File Copy: C:\Program Files\RemObjects Software\Pascal Script for Delphi\Samples\Kylix\exittest.rops | 04-19-2004 | 15:04:26 | | 145 | 877c07ad
File Copy: C:\Program Files\RemObjects Software\Pascal Script for Delphi\Samples\Kylix\fortest.rops | 04-19-2004 | 15:04:26 | | 117 | 786be752
File Copy: C:\Program Files\RemObjects Software\Pascal Script for Delphi\Samples\Kylix\if.rops | 04-19-2004 | 15:04:24 | | 131 | 3bac7a0e
File Copy: C:\Program Files\RemObjects Software\Pascal Script for Delphi\Samples\Kylix\importtest.rops | 04-19-2004 | 15:04:26 | | 188 | 8ad17bd8
File Copy: C:\Program Files\RemObjects Software\Pascal Script for Delphi\Samples\Kylix\longfortest.rops | 04-19-2004 | 15:04:26 | | 132 | f2f55245
File Copy: C:\Program Files\RemObjects Software\Pascal Script for Delphi\Samples\Kylix\rectest.rops | 04-19-2004 | 15:04:26 | | 168 | 95f5d1ea
File Copy: C:\Program Files\RemObjects Software\Pascal Script for Delphi\Samples\Kylix\vartype.rops | 04-20-2004 | 19:55:40 | | 273 | 8fa661e1
File Copy: C:\Program Files\RemObjects Software\Pascal Script for Delphi\Samples\Kylix\arraytest.rops | 04-19-2004 | 15:04:26 | | 313 | 6db1db30
File Copy: C:\Program Files\RemObjects Software\Pascal Script for Delphi\Samples\Kylix\booleantest.rops | 04-19-2004 | 15:04:26 | | 303 | 1c2a740e
Made Dir: C:\Program Files\RemObjects Software\Pascal Script for Delphi\Samples\TestApp
File Copy: C:\Program Files\RemObjects Software\Pascal Script for Delphi\Samples\TestApp\fMain.dfm | 04-19-2004 | 20:56:32 | | 1232 | 72734836
File Copy: C:\Program Files\RemObjects Software\Pascal Script for Delphi\Samples\TestApp\fMain.pas | 04-19-2004 | 20:56:32 | | 4048 | d11eb69e
File Copy: C:\Program Files\RemObjects Software\Pascal Script for Delphi\Samples\TestApp\TestApplication.dpr | 04-19-2004 | 20:56:36 | | 239 | 2688dabc
File Copy: C:\Program Files\RemObjects Software\Pascal Script for Delphi\Samples\TestApp\TestApplication.res | 04-19-2004 | 20:56:36 | | 22748 | 7b82a90a
Made Dir: C:\Program Files\RemObjects Software\Pascal Script for Delphi\Samples\RemObjects SDK Client
File Copy: C:\Program Files\RemObjects Software\Pascal Script for Delphi\Samples\RemObjects SDK Client\MegaDemo.RODL | 04-25-2004 | 12:51:08 | | 5125 | 48070b2a
File Copy: C:\Program Files\RemObjects Software\Pascal Script for Delphi\Samples\RemObjects SDK Client\MegaDemo.rops | 04-25-2004 | 12:51:06 | | 2369 | fce045d7
File Copy: C:\Program Files\RemObjects Software\Pascal Script for Delphi\Samples\RemObjects SDK Client\TestApplication.dpr | 04-25-2004 | 12:51:06 | | 239 | 2688dabc
File Copy: C:\Program Files\RemObjects Software\Pascal Script for Delphi\Samples\RemObjects SDK Client\TestApplication.res | 04-25-2004 | 12:51:06 | | 22748 | 7b82a90a
File Copy: C:\Program Files\RemObjects Software\Pascal Script for Delphi\Samples\RemObjects SDK Client\fMain.dfm | 04-25-2004 | 16:24:16 | | 1923 | 2def403d
File Copy: C:\Program Files\RemObjects Software\Pascal Script for Delphi\Samples\RemObjects SDK Client\fMain.pas | 04-25-2004 | 16:24:16 | | 4816 | e4ab80f4
Made Dir: C:\Program Files\RemObjects Software\Pascal Script for Delphi\Help
File Copy: C:\Program Files\RemObjects Software\Pascal Script for Delphi\Help\RegisterDelphiHelp.exe | 06-05-2003 | 12:24:14 | | 97280 | bd823b42
RegDB Key: Software\RemObjects\Pascal Script
RegDB Val: 1
RegDB Name: Installed
RegDB Root: 1
RegDB Key: Software\RemObjects\Pascal Script
RegDB Val: C:\Program Files\RemObjects Software\Pascal Script for Delphi
RegDB Name: InstallDir
RegDB Root: 1
RegDB Key: Software\RemObjects\Pascal Script
RegDB Val: 3.0.25.631
RegDB Name: Version
RegDB Root: 1
Shell Link: C:\Documents and Settings\Администратор.S1.000\Главное меню\Программы\RemObjects Pascal Script\Unit Importer.lnk
Link Info: C:\Program Files\RemObjects Software\Pascal Script for Delphi\Bin\PSUnitImporter.exe |  |  | 0 | 1 | 0 | 
RegDB Key: Software\Borland\Delphi\7.0\Known Packages
RegDB Val: Pascal Script - Core Package
RegDB Name: C:\Program Files\RemObjects Software\Pascal Script for Delphi\Dcu\D7\PascalScript_Core_D7.bpl
RegDB Root: 1
RegDB Key: Software\Borland\Delphi\7.0\Environment Variables
RegDB Val: C:\Program Files\RemObjects Software\Pascal Script for Delphi
RegDB Name: Pascal Script
RegDB Root: 1
RegDB Key: Software\Borland\BDS\5.0\Known Packages
RegDB Val: 
RegDB Name: C:\Program Files\RemObjects Software\Pascal Script for Delphi\Dcu\D10\PascalScript_Core_D10.bpl
RegDB Root: 1
RegDB Key: Software\Borland\BDS\5.0\Known Packages
RegDB Val: 
RegDB Name: C:\Program Files\RemObjects Software\Pascal Script for Delphi\Dcu\D10\PascalScript_RO_D10.bpl
RegDB Root: 1
RegDB Key: Software\Borland\BDS\5.0\Known Packages
RegDB Val: Pascal Script - Core Package
RegDB Name: C:\Program Files\RemObjects Software\Pascal Script for Delphi\Dcu\D11\PascalScript_Core_D11.bpl
RegDB Root: 1
RegDB Key: Software\Borland\BDS\5.0\Environment Variables
RegDB Val: C:\Program Files\RemObjects Software\Pascal Script for Delphi
RegDB Name: Pascal Script
RegDB Root: 1
RegDB Key: Software\Borland\BDS\5.0\Globals
RegDB Val: 1
RegDB Name: ForceEnvOptionsUpdate
RegDB Root: 1
RegDB Old: 0
File Delete: C:\Program Files\RemObjects Software\Pascal Script for Delphi\Launch.exe
Backup Copy: C:\Program Files\RemObjects Software\Pascal Script for Delphi\BACKUP\Launch.exe
RegDB Key: Software\Microsoft\Windows\CurrentVersion\Uninstall\Pascal Script
RegDB Val: 3.0.25.631
RegDB Name: DisplayVersion
RegDB Root: 2
RegDB Key: Software\Microsoft\Windows\CurrentVersion\Uninstall\Pascal Script
RegDB Val: http://www.remobjects.com?ps
RegDB Name: HelpLink
RegDB Root: 2
RegDB Key: Software\Microsoft\Windows\CurrentVersion\Uninstall\Pascal Script
RegDB Val: RemObjects Software
RegDB Name: Publisher
RegDB Root: 2
RegDB Key: Software\Microsoft\Windows\CurrentVersion\Uninstall\Pascal Script
RegDB Val: C:\Program Files\RemObjects Software\Pascal Script for Delphi\Pascal Script.ico
RegDB Name: DisplayIcon
RegDB Root: 2
RegDB Key: Software\Microsoft\Windows\CurrentVersion\Uninstall\Pascal Script
RegDB Val: RemObjects Pascal Script
RegDB Name: DisplayName
RegDB Root: 2
RegDB Old: Pascal Script
User Rights: Admin
