04.04.12 12:53:12.021 I> --------------------------------------------------
04.04.12 12:53:12.021 I> [Core] Папка=U:\bin
04.04.12 12:53:12.021 I> [Core] Командная строка=U:\bin\loader.exe /config imexport.ini /noupdate
04.04.12 12:53:12.021 I> [Core] Режим=smStandalone
04.04.12 12:53:12.021 I> [Core] Действие=saDefault
04.04.12 12:53:12.021 I> [Core] Файл логирования=U:\bin\logs\imexport.log
04.04.12 12:53:12.021 I> [Core] Конфигурационный файл=U:\bin\imexport.ini
04.04.12 12:53:12.021 I> [Core] Текст конфигурационного файла=[Logger]
FileName=logs\imexport.log
Mode=1
Enabled=1
Encoded=0

[Localbase]
FileName=imexport.bis
Enabled=1


04.04.12 12:53:12.027 I> [LocalBase] Загрузка из файла U:\bin\imexport.bis прошла успешно
04.04.12 12:53:12.048 I> [Core] Начало снятия дампа модулей ...
04.04.12 12:53:12.063 I> [Core] Модуль=C:\Windows\system32\advapi32.dll Версия=6.1.7600.16385 (win7_rtm.090713-1255) (6.1.7600.16385) Размер=640512 Хеш=95E2376B3323F062EB562B8586D0F14A
04.04.12 12:53:12.067 I> [Core] Модуль=C:\Windows\system32\comdlg32.dll Версия=6.1.7600.16385 (win7_rtm.090713-1255) (6.1.7600.16385) Размер=485888 Хеш=D1DE1EAFDE97BE41CF6585027FF3E732
04.04.12 12:53:12.067 I> [Core] Модуль=C:\Windows\system32\CRYPTBASE.dll Версия=6.1.7600.16385 (win7_rtm.090713-1255) (6.1.7600.16385) Размер=36864 Хеш=F08F6FCD09F9BE94C37ACC1B344685FF
04.04.12 12:53:12.073 I> [Core] Модуль=C:\Windows\system32\dbghelp.dll Версия=6.1.7601.17514 (win7sp1_rtm.101119-1850) (6.1.7601.17514) Размер=854016 Хеш=53223B673A3FA2F9A4D1C31C8D3F6CD8
04.04.12 12:53:12.074 I> [Core] Модуль=C:\Windows\system32\dwmapi.dll Версия=6.1.7600.16385 (win7_rtm.090713-1255) (6.1.7600.16385) Размер=67072 Хеш=39C5F32747B3414D1BB216FDB1DEFC58
04.04.12 12:53:12.078 I> [Core] Модуль=C:\Windows\system32\GDI32.dll Версия=6.1.7601.17514 (win7sp1_rtm.101119-1850) (6.1.7601.17514) Размер=304640 Хеш=E87F5393F7D8CE2FACC4DFF703531392
04.04.12 12:53:12.092 I> [Core] Модуль=C:\Windows\system32\iertutil.dll Версия=9.00.8112.16441 (WIN7_IE9_GDR.111213-1715) (9.00.8112.16441) Размер=1792000 Хеш=CDF5B6AEC538E02D5579E2E791042A1A
04.04.12 12:53:12.094 I> [Core] Модуль=C:\Windows\system32\IMAGEHLP.DLL Версия=6.1.7601.17514 (win7sp1_rtm.101119-1850) (6.1.7601.17514) Размер=155136 Хеш=B2FD31E20B423335FE3273B4BF95813C
04.04.12 12:53:12.095 I> [Core] Модуль=C:\Windows\system32\IMM32.DLL Версия=6.1.7601.17514 (win7sp1_rtm.101119-1850) (6.1.7601.17514) Размер=118272 Хеш=4A8E2F20809CC161107FAA94F6CF2685
04.04.12 12:53:12.096 I> [Core] Модуль=C:\Windows\system32\iphlpapi.dll Версия=6.1.7600.16385 (win7_rtm.090713-1255) (6.1.7600.16385) Размер=103936 Хеш=A90DC9ABD65DB1A8902F361103029952
04.04.12 12:53:12.102 I> [Core] Модуль=C:\Windows\system32\kernel32.dll Версия=6.1.7600.16385 (win7_rtm.090713-1255) (6.1.7600.16385) Размер=868352 Хеш=E570CBD732848438EAC574EB3442A2A8
04.04.12 12:53:12.104 I> [Core] Модуль=C:\Windows\system32\KERNELBASE.dll Версия=6.1.7600.16385 (win7_rtm.090713-1255) (6.1.7600.16385) Размер=290816 Хеш=A9F8E23C1FC00190376B11FFAD9DE6C6
04.04.12 12:53:12.105 I> [Core] Модуль=C:\Windows\system32\LPK.dll Версия=6.1.7600.16385 (win7_rtm.090713-1255) (6.1.7600.16385) Размер=26624 Хеш=4F154D2C9C6DF951FD6E5AABBAE6B5EE
04.04.12 12:53:12.106 I> [Core] Модуль=C:\Windows\system32\mpr.dll Версия=6.1.7600.16385 (win7_rtm.090713-1255) (6.1.7600.16385) Размер=64000 Хеш=B9A8CBCFCD3EC9D2EA4740AF347BF108
04.04.12 12:53:12.112 I> [Core] Модуль=C:\Windows\system32\MSCTF.dll Версия=6.1.7600.16385 (win7_rtm.090713-1255) (6.1.7600.16385) Размер=828928 Хеш=C9618BC9B2B0FD7C1138D8774795A79B
04.04.12 12:53:12.113 I> [Core] Модуль=C:\Windows\system32\msimg32.dll Версия=6.1.7600.16385 (win7_rtm.090713-1255) (6.1.7600.16385) Размер=4608 Хеш=18AB2E5A40064ED5F7791AC5946A90F3
04.04.12 12:53:12.118 I> [Core] Модуль=C:\Windows\system32\msvcrt.dll Версия=7.0.7601.17744 (win7sp1_gdr.111215-1535) (7.0.7601.17744) Размер=690688 Хеш=9DC80A8AAAAAC397BDAB3C67165A824E
04.04.12 12:53:12.119 I> [Core] Модуль=C:\Windows\system32\netapi32.dll Версия=6.1.7601.17514 (win7sp1_rtm.101119-1850) (6.1.7601.17514) Размер=56832 Хеш=8CE1A6D16B9077E91E192499EB611C5F
04.04.12 12:53:12.119 I> [Core] Модуль=C:\Windows\system32\netutils.dll Версия=6.1.7601.17514 (win7sp1_rtm.101119-1850) (6.1.7601.17514) Размер=22528 Хеш=20B3934DB73EABA2B49B7177873CB81F
04.04.12 12:53:12.120 I> [Core] Модуль=C:\Windows\system32\Normaliz.dll Версия=6.1.7600.16385 (win7_rtm.090713-1255) (6.1.7600.16385) Размер=2048 Хеш=9C278785347BCC991F8EA2999D90F58D
04.04.12 12:53:12.121 I> [Core] Модуль=C:\Windows\system32\NSI.dll Версия=6.1.7600.16385 (win7_rtm.090713-1255) (6.1.7600.16385) Размер=8704 Хеш=6377051C63D5552A311935C67E9FDFDC
04.04.12 12:53:12.130 I> [Core] Модуль=C:\Windows\SYSTEM32\ntdll.dll Версия=6.1.7600.16385 (win7_rtm.090713-1255) (6.1.7600.16385) Размер=1288472 Хеш=C30A91ADE8C9CB91E4281EC83C4500C6
04.04.12 12:53:12.139 I> [Core] Модуль=C:\Windows\system32\ole32.dll Версия=6.1.7600.16385 (win7_rtm.090713-1255) (6.1.7600.16385) Размер=1414144 Хеш=928CF7268086631F54C3D8E17238C6DD
04.04.12 12:53:12.141 I> [Core] Модуль=C:\Windows\system32\oleacc.dll Версия=7.0.0.0 (win7sp1_gdr.110826-1504) (6.1.7601.17676) Размер=233472 Хеш=8E01332CC4B68BC6B5B7EFFE374442AA
04.04.12 12:53:12.146 I> [Core] Модуль=C:\Windows\system32\oleaut32.dll Версия=6.1.7601.17676 (6.1.7601.17676) Размер=571904 Хеш=6C765E82B57F2E66CE9C54AC238471D9
04.04.12 12:53:12.147 I> [Core] Модуль=C:\Windows\system32\oledlg.dll Версия=6.1.7600.16385 (win7_rtm.090713-1255) (6.1.7600.16385) Размер=103424 Хеш=936F728E04ACCF3F38801CFFCF1E3F40
04.04.12 12:53:12.149 I> [Core] Модуль=C:\Windows\system32\olepro32.dll Версия=6.1.7601.17514 (6.1.7601.17514) Размер=90112 Хеш=703FFD301AB900B047337C5D40FD6F96
04.04.12 12:53:12.150 I> [Core] Модуль=C:\Windows\system32\psapi.dll Версия=6.1.7600.16385 (win7_rtm.090713-1255) (6.1.7600.16385) Размер=6144 Хеш=A543AC1F7138376D778D630A35FCBC4C
04.04.12 12:53:12.153 I> [Core] Модуль=C:\Windows\system32\RICHED20.DLL Версия=5.31.23.1230 (3.1) Размер=473600 Хеш=102CF6879887BBE846A00C459E6D4ABC
04.04.12 12:53:12.157 I> [Core] Модуль=C:\Windows\system32\RPCRT4.dll Версия=6.1.7600.16385 (win7_rtm.090713-1255) (6.1.7600.16385) Размер=653312 Хеш=6400774E903729ADD0A62A24A334EE56
04.04.12 12:53:12.159 I> [Core] Модуль=C:\Windows\SYSTEM32\sechost.dll Версия=6.1.7600.16385 (win7_rtm.090713-1255) (6.1.7600.16385) Размер=92160 Хеш=CFC97F07904067A1E5FAE195D534DA3A
04.04.12 12:53:12.236 I> [Core] Модуль=C:\Windows\system32\shell32.dll Версия=6.1.7601.17514 (win7sp1_rtm.101119-1850) (6.1.7601.17514) Размер=12872704 Хеш=358FC25391C6733EAF49DB480AFDFD8C
04.04.12 12:53:12.238 I> [Core] Модуль=C:\Windows\system32\SHLWAPI.dll Версия=6.1.7600.16385 (win7_rtm.090713-1255) (6.1.7600.16385) Размер=350208 Хеш=8CC3C111D653E96F3EA1590891491D71
04.04.12 12:53:12.240 I> [Core] Модуль=C:\Windows\system32\srvcli.dll Версия=6.1.7601.17514 (win7sp1_rtm.101119-1850) (6.1.7601.17514) Размер=90112 Хеш=5CCDCD40E732D54E0F7451AC66AC1C87
04.04.12 12:53:12.241 I> [Core] Модуль=C:\Windows\system32\SspiCli.dll Версия=6.1.7601.17725 (win7sp1_gdr.111116-1503) (6.1.7601.17725) Размер=100352 Хеш=4A054C853031616D161A84BECF281F47
04.04.12 12:53:12.244 I> [Core] Модуль=C:\Windows\System32\SYSFER.DLL Версия=12.1.1000.157 (12.1.1000.157) Размер=374704 Хеш=2F79E95D888CCA32F4B984C17B5D897E
04.04.12 12:53:12.251 I> [Core] Модуль=C:\Windows\system32\URLMON.DLL Версия=9.00.8112.16421 (WIN7_IE9_RTM.110308-0330) (9.00.8112.16421) Размер=1103360 Хеш=79F14B5DF9E17E12193337ED4EE1C491
04.04.12 12:53:12.257 I> [Core] Модуль=C:\Windows\system32\USER32.dll Версия=6.1.7601.17514 (win7sp1_rtm.101119-1850) (6.1.7601.17514) Размер=811520 Хеш=F1DD3ACAEE5E6B4BBC69BC6DF75CEF66
04.04.12 12:53:12.261 I> [Core] Модуль=C:\Windows\system32\USP10.dll Версия=1.0626.7601.17514 (win7sp1_rtm.101119-1850) (1.0626.7601.17514) Размер=626176 Хеш=804AAAFEBB3AD5F49334DD906BCB1DE5
04.04.12 12:53:12.263 I> [Core] Модуль=C:\Windows\system32\uxtheme.dll Версия=6.1.7600.16385 (win7_rtm.090713-1255) (6.1.7600.16385) Размер=249856 Хеш=63BFDF555DA2075A77D677829C3CCCD0
04.04.12 12:53:12.264 I> [Core] Модуль=C:\Windows\system32\version.dll Версия=6.1.7600.16385 (win7_rtm.090713-1255) (6.1.7600.16385) Размер=21504 Хеш=702254574E7E52052DE39408457B7149
04.04.12 12:53:12.271 I> [Core] Модуль=C:\Windows\system32\WININET.dll Версия=9.00.8112.16421 (WIN7_IE9_RTM.110308-0330) (9.00.8112.16421) Размер=1127424 Хеш=1D94FA7C81D2FFE494AF094619BA706F
04.04.12 12:53:12.273 I> [Core] Модуль=C:\Windows\system32\winmm.dll Версия=6.1.7600.16385 (win7_rtm.090713-1255) (6.1.7600.16385) Размер=194048 Хеш=D5AEFAD57C08349A4393D987DF7C715D
04.04.12 12:53:12.274 I> [Core] Модуль=C:\Windows\system32\WINNSI.DLL Версия=6.1.7600.16385 (win7_rtm.090713-1255) (6.1.7600.16385) Размер=16896 Хеш=CFF35B879D1618D42C86644C717BA947
04.04.12 12:53:12.277 I> [Core] Модуль=C:\Windows\system32\winspool.drv Версия=6.1.7600.16385 (win7_rtm.090713-1255) (6.1.7600.16385) Размер=320000 Хеш=9E4B0E7472B4CEBA9E17F440B8CB0AB8
04.04.12 12:53:12.278 I> [Core] Модуль=C:\Windows\system32\wkscli.dll Версия=6.1.7601.17514 (win7sp1_rtm.101119-1850) (6.1.7601.17514) Размер=47104 Хеш=E5A4A1326A02F8E7B59E6C3270CE7202
04.04.12 12:53:12.280 I> [Core] Модуль=C:\Windows\system32\WS2_32.dll Версия=6.1.7600.16385 (win7_rtm.090713-1255) (6.1.7600.16385) Размер=206848 Хеш=7FF15A4F092CD4A96055BA69F903E3E9
04.04.12 12:53:12.281 I> [Core] Модуль=C:\Windows\system32\wsock32.dll Версия=6.1.7600.16385 (win7_rtm.090713-1255) (6.1.7600.16385) Размер=15360 Хеш=DF13A51A5C591887D2EC6AE64CEED0FA
04.04.12 12:53:12.292 I> [Core] Модуль=C:\Windows\WinSxS\x86_microsoft.windows.common-controls_6595b64144ccf1df_6.0.7601.17514_none_41e6975e2bd6f2b2\comctl32.dll Версия=6.10 (win7_rtm.090713-1255) (6.1.7600.16385) Размер=1680896 Хеш=352B3DC62A0D259A82A052238425C872
04.04.12 12:53:12.299 I> [Core] Модуль=U:\bin\core.bpl Версия=2.0.0.0 (2.0) Размер=1323008 Хеш=9952BCF87CC8668CC86558D04633EBC7
04.04.12 12:53:12.301 I> [Core] Модуль=U:\bin\dbrtl100.bpl Версия=11.0.2902.10471 (11.0) Размер=295936 Хеш=DBDB4B33B1001AEC960FD4CF54AA5729
04.04.12 12:53:12.303 I> [Core] Модуль=U:\bin\loader.exe Версия=2.0.0.0 (2.0) Размер=185856 Хеш=CA877B6BAD81AFE80A60C8A6E1527806
04.04.12 12:53:12.322 I> [Core] Модуль=U:\bin\objects.bpl Версия=2.0.0.0 (2.0) Размер=3245568 Хеш=B9089CFACA1ADFEE6E42C69F4C0F91D2
04.04.12 12:53:12.328 I> [Core] Модуль=U:\bin\rtl100.bpl Версия=11.0.2902.10471 (11.0) Размер=853504 Хеш=EE4751299FEBFAB77E689C60721EF218
04.04.12 12:53:12.339 I> [Core] Модуль=U:\bin\vcl100.bpl Версия=11.0.2902.10471 (11.0) Размер=1874944 Хеш=AA2BAEE9C50AB6FED72DE7C8867DFF49
04.04.12 12:53:12.341 I> [Core] Модуль=U:\bin\vclactnband100.bpl Версия=11.0.2902.10471 (11.0) Размер=306688 Хеш=D50A5F298A1758FE7AB5CD4B58B73618
04.04.12 12:53:12.343 I> [Core] Модуль=U:\bin\vcldb100.bpl Версия=11.0.2902.10471 (11.0) Размер=274432 Хеш=3D7B16B8A4FE5F870F5DB686520A3B0C
04.04.12 12:53:12.347 I> [Core] Модуль=U:\bin\vcliex100.bpl Версия=11.0.2902.10471 (11.0) Размер=592896 Хеш=9233525B9C4A816546257C8BEC09F554
04.04.12 12:53:12.349 I> [Core] Модуль=U:\bin\vclimg100.bpl Версия=11.0.2902.10471 (11.0) Размер=119808 Хеш=F0CEAE65DAF074A42E1A02B185E0759A
04.04.12 12:53:12.350 I> [Core] Модуль=U:\bin\vcljpg100.bpl Версия=11.0.2902.10471 (11.0) Размер=97792 Хеш=341D1B2786F3E5FC4A4360A326656B37
04.04.12 12:53:12.351 I> [Core] Модуль=U:\bin\vclx100.bpl Версия=11.0.2902.10471 (11.0) Размер=198656 Хеш=F8294F14C9D7D9B5004D13A84ABD83C8
04.04.12 12:53:12.351 I> [Core] Окончание снятия дампа модулей.
04.04.12 12:53:12.365 I> [IBase2ConnectionModule] Загрузка модуля cmuibase.bpl началась ...
04.04.12 12:53:12.368 I> [IBase2ConnectionModule] Загрузка модуля cmuibase.bpl прошла успешно.
04.04.12 12:53:12.370 I> [IBase2ConnectionModule] Инициализация модуля cmuibase.bpl прошла успешно.
04.04.12 12:53:12.371 I> [ExportIfaceModule] Загрузка модуля imexport.bpl началась ...
04.04.12 12:53:12.373 I> [ExportIfaceModule] Загрузка модуля imexport.bpl прошла успешно.
04.04.12 12:53:12.373 I> [ExportIfaceModule] Инициализация модуля imexport.bpl прошла успешно.
04.04.12 12:53:12.373 I> [Core] Начало снятия дампа модулей ...
04.04.12 12:53:12.389 I> [Core] Модуль=C:\Windows\system32\advapi32.dll Версия=6.1.7600.16385 (win7_rtm.090713-1255) (6.1.7600.16385) Размер=640512 Хеш=95E2376B3323F062EB562B8586D0F14A
04.04.12 12:53:12.393 I> [Core] Модуль=C:\Windows\system32\comdlg32.dll Версия=6.1.7600.16385 (win7_rtm.090713-1255) (6.1.7600.16385) Размер=485888 Хеш=D1DE1EAFDE97BE41CF6585027FF3E732
04.04.12 12:53:12.394 I> [Core] Модуль=C:\Windows\system32\CRYPTBASE.dll Версия=6.1.7600.16385 (win7_rtm.090713-1255) (6.1.7600.16385) Размер=36864 Хеш=F08F6FCD09F9BE94C37ACC1B344685FF
04.04.12 12:53:12.399 I> [Core] Модуль=C:\Windows\system32\dbghelp.dll Версия=6.1.7601.17514 (win7sp1_rtm.101119-1850) (6.1.7601.17514) Размер=854016 Хеш=53223B673A3FA2F9A4D1C31C8D3F6CD8
04.04.12 12:53:12.401 I> [Core] Модуль=C:\Windows\system32\dwmapi.dll Версия=6.1.7600.16385 (win7_rtm.090713-1255) (6.1.7600.16385) Размер=67072 Хеш=39C5F32747B3414D1BB216FDB1DEFC58
04.04.12 12:53:12.403 I> [Core] Модуль=C:\Windows\system32\GDI32.dll Версия=6.1.7601.17514 (win7sp1_rtm.101119-1850) (6.1.7601.17514) Размер=304640 Хеш=E87F5393F7D8CE2FACC4DFF703531392
04.04.12 12:53:12.417 I> [Core] Модуль=C:\Windows\system32\iertutil.dll Версия=9.00.8112.16441 (WIN7_IE9_GDR.111213-1715) (9.00.8112.16441) Размер=1792000 Хеш=CDF5B6AEC538E02D5579E2E791042A1A
04.04.12 12:53:12.419 I> [Core] Модуль=C:\Windows\system32\IMAGEHLP.DLL Версия=6.1.7601.17514 (win7sp1_rtm.101119-1850) (6.1.7601.17514) Размер=155136 Хеш=B2FD31E20B423335FE3273B4BF95813C
04.04.12 12:53:12.420 I> [Core] Модуль=C:\Windows\system32\IMM32.DLL Версия=6.1.7601.17514 (win7sp1_rtm.101119-1850) (6.1.7601.17514) Размер=118272 Хеш=4A8E2F20809CC161107FAA94F6CF2685
04.04.12 12:53:12.421 I> [Core] Модуль=C:\Windows\system32\iphlpapi.dll Версия=6.1.7600.16385 (win7_rtm.090713-1255) (6.1.7600.16385) Размер=103936 Хеш=A90DC9ABD65DB1A8902F361103029952
04.04.12 12:53:12.429 I> [Core] Модуль=C:\Windows\system32\kernel32.dll Версия=6.1.7600.16385 (win7_rtm.090713-1255) (6.1.7600.16385) Размер=868352 Хеш=E570CBD732848438EAC574EB3442A2A8
04.04.12 12:53:12.431 I> [Core] Модуль=C:\Windows\system32\KERNELBASE.dll Версия=6.1.7600.16385 (win7_rtm.090713-1255) (6.1.7600.16385) Размер=290816 Хеш=A9F8E23C1FC00190376B11FFAD9DE6C6
04.04.12 12:53:12.432 I> [Core] Модуль=C:\Windows\system32\LPK.dll Версия=6.1.7600.16385 (win7_rtm.090713-1255) (6.1.7600.16385) Размер=26624 Хеш=4F154D2C9C6DF951FD6E5AABBAE6B5EE
04.04.12 12:53:12.433 I> [Core] Модуль=C:\Windows\system32\mpr.dll Версия=6.1.7600.16385 (win7_rtm.090713-1255) (6.1.7600.16385) Размер=64000 Хеш=B9A8CBCFCD3EC9D2EA4740AF347BF108
04.04.12 12:53:12.439 I> [Core] Модуль=C:\Windows\system32\MSCTF.dll Версия=6.1.7600.16385 (win7_rtm.090713-1255) (6.1.7600.16385) Размер=828928 Хеш=C9618BC9B2B0FD7C1138D8774795A79B
04.04.12 12:53:12.439 I> [Core] Модуль=C:\Windows\system32\msimg32.dll Версия=6.1.7600.16385 (win7_rtm.090713-1255) (6.1.7600.16385) Размер=4608 Хеш=18AB2E5A40064ED5F7791AC5946A90F3
04.04.12 12:53:12.445 I> [Core] Модуль=C:\Windows\system32\msvcrt.dll Версия=7.0.7601.17744 (win7sp1_gdr.111215-1535) (7.0.7601.17744) Размер=690688 Хеш=9DC80A8AAAAAC397BDAB3C67165A824E
04.04.12 12:53:12.446 I> [Core] Модуль=C:\Windows\system32\netapi32.dll Версия=6.1.7601.17514 (win7sp1_rtm.101119-1850) (6.1.7601.17514) Размер=56832 Хеш=8CE1A6D16B9077E91E192499EB611C5F
04.04.12 12:53:12.447 I> [Core] Модуль=C:\Windows\system32\netutils.dll Версия=6.1.7601.17514 (win7sp1_rtm.101119-1850) (6.1.7601.17514) Размер=22528 Хеш=20B3934DB73EABA2B49B7177873CB81F
04.04.12 12:53:12.447 I> [Core] Модуль=C:\Windows\system32\Normaliz.dll Версия=6.1.7600.16385 (win7_rtm.090713-1255) (6.1.7600.16385) Размер=2048 Хеш=9C278785347BCC991F8EA2999D90F58D
04.04.12 12:53:12.448 I> [Core] Модуль=C:\Windows\system32\NSI.dll Версия=6.1.7600.16385 (win7_rtm.090713-1255) (6.1.7600.16385) Размер=8704 Хеш=6377051C63D5552A311935C67E9FDFDC
04.04.12 12:53:12.458 I> [Core] Модуль=C:\Windows\SYSTEM32\ntdll.dll Версия=6.1.7600.16385 (win7_rtm.090713-1255) (6.1.7600.16385) Размер=1288472 Хеш=C30A91ADE8C9CB91E4281EC83C4500C6
04.04.12 12:53:12.469 I> [Core] Модуль=C:\Windows\system32\ole32.dll Версия=6.1.7600.16385 (win7_rtm.090713-1255) (6.1.7600.16385) Размер=1414144 Хеш=928CF7268086631F54C3D8E17238C6DD
04.04.12 12:53:12.471 I> [Core] Модуль=C:\Windows\system32\oleacc.dll Версия=7.0.0.0 (win7sp1_gdr.110826-1504) (6.1.7601.17676) Размер=233472 Хеш=8E01332CC4B68BC6B5B7EFFE374442AA
04.04.12 12:53:12.476 I> [Core] Модуль=C:\Windows\system32\oleaut32.dll Версия=6.1.7601.17676 (6.1.7601.17676) Размер=571904 Хеш=6C765E82B57F2E66CE9C54AC238471D9
04.04.12 12:53:12.478 I> [Core] Модуль=C:\Windows\system32\oledlg.dll Версия=6.1.7600.16385 (win7_rtm.090713-1255) (6.1.7600.16385) Размер=103424 Хеш=936F728E04ACCF3F38801CFFCF1E3F40
04.04.12 12:53:12.479 I> [Core] Модуль=C:\Windows\system32\olepro32.dll Версия=6.1.7601.17514 (6.1.7601.17514) Размер=90112 Хеш=703FFD301AB900B047337C5D40FD6F96
04.04.12 12:53:12.480 I> [Core] Модуль=C:\Windows\system32\psapi.dll Версия=6.1.7600.16385 (win7_rtm.090713-1255) (6.1.7600.16385) Размер=6144 Хеш=A543AC1F7138376D778D630A35FCBC4C
04.04.12 12:53:12.483 I> [Core] Модуль=C:\Windows\system32\RICHED20.DLL Версия=5.31.23.1230 (3.1) Размер=473600 Хеш=102CF6879887BBE846A00C459E6D4ABC
04.04.12 12:53:12.488 I> [Core] Модуль=C:\Windows\system32\RPCRT4.dll Версия=6.1.7600.16385 (win7_rtm.090713-1255) (6.1.7600.16385) Размер=653312 Хеш=6400774E903729ADD0A62A24A334EE56
04.04.12 12:53:12.489 I> [Core] Модуль=C:\Windows\SYSTEM32\sechost.dll Версия=6.1.7600.16385 (win7_rtm.090713-1255) (6.1.7600.16385) Размер=92160 Хеш=CFC97F07904067A1E5FAE195D534DA3A
04.04.12 12:53:12.580 I> [Core] Модуль=C:\Windows\system32\shell32.dll Версия=6.1.7601.17514 (win7sp1_rtm.101119-1850) (6.1.7601.17514) Размер=12872704 Хеш=358FC25391C6733EAF49DB480AFDFD8C
04.04.12 12:53:12.583 I> [Core] Модуль=C:\Windows\system32\SHLWAPI.dll Версия=6.1.7600.16385 (win7_rtm.090713-1255) (6.1.7600.16385) Размер=350208 Хеш=8CC3C111D653E96F3EA1590891491D71
04.04.12 12:53:12.584 I> [Core] Модуль=C:\Windows\system32\srvcli.dll Версия=6.1.7601.17514 (win7sp1_rtm.101119-1850) (6.1.7601.17514) Размер=90112 Хеш=5CCDCD40E732D54E0F7451AC66AC1C87
04.04.12 12:53:12.586 I> [Core] Модуль=C:\Windows\system32\SspiCli.dll Версия=6.1.7601.17725 (win7sp1_gdr.111116-1503) (6.1.7601.17725) Размер=100352 Хеш=4A054C853031616D161A84BECF281F47
04.04.12 12:53:12.589 I> [Core] Модуль=C:\Windows\System32\SYSFER.DLL Версия=12.1.1000.157 (12.1.1000.157) Размер=374704 Хеш=2F79E95D888CCA32F4B984C17B5D897E
04.04.12 12:53:12.598 I> [Core] Модуль=C:\Windows\system32\URLMON.DLL Версия=9.00.8112.16421 (WIN7_IE9_RTM.110308-0330) (9.00.8112.16421) Размер=1103360 Хеш=79F14B5DF9E17E12193337ED4EE1C491
04.04.12 12:53:12.610 I> [Core] Модуль=C:\Windows\system32\USER32.dll Версия=6.1.7601.17514 (win7sp1_rtm.101119-1850) (6.1.7601.17514) Размер=811520 Хеш=F1DD3ACAEE5E6B4BBC69BC6DF75CEF66
04.04.12 12:53:12.614 I> [Core] Модуль=C:\Windows\system32\USP10.dll Версия=1.0626.7601.17514 (win7sp1_rtm.101119-1850) (1.0626.7601.17514) Размер=626176 Хеш=804AAAFEBB3AD5F49334DD906BCB1DE5
04.04.12 12:53:12.616 I> [Core] Модуль=C:\Windows\system32\uxtheme.dll Версия=6.1.7600.16385 (win7_rtm.090713-1255) (6.1.7600.16385) Размер=249856 Хеш=63BFDF555DA2075A77D677829C3CCCD0
04.04.12 12:53:12.617 I> [Core] Модуль=C:\Windows\system32\version.dll Версия=6.1.7600.16385 (win7_rtm.090713-1255) (6.1.7600.16385) Размер=21504 Хеш=702254574E7E52052DE39408457B7149
04.04.12 12:53:12.625 I> [Core] Модуль=C:\Windows\system32\WININET.dll Версия=9.00.8112.16421 (WIN7_IE9_RTM.110308-0330) (9.00.8112.16421) Размер=1127424 Хеш=1D94FA7C81D2FFE494AF094619BA706F
04.04.12 12:53:12.627 I> [Core] Модуль=C:\Windows\system32\winmm.dll Версия=6.1.7600.16385 (win7_rtm.090713-1255) (6.1.7600.16385) Размер=194048 Хеш=D5AEFAD57C08349A4393D987DF7C715D
04.04.12 12:53:12.628 I> [Core] Модуль=C:\Windows\system32\WINNSI.DLL Версия=6.1.7600.16385 (win7_rtm.090713-1255) (6.1.7600.16385) Размер=16896 Хеш=CFF35B879D1618D42C86644C717BA947
04.04.12 12:53:12.631 I> [Core] Модуль=C:\Windows\system32\winspool.drv Версия=6.1.7600.16385 (win7_rtm.090713-1255) (6.1.7600.16385) Размер=320000 Хеш=9E4B0E7472B4CEBA9E17F440B8CB0AB8
04.04.12 12:53:12.632 I> [Core] Модуль=C:\Windows\system32\wkscli.dll Версия=6.1.7601.17514 (win7sp1_rtm.101119-1850) (6.1.7601.17514) Размер=47104 Хеш=E5A4A1326A02F8E7B59E6C3270CE7202
04.04.12 12:53:12.633 I> [Core] Модуль=C:\Windows\system32\WS2_32.dll Версия=6.1.7600.16385 (win7_rtm.090713-1255) (6.1.7600.16385) Размер=206848 Хеш=7FF15A4F092CD4A96055BA69F903E3E9
04.04.12 12:53:12.634 I> [Core] Модуль=C:\Windows\system32\wsock32.dll Версия=6.1.7600.16385 (win7_rtm.090713-1255) (6.1.7600.16385) Размер=15360 Хеш=DF13A51A5C591887D2EC6AE64CEED0FA
04.04.12 12:53:12.646 I> [Core] Модуль=C:\Windows\WinSxS\x86_microsoft.windows.common-controls_6595b64144ccf1df_6.0.7601.17514_none_41e6975e2bd6f2b2\comctl32.dll Версия=6.10 (win7_rtm.090713-1255) (6.1.7600.16385) Размер=1680896 Хеш=352B3DC62A0D259A82A052238425C872
04.04.12 12:53:12.649 I> [Core] Модуль=U:\bin\cmuibase.bpl Версия=2.0.0.0 (2.0) Размер=493568 Хеш=5F2886394CDE9142E7F041427AD24509
04.04.12 12:53:12.657 I> [Core] Модуль=U:\bin\core.bpl Версия=2.0.0.0 (2.0) Размер=1323008 Хеш=9952BCF87CC8668CC86558D04633EBC7
04.04.12 12:53:12.661 I> [Core] Модуль=U:\bin\dbrtl100.bpl Версия=11.0.2902.10471 (11.0) Размер=295936 Хеш=DBDB4B33B1001AEC960FD4CF54AA5729
04.04.12 12:53:12.663 I> [Core] Модуль=U:\bin\imexport.bpl Версия=2.0.0.0 (2.0) Размер=61952 Хеш=EBCBFE866ED095134B31301947DBEC50
04.04.12 12:53:12.665 I> [Core] Модуль=U:\bin\loader.exe Версия=2.0.0.0 (2.0) Размер=185856 Хеш=CA877B6BAD81AFE80A60C8A6E1527806
04.04.12 12:53:12.684 I> [Core] Модуль=U:\bin\objects.bpl Версия=2.0.0.0 (2.0) Размер=3245568 Хеш=B9089CFACA1ADFEE6E42C69F4C0F91D2
04.04.12 12:53:12.689 I> [Core] Модуль=U:\bin\rtl100.bpl Версия=11.0.2902.10471 (11.0) Размер=853504 Хеш=EE4751299FEBFAB77E689C60721EF218
04.04.12 12:53:12.699 I> [Core] Модуль=U:\bin\vcl100.bpl Версия=11.0.2902.10471 (11.0) Размер=1874944 Хеш=AA2BAEE9C50AB6FED72DE7C8867DFF49
04.04.12 12:53:12.702 I> [Core] Модуль=U:\bin\vclactnband100.bpl Версия=11.0.2902.10471 (11.0) Размер=306688 Хеш=D50A5F298A1758FE7AB5CD4B58B73618
04.04.12 12:53:12.703 I> [Core] Модуль=U:\bin\vcldb100.bpl Версия=11.0.2902.10471 (11.0) Размер=274432 Хеш=3D7B16B8A4FE5F870F5DB686520A3B0C
04.04.12 12:53:12.707 I> [Core] Модуль=U:\bin\vcliex100.bpl Версия=11.0.2902.10471 (11.0) Размер=592896 Хеш=9233525B9C4A816546257C8BEC09F554
04.04.12 12:53:12.709 I> [Core] Модуль=U:\bin\vclimg100.bpl Версия=11.0.2902.10471 (11.0) Размер=119808 Хеш=F0CEAE65DAF074A42E1A02B185E0759A
04.04.12 12:53:12.710 I> [Core] Модуль=U:\bin\vcljpg100.bpl Версия=11.0.2902.10471 (11.0) Размер=97792 Хеш=341D1B2786F3E5FC4A4360A326656B37
04.04.12 12:53:12.712 I> [Core] Модуль=U:\bin\vclx100.bpl Версия=11.0.2902.10471 (11.0) Размер=198656 Хеш=F8294F14C9D7D9B5004D13A84ABD83C8
04.04.12 12:53:12.712 I> [Core] Окончание снятия дампа модулей.
04.04.12 12:53:12.772 I> [Core] Начало снятия дампа модулей ...
04.04.12 12:53:12.786 I> [Core] Модуль=C:\Windows\system32\advapi32.dll Версия=6.1.7600.16385 (win7_rtm.090713-1255) (6.1.7600.16385) Размер=640512 Хеш=95E2376B3323F062EB562B8586D0F14A
04.04.12 12:53:12.790 I> [Core] Модуль=C:\Windows\system32\comdlg32.dll Версия=6.1.7600.16385 (win7_rtm.090713-1255) (6.1.7600.16385) Размер=485888 Хеш=D1DE1EAFDE97BE41CF6585027FF3E732
04.04.12 12:53:12.790 I> [Core] Модуль=C:\Windows\system32\CRYPTBASE.dll Версия=6.1.7600.16385 (win7_rtm.090713-1255) (6.1.7600.16385) Размер=36864 Хеш=F08F6FCD09F9BE94C37ACC1B344685FF
04.04.12 12:53:12.796 I> [Core] Модуль=C:\Windows\system32\dbghelp.dll Версия=6.1.7601.17514 (win7sp1_rtm.101119-1850) (6.1.7601.17514) Размер=854016 Хеш=53223B673A3FA2F9A4D1C31C8D3F6CD8
04.04.12 12:53:12.797 I> [Core] Модуль=C:\Windows\system32\dwmapi.dll Версия=6.1.7600.16385 (win7_rtm.090713-1255) (6.1.7600.16385) Размер=67072 Хеш=39C5F32747B3414D1BB216FDB1DEFC58
04.04.12 12:53:12.799 I> [Core] Модуль=C:\Windows\system32\GDI32.dll Версия=6.1.7601.17514 (win7sp1_rtm.101119-1850) (6.1.7601.17514) Размер=304640 Хеш=E87F5393F7D8CE2FACC4DFF703531392
04.04.12 12:53:12.810 I> [Core] Модуль=C:\Windows\system32\iertutil.dll Версия=9.00.8112.16441 (WIN7_IE9_GDR.111213-1715) (9.00.8112.16441) Размер=1792000 Хеш=CDF5B6AEC538E02D5579E2E791042A1A
04.04.12 12:53:12.811 I> [Core] Модуль=C:\Windows\system32\IMAGEHLP.DLL Версия=6.1.7601.17514 (win7sp1_rtm.101119-1850) (6.1.7601.17514) Размер=155136 Хеш=B2FD31E20B423335FE3273B4BF95813C
04.04.12 12:53:12.812 I> [Core] Модуль=C:\Windows\system32\IMM32.DLL Версия=6.1.7601.17514 (win7sp1_rtm.101119-1850) (6.1.7601.17514) Размер=118272 Хеш=4A8E2F20809CC161107FAA94F6CF2685
04.04.12 12:53:12.814 I> [Core] Модуль=C:\Windows\system32\iphlpapi.dll Версия=6.1.7600.16385 (win7_rtm.090713-1255) (6.1.7600.16385) Размер=103936 Хеш=A90DC9ABD65DB1A8902F361103029952
04.04.12 12:53:12.819 I> [Core] Модуль=C:\Windows\system32\kernel32.dll Версия=6.1.7600.16385 (win7_rtm.090713-1255) (6.1.7600.16385) Размер=868352 Хеш=E570CBD732848438EAC574EB3442A2A8
04.04.12 12:53:12.821 I> [Core] Модуль=C:\Windows\system32\KERNELBASE.dll Версия=6.1.7600.16385 (win7_rtm.090713-1255) (6.1.7600.16385) Размер=290816 Хеш=A9F8E23C1FC00190376B11FFAD9DE6C6
04.04.12 12:53:12.822 I> [Core] Модуль=C:\Windows\system32\LPK.dll Версия=6.1.7600.16385 (win7_rtm.090713-1255) (6.1.7600.16385) Размер=26624 Хеш=4F154D2C9C6DF951FD6E5AABBAE6B5EE
04.04.12 12:53:12.823 I> [Core] Модуль=C:\Windows\system32\mpr.dll Версия=6.1.7600.16385 (win7_rtm.090713-1255) (6.1.7600.16385) Размер=64000 Хеш=B9A8CBCFCD3EC9D2EA4740AF347BF108
04.04.12 12:53:12.828 I> [Core] Модуль=C:\Windows\system32\MSCTF.dll Версия=6.1.7600.16385 (win7_rtm.090713-1255) (6.1.7600.16385) Размер=828928 Хеш=C9618BC9B2B0FD7C1138D8774795A79B
04.04.12 12:53:12.829 I> [Core] Модуль=C:\Windows\system32\msimg32.dll Версия=6.1.7600.16385 (win7_rtm.090713-1255) (6.1.7600.16385) Размер=4608 Хеш=18AB2E5A40064ED5F7791AC5946A90F3
04.04.12 12:53:12.833 I> [Core] Модуль=C:\Windows\system32\msvcrt.dll Версия=7.0.7601.17744 (win7sp1_gdr.111215-1535) (7.0.7601.17744) Размер=690688 Хеш=9DC80A8AAAAAC397BDAB3C67165A824E
04.04.12 12:53:12.834 I> [Core] Модуль=C:\Windows\system32\netapi32.dll Версия=6.1.7601.17514 (win7sp1_rtm.101119-1850) (6.1.7601.17514) Размер=56832 Хеш=8CE1A6D16B9077E91E192499EB611C5F
04.04.12 12:53:12.835 I> [Core] Модуль=C:\Windows\system32\netutils.dll Версия=6.1.7601.17514 (win7sp1_rtm.101119-1850) (6.1.7601.17514) Размер=22528 Хеш=20B3934DB73EABA2B49B7177873CB81F
04.04.12 12:53:12.836 I> [Core] Модуль=C:\Windows\system32\Normaliz.dll Версия=6.1.7600.16385 (win7_rtm.090713-1255) (6.1.7600.16385) Размер=2048 Хеш=9C278785347BCC991F8EA2999D90F58D
04.04.12 12:53:12.836 I> [Core] Модуль=C:\Windows\system32\NSI.dll Версия=6.1.7600.16385 (win7_rtm.090713-1255) (6.1.7600.16385) Размер=8704 Хеш=6377051C63D5552A311935C67E9FDFDC
04.04.12 12:53:12.844 I> [Core] Модуль=C:\Windows\SYSTEM32\ntdll.dll Версия=6.1.7600.16385 (win7_rtm.090713-1255) (6.1.7600.16385) Размер=1288472 Хеш=C30A91ADE8C9CB91E4281EC83C4500C6
04.04.12 12:53:12.853 I> [Core] Модуль=C:\Windows\system32\ole32.dll Версия=6.1.7600.16385 (win7_rtm.090713-1255) (6.1.7600.16385) Размер=1414144 Хеш=928CF7268086631F54C3D8E17238C6DD
04.04.12 12:53:12.855 I> [Core] Модуль=C:\Windows\system32\oleacc.dll Версия=7.0.0.0 (win7sp1_gdr.110826-1504) (6.1.7601.17676) Размер=233472 Хеш=8E01332CC4B68BC6B5B7EFFE374442AA
04.04.12 12:53:12.858 I> [Core] Модуль=C:\Windows\system32\oleaut32.dll Версия=6.1.7601.17676 (6.1.7601.17676) Размер=571904 Хеш=6C765E82B57F2E66CE9C54AC238471D9
04.04.12 12:53:12.860 I> [Core] Модуль=C:\Windows\system32\oledlg.dll Версия=6.1.7600.16385 (win7_rtm.090713-1255) (6.1.7600.16385) Размер=103424 Хеш=936F728E04ACCF3F38801CFFCF1E3F40
04.04.12 12:53:12.861 I> [Core] Модуль=C:\Windows\system32\olepro32.dll Версия=6.1.7601.17514 (6.1.7601.17514) Размер=90112 Хеш=703FFD301AB900B047337C5D40FD6F96
04.04.12 12:53:12.862 I> [Core] Модуль=C:\Windows\system32\psapi.dll Версия=6.1.7600.16385 (win7_rtm.090713-1255) (6.1.7600.16385) Размер=6144 Хеш=A543AC1F7138376D778D630A35FCBC4C
04.04.12 12:53:12.865 I> [Core] Модуль=C:\Windows\system32\RICHED20.DLL Версия=5.31.23.1230 (3.1) Размер=473600 Хеш=102CF6879887BBE846A00C459E6D4ABC
04.04.12 12:53:12.870 I> [Core] Модуль=C:\Windows\system32\RPCRT4.dll Версия=6.1.7600.16385 (win7_rtm.090713-1255) (6.1.7600.16385) Размер=653312 Хеш=6400774E903729ADD0A62A24A334EE56
04.04.12 12:53:12.871 I> [Core] Модуль=C:\Windows\SYSTEM32\sechost.dll Версия=6.1.7600.16385 (win7_rtm.090713-1255) (6.1.7600.16385) Размер=92160 Хеш=CFC97F07904067A1E5FAE195D534DA3A
04.04.12 12:53:12.948 I> [Core] Модуль=C:\Windows\system32\shell32.dll Версия=6.1.7601.17514 (win7sp1_rtm.101119-1850) (6.1.7601.17514) Размер=12872704 Хеш=358FC25391C6733EAF49DB480AFDFD8C
04.04.12 12:53:12.951 I> [Core] Модуль=C:\Windows\system32\SHLWAPI.dll Версия=6.1.7600.16385 (win7_rtm.090713-1255) (6.1.7600.16385) Размер=350208 Хеш=8CC3C111D653E96F3EA1590891491D71
04.04.12 12:53:12.952 I> [Core] Модуль=C:\Windows\system32\srvcli.dll Версия=6.1.7601.17514 (win7sp1_rtm.101119-1850) (6.1.7601.17514) Размер=90112 Хеш=5CCDCD40E732D54E0F7451AC66AC1C87
04.04.12 12:53:12.954 I> [Core] Модуль=C:\Windows\system32\SspiCli.dll Версия=6.1.7601.17725 (win7sp1_gdr.111116-1503) (6.1.7601.17725) Размер=100352 Хеш=4A054C853031616D161A84BECF281F47
04.04.12 12:53:12.956 I> [Core] Модуль=C:\Windows\System32\SYSFER.DLL Версия=12.1.1000.157 (12.1.1000.157) Размер=374704 Хеш=2F79E95D888CCA32F4B984C17B5D897E
04.04.12 12:53:12.963 I> [Core] Модуль=C:\Windows\system32\URLMON.DLL Версия=9.00.8112.16421 (WIN7_IE9_RTM.110308-0330) (9.00.8112.16421) Размер=1103360 Хеш=79F14B5DF9E17E12193337ED4EE1C491
04.04.12 12:53:12.969 I> [Core] Модуль=C:\Windows\system32\USER32.dll Версия=6.1.7601.17514 (win7sp1_rtm.101119-1850) (6.1.7601.17514) Размер=811520 Хеш=F1DD3ACAEE5E6B4BBC69BC6DF75CEF66
04.04.12 12:53:12.973 I> [Core] Модуль=C:\Windows\system32\USP10.dll Версия=1.0626.7601.17514 (win7sp1_rtm.101119-1850) (1.0626.7601.17514) Размер=626176 Хеш=804AAAFEBB3AD5F49334DD906BCB1DE5
04.04.12 12:53:12.975 I> [Core] Модуль=C:\Windows\system32\uxtheme.dll Версия=6.1.7600.16385 (win7_rtm.090713-1255) (6.1.7600.16385) Размер=249856 Хеш=63BFDF555DA2075A77D677829C3CCCD0
04.04.12 12:53:12.975 I> [Core] Модуль=C:\Windows\system32\version.dll Версия=6.1.7600.16385 (win7_rtm.090713-1255) (6.1.7600.16385) Размер=21504 Хеш=702254574E7E52052DE39408457B7149
04.04.12 12:53:12.983 I> [Core] Модуль=C:\Windows\system32\WININET.dll Версия=9.00.8112.16421 (WIN7_IE9_RTM.110308-0330) (9.00.8112.16421) Размер=1127424 Хеш=1D94FA7C81D2FFE494AF094619BA706F
04.04.12 12:53:12.985 I> [Core] Модуль=C:\Windows\system32\winmm.dll Версия=6.1.7600.16385 (win7_rtm.090713-1255) (6.1.7600.16385) Размер=194048 Хеш=D5AEFAD57C08349A4393D987DF7C715D
04.04.12 12:53:12.986 I> [Core] Модуль=C:\Windows\system32\WINNSI.DLL Версия=6.1.7600.16385 (win7_rtm.090713-1255) (6.1.7600.16385) Размер=16896 Хеш=CFF35B879D1618D42C86644C717BA947
04.04.12 12:53:12.989 I> [Core] Модуль=C:\Windows\system32\winspool.drv Версия=6.1.7600.16385 (win7_rtm.090713-1255) (6.1.7600.16385) Размер=320000 Хеш=9E4B0E7472B4CEBA9E17F440B8CB0AB8
04.04.12 12:53:12.989 I> [Core] Модуль=C:\Windows\system32\wkscli.dll Версия=6.1.7601.17514 (win7sp1_rtm.101119-1850) (6.1.7601.17514) Размер=47104 Хеш=E5A4A1326A02F8E7B59E6C3270CE7202
04.04.12 12:53:12.991 I> [Core] Модуль=C:\Windows\system32\WS2_32.dll Версия=6.1.7600.16385 (win7_rtm.090713-1255) (6.1.7600.16385) Размер=206848 Хеш=7FF15A4F092CD4A96055BA69F903E3E9
04.04.12 12:53:12.992 I> [Core] Модуль=C:\Windows\system32\wsock32.dll Версия=6.1.7600.16385 (win7_rtm.090713-1255) (6.1.7600.16385) Размер=15360 Хеш=DF13A51A5C591887D2EC6AE64CEED0FA
04.04.12 12:53:13.003 I> [Core] Модуль=C:\Windows\WinSxS\x86_microsoft.windows.common-controls_6595b64144ccf1df_6.0.7601.17514_none_41e6975e2bd6f2b2\comctl32.dll Версия=6.10 (win7_rtm.090713-1255) (6.1.7600.16385) Размер=1680896 Хеш=352B3DC62A0D259A82A052238425C872
04.04.12 12:53:13.006 I> [Core] Модуль=U:\bin\cmuibase.bpl Версия=2.0.0.0 (2.0) Размер=493568 Хеш=5F2886394CDE9142E7F041427AD24509
04.04.12 12:53:13.014 I> [Core] Модуль=U:\bin\core.bpl Версия=2.0.0.0 (2.0) Размер=1323008 Хеш=9952BCF87CC8668CC86558D04633EBC7
04.04.12 12:53:13.016 I> [Core] Модуль=U:\bin\dbrtl100.bpl Версия=11.0.2902.10471 (11.0) Размер=295936 Хеш=DBDB4B33B1001AEC960FD4CF54AA5729
04.04.12 12:53:13.017 I> [Core] Модуль=U:\bin\imexport.bpl Версия=2.0.0.0 (2.0) Размер=61952 Хеш=EBCBFE866ED095134B31301947DBEC50
04.04.12 12:53:13.019 I> [Core] Модуль=U:\bin\loader.exe Версия=2.0.0.0 (2.0) Размер=185856 Хеш=CA877B6BAD81AFE80A60C8A6E1527806
04.04.12 12:53:13.039 I> [Core] Модуль=U:\bin\objects.bpl Версия=2.0.0.0 (2.0) Размер=3245568 Хеш=B9089CFACA1ADFEE6E42C69F4C0F91D2
04.04.12 12:53:13.044 I> [Core] Модуль=U:\bin\rtl100.bpl Версия=11.0.2902.10471 (11.0) Размер=853504 Хеш=EE4751299FEBFAB77E689C60721EF218
04.04.12 12:53:13.054 I> [Core] Модуль=U:\bin\vcl100.bpl Версия=11.0.2902.10471 (11.0) Размер=1874944 Хеш=AA2BAEE9C50AB6FED72DE7C8867DFF49
04.04.12 12:53:13.057 I> [Core] Модуль=U:\bin\vclactnband100.bpl Версия=11.0.2902.10471 (11.0) Размер=306688 Хеш=D50A5F298A1758FE7AB5CD4B58B73618
04.04.12 12:53:13.059 I> [Core] Модуль=U:\bin\vcldb100.bpl Версия=11.0.2902.10471 (11.0) Размер=274432 Хеш=3D7B16B8A4FE5F870F5DB686520A3B0C
04.04.12 12:53:13.063 I> [Core] Модуль=U:\bin\vcliex100.bpl Версия=11.0.2902.10471 (11.0) Размер=592896 Хеш=9233525B9C4A816546257C8BEC09F554
04.04.12 12:53:13.064 I> [Core] Модуль=U:\bin\vclimg100.bpl Версия=11.0.2902.10471 (11.0) Размер=119808 Хеш=F0CEAE65DAF074A42E1A02B185E0759A
04.04.12 12:53:13.065 I> [Core] Модуль=U:\bin\vcljpg100.bpl Версия=11.0.2902.10471 (11.0) Размер=97792 Хеш=341D1B2786F3E5FC4A4360A326656B37
04.04.12 12:53:13.067 I> [Core] Модуль=U:\bin\vclx100.bpl Версия=11.0.2902.10471 (11.0) Размер=198656 Хеш=F8294F14C9D7D9B5004D13A84ABD83C8
04.04.12 12:53:13.067 I> [Core] Окончание снятия дампа модулей.
04.04.12 12:53:20.268 I> [LocalBase] Сохранение в файл U:\bin\imexport.bis прошло успешно
04.04.12 12:53:23.883 I> [ExportIfaceModule] Выгрузка модуля imexport.bpl прошла успешно.
04.04.12 12:53:23.897 I> [IBase2ConnectionModule] Выгрузка модуля cmuibase.bpl прошла успешно.
04.04.12 12:53:23.897 I> *************************
