29.04.12 22:57:56.791 I> --------------------------------------------------
29.04.12 22:57:56.792 I> [Core] Папка=U:\bin
29.04.12 22:57:56.792 I> [Core] Командная строка=U:\bin\taxi.exe /config imimport.ini /noupdate
29.04.12 22:57:56.792 I> [Core] Режим=smStandalone
29.04.12 22:57:56.792 I> [Core] Действие=saDefault
29.04.12 22:57:56.792 I> [Core] Файл логирования=U:\bin\logs\imimport.log
29.04.12 22:57:56.792 I> [Core] Конфигурационный файл=U:\bin\imimport.ini
29.04.12 22:57:56.792 I> [Core] Текст конфигурационного файла=[Logger]
FileName=logs\imimport.log
Mode=1
Enabled=1
Encoded=0

[Localbase]
FileName=imimport.bis
Enabled=1


29.04.12 22:57:56.861 I> [LocalBase] Загрузка из файла U:\bin\imimport.bis прошла успешно
29.04.12 22:57:56.868 I> [Core] Начало снятия дампа модулей ...
29.04.12 22:57:56.883 I> [Core] Модуль=C:\Windows\system32\advapi32.dll Версия=6.1.7600.16385 (win7_rtm.090713-1255) (6.1.7600.16385) Размер=640512 Хеш=95E2376B3323F062EB562B8586D0F14A
29.04.12 22:57:56.887 I> [Core] Модуль=C:\Windows\system32\comdlg32.dll Версия=6.1.7600.16385 (win7_rtm.090713-1255) (6.1.7600.16385) Размер=485888 Хеш=D1DE1EAFDE97BE41CF6585027FF3E732
29.04.12 22:57:56.888 I> [Core] Модуль=C:\Windows\system32\CRYPTBASE.dll Версия=6.1.7600.16385 (win7_rtm.090713-1255) (6.1.7600.16385) Размер=36864 Хеш=F08F6FCD09F9BE94C37ACC1B344685FF
29.04.12 22:57:56.893 I> [Core] Модуль=C:\Windows\system32\dbghelp.dll Версия=6.1.7601.17514 (win7sp1_rtm.101119-1850) (6.1.7601.17514) Размер=854016 Хеш=53223B673A3FA2F9A4D1C31C8D3F6CD8
29.04.12 22:57:56.894 I> [Core] Модуль=C:\Windows\system32\dwmapi.dll Версия=6.1.7600.16385 (win7_rtm.090713-1255) (6.1.7600.16385) Размер=67072 Хеш=39C5F32747B3414D1BB216FDB1DEFC58
29.04.12 22:57:56.897 I> [Core] Модуль=C:\Windows\system32\GDI32.dll Версия=6.1.7601.17514 (win7sp1_rtm.101119-1850) (6.1.7601.17514) Размер=304640 Хеш=E87F5393F7D8CE2FACC4DFF703531392
29.04.12 22:57:56.909 I> [Core] Модуль=C:\Windows\system32\iertutil.dll Версия=9.00.8112.16443 (WIN7_IE9_GDR.120227-1545) (9.00.8112.16443) Размер=1792000 Хеш=1341915D4705A3BA68BC49E83024ADE0
29.04.12 22:57:56.910 I> [Core] Модуль=C:\Windows\system32\IMAGEHLP.DLL Версия=6.1.7601.17787 (win7sp1_gdr.120229-1502) (6.1.7601.17787) Размер=159232 Хеш=B2DB6ABA2E292235749B80A9C3DFA867
29.04.12 22:57:56.912 I> [Core] Модуль=C:\Windows\system32\IMM32.DLL Версия=6.1.7601.17514 (win7sp1_rtm.101119-1850) (6.1.7601.17514) Размер=118272 Хеш=4A8E2F20809CC161107FAA94F6CF2685
29.04.12 22:57:56.913 I> [Core] Модуль=C:\Windows\system32\iphlpapi.dll Версия=6.1.7600.16385 (win7_rtm.090713-1255) (6.1.7600.16385) Размер=103936 Хеш=A90DC9ABD65DB1A8902F361103029952
29.04.12 22:57:56.920 I> [Core] Модуль=C:\Windows\system32\kernel32.dll Версия=6.1.7600.16385 (win7_rtm.090713-1255) (6.1.7600.16385) Размер=868352 Хеш=E570CBD732848438EAC574EB3442A2A8
29.04.12 22:57:56.922 I> [Core] Модуль=C:\Windows\system32\KERNELBASE.dll Версия=6.1.7600.16385 (win7_rtm.090713-1255) (6.1.7600.16385) Размер=290816 Хеш=A9F8E23C1FC00190376B11FFAD9DE6C6
29.04.12 22:57:56.923 I> [Core] Модуль=C:\Windows\system32\LPK.dll Версия=6.1.7600.16385 (win7_rtm.090713-1255) (6.1.7600.16385) Размер=26624 Хеш=4F154D2C9C6DF951FD6E5AABBAE6B5EE
29.04.12 22:57:56.924 I> [Core] Модуль=C:\Windows\system32\mpr.dll Версия=6.1.7600.16385 (win7_rtm.090713-1255) (6.1.7600.16385) Размер=64000 Хеш=B9A8CBCFCD3EC9D2EA4740AF347BF108
29.04.12 22:57:56.930 I> [Core] Модуль=C:\Windows\system32\MSCTF.dll Версия=6.1.7600.16385 (win7_rtm.090713-1255) (6.1.7600.16385) Размер=828928 Хеш=C9618BC9B2B0FD7C1138D8774795A79B
29.04.12 22:57:56.930 I> [Core] Модуль=C:\Windows\system32\msimg32.dll Версия=6.1.7600.16385 (win7_rtm.090713-1255) (6.1.7600.16385) Размер=4608 Хеш=18AB2E5A40064ED5F7791AC5946A90F3
29.04.12 22:57:56.935 I> [Core] Модуль=C:\Windows\system32\msvcrt.dll Версия=7.0.7601.17744 (win7sp1_gdr.111215-1535) (7.0.7601.17744) Размер=690688 Хеш=9DC80A8AAAAAC397BDAB3C67165A824E
29.04.12 22:57:56.936 I> [Core] Модуль=C:\Windows\system32\netapi32.dll Версия=6.1.7601.17514 (win7sp1_rtm.101119-1850) (6.1.7601.17514) Размер=56832 Хеш=8CE1A6D16B9077E91E192499EB611C5F
29.04.12 22:57:56.937 I> [Core] Модуль=C:\Windows\system32\netutils.dll Версия=6.1.7601.17514 (win7sp1_rtm.101119-1850) (6.1.7601.17514) Размер=22528 Хеш=20B3934DB73EABA2B49B7177873CB81F
29.04.12 22:57:56.938 I> [Core] Модуль=C:\Windows\system32\Normaliz.dll Версия=6.1.7600.16385 (win7_rtm.090713-1255) (6.1.7600.16385) Размер=2048 Хеш=9C278785347BCC991F8EA2999D90F58D
29.04.12 22:57:56.938 I> [Core] Модуль=C:\Windows\system32\NSI.dll Версия=6.1.7600.16385 (win7_rtm.090713-1255) (6.1.7600.16385) Размер=8704 Хеш=6377051C63D5552A311935C67E9FDFDC
29.04.12 22:57:56.947 I> [Core] Модуль=C:\Windows\SYSTEM32\ntdll.dll Версия=6.1.7600.16385 (win7_rtm.090713-1255) (6.1.7600.16385) Размер=1288472 Хеш=C30A91ADE8C9CB91E4281EC83C4500C6
29.04.12 22:57:56.956 I> [Core] Модуль=C:\Windows\system32\ole32.dll Версия=6.1.7600.16385 (win7_rtm.090713-1255) (6.1.7600.16385) Размер=1414144 Хеш=928CF7268086631F54C3D8E17238C6DD
29.04.12 22:57:56.960 I> [Core] Модуль=C:\Windows\system32\oleacc.dll Версия=7.0.0.0 (win7sp1_gdr.110826-1504) (6.1.7601.17676) Размер=233472 Хеш=8E01332CC4B68BC6B5B7EFFE374442AA
29.04.12 22:57:56.965 I> [Core] Модуль=C:\Windows\system32\oleaut32.dll Версия=6.1.7601.17676 (6.1.7601.17676) Размер=571904 Хеш=6C765E82B57F2E66CE9C54AC238471D9
29.04.12 22:57:56.966 I> [Core] Модуль=C:\Windows\system32\oledlg.dll Версия=6.1.7600.16385 (win7_rtm.090713-1255) (6.1.7600.16385) Размер=103424 Хеш=936F728E04ACCF3F38801CFFCF1E3F40
29.04.12 22:57:56.968 I> [Core] Модуль=C:\Windows\system32\olepro32.dll Версия=6.1.7601.17514 (6.1.7601.17514) Размер=90112 Хеш=703FFD301AB900B047337C5D40FD6F96
29.04.12 22:57:56.969 I> [Core] Модуль=C:\Windows\system32\psapi.dll Версия=6.1.7600.16385 (win7_rtm.090713-1255) (6.1.7600.16385) Размер=6144 Хеш=A543AC1F7138376D778D630A35FCBC4C
29.04.12 22:57:56.972 I> [Core] Модуль=C:\Windows\system32\RICHED20.DLL Версия=5.31.23.1230 (3.1) Размер=473600 Хеш=102CF6879887BBE846A00C459E6D4ABC
29.04.12 22:57:56.977 I> [Core] Модуль=C:\Windows\system32\RPCRT4.dll Версия=6.1.7600.16385 (win7_rtm.090713-1255) (6.1.7600.16385) Размер=653312 Хеш=6400774E903729ADD0A62A24A334EE56
29.04.12 22:57:56.978 I> [Core] Модуль=C:\Windows\SYSTEM32\sechost.dll Версия=6.1.7600.16385 (win7_rtm.090713-1255) (6.1.7600.16385) Размер=92160 Хеш=CFC97F07904067A1E5FAE195D534DA3A
29.04.12 22:57:57.055 I> [Core] Модуль=C:\Windows\system32\shell32.dll Версия=6.1.7601.17514 (win7sp1_rtm.101119-1850) (6.1.7601.17514) Размер=12872704 Хеш=358FC25391C6733EAF49DB480AFDFD8C
29.04.12 22:57:57.058 I> [Core] Модуль=C:\Windows\system32\SHLWAPI.dll Версия=6.1.7600.16385 (win7_rtm.090713-1255) (6.1.7600.16385) Размер=350208 Хеш=8CC3C111D653E96F3EA1590891491D71
29.04.12 22:57:57.060 I> [Core] Модуль=C:\Windows\system32\srvcli.dll Версия=6.1.7601.17514 (win7sp1_rtm.101119-1850) (6.1.7601.17514) Размер=90112 Хеш=5CCDCD40E732D54E0F7451AC66AC1C87
29.04.12 22:57:57.061 I> [Core] Модуль=C:\Windows\system32\SspiCli.dll Версия=6.1.7601.17725 (win7sp1_gdr.111116-1503) (6.1.7601.17725) Размер=100352 Хеш=4A054C853031616D161A84BECF281F47
29.04.12 22:57:57.064 I> [Core] Модуль=C:\Windows\System32\SYSFER.DLL Версия=12.1.1000.157 (12.1.1000.157) Размер=374704 Хеш=2F79E95D888CCA32F4B984C17B5D897E
29.04.12 22:57:57.071 I> [Core] Модуль=C:\Windows\system32\URLMON.DLL Версия=9.00.8112.16421 (WIN7_IE9_RTM.110308-0330) (9.00.8112.16421) Размер=1103360 Хеш=4C162B2A8E175F46DB41B21C77688221
29.04.12 22:57:57.076 I> [Core] Модуль=C:\Windows\system32\USER32.dll Версия=6.1.7601.17514 (win7sp1_rtm.101119-1850) (6.1.7601.17514) Размер=811520 Хеш=F1DD3ACAEE5E6B4BBC69BC6DF75CEF66
29.04.12 22:57:57.081 I> [Core] Модуль=C:\Windows\system32\USP10.dll Версия=1.0626.7601.17514 (win7sp1_rtm.101119-1850) (1.0626.7601.17514) Размер=626176 Хеш=804AAAFEBB3AD5F49334DD906BCB1DE5
29.04.12 22:57:57.083 I> [Core] Модуль=C:\Windows\system32\uxtheme.dll Версия=6.1.7600.16385 (win7_rtm.090713-1255) (6.1.7600.16385) Размер=249856 Хеш=63BFDF555DA2075A77D677829C3CCCD0
29.04.12 22:57:57.084 I> [Core] Модуль=C:\Windows\system32\version.dll Версия=6.1.7600.16385 (win7_rtm.090713-1255) (6.1.7600.16385) Размер=21504 Хеш=702254574E7E52052DE39408457B7149
29.04.12 22:57:57.091 I> [Core] Модуль=C:\Windows\system32\WININET.dll Версия=9.00.8112.16421 (WIN7_IE9_RTM.110308-0330) (9.00.8112.16421) Размер=1127424 Хеш=44465367256D1C72B58F5ABAA19E7016
29.04.12 22:57:57.093 I> [Core] Модуль=C:\Windows\system32\winmm.dll Версия=6.1.7600.16385 (win7_rtm.090713-1255) (6.1.7600.16385) Размер=194048 Хеш=D5AEFAD57C08349A4393D987DF7C715D
29.04.12 22:57:57.094 I> [Core] Модуль=C:\Windows\system32\WINNSI.DLL Версия=6.1.7600.16385 (win7_rtm.090713-1255) (6.1.7600.16385) Размер=16896 Хеш=CFF35B879D1618D42C86644C717BA947
29.04.12 22:57:57.096 I> [Core] Модуль=C:\Windows\system32\winspool.drv Версия=6.1.7600.16385 (win7_rtm.090713-1255) (6.1.7600.16385) Размер=320000 Хеш=9E4B0E7472B4CEBA9E17F440B8CB0AB8
29.04.12 22:57:57.097 I> [Core] Модуль=C:\Windows\system32\wkscli.dll Версия=6.1.7601.17514 (win7sp1_rtm.101119-1850) (6.1.7601.17514) Размер=47104 Хеш=E5A4A1326A02F8E7B59E6C3270CE7202
29.04.12 22:57:57.099 I> [Core] Модуль=C:\Windows\system32\WS2_32.dll Версия=6.1.7600.16385 (win7_rtm.090713-1255) (6.1.7600.16385) Размер=206848 Хеш=7FF15A4F092CD4A96055BA69F903E3E9
29.04.12 22:57:57.100 I> [Core] Модуль=C:\Windows\system32\wsock32.dll Версия=6.1.7600.16385 (win7_rtm.090713-1255) (6.1.7600.16385) Размер=15360 Хеш=DF13A51A5C591887D2EC6AE64CEED0FA
29.04.12 22:57:57.111 I> [Core] Модуль=C:\Windows\WinSxS\x86_microsoft.windows.common-controls_6595b64144ccf1df_6.0.7601.17514_none_41e6975e2bd6f2b2\comctl32.dll Версия=6.10 (win7_rtm.090713-1255) (6.1.7600.16385) Размер=1680896 Хеш=352B3DC62A0D259A82A052238425C872
29.04.12 22:57:57.120 I> [Core] Модуль=U:\bin\core.bpl Версия=2.0.0.114 (2.0) Размер=1350656 Хеш=B9651DD5C2B466DD51906107EF9EE90A
29.04.12 22:57:57.123 I> [Core] Модуль=U:\bin\dbrtl100.bpl Версия=11.0.2902.10471 (11.0) Размер=295936 Хеш=DBDB4B33B1001AEC960FD4CF54AA5729
29.04.12 22:57:57.148 I> [Core] Модуль=U:\bin\objects.bpl Версия=2.0.0.60 (2.0) Размер=3245568 Хеш=F46A1DA1595AD78D52895936EBC94D58
29.04.12 22:57:57.155 I> [Core] Модуль=U:\bin\rtl100.bpl Версия=11.0.2902.10471 (11.0) Размер=853504 Хеш=EE4751299FEBFAB77E689C60721EF218
29.04.12 22:57:57.155 I> [Core] Модуль=U:\bin\taxi.exe Версия=2.0.0.65 (2.0) Размер=28160 Хеш=62D483CCB7B0E83E75266B873358917B
29.04.12 22:57:57.168 I> [Core] Модуль=U:\bin\vcl100.bpl Версия=11.0.2902.10471 (11.0) Размер=1874944 Хеш=AA2BAEE9C50AB6FED72DE7C8867DFF49
29.04.12 22:57:57.171 I> [Core] Модуль=U:\bin\vclactnband100.bpl Версия=11.0.2902.10471 (11.0) Размер=306688 Хеш=D50A5F298A1758FE7AB5CD4B58B73618
29.04.12 22:57:57.174 I> [Core] Модуль=U:\bin\vcldb100.bpl Версия=11.0.2902.10471 (11.0) Размер=274432 Хеш=3D7B16B8A4FE5F870F5DB686520A3B0C
29.04.12 22:57:57.179 I> [Core] Модуль=U:\bin\vcliex100.bpl Версия=11.0.2902.10471 (11.0) Размер=592896 Хеш=9233525B9C4A816546257C8BEC09F554
29.04.12 22:57:57.181 I> [Core] Модуль=U:\bin\vclimg100.bpl Версия=11.0.2902.10471 (11.0) Размер=119808 Хеш=F0CEAE65DAF074A42E1A02B185E0759A
29.04.12 22:57:57.184 I> [Core] Модуль=U:\bin\vcljpg100.bpl Версия=11.0.2902.10471 (11.0) Размер=97792 Хеш=341D1B2786F3E5FC4A4360A326656B37
29.04.12 22:57:57.186 I> [Core] Модуль=U:\bin\vclx100.bpl Версия=11.0.2902.10471 (11.0) Размер=198656 Хеш=F8294F14C9D7D9B5004D13A84ABD83C8
29.04.12 22:57:57.186 I> [Core] Окончание снятия дампа модулей.
29.04.12 22:57:57.313 I> [IBase2ConnectionModule] Загрузка модуля cmuibase.bpl началась ...
29.04.12 22:57:57.316 I> [IBase2ConnectionModule] Загрузка модуля cmuibase.bpl прошла успешно.
29.04.12 22:57:57.318 I> [IBase2ConnectionModule] Инициализация модуля cmuibase.bpl прошла успешно.
29.04.12 22:57:57.364 I> [ImportIfaceModule] Загрузка модуля imimport.bpl началась ...
29.04.12 22:57:57.365 I> [ImportIfaceModule] Загрузка модуля imimport.bpl прошла успешно.
29.04.12 22:57:57.366 I> [ImportIfaceModule] Инициализация модуля imimport.bpl прошла успешно.
29.04.12 22:57:57.366 I> [Core] Начало снятия дампа модулей ...
29.04.12 22:57:57.381 I> [Core] Модуль=C:\Windows\system32\advapi32.dll Версия=6.1.7600.16385 (win7_rtm.090713-1255) (6.1.7600.16385) Размер=640512 Хеш=95E2376B3323F062EB562B8586D0F14A
29.04.12 22:57:57.384 I> [Core] Модуль=C:\Windows\system32\comdlg32.dll Версия=6.1.7600.16385 (win7_rtm.090713-1255) (6.1.7600.16385) Размер=485888 Хеш=D1DE1EAFDE97BE41CF6585027FF3E732
29.04.12 22:57:57.385 I> [Core] Модуль=C:\Windows\system32\CRYPTBASE.dll Версия=6.1.7600.16385 (win7_rtm.090713-1255) (6.1.7600.16385) Размер=36864 Хеш=F08F6FCD09F9BE94C37ACC1B344685FF
29.04.12 22:57:57.391 I> [Core] Модуль=C:\Windows\system32\dbghelp.dll Версия=6.1.7601.17514 (win7sp1_rtm.101119-1850) (6.1.7601.17514) Размер=854016 Хеш=53223B673A3FA2F9A4D1C31C8D3F6CD8
29.04.12 22:57:57.392 I> [Core] Модуль=C:\Windows\system32\dwmapi.dll Версия=6.1.7600.16385 (win7_rtm.090713-1255) (6.1.7600.16385) Размер=67072 Хеш=39C5F32747B3414D1BB216FDB1DEFC58
29.04.12 22:57:57.394 I> [Core] Модуль=C:\Windows\system32\GDI32.dll Версия=6.1.7601.17514 (win7sp1_rtm.101119-1850) (6.1.7601.17514) Размер=304640 Хеш=E87F5393F7D8CE2FACC4DFF703531392
29.04.12 22:57:57.406 I> [Core] Модуль=C:\Windows\system32\iertutil.dll Версия=9.00.8112.16443 (WIN7_IE9_GDR.120227-1545) (9.00.8112.16443) Размер=1792000 Хеш=1341915D4705A3BA68BC49E83024ADE0
29.04.12 22:57:57.407 I> [Core] Модуль=C:\Windows\system32\IMAGEHLP.DLL Версия=6.1.7601.17787 (win7sp1_gdr.120229-1502) (6.1.7601.17787) Размер=159232 Хеш=B2DB6ABA2E292235749B80A9C3DFA867
29.04.12 22:57:57.409 I> [Core] Модуль=C:\Windows\system32\IMM32.DLL Версия=6.1.7601.17514 (win7sp1_rtm.101119-1850) (6.1.7601.17514) Размер=118272 Хеш=4A8E2F20809CC161107FAA94F6CF2685
29.04.12 22:57:57.410 I> [Core] Модуль=C:\Windows\system32\iphlpapi.dll Версия=6.1.7600.16385 (win7_rtm.090713-1255) (6.1.7600.16385) Размер=103936 Хеш=A90DC9ABD65DB1A8902F361103029952
29.04.12 22:57:57.416 I> [Core] Модуль=C:\Windows\system32\kernel32.dll Версия=6.1.7600.16385 (win7_rtm.090713-1255) (6.1.7600.16385) Размер=868352 Хеш=E570CBD732848438EAC574EB3442A2A8
29.04.12 22:57:57.418 I> [Core] Модуль=C:\Windows\system32\KERNELBASE.dll Версия=6.1.7600.16385 (win7_rtm.090713-1255) (6.1.7600.16385) Размер=290816 Хеш=A9F8E23C1FC00190376B11FFAD9DE6C6
29.04.12 22:57:57.419 I> [Core] Модуль=C:\Windows\system32\LPK.dll Версия=6.1.7600.16385 (win7_rtm.090713-1255) (6.1.7600.16385) Размер=26624 Хеш=4F154D2C9C6DF951FD6E5AABBAE6B5EE
29.04.12 22:57:57.420 I> [Core] Модуль=C:\Windows\system32\mpr.dll Версия=6.1.7600.16385 (win7_rtm.090713-1255) (6.1.7600.16385) Размер=64000 Хеш=B9A8CBCFCD3EC9D2EA4740AF347BF108
29.04.12 22:57:57.426 I> [Core] Модуль=C:\Windows\system32\MSCTF.dll Версия=6.1.7600.16385 (win7_rtm.090713-1255) (6.1.7600.16385) Размер=828928 Хеш=C9618BC9B2B0FD7C1138D8774795A79B
29.04.12 22:57:57.426 I> [Core] Модуль=C:\Windows\system32\msimg32.dll Версия=6.1.7600.16385 (win7_rtm.090713-1255) (6.1.7600.16385) Размер=4608 Хеш=18AB2E5A40064ED5F7791AC5946A90F3
29.04.12 22:57:57.431 I> [Core] Модуль=C:\Windows\system32\msvcrt.dll Версия=7.0.7601.17744 (win7sp1_gdr.111215-1535) (7.0.7601.17744) Размер=690688 Хеш=9DC80A8AAAAAC397BDAB3C67165A824E
29.04.12 22:57:57.432 I> [Core] Модуль=C:\Windows\system32\netapi32.dll Версия=6.1.7601.17514 (win7sp1_rtm.101119-1850) (6.1.7601.17514) Размер=56832 Хеш=8CE1A6D16B9077E91E192499EB611C5F
29.04.12 22:57:57.433 I> [Core] Модуль=C:\Windows\system32\netutils.dll Версия=6.1.7601.17514 (win7sp1_rtm.101119-1850) (6.1.7601.17514) Размер=22528 Хеш=20B3934DB73EABA2B49B7177873CB81F
29.04.12 22:57:57.433 I> [Core] Модуль=C:\Windows\system32\Normaliz.dll Версия=6.1.7600.16385 (win7_rtm.090713-1255) (6.1.7600.16385) Размер=2048 Хеш=9C278785347BCC991F8EA2999D90F58D
29.04.12 22:57:57.434 I> [Core] Модуль=C:\Windows\system32\NSI.dll Версия=6.1.7600.16385 (win7_rtm.090713-1255) (6.1.7600.16385) Размер=8704 Хеш=6377051C63D5552A311935C67E9FDFDC
29.04.12 22:57:57.443 I> [Core] Модуль=C:\Windows\SYSTEM32\ntdll.dll Версия=6.1.7600.16385 (win7_rtm.090713-1255) (6.1.7600.16385) Размер=1288472 Хеш=C30A91ADE8C9CB91E4281EC83C4500C6
29.04.12 22:57:57.452 I> [Core] Модуль=C:\Windows\system32\ole32.dll Версия=6.1.7600.16385 (win7_rtm.090713-1255) (6.1.7600.16385) Размер=1414144 Хеш=928CF7268086631F54C3D8E17238C6DD
29.04.12 22:57:57.454 I> [Core] Модуль=C:\Windows\system32\oleacc.dll Версия=7.0.0.0 (win7sp1_gdr.110826-1504) (6.1.7601.17676) Размер=233472 Хеш=8E01332CC4B68BC6B5B7EFFE374442AA
29.04.12 22:57:57.458 I> [Core] Модуль=C:\Windows\system32\oleaut32.dll Версия=6.1.7601.17676 (6.1.7601.17676) Размер=571904 Хеш=6C765E82B57F2E66CE9C54AC238471D9
29.04.12 22:57:57.459 I> [Core] Модуль=C:\Windows\system32\oledlg.dll Версия=6.1.7600.16385 (win7_rtm.090713-1255) (6.1.7600.16385) Размер=103424 Хеш=936F728E04ACCF3F38801CFFCF1E3F40
29.04.12 22:57:57.461 I> [Core] Модуль=C:\Windows\system32\olepro32.dll Версия=6.1.7601.17514 (6.1.7601.17514) Размер=90112 Хеш=703FFD301AB900B047337C5D40FD6F96
29.04.12 22:57:57.461 I> [Core] Модуль=C:\Windows\system32\psapi.dll Версия=6.1.7600.16385 (win7_rtm.090713-1255) (6.1.7600.16385) Размер=6144 Хеш=A543AC1F7138376D778D630A35FCBC4C
29.04.12 22:57:57.465 I> [Core] Модуль=C:\Windows\system32\RICHED20.DLL Версия=5.31.23.1230 (3.1) Размер=473600 Хеш=102CF6879887BBE846A00C459E6D4ABC
29.04.12 22:57:57.469 I> [Core] Модуль=C:\Windows\system32\RPCRT4.dll Версия=6.1.7600.16385 (win7_rtm.090713-1255) (6.1.7600.16385) Размер=653312 Хеш=6400774E903729ADD0A62A24A334EE56
29.04.12 22:57:57.470 I> [Core] Модуль=C:\Windows\SYSTEM32\sechost.dll Версия=6.1.7600.16385 (win7_rtm.090713-1255) (6.1.7600.16385) Размер=92160 Хеш=CFC97F07904067A1E5FAE195D534DA3A
29.04.12 22:57:57.547 I> [Core] Модуль=C:\Windows\system32\shell32.dll Версия=6.1.7601.17514 (win7sp1_rtm.101119-1850) (6.1.7601.17514) Размер=12872704 Хеш=358FC25391C6733EAF49DB480AFDFD8C
29.04.12 22:57:57.550 I> [Core] Модуль=C:\Windows\system32\SHLWAPI.dll Версия=6.1.7600.16385 (win7_rtm.090713-1255) (6.1.7600.16385) Размер=350208 Хеш=8CC3C111D653E96F3EA1590891491D71
29.04.12 22:57:57.551 I> [Core] Модуль=C:\Windows\system32\srvcli.dll Версия=6.1.7601.17514 (win7sp1_rtm.101119-1850) (6.1.7601.17514) Размер=90112 Хеш=5CCDCD40E732D54E0F7451AC66AC1C87
29.04.12 22:57:57.553 I> [Core] Модуль=C:\Windows\system32\SspiCli.dll Версия=6.1.7601.17725 (win7sp1_gdr.111116-1503) (6.1.7601.17725) Размер=100352 Хеш=4A054C853031616D161A84BECF281F47
29.04.12 22:57:57.555 I> [Core] Модуль=C:\Windows\System32\SYSFER.DLL Версия=12.1.1000.157 (12.1.1000.157) Размер=374704 Хеш=2F79E95D888CCA32F4B984C17B5D897E
29.04.12 22:57:57.562 I> [Core] Модуль=C:\Windows\system32\URLMON.DLL Версия=9.00.8112.16421 (WIN7_IE9_RTM.110308-0330) (9.00.8112.16421) Размер=1103360 Хеш=4C162B2A8E175F46DB41B21C77688221
29.04.12 22:57:57.567 I> [Core] Модуль=C:\Windows\system32\USER32.dll Версия=6.1.7601.17514 (win7sp1_rtm.101119-1850) (6.1.7601.17514) Размер=811520 Хеш=F1DD3ACAEE5E6B4BBC69BC6DF75CEF66
29.04.12 22:57:57.572 I> [Core] Модуль=C:\Windows\system32\USP10.dll Версия=1.0626.7601.17514 (win7sp1_rtm.101119-1850) (1.0626.7601.17514) Размер=626176 Хеш=804AAAFEBB3AD5F49334DD906BCB1DE5
29.04.12 22:57:57.574 I> [Core] Модуль=C:\Windows\system32\uxtheme.dll Версия=6.1.7600.16385 (win7_rtm.090713-1255) (6.1.7600.16385) Размер=249856 Хеш=63BFDF555DA2075A77D677829C3CCCD0
29.04.12 22:57:57.574 I> [Core] Модуль=C:\Windows\system32\version.dll Версия=6.1.7600.16385 (win7_rtm.090713-1255) (6.1.7600.16385) Размер=21504 Хеш=702254574E7E52052DE39408457B7149
29.04.12 22:57:57.582 I> [Core] Модуль=C:\Windows\system32\WININET.dll Версия=9.00.8112.16421 (WIN7_IE9_RTM.110308-0330) (9.00.8112.16421) Размер=1127424 Хеш=44465367256D1C72B58F5ABAA19E7016
29.04.12 22:57:57.583 I> [Core] Модуль=C:\Windows\system32\winmm.dll Версия=6.1.7600.16385 (win7_rtm.090713-1255) (6.1.7600.16385) Размер=194048 Хеш=D5AEFAD57C08349A4393D987DF7C715D
29.04.12 22:57:57.584 I> [Core] Модуль=C:\Windows\system32\WINNSI.DLL Версия=6.1.7600.16385 (win7_rtm.090713-1255) (6.1.7600.16385) Размер=16896 Хеш=CFF35B879D1618D42C86644C717BA947
29.04.12 22:57:57.587 I> [Core] Модуль=C:\Windows\system32\winspool.drv Версия=6.1.7600.16385 (win7_rtm.090713-1255) (6.1.7600.16385) Размер=320000 Хеш=9E4B0E7472B4CEBA9E17F440B8CB0AB8
29.04.12 22:57:57.588 I> [Core] Модуль=C:\Windows\system32\wkscli.dll Версия=6.1.7601.17514 (win7sp1_rtm.101119-1850) (6.1.7601.17514) Размер=47104 Хеш=E5A4A1326A02F8E7B59E6C3270CE7202
29.04.12 22:57:57.589 I> [Core] Модуль=C:\Windows\system32\WS2_32.dll Версия=6.1.7600.16385 (win7_rtm.090713-1255) (6.1.7600.16385) Размер=206848 Хеш=7FF15A4F092CD4A96055BA69F903E3E9
29.04.12 22:57:57.590 I> [Core] Модуль=C:\Windows\system32\wsock32.dll Версия=6.1.7600.16385 (win7_rtm.090713-1255) (6.1.7600.16385) Размер=15360 Хеш=DF13A51A5C591887D2EC6AE64CEED0FA
29.04.12 22:57:57.600 I> [Core] Модуль=C:\Windows\WinSxS\x86_microsoft.windows.common-controls_6595b64144ccf1df_6.0.7601.17514_none_41e6975e2bd6f2b2\comctl32.dll Версия=6.10 (win7_rtm.090713-1255) (6.1.7600.16385) Размер=1680896 Хеш=352B3DC62A0D259A82A052238425C872
29.04.12 22:57:57.604 I> [Core] Модуль=U:\bin\cmuibase.bpl Версия=2.0.0.78 (2.0) Размер=493568 Хеш=762A86F7D836B2F81205DB1209298C88
29.04.12 22:57:57.612 I> [Core] Модуль=U:\bin\core.bpl Версия=2.0.0.114 (2.0) Размер=1350656 Хеш=B9651DD5C2B466DD51906107EF9EE90A
29.04.12 22:57:57.614 I> [Core] Модуль=U:\bin\dbrtl100.bpl Версия=11.0.2902.10471 (11.0) Размер=295936 Хеш=DBDB4B33B1001AEC960FD4CF54AA5729
29.04.12 22:57:57.615 I> [Core] Модуль=U:\bin\imimport.bpl Версия=2.0.0.91 (2.0) Размер=68096 Хеш=D09D3EDB0531505BE3927A9477A25CAA
29.04.12 22:57:57.634 I> [Core] Модуль=U:\bin\objects.bpl Версия=2.0.0.60 (2.0) Размер=3245568 Хеш=F46A1DA1595AD78D52895936EBC94D58
29.04.12 22:57:57.639 I> [Core] Модуль=U:\bin\rtl100.bpl Версия=11.0.2902.10471 (11.0) Размер=853504 Хеш=EE4751299FEBFAB77E689C60721EF218
29.04.12 22:57:57.640 I> [Core] Модуль=U:\bin\taxi.exe Версия=2.0.0.65 (2.0) Размер=28160 Хеш=62D483CCB7B0E83E75266B873358917B
29.04.12 22:57:57.651 I> [Core] Модуль=U:\bin\vcl100.bpl Версия=11.0.2902.10471 (11.0) Размер=1874944 Хеш=AA2BAEE9C50AB6FED72DE7C8867DFF49
29.04.12 22:57:57.653 I> [Core] Модуль=U:\bin\vclactnband100.bpl Версия=11.0.2902.10471 (11.0) Размер=306688 Хеш=D50A5F298A1758FE7AB5CD4B58B73618
29.04.12 22:57:57.655 I> [Core] Модуль=U:\bin\vcldb100.bpl Версия=11.0.2902.10471 (11.0) Размер=274432 Хеш=3D7B16B8A4FE5F870F5DB686520A3B0C
29.04.12 22:57:57.659 I> [Core] Модуль=U:\bin\vcliex100.bpl Версия=11.0.2902.10471 (11.0) Размер=592896 Хеш=9233525B9C4A816546257C8BEC09F554
29.04.12 22:57:57.661 I> [Core] Модуль=U:\bin\vclimg100.bpl Версия=11.0.2902.10471 (11.0) Размер=119808 Хеш=F0CEAE65DAF074A42E1A02B185E0759A
29.04.12 22:57:57.662 I> [Core] Модуль=U:\bin\vcljpg100.bpl Версия=11.0.2902.10471 (11.0) Размер=97792 Хеш=341D1B2786F3E5FC4A4360A326656B37
29.04.12 22:57:57.663 I> [Core] Модуль=U:\bin\vclx100.bpl Версия=11.0.2902.10471 (11.0) Размер=198656 Хеш=F8294F14C9D7D9B5004D13A84ABD83C8
29.04.12 22:57:57.663 I> [Core] Окончание снятия дампа модулей.
29.04.12 22:57:57.726 I> [Core] Начало снятия дампа модулей ...
29.04.12 22:57:57.740 I> [Core] Модуль=C:\Windows\system32\advapi32.dll Версия=6.1.7600.16385 (win7_rtm.090713-1255) (6.1.7600.16385) Размер=640512 Хеш=95E2376B3323F062EB562B8586D0F14A
29.04.12 22:57:57.744 I> [Core] Модуль=C:\Windows\system32\comdlg32.dll Версия=6.1.7600.16385 (win7_rtm.090713-1255) (6.1.7600.16385) Размер=485888 Хеш=D1DE1EAFDE97BE41CF6585027FF3E732
29.04.12 22:57:57.745 I> [Core] Модуль=C:\Windows\system32\CRYPTBASE.dll Версия=6.1.7600.16385 (win7_rtm.090713-1255) (6.1.7600.16385) Размер=36864 Хеш=F08F6FCD09F9BE94C37ACC1B344685FF
29.04.12 22:57:57.750 I> [Core] Модуль=C:\Windows\system32\dbghelp.dll Версия=6.1.7601.17514 (win7sp1_rtm.101119-1850) (6.1.7601.17514) Размер=854016 Хеш=53223B673A3FA2F9A4D1C31C8D3F6CD8
29.04.12 22:57:57.751 I> [Core] Модуль=C:\Windows\system32\dwmapi.dll Версия=6.1.7600.16385 (win7_rtm.090713-1255) (6.1.7600.16385) Размер=67072 Хеш=39C5F32747B3414D1BB216FDB1DEFC58
29.04.12 22:57:57.754 I> [Core] Модуль=C:\Windows\system32\GDI32.dll Версия=6.1.7601.17514 (win7sp1_rtm.101119-1850) (6.1.7601.17514) Размер=304640 Хеш=E87F5393F7D8CE2FACC4DFF703531392
29.04.12 22:57:57.765 I> [Core] Модуль=C:\Windows\system32\iertutil.dll Версия=9.00.8112.16443 (WIN7_IE9_GDR.120227-1545) (9.00.8112.16443) Размер=1792000 Хеш=1341915D4705A3BA68BC49E83024ADE0
29.04.12 22:57:57.766 I> [Core] Модуль=C:\Windows\system32\IMAGEHLP.DLL Версия=6.1.7601.17787 (win7sp1_gdr.120229-1502) (6.1.7601.17787) Размер=159232 Хеш=B2DB6ABA2E292235749B80A9C3DFA867
29.04.12 22:57:57.768 I> [Core] Модуль=C:\Windows\system32\IMM32.DLL Версия=6.1.7601.17514 (win7sp1_rtm.101119-1850) (6.1.7601.17514) Размер=118272 Хеш=4A8E2F20809CC161107FAA94F6CF2685
29.04.12 22:57:57.769 I> [Core] Модуль=C:\Windows\system32\iphlpapi.dll Версия=6.1.7600.16385 (win7_rtm.090713-1255) (6.1.7600.16385) Размер=103936 Хеш=A90DC9ABD65DB1A8902F361103029952
29.04.12 22:57:57.774 I> [Core] Модуль=C:\Windows\system32\kernel32.dll Версия=6.1.7600.16385 (win7_rtm.090713-1255) (6.1.7600.16385) Размер=868352 Хеш=E570CBD732848438EAC574EB3442A2A8
29.04.12 22:57:57.777 I> [Core] Модуль=C:\Windows\system32\KERNELBASE.dll Версия=6.1.7600.16385 (win7_rtm.090713-1255) (6.1.7600.16385) Размер=290816 Хеш=A9F8E23C1FC00190376B11FFAD9DE6C6
29.04.12 22:57:57.777 I> [Core] Модуль=C:\Windows\system32\LPK.dll Версия=6.1.7600.16385 (win7_rtm.090713-1255) (6.1.7600.16385) Размер=26624 Хеш=4F154D2C9C6DF951FD6E5AABBAE6B5EE
29.04.12 22:57:57.778 I> [Core] Модуль=C:\Windows\system32\mpr.dll Версия=6.1.7600.16385 (win7_rtm.090713-1255) (6.1.7600.16385) Размер=64000 Хеш=B9A8CBCFCD3EC9D2EA4740AF347BF108
29.04.12 22:57:57.784 I> [Core] Модуль=C:\Windows\system32\MSCTF.dll Версия=6.1.7600.16385 (win7_rtm.090713-1255) (6.1.7600.16385) Размер=828928 Хеш=C9618BC9B2B0FD7C1138D8774795A79B
29.04.12 22:57:57.785 I> [Core] Модуль=C:\Windows\system32\msimg32.dll Версия=6.1.7600.16385 (win7_rtm.090713-1255) (6.1.7600.16385) Размер=4608 Хеш=18AB2E5A40064ED5F7791AC5946A90F3
29.04.12 22:57:57.789 I> [Core] Модуль=C:\Windows\system32\msvcrt.dll Версия=7.0.7601.17744 (win7sp1_gdr.111215-1535) (7.0.7601.17744) Размер=690688 Хеш=9DC80A8AAAAAC397BDAB3C67165A824E
29.04.12 22:57:57.790 I> [Core] Модуль=C:\Windows\system32\netapi32.dll Версия=6.1.7601.17514 (win7sp1_rtm.101119-1850) (6.1.7601.17514) Размер=56832 Хеш=8CE1A6D16B9077E91E192499EB611C5F
29.04.12 22:57:57.791 I> [Core] Модуль=C:\Windows\system32\netutils.dll Версия=6.1.7601.17514 (win7sp1_rtm.101119-1850) (6.1.7601.17514) Размер=22528 Хеш=20B3934DB73EABA2B49B7177873CB81F
29.04.12 22:57:57.791 I> [Core] Модуль=C:\Windows\system32\Normaliz.dll Версия=6.1.7600.16385 (win7_rtm.090713-1255) (6.1.7600.16385) Размер=2048 Хеш=9C278785347BCC991F8EA2999D90F58D
29.04.12 22:57:57.792 I> [Core] Модуль=C:\Windows\system32\NSI.dll Версия=6.1.7600.16385 (win7_rtm.090713-1255) (6.1.7600.16385) Размер=8704 Хеш=6377051C63D5552A311935C67E9FDFDC
29.04.12 22:57:57.800 I> [Core] Модуль=C:\Windows\SYSTEM32\ntdll.dll Версия=6.1.7600.16385 (win7_rtm.090713-1255) (6.1.7600.16385) Размер=1288472 Хеш=C30A91ADE8C9CB91E4281EC83C4500C6
29.04.12 22:57:57.809 I> [Core] Модуль=C:\Windows\system32\ole32.dll Версия=6.1.7600.16385 (win7_rtm.090713-1255) (6.1.7600.16385) Размер=1414144 Хеш=928CF7268086631F54C3D8E17238C6DD
29.04.12 22:57:57.811 I> [Core] Модуль=C:\Windows\system32\oleacc.dll Версия=7.0.0.0 (win7sp1_gdr.110826-1504) (6.1.7601.17676) Размер=233472 Хеш=8E01332CC4B68BC6B5B7EFFE374442AA
29.04.12 22:57:57.815 I> [Core] Модуль=C:\Windows\system32\oleaut32.dll Версия=6.1.7601.17676 (6.1.7601.17676) Размер=571904 Хеш=6C765E82B57F2E66CE9C54AC238471D9
29.04.12 22:57:57.816 I> [Core] Модуль=C:\Windows\system32\oledlg.dll Версия=6.1.7600.16385 (win7_rtm.090713-1255) (6.1.7600.16385) Размер=103424 Хеш=936F728E04ACCF3F38801CFFCF1E3F40
29.04.12 22:57:57.817 I> [Core] Модуль=C:\Windows\system32\olepro32.dll Версия=6.1.7601.17514 (6.1.7601.17514) Размер=90112 Хеш=703FFD301AB900B047337C5D40FD6F96
29.04.12 22:57:57.818 I> [Core] Модуль=C:\Windows\system32\psapi.dll Версия=6.1.7600.16385 (win7_rtm.090713-1255) (6.1.7600.16385) Размер=6144 Хеш=A543AC1F7138376D778D630A35FCBC4C
29.04.12 22:57:57.821 I> [Core] Модуль=C:\Windows\system32\RICHED20.DLL Версия=5.31.23.1230 (3.1) Размер=473600 Хеш=102CF6879887BBE846A00C459E6D4ABC
29.04.12 22:57:57.826 I> [Core] Модуль=C:\Windows\system32\RPCRT4.dll Версия=6.1.7600.16385 (win7_rtm.090713-1255) (6.1.7600.16385) Размер=653312 Хеш=6400774E903729ADD0A62A24A334EE56
29.04.12 22:57:57.827 I> [Core] Модуль=C:\Windows\SYSTEM32\sechost.dll Версия=6.1.7600.16385 (win7_rtm.090713-1255) (6.1.7600.16385) Размер=92160 Хеш=CFC97F07904067A1E5FAE195D534DA3A
29.04.12 22:57:57.905 I> [Core] Модуль=C:\Windows\system32\shell32.dll Версия=6.1.7601.17514 (win7sp1_rtm.101119-1850) (6.1.7601.17514) Размер=12872704 Хеш=358FC25391C6733EAF49DB480AFDFD8C
29.04.12 22:57:57.908 I> [Core] Модуль=C:\Windows\system32\SHLWAPI.dll Версия=6.1.7600.16385 (win7_rtm.090713-1255) (6.1.7600.16385) Размер=350208 Хеш=8CC3C111D653E96F3EA1590891491D71
29.04.12 22:57:57.909 I> [Core] Модуль=C:\Windows\system32\srvcli.dll Версия=6.1.7601.17514 (win7sp1_rtm.101119-1850) (6.1.7601.17514) Размер=90112 Хеш=5CCDCD40E732D54E0F7451AC66AC1C87
29.04.12 22:57:57.910 I> [Core] Модуль=C:\Windows\system32\SspiCli.dll Версия=6.1.7601.17725 (win7sp1_gdr.111116-1503) (6.1.7601.17725) Размер=100352 Хеш=4A054C853031616D161A84BECF281F47
29.04.12 22:57:57.913 I> [Core] Модуль=C:\Windows\System32\SYSFER.DLL Версия=12.1.1000.157 (12.1.1000.157) Размер=374704 Хеш=2F79E95D888CCA32F4B984C17B5D897E
29.04.12 22:57:57.920 I> [Core] Модуль=C:\Windows\system32\URLMON.DLL Версия=9.00.8112.16421 (WIN7_IE9_RTM.110308-0330) (9.00.8112.16421) Размер=1103360 Хеш=4C162B2A8E175F46DB41B21C77688221
29.04.12 22:57:57.925 I> [Core] Модуль=C:\Windows\system32\USER32.dll Версия=6.1.7601.17514 (win7sp1_rtm.101119-1850) (6.1.7601.17514) Размер=811520 Хеш=F1DD3ACAEE5E6B4BBC69BC6DF75CEF66
29.04.12 22:57:57.929 I> [Core] Модуль=C:\Windows\system32\USP10.dll Версия=1.0626.7601.17514 (win7sp1_rtm.101119-1850) (1.0626.7601.17514) Размер=626176 Хеш=804AAAFEBB3AD5F49334DD906BCB1DE5
29.04.12 22:57:57.931 I> [Core] Модуль=C:\Windows\system32\uxtheme.dll Версия=6.1.7600.16385 (win7_rtm.090713-1255) (6.1.7600.16385) Размер=249856 Хеш=63BFDF555DA2075A77D677829C3CCCD0
29.04.12 22:57:57.932 I> [Core] Модуль=C:\Windows\system32\version.dll Версия=6.1.7600.16385 (win7_rtm.090713-1255) (6.1.7600.16385) Размер=21504 Хеш=702254574E7E52052DE39408457B7149
29.04.12 22:57:57.939 I> [Core] Модуль=C:\Windows\system32\WININET.dll Версия=9.00.8112.16421 (WIN7_IE9_RTM.110308-0330) (9.00.8112.16421) Размер=1127424 Хеш=44465367256D1C72B58F5ABAA19E7016
29.04.12 22:57:57.941 I> [Core] Модуль=C:\Windows\system32\winmm.dll Версия=6.1.7600.16385 (win7_rtm.090713-1255) (6.1.7600.16385) Размер=194048 Хеш=D5AEFAD57C08349A4393D987DF7C715D
29.04.12 22:57:57.942 I> [Core] Модуль=C:\Windows\system32\WINNSI.DLL Версия=6.1.7600.16385 (win7_rtm.090713-1255) (6.1.7600.16385) Размер=16896 Хеш=CFF35B879D1618D42C86644C717BA947
29.04.12 22:57:57.944 I> [Core] Модуль=C:\Windows\system32\winspool.drv Версия=6.1.7600.16385 (win7_rtm.090713-1255) (6.1.7600.16385) Размер=320000 Хеш=9E4B0E7472B4CEBA9E17F440B8CB0AB8
29.04.12 22:57:57.945 I> [Core] Модуль=C:\Windows\system32\wkscli.dll Версия=6.1.7601.17514 (win7sp1_rtm.101119-1850) (6.1.7601.17514) Размер=47104 Хеш=E5A4A1326A02F8E7B59E6C3270CE7202
29.04.12 22:57:57.947 I> [Core] Модуль=C:\Windows\system32\WS2_32.dll Версия=6.1.7600.16385 (win7_rtm.090713-1255) (6.1.7600.16385) Размер=206848 Хеш=7FF15A4F092CD4A96055BA69F903E3E9
29.04.12 22:57:57.948 I> [Core] Модуль=C:\Windows\system32\wsock32.dll Версия=6.1.7600.16385 (win7_rtm.090713-1255) (6.1.7600.16385) Размер=15360 Хеш=DF13A51A5C591887D2EC6AE64CEED0FA
29.04.12 22:57:57.959 I> [Core] Модуль=C:\Windows\WinSxS\x86_microsoft.windows.common-controls_6595b64144ccf1df_6.0.7601.17514_none_41e6975e2bd6f2b2\comctl32.dll Версия=6.10 (win7_rtm.090713-1255) (6.1.7600.16385) Размер=1680896 Хеш=352B3DC62A0D259A82A052238425C872
29.04.12 22:57:57.962 I> [Core] Модуль=U:\bin\cmuibase.bpl Версия=2.0.0.78 (2.0) Размер=493568 Хеш=762A86F7D836B2F81205DB1209298C88
29.04.12 22:57:57.972 I> [Core] Модуль=U:\bin\core.bpl Версия=2.0.0.114 (2.0) Размер=1350656 Хеш=B9651DD5C2B466DD51906107EF9EE90A
29.04.12 22:57:57.976 I> [Core] Модуль=U:\bin\dbrtl100.bpl Версия=11.0.2902.10471 (11.0) Размер=295936 Хеш=DBDB4B33B1001AEC960FD4CF54AA5729
29.04.12 22:57:57.977 I> [Core] Модуль=U:\bin\imimport.bpl Версия=2.0.0.91 (2.0) Размер=68096 Хеш=D09D3EDB0531505BE3927A9477A25CAA
29.04.12 22:57:57.998 I> [Core] Модуль=U:\bin\objects.bpl Версия=2.0.0.60 (2.0) Размер=3245568 Хеш=F46A1DA1595AD78D52895936EBC94D58
29.04.12 22:57:58.005 I> [Core] Модуль=U:\bin\rtl100.bpl Версия=11.0.2902.10471 (11.0) Размер=853504 Хеш=EE4751299FEBFAB77E689C60721EF218
29.04.12 22:57:58.006 I> [Core] Модуль=U:\bin\taxi.exe Версия=2.0.0.65 (2.0) Размер=28160 Хеш=62D483CCB7B0E83E75266B873358917B
29.04.12 22:57:58.021 I> [Core] Модуль=U:\bin\vcl100.bpl Версия=11.0.2902.10471 (11.0) Размер=1874944 Хеш=AA2BAEE9C50AB6FED72DE7C8867DFF49
29.04.12 22:57:58.023 I> [Core] Модуль=U:\bin\vclactnband100.bpl Версия=11.0.2902.10471 (11.0) Размер=306688 Хеш=D50A5F298A1758FE7AB5CD4B58B73618
29.04.12 22:57:58.025 I> [Core] Модуль=U:\bin\vcldb100.bpl Версия=11.0.2902.10471 (11.0) Размер=274432 Хеш=3D7B16B8A4FE5F870F5DB686520A3B0C
29.04.12 22:57:58.029 I> [Core] Модуль=U:\bin\vcliex100.bpl Версия=11.0.2902.10471 (11.0) Размер=592896 Хеш=9233525B9C4A816546257C8BEC09F554
29.04.12 22:57:58.030 I> [Core] Модуль=U:\bin\vclimg100.bpl Версия=11.0.2902.10471 (11.0) Размер=119808 Хеш=F0CEAE65DAF074A42E1A02B185E0759A
29.04.12 22:57:58.031 I> [Core] Модуль=U:\bin\vcljpg100.bpl Версия=11.0.2902.10471 (11.0) Размер=97792 Хеш=341D1B2786F3E5FC4A4360A326656B37
29.04.12 22:57:58.032 I> [Core] Модуль=U:\bin\vclx100.bpl Версия=11.0.2902.10471 (11.0) Размер=198656 Хеш=F8294F14C9D7D9B5004D13A84ABD83C8
29.04.12 22:57:58.032 I> [Core] Окончание снятия дампа модулей.
29.04.12 22:58:10.742 I> [LocalBase] Сохранение в файл U:\bin\imimport.bis прошло успешно
29.04.12 22:58:18.250 I> [LocalBase] Сохранение в файл U:\bin\imimport.bis прошло успешно
29.04.12 22:58:19.994 I> [ImportIfaceModule] Выгрузка модуля imimport.bpl прошла успешно.
29.04.12 22:58:19.997 I> [IBase2ConnectionModule] Выгрузка модуля cmuibase.bpl прошла успешно.
29.04.12 22:58:19.997 I> *************************
