03.04.12 00:10:44.970 I> --------------------------------------------------
03.04.12 00:10:44.970 I> [Core] Папка=U:\bin
03.04.12 00:10:44.971 I> [Core] Командная строка=U:\bin\taxi.exe /config smtask.in /noupdate
03.04.12 00:10:44.971 I> [Core] Режим=smStandalone
03.04.12 00:10:44.971 I> [Core] Действие=saDefault
03.04.12 00:10:44.971 I> [Core] Файл логирования=U:\bin\logs\imloto.log
03.04.12 00:10:44.971 I> [Core] Конфигурационный файл=U:\bin\config.ini
03.04.12 00:10:44.971 I> [Core] Текст конфигурационного файла=[Logger]
FileName=logs\imloto.log
Mode=1
Enabled=1
Encoded=0
Cut=0

[Localbase]
FileName=imloto.bis
Enabled=1

[LotoTicketManageForm]
Port=COM3
BaudRate=6
DataBits=4
Parity=0
StopBits=0


03.04.12 00:10:45.357 I> [LocalBase] Загрузка из файла U:\bin\imloto.bis прошла успешно
03.04.12 00:10:45.396 E> [ExceptNotifier] Exception=EReadError: Invalid property value
03.04.12 00:10:45.417 E> [ExceptNotifier] Exception=EReadError: Invalid property value
03.04.12 00:10:45.425 I> [Core] Начало снятия дампа модулей ...
03.04.12 00:10:45.467 I> [Core] Модуль=C:\Windows\system32\advapi32.dll Версия=6.1.7600.16385 (win7_rtm.090713-1255) (6.1.7600.16385) Размер=640512 Хеш=95E2376B3323F062EB562B8586D0F14A
03.04.12 00:10:45.474 I> [Core] Модуль=C:\Windows\system32\comdlg32.dll Версия=6.1.7600.16385 (win7_rtm.090713-1255) (6.1.7600.16385) Размер=485888 Хеш=D1DE1EAFDE97BE41CF6585027FF3E732
03.04.12 00:10:45.478 I> [Core] Модуль=C:\Windows\system32\CRYPTBASE.dll Версия=6.1.7600.16385 (win7_rtm.090713-1255) (6.1.7600.16385) Размер=36864 Хеш=F08F6FCD09F9BE94C37ACC1B344685FF
03.04.12 00:10:45.486 I> [Core] Модуль=C:\Windows\system32\dbghelp.dll Версия=6.1.7601.17514 (win7sp1_rtm.101119-1850) (6.1.7601.17514) Размер=854016 Хеш=53223B673A3FA2F9A4D1C31C8D3F6CD8
03.04.12 00:10:45.490 I> [Core] Модуль=C:\Windows\system32\dwmapi.dll Версия=6.1.7600.16385 (win7_rtm.090713-1255) (6.1.7600.16385) Размер=67072 Хеш=39C5F32747B3414D1BB216FDB1DEFC58
03.04.12 00:10:45.495 I> [Core] Модуль=C:\Windows\system32\GDI32.dll Версия=6.1.7601.17514 (win7sp1_rtm.101119-1850) (6.1.7601.17514) Размер=304640 Хеш=E87F5393F7D8CE2FACC4DFF703531392
03.04.12 00:10:45.511 I> [Core] Модуль=C:\Windows\system32\iertutil.dll Версия=9.00.8112.16441 (WIN7_IE9_GDR.111213-1715) (9.00.8112.16441) Размер=1792000 Хеш=CDF5B6AEC538E02D5579E2E791042A1A
03.04.12 00:10:45.515 I> [Core] Модуль=C:\Windows\system32\IMAGEHLP.DLL Версия=6.1.7601.17514 (win7sp1_rtm.101119-1850) (6.1.7601.17514) Размер=155136 Хеш=B2FD31E20B423335FE3273B4BF95813C
03.04.12 00:10:45.519 I> [Core] Модуль=C:\Windows\system32\IMM32.DLL Версия=6.1.7601.17514 (win7sp1_rtm.101119-1850) (6.1.7601.17514) Размер=118272 Хеш=4A8E2F20809CC161107FAA94F6CF2685
03.04.12 00:10:45.523 I> [Core] Модуль=C:\Windows\system32\iphlpapi.dll Версия=6.1.7600.16385 (win7_rtm.090713-1255) (6.1.7600.16385) Размер=103936 Хеш=A90DC9ABD65DB1A8902F361103029952
03.04.12 00:10:45.531 I> [Core] Модуль=C:\Windows\system32\kernel32.dll Версия=6.1.7600.16385 (win7_rtm.090713-1255) (6.1.7600.16385) Размер=868352 Хеш=E570CBD732848438EAC574EB3442A2A8
03.04.12 00:10:45.537 I> [Core] Модуль=C:\Windows\system32\KERNELBASE.dll Версия=6.1.7600.16385 (win7_rtm.090713-1255) (6.1.7600.16385) Размер=290816 Хеш=A9F8E23C1FC00190376B11FFAD9DE6C6
03.04.12 00:10:45.541 I> [Core] Модуль=C:\Windows\system32\LPK.dll Версия=6.1.7600.16385 (win7_rtm.090713-1255) (6.1.7600.16385) Размер=26624 Хеш=4F154D2C9C6DF951FD6E5AABBAE6B5EE
03.04.12 00:10:45.545 I> [Core] Модуль=C:\Windows\system32\mpr.dll Версия=6.1.7600.16385 (win7_rtm.090713-1255) (6.1.7600.16385) Размер=64000 Хеш=B9A8CBCFCD3EC9D2EA4740AF347BF108
03.04.12 00:10:45.554 I> [Core] Модуль=C:\Windows\system32\MSCTF.dll Версия=6.1.7600.16385 (win7_rtm.090713-1255) (6.1.7600.16385) Размер=828928 Хеш=C9618BC9B2B0FD7C1138D8774795A79B
03.04.12 00:10:45.558 I> [Core] Модуль=C:\Windows\system32\msimg32.dll Версия=6.1.7600.16385 (win7_rtm.090713-1255) (6.1.7600.16385) Размер=4608 Хеш=18AB2E5A40064ED5F7791AC5946A90F3
03.04.12 00:10:45.568 I> [Core] Модуль=C:\Windows\system32\msvcrt.dll Версия=7.0.7601.17744 (win7sp1_gdr.111215-1535) (7.0.7601.17744) Размер=690688 Хеш=9DC80A8AAAAAC397BDAB3C67165A824E
03.04.12 00:10:45.571 I> [Core] Модуль=C:\Windows\system32\netapi32.dll Версия=6.1.7601.17514 (win7sp1_rtm.101119-1850) (6.1.7601.17514) Размер=56832 Хеш=8CE1A6D16B9077E91E192499EB611C5F
03.04.12 00:10:45.573 I> [Core] Модуль=C:\Windows\system32\netutils.dll Версия=6.1.7601.17514 (win7sp1_rtm.101119-1850) (6.1.7601.17514) Размер=22528 Хеш=20B3934DB73EABA2B49B7177873CB81F
03.04.12 00:10:45.573 I> [Core] Модуль=C:\Windows\system32\Normaliz.dll Версия=6.1.7600.16385 (win7_rtm.090713-1255) (6.1.7600.16385) Размер=2048 Хеш=9C278785347BCC991F8EA2999D90F58D
03.04.12 00:10:45.574 I> [Core] Модуль=C:\Windows\system32\NSI.dll Версия=6.1.7600.16385 (win7_rtm.090713-1255) (6.1.7600.16385) Размер=8704 Хеш=6377051C63D5552A311935C67E9FDFDC
03.04.12 00:10:45.583 I> [Core] Модуль=C:\Windows\SYSTEM32\ntdll.dll Версия=6.1.7600.16385 (win7_rtm.090713-1255) (6.1.7600.16385) Размер=1288472 Хеш=C30A91ADE8C9CB91E4281EC83C4500C6
03.04.12 00:10:45.593 I> [Core] Модуль=C:\Windows\system32\ole32.dll Версия=6.1.7600.16385 (win7_rtm.090713-1255) (6.1.7600.16385) Размер=1414144 Хеш=928CF7268086631F54C3D8E17238C6DD
03.04.12 00:10:45.596 I> [Core] Модуль=C:\Windows\system32\oleacc.dll Версия=7.0.0.0 (win7sp1_gdr.110826-1504) (6.1.7601.17676) Размер=233472 Хеш=8E01332CC4B68BC6B5B7EFFE374442AA
03.04.12 00:10:45.601 I> [Core] Модуль=C:\Windows\system32\oleaut32.dll Версия=6.1.7601.17676 (6.1.7601.17676) Размер=571904 Хеш=6C765E82B57F2E66CE9C54AC238471D9
03.04.12 00:10:45.603 I> [Core] Модуль=C:\Windows\system32\oledlg.dll Версия=6.1.7600.16385 (win7_rtm.090713-1255) (6.1.7600.16385) Размер=103424 Хеш=936F728E04ACCF3F38801CFFCF1E3F40
03.04.12 00:10:45.606 I> [Core] Модуль=C:\Windows\system32\olepro32.dll Версия=6.1.7601.17514 (6.1.7601.17514) Размер=90112 Хеш=703FFD301AB900B047337C5D40FD6F96
03.04.12 00:10:45.607 I> [Core] Модуль=C:\Windows\system32\psapi.dll Версия=6.1.7600.16385 (win7_rtm.090713-1255) (6.1.7600.16385) Размер=6144 Хеш=A543AC1F7138376D778D630A35FCBC4C
03.04.12 00:10:45.610 I> [Core] Модуль=C:\Windows\system32\RICHED20.DLL Версия=5.31.23.1230 (3.1) Размер=473600 Хеш=102CF6879887BBE846A00C459E6D4ABC
03.04.12 00:10:45.615 I> [Core] Модуль=C:\Windows\system32\RPCRT4.dll Версия=6.1.7600.16385 (win7_rtm.090713-1255) (6.1.7600.16385) Размер=653312 Хеш=6400774E903729ADD0A62A24A334EE56
03.04.12 00:10:45.616 I> [Core] Модуль=C:\Windows\SYSTEM32\sechost.dll Версия=6.1.7600.16385 (win7_rtm.090713-1255) (6.1.7600.16385) Размер=92160 Хеш=CFC97F07904067A1E5FAE195D534DA3A
03.04.12 00:10:45.698 I> [Core] Модуль=C:\Windows\system32\shell32.dll Версия=6.1.7601.17514 (win7sp1_rtm.101119-1850) (6.1.7601.17514) Размер=12872704 Хеш=358FC25391C6733EAF49DB480AFDFD8C
03.04.12 00:10:45.702 I> [Core] Модуль=C:\Windows\system32\SHLWAPI.dll Версия=6.1.7600.16385 (win7_rtm.090713-1255) (6.1.7600.16385) Размер=350208 Хеш=8CC3C111D653E96F3EA1590891491D71
03.04.12 00:10:45.704 I> [Core] Модуль=C:\Windows\system32\srvcli.dll Версия=6.1.7601.17514 (win7sp1_rtm.101119-1850) (6.1.7601.17514) Размер=90112 Хеш=5CCDCD40E732D54E0F7451AC66AC1C87
03.04.12 00:10:45.706 I> [Core] Модуль=C:\Windows\system32\SspiCli.dll Версия=6.1.7601.17725 (win7sp1_gdr.111116-1503) (6.1.7601.17725) Размер=100352 Хеш=4A054C853031616D161A84BECF281F47
03.04.12 00:10:45.709 I> [Core] Модуль=C:\Windows\System32\SYSFER.DLL Версия=12.1.1000.157 (12.1.1000.157) Размер=374704 Хеш=2F79E95D888CCA32F4B984C17B5D897E
03.04.12 00:10:45.717 I> [Core] Модуль=C:\Windows\system32\URLMON.DLL Версия=9.00.8112.16421 (WIN7_IE9_RTM.110308-0330) (9.00.8112.16421) Размер=1103360 Хеш=79F14B5DF9E17E12193337ED4EE1C491
03.04.12 00:10:45.723 I> [Core] Модуль=C:\Windows\system32\USER32.dll Версия=6.1.7601.17514 (win7sp1_rtm.101119-1850) (6.1.7601.17514) Размер=811520 Хеш=F1DD3ACAEE5E6B4BBC69BC6DF75CEF66
03.04.12 00:10:45.728 I> [Core] Модуль=C:\Windows\system32\USP10.dll Версия=1.0626.7601.17514 (win7sp1_rtm.101119-1850) (1.0626.7601.17514) Размер=626176 Хеш=804AAAFEBB3AD5F49334DD906BCB1DE5
03.04.12 00:10:45.730 I> [Core] Модуль=C:\Windows\system32\uxtheme.dll Версия=6.1.7600.16385 (win7_rtm.090713-1255) (6.1.7600.16385) Размер=249856 Хеш=63BFDF555DA2075A77D677829C3CCCD0
03.04.12 00:10:45.731 I> [Core] Модуль=C:\Windows\system32\version.dll Версия=6.1.7600.16385 (win7_rtm.090713-1255) (6.1.7600.16385) Размер=21504 Хеш=702254574E7E52052DE39408457B7149
03.04.12 00:10:45.739 I> [Core] Модуль=C:\Windows\system32\WININET.dll Версия=9.00.8112.16421 (WIN7_IE9_RTM.110308-0330) (9.00.8112.16421) Размер=1127424 Хеш=1D94FA7C81D2FFE494AF094619BA706F
03.04.12 00:10:45.741 I> [Core] Модуль=C:\Windows\system32\winmm.dll Версия=6.1.7600.16385 (win7_rtm.090713-1255) (6.1.7600.16385) Размер=194048 Хеш=D5AEFAD57C08349A4393D987DF7C715D
03.04.12 00:10:45.742 I> [Core] Модуль=C:\Windows\system32\WINNSI.DLL Версия=6.1.7600.16385 (win7_rtm.090713-1255) (6.1.7600.16385) Размер=16896 Хеш=CFF35B879D1618D42C86644C717BA947
03.04.12 00:10:45.745 I> [Core] Модуль=C:\Windows\system32\winspool.drv Версия=6.1.7600.16385 (win7_rtm.090713-1255) (6.1.7600.16385) Размер=320000 Хеш=9E4B0E7472B4CEBA9E17F440B8CB0AB8
03.04.12 00:10:45.747 I> [Core] Модуль=C:\Windows\system32\wkscli.dll Версия=6.1.7601.17514 (win7sp1_rtm.101119-1850) (6.1.7601.17514) Размер=47104 Хеш=E5A4A1326A02F8E7B59E6C3270CE7202
03.04.12 00:10:45.749 I> [Core] Модуль=C:\Windows\system32\WS2_32.dll Версия=6.1.7600.16385 (win7_rtm.090713-1255) (6.1.7600.16385) Размер=206848 Хеш=7FF15A4F092CD4A96055BA69F903E3E9
03.04.12 00:10:45.750 I> [Core] Модуль=C:\Windows\system32\wsock32.dll Версия=6.1.7600.16385 (win7_rtm.090713-1255) (6.1.7600.16385) Размер=15360 Хеш=DF13A51A5C591887D2EC6AE64CEED0FA
03.04.12 00:10:45.762 I> [Core] Модуль=C:\Windows\WinSxS\x86_microsoft.windows.common-controls_6595b64144ccf1df_6.0.7601.17514_none_41e6975e2bd6f2b2\comctl32.dll Версия=6.10 (win7_rtm.090713-1255) (6.1.7600.16385) Размер=1680896 Хеш=352B3DC62A0D259A82A052238425C872
03.04.12 00:10:45.770 I> [Core] Модуль=U:\bin\core.bpl Версия=1.1.0.936 (1.1) Размер=1322496 Хеш=7AAA25AC5B635504F7E41AD85EC48C53
03.04.12 00:10:45.772 I> [Core] Модуль=U:\bin\dbrtl100.bpl Версия=11.0.2902.10471 (11.0) Размер=295936 Хеш=DBDB4B33B1001AEC960FD4CF54AA5729
03.04.12 00:10:45.792 I> [Core] Модуль=U:\bin\objects.bpl Версия=1.1.0.241 (1.1) Размер=3245568 Хеш=78AB83B41685D258D63A7644CC269ACF
03.04.12 00:10:45.798 I> [Core] Модуль=U:\bin\rtl100.bpl Версия=11.0.2902.10471 (11.0) Размер=853504 Хеш=EE4751299FEBFAB77E689C60721EF218
03.04.12 00:10:45.798 I> [Core] Модуль=U:\bin\taxi.exe Версия=1.1.0.241 (1.1) Размер=28160 Хеш=AE6CD613541FBEA90AD647126ACED075
03.04.12 00:10:45.810 I> [Core] Модуль=U:\bin\vcl100.bpl Версия=11.0.2902.10471 (11.0) Размер=1874944 Хеш=AA2BAEE9C50AB6FED72DE7C8867DFF49
03.04.12 00:10:45.812 I> [Core] Модуль=U:\bin\vclactnband100.bpl Версия=11.0.2902.10471 (11.0) Размер=306688 Хеш=D50A5F298A1758FE7AB5CD4B58B73618
03.04.12 00:10:45.815 I> [Core] Модуль=U:\bin\vcldb100.bpl Версия=11.0.2902.10471 (11.0) Размер=274432 Хеш=3D7B16B8A4FE5F870F5DB686520A3B0C
03.04.12 00:10:45.819 I> [Core] Модуль=U:\bin\vcliex100.bpl Версия=11.0.2902.10471 (11.0) Размер=592896 Хеш=9233525B9C4A816546257C8BEC09F554
03.04.12 00:10:45.820 I> [Core] Модуль=U:\bin\vclimg100.bpl Версия=11.0.2902.10471 (11.0) Размер=119808 Хеш=F0CEAE65DAF074A42E1A02B185E0759A
03.04.12 00:10:45.821 I> [Core] Модуль=U:\bin\vcljpg100.bpl Версия=11.0.2902.10471 (11.0) Размер=97792 Хеш=341D1B2786F3E5FC4A4360A326656B37
03.04.12 00:10:45.823 I> [Core] Модуль=U:\bin\vclx100.bpl Версия=11.0.2902.10471 (11.0) Размер=198656 Хеш=F8294F14C9D7D9B5004D13A84ABD83C8
03.04.12 00:10:45.823 I> [Core] Окончание снятия дампа модулей.
03.04.12 00:10:48.007 I> [FastReportModule] Загрузка модуля rpmfast.bpl началась ...
03.04.12 00:10:48.504 I> [FastReportModule] Загрузка модуля rpmfast.bpl прошла успешно.
03.04.12 00:10:48.504 I> [FastReportModule] Инициализация модуля rpmfast.bpl прошла успешно.
03.04.12 00:10:48.516 I> [IBaseConnectionModule] Загрузка модуля cmxibase.bpl началась ...
03.04.12 00:11:15.819 E> [ExceptNotifier] Exception=EPackageError: Can't load package cmxibase.bpl.
The specified procedure could not be found
03.04.12 00:11:15.874 E> [IBaseConnectionModule] Загрузка модуля cmxibase.bpl прошла с ошибкой: Can't load package cmxibase.bpl.
The specified procedure could not be found
03.04.12 00:11:15.901 I> [DesignIfaceModule] Загрузка модуля imdesign.bpl началась ...
03.04.12 00:11:16.129 I> [DesignIfaceModule] Загрузка модуля imdesign.bpl прошла успешно.
03.04.12 00:11:16.129 I> [DesignIfaceModule] Инициализация модуля imdesign.bpl прошла успешно.
03.04.12 00:11:16.129 I> [Core] Начало снятия дампа модулей ...
03.04.12 00:11:16.161 I> [Core] Модуль=C:\Windows\system32\advapi32.dll Версия=6.1.7600.16385 (win7_rtm.090713-1255) (6.1.7600.16385) Размер=640512 Хеш=95E2376B3323F062EB562B8586D0F14A
03.04.12 00:11:16.168 I> [Core] Модуль=C:\Windows\system32\CLBCatQ.DLL Версия=2001.12.8530.16385 (win7_rtm.090713-1255) (6.1.7600.16385) Размер=522240 Хеш=FF5688D309347F2720911D8796912834
03.04.12 00:11:16.173 I> [Core] Модуль=C:\Windows\system32\comdlg32.dll Версия=6.1.7600.16385 (win7_rtm.090713-1255) (6.1.7600.16385) Размер=485888 Хеш=D1DE1EAFDE97BE41CF6585027FF3E732
03.04.12 00:11:16.177 I> [Core] Модуль=C:\Windows\system32\CRYPTBASE.dll Версия=6.1.7600.16385 (win7_rtm.090713-1255) (6.1.7600.16385) Размер=36864 Хеш=F08F6FCD09F9BE94C37ACC1B344685FF
03.04.12 00:11:16.187 I> [Core] Модуль=C:\Windows\system32\dbghelp.dll Версия=6.1.7601.17514 (win7sp1_rtm.101119-1850) (6.1.7601.17514) Размер=854016 Хеш=53223B673A3FA2F9A4D1C31C8D3F6CD8
03.04.12 00:11:16.190 I> [Core] Модуль=C:\Windows\system32\dwmapi.dll Версия=6.1.7600.16385 (win7_rtm.090713-1255) (6.1.7600.16385) Размер=67072 Хеш=39C5F32747B3414D1BB216FDB1DEFC58
03.04.12 00:11:16.195 I> [Core] Модуль=C:\Windows\system32\GDI32.dll Версия=6.1.7601.17514 (win7sp1_rtm.101119-1850) (6.1.7601.17514) Размер=304640 Хеш=E87F5393F7D8CE2FACC4DFF703531392
03.04.12 00:11:16.245 I> [Core] Модуль=C:\Windows\system32\HHCtrl.OCX Версия=6.1.7600.16385 (win7_rtm.090713-1255) (6.1.7600.16385) Размер=523776 Хеш=BB50B21FEE2A6F3E5FC92B330ECCF050
03.04.12 00:11:16.259 I> [Core] Модуль=C:\Windows\system32\iertutil.dll Версия=9.00.8112.16441 (WIN7_IE9_GDR.111213-1715) (9.00.8112.16441) Размер=1792000 Хеш=CDF5B6AEC538E02D5579E2E791042A1A
03.04.12 00:11:16.263 I> [Core] Модуль=C:\Windows\system32\IMAGEHLP.DLL Версия=6.1.7601.17514 (win7sp1_rtm.101119-1850) (6.1.7601.17514) Размер=155136 Хеш=B2FD31E20B423335FE3273B4BF95813C
03.04.12 00:11:16.267 I> [Core] Модуль=C:\Windows\system32\IMM32.DLL Версия=6.1.7601.17514 (win7sp1_rtm.101119-1850) (6.1.7601.17514) Размер=118272 Хеш=4A8E2F20809CC161107FAA94F6CF2685
03.04.12 00:11:16.271 I> [Core] Модуль=C:\Windows\system32\iphlpapi.dll Версия=6.1.7600.16385 (win7_rtm.090713-1255) (6.1.7600.16385) Размер=103936 Хеш=A90DC9ABD65DB1A8902F361103029952
03.04.12 00:11:16.279 I> [Core] Модуль=C:\Windows\system32\kernel32.dll Версия=6.1.7600.16385 (win7_rtm.090713-1255) (6.1.7600.16385) Размер=868352 Хеш=E570CBD732848438EAC574EB3442A2A8
03.04.12 00:11:16.284 I> [Core] Модуль=C:\Windows\system32\KERNELBASE.dll Версия=6.1.7600.16385 (win7_rtm.090713-1255) (6.1.7600.16385) Размер=290816 Хеш=A9F8E23C1FC00190376B11FFAD9DE6C6
03.04.12 00:11:16.288 I> [Core] Модуль=C:\Windows\system32\LPK.dll Версия=6.1.7600.16385 (win7_rtm.090713-1255) (6.1.7600.16385) Размер=26624 Хеш=4F154D2C9C6DF951FD6E5AABBAE6B5EE
03.04.12 00:11:16.291 I> [Core] Модуль=C:\Windows\system32\mpr.dll Версия=6.1.7600.16385 (win7_rtm.090713-1255) (6.1.7600.16385) Размер=64000 Хеш=B9A8CBCFCD3EC9D2EA4740AF347BF108
03.04.12 00:11:16.299 I> [Core] Модуль=C:\Windows\system32\MSCTF.dll Версия=6.1.7600.16385 (win7_rtm.090713-1255) (6.1.7600.16385) Размер=828928 Хеш=C9618BC9B2B0FD7C1138D8774795A79B
03.04.12 00:11:16.303 I> [Core] Модуль=C:\Windows\system32\msimg32.dll Версия=6.1.7600.16385 (win7_rtm.090713-1255) (6.1.7600.16385) Размер=4608 Хеш=18AB2E5A40064ED5F7791AC5946A90F3
03.04.12 00:11:16.310 I> [Core] Модуль=C:\Windows\system32\msvcrt.dll Версия=7.0.7601.17744 (win7sp1_gdr.111215-1535) (7.0.7601.17744) Размер=690688 Хеш=9DC80A8AAAAAC397BDAB3C67165A824E
03.04.12 00:11:16.313 I> [Core] Модуль=C:\Windows\system32\netapi32.dll Версия=6.1.7601.17514 (win7sp1_rtm.101119-1850) (6.1.7601.17514) Размер=56832 Хеш=8CE1A6D16B9077E91E192499EB611C5F
03.04.12 00:11:16.316 I> [Core] Модуль=C:\Windows\system32\netutils.dll Версия=6.1.7601.17514 (win7sp1_rtm.101119-1850) (6.1.7601.17514) Размер=22528 Хеш=20B3934DB73EABA2B49B7177873CB81F
03.04.12 00:11:16.320 I> [Core] Модуль=C:\Windows\system32\Normaliz.dll Версия=6.1.7600.16385 (win7_rtm.090713-1255) (6.1.7600.16385) Размер=2048 Хеш=9C278785347BCC991F8EA2999D90F58D
03.04.12 00:11:16.323 I> [Core] Модуль=C:\Windows\system32\NSI.dll Версия=6.1.7600.16385 (win7_rtm.090713-1255) (6.1.7600.16385) Размер=8704 Хеш=6377051C63D5552A311935C67E9FDFDC
03.04.12 00:11:16.333 I> [Core] Модуль=C:\Windows\SYSTEM32\ntdll.dll Версия=6.1.7600.16385 (win7_rtm.090713-1255) (6.1.7600.16385) Размер=1288472 Хеш=C30A91ADE8C9CB91E4281EC83C4500C6
03.04.12 00:11:16.345 I> [Core] Модуль=C:\Windows\system32\ole32.dll Версия=6.1.7600.16385 (win7_rtm.090713-1255) (6.1.7600.16385) Размер=1414144 Хеш=928CF7268086631F54C3D8E17238C6DD
03.04.12 00:11:16.350 I> [Core] Модуль=C:\Windows\system32\oleacc.dll Версия=7.0.0.0 (win7sp1_gdr.110826-1504) (6.1.7601.17676) Размер=233472 Хеш=8E01332CC4B68BC6B5B7EFFE374442AA
03.04.12 00:11:16.357 I> [Core] Модуль=C:\Windows\system32\oleaut32.dll Версия=6.1.7601.17676 (6.1.7601.17676) Размер=571904 Хеш=6C765E82B57F2E66CE9C54AC238471D9
03.04.12 00:11:16.361 I> [Core] Модуль=C:\Windows\system32\oledlg.dll Версия=6.1.7600.16385 (win7_rtm.090713-1255) (6.1.7600.16385) Размер=103424 Хеш=936F728E04ACCF3F38801CFFCF1E3F40
03.04.12 00:11:16.365 I> [Core] Модуль=C:\Windows\system32\olepro32.dll Версия=6.1.7601.17514 (6.1.7601.17514) Размер=90112 Хеш=703FFD301AB900B047337C5D40FD6F96
03.04.12 00:11:16.369 I> [Core] Модуль=C:\Windows\system32\psapi.dll Версия=6.1.7600.16385 (win7_rtm.090713-1255) (6.1.7600.16385) Размер=6144 Хеш=A543AC1F7138376D778D630A35FCBC4C
03.04.12 00:11:16.375 I> [Core] Модуль=C:\Windows\system32\RICHED20.DLL Версия=5.31.23.1230 (3.1) Размер=473600 Хеш=102CF6879887BBE846A00C459E6D4ABC
03.04.12 00:11:16.382 I> [Core] Модуль=C:\Windows\system32\RPCRT4.dll Версия=6.1.7600.16385 (win7_rtm.090713-1255) (6.1.7600.16385) Размер=653312 Хеш=6400774E903729ADD0A62A24A334EE56
03.04.12 00:11:16.385 I> [Core] Модуль=C:\Windows\SYSTEM32\sechost.dll Версия=6.1.7600.16385 (win7_rtm.090713-1255) (6.1.7600.16385) Размер=92160 Хеш=CFC97F07904067A1E5FAE195D534DA3A
03.04.12 00:11:16.465 I> [Core] Модуль=C:\Windows\system32\shell32.dll Версия=6.1.7601.17514 (win7sp1_rtm.101119-1850) (6.1.7601.17514) Размер=12872704 Хеш=358FC25391C6733EAF49DB480AFDFD8C
03.04.12 00:11:16.470 I> [Core] Модуль=C:\Windows\system32\SHLWAPI.dll Версия=6.1.7600.16385 (win7_rtm.090713-1255) (6.1.7600.16385) Размер=350208 Хеш=8CC3C111D653E96F3EA1590891491D71
03.04.12 00:11:16.474 I> [Core] Модуль=C:\Windows\system32\srvcli.dll Версия=6.1.7601.17514 (win7sp1_rtm.101119-1850) (6.1.7601.17514) Размер=90112 Хеш=5CCDCD40E732D54E0F7451AC66AC1C87
03.04.12 00:11:16.477 I> [Core] Модуль=C:\Windows\system32\SspiCli.dll Версия=6.1.7601.17725 (win7sp1_gdr.111116-1503) (6.1.7601.17725) Размер=100352 Хеш=4A054C853031616D161A84BECF281F47
03.04.12 00:11:16.482 I> [Core] Модуль=C:\Windows\System32\SYSFER.DLL Версия=12.1.1000.157 (12.1.1000.157) Размер=374704 Хеш=2F79E95D888CCA32F4B984C17B5D897E
03.04.12 00:11:16.492 I> [Core] Модуль=C:\Windows\system32\URLMON.DLL Версия=9.00.8112.16421 (WIN7_IE9_RTM.110308-0330) (9.00.8112.16421) Размер=1103360 Хеш=79F14B5DF9E17E12193337ED4EE1C491
03.04.12 00:11:16.500 I> [Core] Модуль=C:\Windows\system32\USER32.dll Версия=6.1.7601.17514 (win7sp1_rtm.101119-1850) (6.1.7601.17514) Размер=811520 Хеш=F1DD3ACAEE5E6B4BBC69BC6DF75CEF66
03.04.12 00:11:16.507 I> [Core] Модуль=C:\Windows\system32\USP10.dll Версия=1.0626.7601.17514 (win7sp1_rtm.101119-1850) (1.0626.7601.17514) Размер=626176 Хеш=804AAAFEBB3AD5F49334DD906BCB1DE5
03.04.12 00:11:16.512 I> [Core] Модуль=C:\Windows\system32\uxtheme.dll Версия=6.1.7600.16385 (win7_rtm.090713-1255) (6.1.7600.16385) Размер=249856 Хеш=63BFDF555DA2075A77D677829C3CCCD0
03.04.12 00:11:16.515 I> [Core] Модуль=C:\Windows\system32\version.dll Версия=6.1.7600.16385 (win7_rtm.090713-1255) (6.1.7600.16385) Размер=21504 Хеш=702254574E7E52052DE39408457B7149
03.04.12 00:11:16.525 I> [Core] Модуль=C:\Windows\system32\WININET.dll Версия=9.00.8112.16421 (WIN7_IE9_RTM.110308-0330) (9.00.8112.16421) Размер=1127424 Хеш=1D94FA7C81D2FFE494AF094619BA706F
03.04.12 00:11:16.530 I> [Core] Модуль=C:\Windows\system32\winmm.dll Версия=6.1.7600.16385 (win7_rtm.090713-1255) (6.1.7600.16385) Размер=194048 Хеш=D5AEFAD57C08349A4393D987DF7C715D
03.04.12 00:11:16.533 I> [Core] Модуль=C:\Windows\system32\WINNSI.DLL Версия=6.1.7600.16385 (win7_rtm.090713-1255) (6.1.7600.16385) Размер=16896 Хеш=CFF35B879D1618D42C86644C717BA947
03.04.12 00:11:16.538 I> [Core] Модуль=C:\Windows\system32\winspool.drv Версия=6.1.7600.16385 (win7_rtm.090713-1255) (6.1.7600.16385) Размер=320000 Хеш=9E4B0E7472B4CEBA9E17F440B8CB0AB8
03.04.12 00:11:16.541 I> [Core] Модуль=C:\Windows\system32\wkscli.dll Версия=6.1.7601.17514 (win7sp1_rtm.101119-1850) (6.1.7601.17514) Размер=47104 Хеш=E5A4A1326A02F8E7B59E6C3270CE7202
03.04.12 00:11:16.546 I> [Core] Модуль=C:\Windows\system32\WS2_32.dll Версия=6.1.7600.16385 (win7_rtm.090713-1255) (6.1.7600.16385) Размер=206848 Хеш=7FF15A4F092CD4A96055BA69F903E3E9
03.04.12 00:11:16.548 I> [Core] Модуль=C:\Windows\system32\wsock32.dll Версия=6.1.7600.16385 (win7_rtm.090713-1255) (6.1.7600.16385) Размер=15360 Хеш=DF13A51A5C591887D2EC6AE64CEED0FA
03.04.12 00:11:16.562 I> [Core] Модуль=C:\Windows\WinSxS\x86_microsoft.windows.common-controls_6595b64144ccf1df_6.0.7601.17514_none_41e6975e2bd6f2b2\comctl32.dll Версия=6.10 (win7_rtm.090713-1255) (6.1.7600.16385) Размер=1680896 Хеш=352B3DC62A0D259A82A052238425C872
03.04.12 00:11:16.572 I> [Core] Модуль=U:\bin\core.bpl Версия=1.1.0.936 (1.1) Размер=1322496 Хеш=7AAA25AC5B635504F7E41AD85EC48C53
03.04.12 00:11:16.577 I> [Core] Модуль=U:\bin\dbrtl100.bpl Версия=11.0.2902.10471 (11.0) Размер=295936 Хеш=DBDB4B33B1001AEC960FD4CF54AA5729
03.04.12 00:11:16.584 I> [Core] Модуль=U:\bin\imdesign.bpl Версия=1.1.0.446 (1.1) Размер=679424 Хеш=D73C610A46D4BCEDE003D9E7F5A6D004
03.04.12 00:11:16.607 I> [Core] Модуль=U:\bin\objects.bpl Версия=1.1.0.241 (1.1) Размер=3245568 Хеш=78AB83B41685D258D63A7644CC269ACF
03.04.12 00:11:16.624 I> [Core] Модуль=U:\bin\rpmfast.bpl Версия=1.1.0.55 (1.1) Размер=2413568 Хеш=102425743F03D973455E224E67E3B68C
03.04.12 00:11:16.632 I> [Core] Модуль=U:\bin\rtl100.bpl Версия=11.0.2902.10471 (11.0) Размер=853504 Хеш=EE4751299FEBFAB77E689C60721EF218
03.04.12 00:11:16.635 I> [Core] Модуль=U:\bin\taxi.exe Версия=1.1.0.241 (1.1) Размер=28160 Хеш=AE6CD613541FBEA90AD647126ACED075
03.04.12 00:11:16.652 I> [Core] Модуль=U:\bin\tee7100.bpl Версия=7.0.10.0 (7.0.0.0) Размер=630272 Хеш=C46511081DC8D5E4C928754CEB9AED3A
03.04.12 00:11:16.656 I> [Core] Модуль=U:\bin\teedb7100.bpl Версия=7.0.10.0 (7.0.0.0) Размер=110080 Хеш=45B9B48A6D4671E030B6FB8878332424
03.04.12 00:11:16.674 I> [Core] Модуль=U:\bin\teeUI7100.bpl Версия=7.0.10.0 (7.0.0.0) Размер=551424 Хеш=04FD19CA72BC1E0FA904C1CEA52A1321
03.04.12 00:11:16.688 I> [Core] Модуль=U:\bin\vcl100.bpl Версия=11.0.2902.10471 (11.0) Размер=1874944 Хеш=AA2BAEE9C50AB6FED72DE7C8867DFF49
03.04.12 00:11:16.693 I> [Core] Модуль=U:\bin\vclactnband100.bpl Версия=11.0.2902.10471 (11.0) Размер=306688 Хеш=D50A5F298A1758FE7AB5CD4B58B73618
03.04.12 00:11:16.698 I> [Core] Модуль=U:\bin\vcldb100.bpl Версия=11.0.2902.10471 (11.0) Размер=274432 Хеш=3D7B16B8A4FE5F870F5DB686520A3B0C
03.04.12 00:11:16.705 I> [Core] Модуль=U:\bin\vcliex100.bpl Версия=11.0.2902.10471 (11.0) Размер=592896 Хеш=9233525B9C4A816546257C8BEC09F554
03.04.12 00:11:16.708 I> [Core] Модуль=U:\bin\vclimg100.bpl Версия=11.0.2902.10471 (11.0) Размер=119808 Хеш=F0CEAE65DAF074A42E1A02B185E0759A
03.04.12 00:11:16.712 I> [Core] Модуль=U:\bin\vcljpg100.bpl Версия=11.0.2902.10471 (11.0) Размер=97792 Хеш=341D1B2786F3E5FC4A4360A326656B37
03.04.12 00:11:16.716 I> [Core] Модуль=U:\bin\vclx100.bpl Версия=11.0.2902.10471 (11.0) Размер=198656 Хеш=F8294F14C9D7D9B5004D13A84ABD83C8
03.04.12 00:11:16.716 I> [Core] Окончание снятия дампа модулей.
03.04.12 00:11:16.795 I> [DesignIfaceModule] Выгрузка модуля imdesign.bpl прошла успешно.
03.04.12 00:11:16.858 I> [FastReportModule] Выгрузка модуля rpmfast.bpl прошла успешно.
03.04.12 00:11:16.858 I> *************************
