27.05.12 22:02:19.359 I> Main|3184 --------------------------------------------------
27.05.12 22:02:19.359 I> Main|3184 [Core] Папка=U:\bin
27.05.12 22:02:19.359 I> Main|3184 [Core] Командная строка=U:\bin\taxi.exe /config imtaxi2.ini /noupdate /920C7934688DE6FCC4392CFF5C7B7A65 info.hex 1234567890
27.05.12 22:02:19.359 I> Main|3184 [Core] Режим=smStandalone
27.05.12 22:02:19.359 I> Main|3184 [Core] Действие=saSave
27.05.12 22:02:19.359 I> Main|3184 [Core] Файл логирования=U:\bin\logs\imtaxi2.log
27.05.12 22:02:19.359 I> Main|3184 [Core] Конфигурационный файл=U:\bin\imtaxi2.ini
27.05.12 22:02:19.359 I> Main|3184 [Core] Текст конфигурационного файла=[Logger]
FileName=logs\imtaxi2.log
Mode=1
Enabled=1
Encoded=0
Cut=0
ThreadInfo=1
MaxSize=10240

[Localbase]
FileName=imtaxi2.bis
#FileName=client.bis
Enabled=1

[LoginIface]
#UserName=tsv
UserName=Стажер
AutoConnect=0
#Password=1qsc2wdv3efb
Password=
Enabled=1


27.05.12 22:02:19.609 I> Main|3184 [LocalBase] Загрузка из файла U:\bin\imtaxi2.bis прошла успешно
27.05.12 22:02:19.687 I> Main|3184 [Core] Начало снятия дампа модулей ...
27.05.12 22:02:19.703 I> Main|3184 [Core] Модуль=C:\Program Files\Punto Switcher\correct.dll Версия=1, 0, 0, 1 (2, 9, 0, 0) Размер=28672 Хеш=5A675A30C057D37F9AA362810A972FCD
27.05.12 22:02:19.703 I> Main|3184 [Core] Модуль=C:\WINDOWS\system32\ADVAPI32.dll Версия=5.2.3790.4555 (srv03_sp2_gdr.090718-1230) (5.2.3790.4555) Размер=697344 Хеш=63322DC143BB1B8B43B1556A8D4BCAED
27.05.12 22:02:19.703 I> Main|3184 [Core] Модуль=C:\WINDOWS\system32\apphelp.dll Версия=5.2.3790.3959 (srv03_sp2_rtm.070216-1710) (5.2.3790.3959) Размер=148992 Хеш=854B80000E14A3567A30A5B840DB22E0
27.05.12 22:02:19.703 I> Main|3184 [Core] Модуль=C:\WINDOWS\system32\comdlg32.dll Версия=6.00.3790.3959 (srv03_sp2_rtm.070216-1710) (6.00.3790.3959) Размер=275456 Хеш=BCBFB8FBDB10E519E3B1F28D02A80B53
27.05.12 22:02:19.718 I> Main|3184 [Core] Модуль=C:\WINDOWS\system32\dbghelp.dll Версия=5.2.3790.3959 (srv03_sp2_rtm.070216-1710) (5.2.3790.3959) Размер=665600 Хеш=44B6AA14408BEF4F1776365669A0FBB6
27.05.12 22:02:19.718 I> Main|3184 [Core] Модуль=C:\WINDOWS\system32\GDI32.dll Версия=5.2.3790.4396 (srv03_sp2_gdr.081022-1212) (5.2.3790.4396) Размер=284672 Хеш=E0F0E8449D5D62A29C6E8EEDCD3C5BCE
27.05.12 22:02:19.718 I> Main|3184 [Core] Модуль=C:\WINDOWS\system32\iertutil.dll Версия=7.00.6000.17109 (vista_gdr.120227-1644) (7.00.6000.17109) Размер=268288 Хеш=D3C4FD40B24AA90675EB663D024778F1
27.05.12 22:02:19.718 I> Main|3184 [Core] Модуль=C:\WINDOWS\system32\IMAGEHLP.DLL Версия=5.2.3790.4970 (srv03_sp2_gdr.120229-0306) (5.2.3790.4970) Размер=153600 Хеш=BFF3CBDF19E553F1C6D343BF77077772
27.05.12 22:02:19.734 I> Main|3184 [Core] Модуль=C:\WINDOWS\system32\IMM32.DLL Версия=5.2.3790.3959 (srv03_sp2_rtm.070216-1710) (5.2.3790.3959) Размер=110592 Хеш=ABC3FE8889DCE1EAB968F6CA35FDDAB5
27.05.12 22:02:19.734 I> Main|3184 [Core] Модуль=C:\WINDOWS\system32\iphlpapi.dll Версия=5.2.3790.3959 (srv03_sp2_rtm.070216-1710) (5.2.3790.3959) Размер=96256 Хеш=0D5E866138BDBE5C572176DAB2A5AB3F
27.05.12 22:02:19.734 I> Main|3184 [Core] Модуль=C:\WINDOWS\system32\kernel32.dll Версия=5.2.3790.4480 (srv03_sp2_gdr.090321-1244) (5.2.3790.4480) Размер=1044480 Хеш=DC26C3E82A74BAA422FD158FF27729E4
27.05.12 22:02:19.734 I> Main|3184 [Core] Модуль=C:\WINDOWS\system32\mpr.dll Версия=5.2.3790.3959 (srv03_sp2_rtm.070216-1710) (5.2.3790.3959) Размер=57856 Хеш=85CF9E4AE95897EE00634890A51A8A7C
27.05.12 22:02:19.750 I> Main|3184 [Core] Модуль=C:\WINDOWS\system32\MSCTF.dll Версия=5.2.3790.3959 (srv03_sp2_rtm.070216-1710) (5.2.3790.3959) Размер=316416 Хеш=E78CAE372B9315DFDB87D5B2B8EDE966
27.05.12 22:02:19.750 I> Main|3184 [Core] Модуль=C:\WINDOWS\system32\msctfime.ime Версия=5.2.3790.3959 (srv03_sp2_rtm.070216-1710) (5.2.3790.3959) Размер=177152 Хеш=EC8657504FD6A8FE1AD2D079C5FA4E36
27.05.12 22:02:19.750 I> Main|3184 [Core] Модуль=C:\WINDOWS\system32\msimg32.dll Версия=5.2.3790.0 (srv03_rtm.030324-2048) (5.2.3790.0) Размер=4608 Хеш=0201E9A58438F0228800A6610A9BEC55
27.05.12 22:02:19.750 I> Main|3184 [Core] Модуль=C:\WINDOWS\system32\msvcrt.dll Версия=7.0.3790.3959 (srv03_sp2_rtm.070216-1710) (7.0.3790.3959) Размер=348672 Хеш=0BAD4969953A61D5D62175DDFF6584B0
27.05.12 22:02:19.750 I> Main|3184 [Core] Модуль=C:\WINDOWS\system32\netapi32.dll Версия=5.2.3790.4392 (srv03_sp2_gdr.081016-1620) (5.2.3790.4392) Размер=345088 Хеш=C1748D0492F389F6A77A2F29C285C150
27.05.12 22:02:19.765 I> Main|3184 [Core] Модуль=C:\WINDOWS\system32\ntdll.dll Версия=5.2.3790.4937 (srv03_sp2_gdr.111121-0236) (5.2.3790.4937) Размер=781824 Хеш=A134E8D17216003C5911FC6967472489
27.05.12 22:02:19.765 I> Main|3184 [Core] Модуль=C:\WINDOWS\system32\ole32.dll Версия=5.2.3790.4926 (srv03_sp2_gdr.111101-0523) (5.2.3790.4926) Размер=1267200 Хеш=D59558B7D4F1EB37673309E71CAD773E
27.05.12 22:02:19.765 I> Main|3184 [Core] Модуль=C:\WINDOWS\system32\oleacc.dll Версия=7.0.3790.4909 (srv03_sp2_gdr(oobla).110926-1204) (5.2.3790.4909) Размер=223744 Хеш=7F08936D9A18BAAA5AA41FB8E9754D3E
27.05.12 22:02:19.781 I> Main|3184 [Core] Модуль=C:\WINDOWS\system32\oleaut32.dll Версия=5.2.3790.4807 (5.2.3790.4807) Размер=553984 Хеш=3790EC3D5CD8DF71EDA8F417DC4F5389
27.05.12 22:02:19.781 I> Main|3184 [Core] Модуль=C:\WINDOWS\system32\oledlg.dll Версия=1.0 (srv03_sp2_rtm.070216-1710) (2.01) Размер=124928 Хеш=96F6B92E322636D558694F240396CEC4
27.05.12 22:02:19.781 I> Main|3184 [Core] Модуль=C:\WINDOWS\system32\olepro32.dll Версия=5.2.3790.3959 (5.2.3790.3959) Размер=84480 Хеш=4B648B8381D101127B29A6440D7A0059
27.05.12 22:02:19.781 I> Main|3184 [Core] Модуль=C:\WINDOWS\system32\PSAPI.DLL Версия=5.2.3790.3959 (srv03_sp2_rtm.070216-1710) (5.2.3790.3959) Размер=20480 Хеш=8DC85A169F0771B298B2BFAB726CB85D
27.05.12 22:02:19.781 I> Main|3184 [Core] Модуль=C:\WINDOWS\system32\RICHED20.DLL Версия=5.31.23.1225 (3.1) Размер=443392 Хеш=48453FD20FABC21ABBDAF53729A39E78
27.05.12 22:02:19.796 I> Main|3184 [Core] Модуль=C:\WINDOWS\system32\RPCRT4.dll Версия=5.2.3790.4759 (srv03_sp2_gdr.100817-0343) (5.2.3790.4759) Размер=647168 Хеш=BF43B274F7CD02F363E9C654D74B7621
27.05.12 22:02:19.796 I> Main|3184 [Core] Модуль=C:\WINDOWS\system32\Secur32.dll Версия=5.2.3790.4530 (srv03_sp2_gdr.090615-1611) (5.2.3790.4530) Размер=65536 Хеш=62370888C9C8DA990DD7937C36878371
27.05.12 22:02:19.859 I> Main|3184 [Core] Модуль=C:\WINDOWS\system32\shell32.dll Версия=6.00.3790.4822 (srv03_sp2_gdr.110121-0354) (6.00.3790.4822) Размер=8378880 Хеш=E33D569C83442878961146F3FCA58A2C
27.05.12 22:02:19.859 I> Main|3184 [Core] Модуль=C:\WINDOWS\system32\SHLWAPI.dll Версия=6.00.3790.4603 (srv03_sp2_gdr.091015-1453) (6.00.3790.4603) Размер=320000 Хеш=D5EF6F7ABD02179FF5EC5E3CE4C74365
27.05.12 22:02:19.875 I> Main|3184 [Core] Модуль=C:\WINDOWS\System32\SYSFER.DLL Версия=12.1.1000.157 (12.1.1000.157) Размер=374704 Хеш=2F79E95D888CCA32F4B984C17B5D897E
27.05.12 22:02:19.875 I> Main|3184 [Core] Модуль=C:\WINDOWS\system32\URLMON.DLL Версия=7.00.6000.17109 (vista_gdr.120227-1644) (7.00.6000.17109) Размер=1168896 Хеш=8ACB88BE633B05F465667615B8A0FB8A
27.05.12 22:02:19.890 I> Main|3184 [Core] Модуль=C:\WINDOWS\system32\USER32.dll Версия=5.2.3790.4033 (srv03_sp2_gdr.070228-0030) (5.2.3790.4033) Размер=585216 Хеш=40F7A8447259205F45DE9E8F75B72B48
27.05.12 22:02:19.890 I> Main|3184 [Core] Модуль=C:\WINDOWS\system32\uxtheme.dll Версия=6.00.3790.3959 (srv03_sp2_rtm.070216-1710) (6.00.3790.3959) Размер=207872 Хеш=BAD52639FDB69253033FB0BDC0F25257
27.05.12 22:02:19.890 I> Main|3184 [Core] Модуль=C:\WINDOWS\system32\version.dll Версия=5.2.3790.3959 (srv03_sp2_rtm.070216-1710) (5.2.3790.3959) Размер=18432 Хеш=4CAC340B88AB8C5488AEBE0BA8BD0B4C
27.05.12 22:02:19.890 I> Main|3184 [Core] Модуль=C:\WINDOWS\system32\winmm.dll Версия=5.2.3790.4916 (srv03_sp2_gdr.111014-0344) (5.2.3790.4916) Размер=175104 Хеш=F161F0A47EB0696F12CC9AF365A9E483
27.05.12 22:02:19.890 I> Main|3184 [Core] Модуль=C:\WINDOWS\system32\winspool.drv Версия=5.2.3790.3959 (srv03_sp2_rtm.070216-1710) (5.2.3790.3959) Размер=151040 Хеш=CD9D1B7924C5F56622B243A2DF9A4874
27.05.12 22:02:19.890 I> Main|3184 [Core] Модуль=C:\WINDOWS\system32\WS2_32.dll Версия=5.2.3790.3959 (srv03_sp2_rtm.070216-1710) (5.2.3790.3959) Размер=83456 Хеш=387C29D63CA36B67AC14CCAFA667173D
27.05.12 22:02:19.890 I> Main|3184 [Core] Модуль=C:\WINDOWS\system32\WS2HELP.dll Версия=5.2.3790.3959 (srv03_sp2_rtm.070216-1710) (5.2.3790.3959) Размер=19456 Хеш=8F07C8021A1D35E82F7C03086AE99517
27.05.12 22:02:19.890 I> Main|3184 [Core] Модуль=C:\WINDOWS\system32\wsock32.dll Версия=5.2.3790.0 (srv03_rtm.030324-2048) (5.2.3790.0) Размер=24576 Хеш=B061877F002F7F1CA5C34CE714EEE0B2
27.05.12 22:02:19.906 I> Main|3184 [Core] Модуль=C:\WINDOWS\WinSxS\x86_Microsoft.Windows.Common-Controls_6595b64144ccf1df_6.0.3790.4770_x-ww_05FDF087\comctl32.dll Версия=6.0 (srv03_sp2_qfe.100903-0347) (6.00.3790.4770) Размер=1051648 Хеш=DB32EB636D9B2CB5ABF83534335D058C
27.05.12 22:02:19.921 I> Main|3184 [Core] Модуль=U:\bin\core.bpl Версия=2.1.0.14 (2.1) Размер=1354240 Хеш=6406660648F3AD6364CAB8240F8043CF
27.05.12 22:02:19.921 I> Main|3184 [Core] Модуль=U:\bin\dbrtl100.bpl Версия=11.0.2902.10471 (11.0) Размер=295936 Хеш=DBDB4B33B1001AEC960FD4CF54AA5729
27.05.12 22:02:19.953 I> Main|3184 [Core] Модуль=U:\bin\objects.bpl Версия=2.1.0.3 (2.1) Размер=3245568 Хеш=995F1FF9912DB5E77B5E7A3A4DF1618C
27.05.12 22:02:19.953 I> Main|3184 [Core] Модуль=U:\bin\rtl100.bpl Версия=11.0.2902.10471 (11.0) Размер=853504 Хеш=EE4751299FEBFAB77E689C60721EF218
27.05.12 22:02:19.968 I> Main|3184 [Core] Модуль=U:\bin\taxi.exe Версия=2.1.0.3 (2.1) Размер=28160 Хеш=486124A4EED67D2D46BDFA12E1A07F3A
27.05.12 22:02:19.984 I> Main|3184 [Core] Модуль=U:\bin\vcl100.bpl Версия=11.0.2902.10471 (11.0) Размер=1874944 Хеш=AA2BAEE9C50AB6FED72DE7C8867DFF49
27.05.12 22:02:19.984 I> Main|3184 [Core] Модуль=U:\bin\vclactnband100.bpl Версия=11.0.2902.10471 (11.0) Размер=306688 Хеш=D50A5F298A1758FE7AB5CD4B58B73618
27.05.12 22:02:19.984 I> Main|3184 [Core] Модуль=U:\bin\vcldb100.bpl Версия=11.0.2902.10471 (11.0) Размер=274432 Хеш=3D7B16B8A4FE5F870F5DB686520A3B0C
27.05.12 22:02:20.000 I> Main|3184 [Core] Модуль=U:\bin\vcliex100.bpl Версия=11.0.2902.10471 (11.0) Размер=592896 Хеш=9233525B9C4A816546257C8BEC09F554
27.05.12 22:02:20.000 I> Main|3184 [Core] Модуль=U:\bin\vclimg100.bpl Версия=11.0.2902.10471 (11.0) Размер=119808 Хеш=F0CEAE65DAF074A42E1A02B185E0759A
27.05.12 22:02:20.000 I> Main|3184 [Core] Модуль=U:\bin\vcljpg100.bpl Версия=11.0.2902.10471 (11.0) Размер=97792 Хеш=341D1B2786F3E5FC4A4360A326656B37
27.05.12 22:02:20.000 I> Main|3184 [Core] Модуль=U:\bin\vclx100.bpl Версия=11.0.2902.10471 (11.0) Размер=198656 Хеш=F8294F14C9D7D9B5004D13A84ABD83C8
27.05.12 22:02:20.000 I> Main|3184 [Core] Окончание снятия дампа модулей.
27.05.12 22:02:20.031 I> Main|3184 [Core] Начало снятия дампа модулей ...
27.05.12 22:02:20.046 I> Main|3184 [Core] Модуль=C:\Program Files\Punto Switcher\correct.dll Версия=1, 0, 0, 1 (2, 9, 0, 0) Размер=28672 Хеш=5A675A30C057D37F9AA362810A972FCD
27.05.12 22:02:20.062 I> Main|3184 [Core] Модуль=C:\WINDOWS\system32\ADVAPI32.dll Версия=5.2.3790.4555 (srv03_sp2_gdr.090718-1230) (5.2.3790.4555) Размер=697344 Хеш=63322DC143BB1B8B43B1556A8D4BCAED
27.05.12 22:02:20.062 I> Main|3184 [Core] Модуль=C:\WINDOWS\system32\apphelp.dll Версия=5.2.3790.3959 (srv03_sp2_rtm.070216-1710) (5.2.3790.3959) Размер=148992 Хеш=854B80000E14A3567A30A5B840DB22E0
27.05.12 22:02:20.062 I> Main|3184 [Core] Модуль=C:\WINDOWS\system32\comdlg32.dll Версия=6.00.3790.3959 (srv03_sp2_rtm.070216-1710) (6.00.3790.3959) Размер=275456 Хеш=BCBFB8FBDB10E519E3B1F28D02A80B53
27.05.12 22:02:20.062 I> Main|3184 [Core] Модуль=C:\WINDOWS\system32\dbghelp.dll Версия=5.2.3790.3959 (srv03_sp2_rtm.070216-1710) (5.2.3790.3959) Размер=665600 Хеш=44B6AA14408BEF4F1776365669A0FBB6
27.05.12 22:02:20.078 I> Main|3184 [Core] Модуль=C:\WINDOWS\system32\GDI32.dll Версия=5.2.3790.4396 (srv03_sp2_gdr.081022-1212) (5.2.3790.4396) Размер=284672 Хеш=E0F0E8449D5D62A29C6E8EEDCD3C5BCE
27.05.12 22:02:20.078 I> Main|3184 [Core] Модуль=C:\WINDOWS\system32\iertutil.dll Версия=7.00.6000.17109 (vista_gdr.120227-1644) (7.00.6000.17109) Размер=268288 Хеш=D3C4FD40B24AA90675EB663D024778F1
27.05.12 22:02:20.078 I> Main|3184 [Core] Модуль=C:\WINDOWS\system32\IMAGEHLP.DLL Версия=5.2.3790.4970 (srv03_sp2_gdr.120229-0306) (5.2.3790.4970) Размер=153600 Хеш=BFF3CBDF19E553F1C6D343BF77077772
27.05.12 22:02:20.078 I> Main|3184 [Core] Модуль=C:\WINDOWS\system32\IMM32.DLL Версия=5.2.3790.3959 (srv03_sp2_rtm.070216-1710) (5.2.3790.3959) Размер=110592 Хеш=ABC3FE8889DCE1EAB968F6CA35FDDAB5
27.05.12 22:02:20.078 I> Main|3184 [Core] Модуль=C:\WINDOWS\system32\iphlpapi.dll Версия=5.2.3790.3959 (srv03_sp2_rtm.070216-1710) (5.2.3790.3959) Размер=96256 Хеш=0D5E866138BDBE5C572176DAB2A5AB3F
27.05.12 22:02:20.093 I> Main|3184 [Core] Модуль=C:\WINDOWS\system32\kernel32.dll Версия=5.2.3790.4480 (srv03_sp2_gdr.090321-1244) (5.2.3790.4480) Размер=1044480 Хеш=DC26C3E82A74BAA422FD158FF27729E4
27.05.12 22:02:20.093 I> Main|3184 [Core] Модуль=C:\WINDOWS\system32\mpr.dll Версия=5.2.3790.3959 (srv03_sp2_rtm.070216-1710) (5.2.3790.3959) Размер=57856 Хеш=85CF9E4AE95897EE00634890A51A8A7C
27.05.12 22:02:20.093 I> Main|3184 [Core] Модуль=C:\WINDOWS\system32\MSCTF.dll Версия=5.2.3790.3959 (srv03_sp2_rtm.070216-1710) (5.2.3790.3959) Размер=316416 Хеш=E78CAE372B9315DFDB87D5B2B8EDE966
27.05.12 22:02:20.093 I> Main|3184 [Core] Модуль=C:\WINDOWS\system32\msctfime.ime Версия=5.2.3790.3959 (srv03_sp2_rtm.070216-1710) (5.2.3790.3959) Размер=177152 Хеш=EC8657504FD6A8FE1AD2D079C5FA4E36
27.05.12 22:02:20.093 I> Main|3184 [Core] Модуль=C:\WINDOWS\system32\msimg32.dll Версия=5.2.3790.0 (srv03_rtm.030324-2048) (5.2.3790.0) Размер=4608 Хеш=0201E9A58438F0228800A6610A9BEC55
27.05.12 22:02:20.093 I> Main|3184 [Core] Модуль=C:\WINDOWS\system32\msvcrt.dll Версия=7.0.3790.3959 (srv03_sp2_rtm.070216-1710) (7.0.3790.3959) Размер=348672 Хеш=0BAD4969953A61D5D62175DDFF6584B0
27.05.12 22:02:20.109 I> Main|3184 [Core] Модуль=C:\WINDOWS\system32\netapi32.dll Версия=5.2.3790.4392 (srv03_sp2_gdr.081016-1620) (5.2.3790.4392) Размер=345088 Хеш=C1748D0492F389F6A77A2F29C285C150
27.05.12 22:02:20.109 I> Main|3184 [Core] Модуль=C:\WINDOWS\system32\ntdll.dll Версия=5.2.3790.4937 (srv03_sp2_gdr.111121-0236) (5.2.3790.4937) Размер=781824 Хеш=A134E8D17216003C5911FC6967472489
27.05.12 22:02:20.125 I> Main|3184 [Core] Модуль=C:\WINDOWS\system32\ole32.dll Версия=5.2.3790.4926 (srv03_sp2_gdr.111101-0523) (5.2.3790.4926) Размер=1267200 Хеш=D59558B7D4F1EB37673309E71CAD773E
27.05.12 22:02:20.125 I> Main|3184 [Core] Модуль=C:\WINDOWS\system32\oleacc.dll Версия=7.0.3790.4909 (srv03_sp2_gdr(oobla).110926-1204) (5.2.3790.4909) Размер=223744 Хеш=7F08936D9A18BAAA5AA41FB8E9754D3E
27.05.12 22:02:20.125 I> Main|3184 [Core] Модуль=C:\WINDOWS\system32\oleaut32.dll Версия=5.2.3790.4807 (5.2.3790.4807) Размер=553984 Хеш=3790EC3D5CD8DF71EDA8F417DC4F5389
27.05.12 22:02:20.125 I> Main|3184 [Core] Модуль=C:\WINDOWS\system32\oledlg.dll Версия=1.0 (srv03_sp2_rtm.070216-1710) (2.01) Размер=124928 Хеш=96F6B92E322636D558694F240396CEC4
27.05.12 22:02:20.125 I> Main|3184 [Core] Модуль=C:\WINDOWS\system32\olepro32.dll Версия=5.2.3790.3959 (5.2.3790.3959) Размер=84480 Хеш=4B648B8381D101127B29A6440D7A0059
27.05.12 22:02:20.125 I> Main|3184 [Core] Модуль=C:\WINDOWS\system32\PSAPI.DLL Версия=5.2.3790.3959 (srv03_sp2_rtm.070216-1710) (5.2.3790.3959) Размер=20480 Хеш=8DC85A169F0771B298B2BFAB726CB85D
27.05.12 22:02:20.140 I> Main|3184 [Core] Модуль=C:\WINDOWS\system32\RICHED20.DLL Версия=5.31.23.1225 (3.1) Размер=443392 Хеш=48453FD20FABC21ABBDAF53729A39E78
27.05.12 22:02:20.140 I> Main|3184 [Core] Модуль=C:\WINDOWS\system32\RPCRT4.dll Версия=5.2.3790.4759 (srv03_sp2_gdr.100817-0343) (5.2.3790.4759) Размер=647168 Хеш=BF43B274F7CD02F363E9C654D74B7621
27.05.12 22:02:20.140 I> Main|3184 [Core] Модуль=C:\WINDOWS\system32\Secur32.dll Версия=5.2.3790.4530 (srv03_sp2_gdr.090615-1611) (5.2.3790.4530) Размер=65536 Хеш=62370888C9C8DA990DD7937C36878371
27.05.12 22:02:20.203 I> Main|3184 [Core] Модуль=C:\WINDOWS\system32\shell32.dll Версия=6.00.3790.4822 (srv03_sp2_gdr.110121-0354) (6.00.3790.4822) Размер=8378880 Хеш=E33D569C83442878961146F3FCA58A2C
27.05.12 22:02:20.218 I> Main|3184 [Core] Модуль=C:\WINDOWS\system32\SHLWAPI.dll Версия=6.00.3790.4603 (srv03_sp2_gdr.091015-1453) (6.00.3790.4603) Размер=320000 Хеш=D5EF6F7ABD02179FF5EC5E3CE4C74365
27.05.12 22:02:20.218 I> Main|3184 [Core] Модуль=C:\WINDOWS\System32\SYSFER.DLL Версия=12.1.1000.157 (12.1.1000.157) Размер=374704 Хеш=2F79E95D888CCA32F4B984C17B5D897E
27.05.12 22:02:20.234 I> Main|3184 [Core] Модуль=C:\WINDOWS\system32\URLMON.DLL Версия=7.00.6000.17109 (vista_gdr.120227-1644) (7.00.6000.17109) Размер=1168896 Хеш=8ACB88BE633B05F465667615B8A0FB8A
27.05.12 22:02:20.234 I> Main|3184 [Core] Модуль=C:\WINDOWS\system32\USER32.dll Версия=5.2.3790.4033 (srv03_sp2_gdr.070228-0030) (5.2.3790.4033) Размер=585216 Хеш=40F7A8447259205F45DE9E8F75B72B48
27.05.12 22:02:20.234 I> Main|3184 [Core] Модуль=C:\WINDOWS\system32\uxtheme.dll Версия=6.00.3790.3959 (srv03_sp2_rtm.070216-1710) (6.00.3790.3959) Размер=207872 Хеш=BAD52639FDB69253033FB0BDC0F25257
27.05.12 22:02:20.234 I> Main|3184 [Core] Модуль=C:\WINDOWS\system32\version.dll Версия=5.2.3790.3959 (srv03_sp2_rtm.070216-1710) (5.2.3790.3959) Размер=18432 Хеш=4CAC340B88AB8C5488AEBE0BA8BD0B4C
27.05.12 22:02:20.234 I> Main|3184 [Core] Модуль=C:\WINDOWS\system32\winmm.dll Версия=5.2.3790.4916 (srv03_sp2_gdr.111014-0344) (5.2.3790.4916) Размер=175104 Хеш=F161F0A47EB0696F12CC9AF365A9E483
27.05.12 22:02:20.234 I> Main|3184 [Core] Модуль=C:\WINDOWS\system32\winspool.drv Версия=5.2.3790.3959 (srv03_sp2_rtm.070216-1710) (5.2.3790.3959) Размер=151040 Хеш=CD9D1B7924C5F56622B243A2DF9A4874
27.05.12 22:02:20.234 I> Main|3184 [Core] Модуль=C:\WINDOWS\system32\WS2_32.dll Версия=5.2.3790.3959 (srv03_sp2_rtm.070216-1710) (5.2.3790.3959) Размер=83456 Хеш=387C29D63CA36B67AC14CCAFA667173D
27.05.12 22:02:20.234 I> Main|3184 [Core] Модуль=C:\WINDOWS\system32\WS2HELP.dll Версия=5.2.3790.3959 (srv03_sp2_rtm.070216-1710) (5.2.3790.3959) Размер=19456 Хеш=8F07C8021A1D35E82F7C03086AE99517
27.05.12 22:02:20.250 I> Main|3184 [Core] Модуль=C:\WINDOWS\system32\wsock32.dll Версия=5.2.3790.0 (srv03_rtm.030324-2048) (5.2.3790.0) Размер=24576 Хеш=B061877F002F7F1CA5C34CE714EEE0B2
27.05.12 22:02:20.250 I> Main|3184 [Core] Модуль=C:\WINDOWS\WinSxS\x86_Microsoft.Windows.Common-Controls_6595b64144ccf1df_6.0.3790.4770_x-ww_05FDF087\comctl32.dll Версия=6.0 (srv03_sp2_qfe.100903-0347) (6.00.3790.4770) Размер=1051648 Хеш=DB32EB636D9B2CB5ABF83534335D058C
27.05.12 22:02:20.265 I> Main|3184 [Core] Модуль=U:\bin\core.bpl Версия=2.1.0.14 (2.1) Размер=1354240 Хеш=6406660648F3AD6364CAB8240F8043CF
27.05.12 22:02:20.265 I> Main|3184 [Core] Модуль=U:\bin\dbrtl100.bpl Версия=11.0.2902.10471 (11.0) Размер=295936 Хеш=DBDB4B33B1001AEC960FD4CF54AA5729
27.05.12 22:02:20.296 I> Main|3184 [Core] Модуль=U:\bin\objects.bpl Версия=2.1.0.3 (2.1) Размер=3245568 Хеш=995F1FF9912DB5E77B5E7A3A4DF1618C
27.05.12 22:02:20.312 I> Main|3184 [Core] Модуль=U:\bin\rtl100.bpl Версия=11.0.2902.10471 (11.0) Размер=853504 Хеш=EE4751299FEBFAB77E689C60721EF218
27.05.12 22:02:20.312 I> Main|3184 [Core] Модуль=U:\bin\taxi.exe Версия=2.1.0.3 (2.1) Размер=28160 Хеш=486124A4EED67D2D46BDFA12E1A07F3A
27.05.12 22:02:20.328 I> Main|3184 [Core] Модуль=U:\bin\vcl100.bpl Версия=11.0.2902.10471 (11.0) Размер=1874944 Хеш=AA2BAEE9C50AB6FED72DE7C8867DFF49
27.05.12 22:02:20.328 I> Main|3184 [Core] Модуль=U:\bin\vclactnband100.bpl Версия=11.0.2902.10471 (11.0) Размер=306688 Хеш=D50A5F298A1758FE7AB5CD4B58B73618
27.05.12 22:02:20.328 I> Main|3184 [Core] Модуль=U:\bin\vcldb100.bpl Версия=11.0.2902.10471 (11.0) Размер=274432 Хеш=3D7B16B8A4FE5F870F5DB686520A3B0C
27.05.12 22:02:20.343 I> Main|3184 [Core] Модуль=U:\bin\vcliex100.bpl Версия=11.0.2902.10471 (11.0) Размер=592896 Хеш=9233525B9C4A816546257C8BEC09F554
27.05.12 22:02:20.343 I> Main|3184 [Core] Модуль=U:\bin\vclimg100.bpl Версия=11.0.2902.10471 (11.0) Размер=119808 Хеш=F0CEAE65DAF074A42E1A02B185E0759A
27.05.12 22:02:20.343 I> Main|3184 [Core] Модуль=U:\bin\vcljpg100.bpl Версия=11.0.2902.10471 (11.0) Размер=97792 Хеш=341D1B2786F3E5FC4A4360A326656B37
27.05.12 22:02:20.343 I> Main|3184 [Core] Модуль=U:\bin\vclx100.bpl Версия=11.0.2902.10471 (11.0) Размер=198656 Хеш=F8294F14C9D7D9B5004D13A84ABD83C8
27.05.12 22:02:20.343 I> Main|3184 [Core] Окончание снятия дампа модулей.
27.05.12 22:02:54.734 I> Main|3184 [LocalBase] Сохранение в файл U:\bin\imtaxi2.bis прошло успешно
27.05.12 22:03:22.125 I> Main|3184 *************************
