03.04.12 10:38:40.256 I> --------------------------------------------------
03.04.12 10:38:40.256 I> [Core] Папка=U:\bin
03.04.12 10:38:40.256 I> [Core] Командная строка=U:\bin\ball.exe /config imutil.ini /noupdate
03.04.12 10:38:40.256 I> [Core] Режим=smStandalone
03.04.12 10:38:40.256 I> [Core] Действие=saDefault
03.04.12 10:38:40.256 I> [Core] Файл логирования=U:\bin\logs\imutil.log
03.04.12 10:38:40.256 I> [Core] Конфигурационный файл=U:\bin\imutil.ini
03.04.12 10:38:40.256 I> [Core] Текст конфигурационного файла=[Logger]
FileName=logs\imutil.log
Mode=1
Enabled=1
Encoded=0

[Localbase]
FileName=imutil.bis
Enabled=1

[IfaceModules]
UtilModule=1

[UtilModule]
FileName=imutil.bpl


03.04.12 10:38:40.265 I> [LocalBase] Загрузка из файла U:\bin\imutil.bis прошла успешно
