13.04.12 09:43:47.342 I> --------------------------------------------------
13.04.12 09:43:47.342 I> [Core] Папка=U:\bin
13.04.12 09:43:47.342 I> [Core] Командная строка=U:\bin\taxi.exe /config imutils.ini /noupdate
13.04.12 09:43:47.342 I> [Core] Режим=smStandalone
13.04.12 09:43:47.342 I> [Core] Действие=saDefault
13.04.12 09:43:47.342 I> [Core] Файл логирования=U:\bin\logs\imutils.log
13.04.12 09:43:47.342 I> [Core] Конфигурационный файл=U:\bin\imutils.ini
13.04.12 09:43:47.342 I> [Core] Текст конфигурационного файла=[Logger]
FileName=logs\imutils.log
Mode=1
Enabled=1
Encoded=0

[Localbase]
FileName=imutils.bis
Enabled=1

[IfaceModules]
UtilModule=1

[UtilModule]
FileName=imutils.bpl


13.04.12 09:43:47.352 I> [LocalBase] Загрузка из файла U:\bin\imutils.bis прошла успешно
13.04.12 09:43:47.366 I> [Core] Начало снятия дампа модулей ...
13.04.12 09:43:47.381 I> [Core] Модуль=C:\Windows\system32\advapi32.dll Версия=6.1.7600.16385 (win7_rtm.090713-1255) (6.1.7600.16385) Размер=640512 Хеш=95E2376B3323F062EB562B8586D0F14A
13.04.12 09:43:47.385 I> [Core] Модуль=C:\Windows\system32\comdlg32.dll Версия=6.1.7600.16385 (win7_rtm.090713-1255) (6.1.7600.16385) Размер=485888 Хеш=D1DE1EAFDE97BE41CF6585027FF3E732
13.04.12 09:43:47.386 I> [Core] Модуль=C:\Windows\system32\CRYPTBASE.dll Версия=6.1.7600.16385 (win7_rtm.090713-1255) (6.1.7600.16385) Размер=36864 Хеш=F08F6FCD09F9BE94C37ACC1B344685FF
13.04.12 09:43:47.391 I> [Core] Модуль=C:\Windows\system32\dbghelp.dll Версия=6.1.7601.17514 (win7sp1_rtm.101119-1850) (6.1.7601.17514) Размер=854016 Хеш=53223B673A3FA2F9A4D1C31C8D3F6CD8
13.04.12 09:43:47.393 I> [Core] Модуль=C:\Windows\system32\dwmapi.dll Версия=6.1.7600.16385 (win7_rtm.090713-1255) (6.1.7600.16385) Размер=67072 Хеш=39C5F32747B3414D1BB216FDB1DEFC58
13.04.12 09:43:47.397 I> [Core] Модуль=C:\Windows\system32\GDI32.dll Версия=6.1.7601.17514 (win7sp1_rtm.101119-1850) (6.1.7601.17514) Размер=304640 Хеш=E87F5393F7D8CE2FACC4DFF703531392
13.04.12 09:43:47.409 I> [Core] Модуль=C:\Windows\system32\iertutil.dll Версия=9.00.8112.16443 (WIN7_IE9_GDR.120227-1545) (9.00.8112.16443) Размер=1792000 Хеш=1341915D4705A3BA68BC49E83024ADE0
13.04.12 09:43:47.410 I> [Core] Модуль=C:\Windows\system32\IMAGEHLP.DLL Версия=6.1.7601.17787 (win7sp1_gdr.120229-1502) (6.1.7601.17787) Размер=159232 Хеш=B2DB6ABA2E292235749B80A9C3DFA867
13.04.12 09:43:47.412 I> [Core] Модуль=C:\Windows\system32\IMM32.DLL Версия=6.1.7601.17514 (win7sp1_rtm.101119-1850) (6.1.7601.17514) Размер=118272 Хеш=4A8E2F20809CC161107FAA94F6CF2685
13.04.12 09:43:47.413 I> [Core] Модуль=C:\Windows\system32\iphlpapi.dll Версия=6.1.7600.16385 (win7_rtm.090713-1255) (6.1.7600.16385) Размер=103936 Хеш=A90DC9ABD65DB1A8902F361103029952
13.04.12 09:43:47.419 I> [Core] Модуль=C:\Windows\system32\kernel32.dll Версия=6.1.7600.16385 (win7_rtm.090713-1255) (6.1.7600.16385) Размер=868352 Хеш=E570CBD732848438EAC574EB3442A2A8
13.04.12 09:43:47.422 I> [Core] Модуль=C:\Windows\system32\KERNELBASE.dll Версия=6.1.7600.16385 (win7_rtm.090713-1255) (6.1.7600.16385) Размер=290816 Хеш=A9F8E23C1FC00190376B11FFAD9DE6C6
13.04.12 09:43:47.422 I> [Core] Модуль=C:\Windows\system32\LPK.dll Версия=6.1.7600.16385 (win7_rtm.090713-1255) (6.1.7600.16385) Размер=26624 Хеш=4F154D2C9C6DF951FD6E5AABBAE6B5EE
13.04.12 09:43:47.423 I> [Core] Модуль=C:\Windows\system32\mpr.dll Версия=6.1.7600.16385 (win7_rtm.090713-1255) (6.1.7600.16385) Размер=64000 Хеш=B9A8CBCFCD3EC9D2EA4740AF347BF108
13.04.12 09:43:47.429 I> [Core] Модуль=C:\Windows\system32\MSCTF.dll Версия=6.1.7600.16385 (win7_rtm.090713-1255) (6.1.7600.16385) Размер=828928 Хеш=C9618BC9B2B0FD7C1138D8774795A79B
13.04.12 09:43:47.430 I> [Core] Модуль=C:\Windows\system32\msimg32.dll Версия=6.1.7600.16385 (win7_rtm.090713-1255) (6.1.7600.16385) Размер=4608 Хеш=18AB2E5A40064ED5F7791AC5946A90F3
13.04.12 09:43:47.434 I> [Core] Модуль=C:\Windows\system32\msvcrt.dll Версия=7.0.7601.17744 (win7sp1_gdr.111215-1535) (7.0.7601.17744) Размер=690688 Хеш=9DC80A8AAAAAC397BDAB3C67165A824E
13.04.12 09:43:47.435 I> [Core] Модуль=C:\Windows\system32\netapi32.dll Версия=6.1.7601.17514 (win7sp1_rtm.101119-1850) (6.1.7601.17514) Размер=56832 Хеш=8CE1A6D16B9077E91E192499EB611C5F
13.04.12 09:43:47.436 I> [Core] Модуль=C:\Windows\system32\netutils.dll Версия=6.1.7601.17514 (win7sp1_rtm.101119-1850) (6.1.7601.17514) Размер=22528 Хеш=20B3934DB73EABA2B49B7177873CB81F
13.04.12 09:43:47.437 I> [Core] Модуль=C:\Windows\system32\Normaliz.dll Версия=6.1.7600.16385 (win7_rtm.090713-1255) (6.1.7600.16385) Размер=2048 Хеш=9C278785347BCC991F8EA2999D90F58D
13.04.12 09:43:47.438 I> [Core] Модуль=C:\Windows\system32\NSI.dll Версия=6.1.7600.16385 (win7_rtm.090713-1255) (6.1.7600.16385) Размер=8704 Хеш=6377051C63D5552A311935C67E9FDFDC
13.04.12 09:43:47.446 I> [Core] Модуль=C:\Windows\SYSTEM32\ntdll.dll Версия=6.1.7600.16385 (win7_rtm.090713-1255) (6.1.7600.16385) Размер=1288472 Хеш=C30A91ADE8C9CB91E4281EC83C4500C6
13.04.12 09:43:47.455 I> [Core] Модуль=C:\Windows\system32\ole32.dll Версия=6.1.7600.16385 (win7_rtm.090713-1255) (6.1.7600.16385) Размер=1414144 Хеш=928CF7268086631F54C3D8E17238C6DD
13.04.12 09:43:47.457 I> [Core] Модуль=C:\Windows\system32\oleacc.dll Версия=7.0.0.0 (win7sp1_gdr.110826-1504) (6.1.7601.17676) Размер=233472 Хеш=8E01332CC4B68BC6B5B7EFFE374442AA
13.04.12 09:43:47.462 I> [Core] Модуль=C:\Windows\system32\oleaut32.dll Версия=6.1.7601.17676 (6.1.7601.17676) Размер=571904 Хеш=6C765E82B57F2E66CE9C54AC238471D9
13.04.12 09:43:47.463 I> [Core] Модуль=C:\Windows\system32\oledlg.dll Версия=6.1.7600.16385 (win7_rtm.090713-1255) (6.1.7600.16385) Размер=103424 Хеш=936F728E04ACCF3F38801CFFCF1E3F40
13.04.12 09:43:47.465 I> [Core] Модуль=C:\Windows\system32\olepro32.dll Версия=6.1.7601.17514 (6.1.7601.17514) Размер=90112 Хеш=703FFD301AB900B047337C5D40FD6F96
13.04.12 09:43:47.466 I> [Core] Модуль=C:\Windows\system32\psapi.dll Версия=6.1.7600.16385 (win7_rtm.090713-1255) (6.1.7600.16385) Размер=6144 Хеш=A543AC1F7138376D778D630A35FCBC4C
13.04.12 09:43:47.469 I> [Core] Модуль=C:\Windows\system32\RICHED20.DLL Версия=5.31.23.1230 (3.1) Размер=473600 Хеш=102CF6879887BBE846A00C459E6D4ABC
13.04.12 09:43:47.473 I> [Core] Модуль=C:\Windows\system32\RPCRT4.dll Версия=6.1.7600.16385 (win7_rtm.090713-1255) (6.1.7600.16385) Размер=653312 Хеш=6400774E903729ADD0A62A24A334EE56
13.04.12 09:43:47.475 I> [Core] Модуль=C:\Windows\SYSTEM32\sechost.dll Версия=6.1.7600.16385 (win7_rtm.090713-1255) (6.1.7600.16385) Размер=92160 Хеш=CFC97F07904067A1E5FAE195D534DA3A
13.04.12 09:43:47.551 I> [Core] Модуль=C:\Windows\system32\shell32.dll Версия=6.1.7601.17514 (win7sp1_rtm.101119-1850) (6.1.7601.17514) Размер=12872704 Хеш=358FC25391C6733EAF49DB480AFDFD8C
13.04.12 09:43:47.553 I> [Core] Модуль=C:\Windows\system32\SHLWAPI.dll Версия=6.1.7600.16385 (win7_rtm.090713-1255) (6.1.7600.16385) Размер=350208 Хеш=8CC3C111D653E96F3EA1590891491D71
13.04.12 09:43:47.555 I> [Core] Модуль=C:\Windows\system32\srvcli.dll Версия=6.1.7601.17514 (win7sp1_rtm.101119-1850) (6.1.7601.17514) Размер=90112 Хеш=5CCDCD40E732D54E0F7451AC66AC1C87
13.04.12 09:43:47.556 I> [Core] Модуль=C:\Windows\system32\SspiCli.dll Версия=6.1.7601.17725 (win7sp1_gdr.111116-1503) (6.1.7601.17725) Размер=100352 Хеш=4A054C853031616D161A84BECF281F47
13.04.12 09:43:47.559 I> [Core] Модуль=C:\Windows\System32\SYSFER.DLL Версия=12.1.1000.157 (12.1.1000.157) Размер=374704 Хеш=2F79E95D888CCA32F4B984C17B5D897E
13.04.12 09:43:47.567 I> [Core] Модуль=C:\Windows\system32\URLMON.DLL Версия=9.00.8112.16421 (WIN7_IE9_RTM.110308-0330) (9.00.8112.16421) Размер=1103360 Хеш=4C162B2A8E175F46DB41B21C77688221
13.04.12 09:43:47.572 I> [Core] Модуль=C:\Windows\system32\USER32.dll Версия=6.1.7601.17514 (win7sp1_rtm.101119-1850) (6.1.7601.17514) Размер=811520 Хеш=F1DD3ACAEE5E6B4BBC69BC6DF75CEF66
13.04.12 09:43:47.577 I> [Core] Модуль=C:\Windows\system32\USP10.dll Версия=1.0626.7601.17514 (win7sp1_rtm.101119-1850) (1.0626.7601.17514) Размер=626176 Хеш=804AAAFEBB3AD5F49334DD906BCB1DE5
13.04.12 09:43:47.579 I> [Core] Модуль=C:\Windows\system32\uxtheme.dll Версия=6.1.7600.16385 (win7_rtm.090713-1255) (6.1.7600.16385) Размер=249856 Хеш=63BFDF555DA2075A77D677829C3CCCD0
13.04.12 09:43:47.580 I> [Core] Модуль=C:\Windows\system32\version.dll Версия=6.1.7600.16385 (win7_rtm.090713-1255) (6.1.7600.16385) Размер=21504 Хеш=702254574E7E52052DE39408457B7149
13.04.12 09:43:47.587 I> [Core] Модуль=C:\Windows\system32\WININET.dll Версия=9.00.8112.16421 (WIN7_IE9_RTM.110308-0330) (9.00.8112.16421) Размер=1127424 Хеш=44465367256D1C72B58F5ABAA19E7016
13.04.12 09:43:47.592 I> [Core] Модуль=C:\Windows\system32\winmm.dll Версия=6.1.7600.16385 (win7_rtm.090713-1255) (6.1.7600.16385) Размер=194048 Хеш=D5AEFAD57C08349A4393D987DF7C715D
13.04.12 09:43:47.593 I> [Core] Модуль=C:\Windows\system32\WINNSI.DLL Версия=6.1.7600.16385 (win7_rtm.090713-1255) (6.1.7600.16385) Размер=16896 Хеш=CFF35B879D1618D42C86644C717BA947
13.04.12 09:43:47.595 I> [Core] Модуль=C:\Windows\system32\winspool.drv Версия=6.1.7600.16385 (win7_rtm.090713-1255) (6.1.7600.16385) Размер=320000 Хеш=9E4B0E7472B4CEBA9E17F440B8CB0AB8
13.04.12 09:43:47.596 I> [Core] Модуль=C:\Windows\system32\wkscli.dll Версия=6.1.7601.17514 (win7sp1_rtm.101119-1850) (6.1.7601.17514) Размер=47104 Хеш=E5A4A1326A02F8E7B59E6C3270CE7202
13.04.12 09:43:47.598 I> [Core] Модуль=C:\Windows\system32\WS2_32.dll Версия=6.1.7600.16385 (win7_rtm.090713-1255) (6.1.7600.16385) Размер=206848 Хеш=7FF15A4F092CD4A96055BA69F903E3E9
13.04.12 09:43:47.599 I> [Core] Модуль=C:\Windows\system32\wsock32.dll Версия=6.1.7600.16385 (win7_rtm.090713-1255) (6.1.7600.16385) Размер=15360 Хеш=DF13A51A5C591887D2EC6AE64CEED0FA
13.04.12 09:43:47.614 I> [Core] Модуль=C:\Windows\WinSxS\x86_microsoft.windows.common-controls_6595b64144ccf1df_6.0.7601.17514_none_41e6975e2bd6f2b2\comctl32.dll Версия=6.10 (win7_rtm.090713-1255) (6.1.7600.16385) Размер=1680896 Хеш=352B3DC62A0D259A82A052238425C872
13.04.12 09:43:47.622 I> [Core] Модуль=U:\bin\core.bpl Версия=2.0.0.105 (2.0) Размер=1350656 Хеш=30C0715C33871C50F05F4F1FAA98C038
13.04.12 09:43:47.624 I> [Core] Модуль=U:\bin\dbrtl100.bpl Версия=11.0.2902.10471 (11.0) Размер=295936 Хеш=DBDB4B33B1001AEC960FD4CF54AA5729
13.04.12 09:43:47.647 I> [Core] Модуль=U:\bin\objects.bpl Версия=2.0.0.52 (2.0) Размер=3245568 Хеш=69EDDF5FDEA2980E1B1D2B9F6AEE3F80
13.04.12 09:43:47.654 I> [Core] Модуль=U:\bin\rtl100.bpl Версия=11.0.2902.10471 (11.0) Размер=853504 Хеш=EE4751299FEBFAB77E689C60721EF218
13.04.12 09:43:47.655 I> [Core] Модуль=U:\bin\taxi.exe Версия=2.0.0.57 (2.0) Размер=28160 Хеш=D2AA390AD527769E210DD1E83B08AE94
13.04.12 09:43:47.666 I> [Core] Модуль=U:\bin\vcl100.bpl Версия=11.0.2902.10471 (11.0) Размер=1874944 Хеш=AA2BAEE9C50AB6FED72DE7C8867DFF49
13.04.12 09:43:47.669 I> [Core] Модуль=U:\bin\vclactnband100.bpl Версия=11.0.2902.10471 (11.0) Размер=306688 Хеш=D50A5F298A1758FE7AB5CD4B58B73618
13.04.12 09:43:47.671 I> [Core] Модуль=U:\bin\vcldb100.bpl Версия=11.0.2902.10471 (11.0) Размер=274432 Хеш=3D7B16B8A4FE5F870F5DB686520A3B0C
13.04.12 09:43:47.675 I> [Core] Модуль=U:\bin\vcliex100.bpl Версия=11.0.2902.10471 (11.0) Размер=592896 Хеш=9233525B9C4A816546257C8BEC09F554
13.04.12 09:43:47.677 I> [Core] Модуль=U:\bin\vclimg100.bpl Версия=11.0.2902.10471 (11.0) Размер=119808 Хеш=F0CEAE65DAF074A42E1A02B185E0759A
13.04.12 09:43:47.678 I> [Core] Модуль=U:\bin\vcljpg100.bpl Версия=11.0.2902.10471 (11.0) Размер=97792 Хеш=341D1B2786F3E5FC4A4360A326656B37
13.04.12 09:43:47.680 I> [Core] Модуль=U:\bin\vclx100.bpl Версия=11.0.2902.10471 (11.0) Размер=198656 Хеш=F8294F14C9D7D9B5004D13A84ABD83C8
13.04.12 09:43:47.680 I> [Core] Окончание снятия дампа модулей.
13.04.12 09:43:47.757 I> [UtilModuleIfaceModule] Загрузка модуля imutils.bpl началась ...
13.04.12 09:43:47.758 I> [UtilModuleIfaceModule] Загрузка модуля imutils.bpl прошла успешно.
13.04.12 09:43:47.759 I> [UtilModuleIfaceModule] Инициализация модуля imutils.bpl прошла успешно.
13.04.12 09:43:47.759 I> [Core] Начало снятия дампа модулей ...
13.04.12 09:43:47.778 I> [Core] Модуль=C:\Windows\system32\advapi32.dll Версия=6.1.7600.16385 (win7_rtm.090713-1255) (6.1.7600.16385) Размер=640512 Хеш=95E2376B3323F062EB562B8586D0F14A
13.04.12 09:43:47.781 I> [Core] Модуль=C:\Windows\system32\comdlg32.dll Версия=6.1.7600.16385 (win7_rtm.090713-1255) (6.1.7600.16385) Размер=485888 Хеш=D1DE1EAFDE97BE41CF6585027FF3E732
13.04.12 09:43:47.783 I> [Core] Модуль=C:\Windows\system32\CRYPTBASE.dll Версия=6.1.7600.16385 (win7_rtm.090713-1255) (6.1.7600.16385) Размер=36864 Хеш=F08F6FCD09F9BE94C37ACC1B344685FF
13.04.12 09:43:47.788 I> [Core] Модуль=C:\Windows\system32\dbghelp.dll Версия=6.1.7601.17514 (win7sp1_rtm.101119-1850) (6.1.7601.17514) Размер=854016 Хеш=53223B673A3FA2F9A4D1C31C8D3F6CD8
13.04.12 09:43:47.789 I> [Core] Модуль=C:\Windows\system32\dwmapi.dll Версия=6.1.7600.16385 (win7_rtm.090713-1255) (6.1.7600.16385) Размер=67072 Хеш=39C5F32747B3414D1BB216FDB1DEFC58
13.04.12 09:43:47.792 I> [Core] Модуль=C:\Windows\system32\GDI32.dll Версия=6.1.7601.17514 (win7sp1_rtm.101119-1850) (6.1.7601.17514) Размер=304640 Хеш=E87F5393F7D8CE2FACC4DFF703531392
13.04.12 09:43:47.804 I> [Core] Модуль=C:\Windows\system32\iertutil.dll Версия=9.00.8112.16443 (WIN7_IE9_GDR.120227-1545) (9.00.8112.16443) Размер=1792000 Хеш=1341915D4705A3BA68BC49E83024ADE0
13.04.12 09:43:47.805 I> [Core] Модуль=C:\Windows\system32\IMAGEHLP.DLL Версия=6.1.7601.17787 (win7sp1_gdr.120229-1502) (6.1.7601.17787) Размер=159232 Хеш=B2DB6ABA2E292235749B80A9C3DFA867
13.04.12 09:43:47.807 I> [Core] Модуль=C:\Windows\system32\IMM32.DLL Версия=6.1.7601.17514 (win7sp1_rtm.101119-1850) (6.1.7601.17514) Размер=118272 Хеш=4A8E2F20809CC161107FAA94F6CF2685
13.04.12 09:43:47.808 I> [Core] Модуль=C:\Windows\system32\iphlpapi.dll Версия=6.1.7600.16385 (win7_rtm.090713-1255) (6.1.7600.16385) Размер=103936 Хеш=A90DC9ABD65DB1A8902F361103029952
13.04.12 09:43:47.814 I> [Core] Модуль=C:\Windows\system32\kernel32.dll Версия=6.1.7600.16385 (win7_rtm.090713-1255) (6.1.7600.16385) Размер=868352 Хеш=E570CBD732848438EAC574EB3442A2A8
13.04.12 09:43:47.817 I> [Core] Модуль=C:\Windows\system32\KERNELBASE.dll Версия=6.1.7600.16385 (win7_rtm.090713-1255) (6.1.7600.16385) Размер=290816 Хеш=A9F8E23C1FC00190376B11FFAD9DE6C6
13.04.12 09:43:47.821 I> [Core] Модуль=C:\Windows\system32\LPK.dll Версия=6.1.7600.16385 (win7_rtm.090713-1255) (6.1.7600.16385) Размер=26624 Хеш=4F154D2C9C6DF951FD6E5AABBAE6B5EE
13.04.12 09:43:47.823 I> [Core] Модуль=C:\Windows\system32\mpr.dll Версия=6.1.7600.16385 (win7_rtm.090713-1255) (6.1.7600.16385) Размер=64000 Хеш=B9A8CBCFCD3EC9D2EA4740AF347BF108
13.04.12 09:43:47.828 I> [Core] Модуль=C:\Windows\system32\MSCTF.dll Версия=6.1.7600.16385 (win7_rtm.090713-1255) (6.1.7600.16385) Размер=828928 Хеш=C9618BC9B2B0FD7C1138D8774795A79B
13.04.12 09:43:47.829 I> [Core] Модуль=C:\Windows\system32\msimg32.dll Версия=6.1.7600.16385 (win7_rtm.090713-1255) (6.1.7600.16385) Размер=4608 Хеш=18AB2E5A40064ED5F7791AC5946A90F3
13.04.12 09:43:47.834 I> [Core] Модуль=C:\Windows\system32\msvcrt.dll Версия=7.0.7601.17744 (win7sp1_gdr.111215-1535) (7.0.7601.17744) Размер=690688 Хеш=9DC80A8AAAAAC397BDAB3C67165A824E
13.04.12 09:43:47.835 I> [Core] Модуль=C:\Windows\system32\netapi32.dll Версия=6.1.7601.17514 (win7sp1_rtm.101119-1850) (6.1.7601.17514) Размер=56832 Хеш=8CE1A6D16B9077E91E192499EB611C5F
13.04.12 09:43:47.836 I> [Core] Модуль=C:\Windows\system32\netutils.dll Версия=6.1.7601.17514 (win7sp1_rtm.101119-1850) (6.1.7601.17514) Размер=22528 Хеш=20B3934DB73EABA2B49B7177873CB81F
13.04.12 09:43:47.836 I> [Core] Модуль=C:\Windows\system32\Normaliz.dll Версия=6.1.7600.16385 (win7_rtm.090713-1255) (6.1.7600.16385) Размер=2048 Хеш=9C278785347BCC991F8EA2999D90F58D
13.04.12 09:43:47.837 I> [Core] Модуль=C:\Windows\system32\NSI.dll Версия=6.1.7600.16385 (win7_rtm.090713-1255) (6.1.7600.16385) Размер=8704 Хеш=6377051C63D5552A311935C67E9FDFDC
13.04.12 09:43:47.845 I> [Core] Модуль=C:\Windows\SYSTEM32\ntdll.dll Версия=6.1.7600.16385 (win7_rtm.090713-1255) (6.1.7600.16385) Размер=1288472 Хеш=C30A91ADE8C9CB91E4281EC83C4500C6
13.04.12 09:43:47.854 I> [Core] Модуль=C:\Windows\system32\ole32.dll Версия=6.1.7600.16385 (win7_rtm.090713-1255) (6.1.7600.16385) Размер=1414144 Хеш=928CF7268086631F54C3D8E17238C6DD
13.04.12 09:43:47.856 I> [Core] Модуль=C:\Windows\system32\oleacc.dll Версия=7.0.0.0 (win7sp1_gdr.110826-1504) (6.1.7601.17676) Размер=233472 Хеш=8E01332CC4B68BC6B5B7EFFE374442AA
13.04.12 09:43:47.860 I> [Core] Модуль=C:\Windows\system32\oleaut32.dll Версия=6.1.7601.17676 (6.1.7601.17676) Размер=571904 Хеш=6C765E82B57F2E66CE9C54AC238471D9
13.04.12 09:43:47.862 I> [Core] Модуль=C:\Windows\system32\oledlg.dll Версия=6.1.7600.16385 (win7_rtm.090713-1255) (6.1.7600.16385) Размер=103424 Хеш=936F728E04ACCF3F38801CFFCF1E3F40
13.04.12 09:43:47.863 I> [Core] Модуль=C:\Windows\system32\olepro32.dll Версия=6.1.7601.17514 (6.1.7601.17514) Размер=90112 Хеш=703FFD301AB900B047337C5D40FD6F96
13.04.12 09:43:47.864 I> [Core] Модуль=C:\Windows\system32\psapi.dll Версия=6.1.7600.16385 (win7_rtm.090713-1255) (6.1.7600.16385) Размер=6144 Хеш=A543AC1F7138376D778D630A35FCBC4C
13.04.12 09:43:47.867 I> [Core] Модуль=C:\Windows\system32\RICHED20.DLL Версия=5.31.23.1230 (3.1) Размер=473600 Хеш=102CF6879887BBE846A00C459E6D4ABC
13.04.12 09:43:47.871 I> [Core] Модуль=C:\Windows\system32\RPCRT4.dll Версия=6.1.7600.16385 (win7_rtm.090713-1255) (6.1.7600.16385) Размер=653312 Хеш=6400774E903729ADD0A62A24A334EE56
13.04.12 09:43:47.872 I> [Core] Модуль=C:\Windows\SYSTEM32\sechost.dll Версия=6.1.7600.16385 (win7_rtm.090713-1255) (6.1.7600.16385) Размер=92160 Хеш=CFC97F07904067A1E5FAE195D534DA3A
13.04.12 09:43:47.947 I> [Core] Модуль=C:\Windows\system32\shell32.dll Версия=6.1.7601.17514 (win7sp1_rtm.101119-1850) (6.1.7601.17514) Размер=12872704 Хеш=358FC25391C6733EAF49DB480AFDFD8C
13.04.12 09:43:47.950 I> [Core] Модуль=C:\Windows\system32\SHLWAPI.dll Версия=6.1.7600.16385 (win7_rtm.090713-1255) (6.1.7600.16385) Размер=350208 Хеш=8CC3C111D653E96F3EA1590891491D71
13.04.12 09:43:47.951 I> [Core] Модуль=C:\Windows\system32\srvcli.dll Версия=6.1.7601.17514 (win7sp1_rtm.101119-1850) (6.1.7601.17514) Размер=90112 Хеш=5CCDCD40E732D54E0F7451AC66AC1C87
13.04.12 09:43:47.952 I> [Core] Модуль=C:\Windows\system32\SspiCli.dll Версия=6.1.7601.17725 (win7sp1_gdr.111116-1503) (6.1.7601.17725) Размер=100352 Хеш=4A054C853031616D161A84BECF281F47
13.04.12 09:43:47.955 I> [Core] Модуль=C:\Windows\System32\SYSFER.DLL Версия=12.1.1000.157 (12.1.1000.157) Размер=374704 Хеш=2F79E95D888CCA32F4B984C17B5D897E
13.04.12 09:43:47.962 I> [Core] Модуль=C:\Windows\system32\URLMON.DLL Версия=9.00.8112.16421 (WIN7_IE9_RTM.110308-0330) (9.00.8112.16421) Размер=1103360 Хеш=4C162B2A8E175F46DB41B21C77688221
13.04.12 09:43:47.967 I> [Core] Модуль=C:\Windows\system32\USER32.dll Версия=6.1.7601.17514 (win7sp1_rtm.101119-1850) (6.1.7601.17514) Размер=811520 Хеш=F1DD3ACAEE5E6B4BBC69BC6DF75CEF66
13.04.12 09:43:47.971 I> [Core] Модуль=C:\Windows\system32\USP10.dll Версия=1.0626.7601.17514 (win7sp1_rtm.101119-1850) (1.0626.7601.17514) Размер=626176 Хеш=804AAAFEBB3AD5F49334DD906BCB1DE5
13.04.12 09:43:47.974 I> [Core] Модуль=C:\Windows\system32\uxtheme.dll Версия=6.1.7600.16385 (win7_rtm.090713-1255) (6.1.7600.16385) Размер=249856 Хеш=63BFDF555DA2075A77D677829C3CCCD0
13.04.12 09:43:47.974 I> [Core] Модуль=C:\Windows\system32\version.dll Версия=6.1.7600.16385 (win7_rtm.090713-1255) (6.1.7600.16385) Размер=21504 Хеш=702254574E7E52052DE39408457B7149
13.04.12 09:43:47.981 I> [Core] Модуль=C:\Windows\system32\WININET.dll Версия=9.00.8112.16421 (WIN7_IE9_RTM.110308-0330) (9.00.8112.16421) Размер=1127424 Хеш=44465367256D1C72B58F5ABAA19E7016
13.04.12 09:43:47.983 I> [Core] Модуль=C:\Windows\system32\winmm.dll Версия=6.1.7600.16385 (win7_rtm.090713-1255) (6.1.7600.16385) Размер=194048 Хеш=D5AEFAD57C08349A4393D987DF7C715D
13.04.12 09:43:47.984 I> [Core] Модуль=C:\Windows\system32\WINNSI.DLL Версия=6.1.7600.16385 (win7_rtm.090713-1255) (6.1.7600.16385) Размер=16896 Хеш=CFF35B879D1618D42C86644C717BA947
13.04.12 09:43:47.987 I> [Core] Модуль=C:\Windows\system32\winspool.drv Версия=6.1.7600.16385 (win7_rtm.090713-1255) (6.1.7600.16385) Размер=320000 Хеш=9E4B0E7472B4CEBA9E17F440B8CB0AB8
13.04.12 09:43:47.988 I> [Core] Модуль=C:\Windows\system32\wkscli.dll Версия=6.1.7601.17514 (win7sp1_rtm.101119-1850) (6.1.7601.17514) Размер=47104 Хеш=E5A4A1326A02F8E7B59E6C3270CE7202
13.04.12 09:43:47.989 I> [Core] Модуль=C:\Windows\system32\WS2_32.dll Версия=6.1.7600.16385 (win7_rtm.090713-1255) (6.1.7600.16385) Размер=206848 Хеш=7FF15A4F092CD4A96055BA69F903E3E9
13.04.12 09:43:47.990 I> [Core] Модуль=C:\Windows\system32\wsock32.dll Версия=6.1.7600.16385 (win7_rtm.090713-1255) (6.1.7600.16385) Размер=15360 Хеш=DF13A51A5C591887D2EC6AE64CEED0FA
13.04.12 09:43:48.000 I> [Core] Модуль=C:\Windows\WinSxS\x86_microsoft.windows.common-controls_6595b64144ccf1df_6.0.7601.17514_none_41e6975e2bd6f2b2\comctl32.dll Версия=6.10 (win7_rtm.090713-1255) (6.1.7600.16385) Размер=1680896 Хеш=352B3DC62A0D259A82A052238425C872
13.04.12 09:43:48.008 I> [Core] Модуль=U:\bin\core.bpl Версия=2.0.0.105 (2.0) Размер=1350656 Хеш=30C0715C33871C50F05F4F1FAA98C038
13.04.12 09:43:48.010 I> [Core] Модуль=U:\bin\dbrtl100.bpl Версия=11.0.2902.10471 (11.0) Размер=295936 Хеш=DBDB4B33B1001AEC960FD4CF54AA5729
13.04.12 09:43:48.011 I> [Core] Модуль=U:\bin\imutils.bpl Версия=2.0.0.69 (2.0) Размер=99328 Хеш=9C5BB95115C487EBC4D8B0D61455DEF0
13.04.12 09:43:48.031 I> [Core] Модуль=U:\bin\objects.bpl Версия=2.0.0.52 (2.0) Размер=3245568 Хеш=69EDDF5FDEA2980E1B1D2B9F6AEE3F80
13.04.12 09:43:48.036 I> [Core] Модуль=U:\bin\rtl100.bpl Версия=11.0.2902.10471 (11.0) Размер=853504 Хеш=EE4751299FEBFAB77E689C60721EF218
13.04.12 09:43:48.037 I> [Core] Модуль=U:\bin\taxi.exe Версия=2.0.0.57 (2.0) Размер=28160 Хеш=D2AA390AD527769E210DD1E83B08AE94
13.04.12 09:43:48.047 I> [Core] Модуль=U:\bin\vcl100.bpl Версия=11.0.2902.10471 (11.0) Размер=1874944 Хеш=AA2BAEE9C50AB6FED72DE7C8867DFF49
13.04.12 09:43:48.050 I> [Core] Модуль=U:\bin\vclactnband100.bpl Версия=11.0.2902.10471 (11.0) Размер=306688 Хеш=D50A5F298A1758FE7AB5CD4B58B73618
13.04.12 09:43:48.052 I> [Core] Модуль=U:\bin\vcldb100.bpl Версия=11.0.2902.10471 (11.0) Размер=274432 Хеш=3D7B16B8A4FE5F870F5DB686520A3B0C
13.04.12 09:43:48.056 I> [Core] Модуль=U:\bin\vcliex100.bpl Версия=11.0.2902.10471 (11.0) Размер=592896 Хеш=9233525B9C4A816546257C8BEC09F554
13.04.12 09:43:48.057 I> [Core] Модуль=U:\bin\vclimg100.bpl Версия=11.0.2902.10471 (11.0) Размер=119808 Хеш=F0CEAE65DAF074A42E1A02B185E0759A
13.04.12 09:43:48.058 I> [Core] Модуль=U:\bin\vcljpg100.bpl Версия=11.0.2902.10471 (11.0) Размер=97792 Хеш=341D1B2786F3E5FC4A4360A326656B37
13.04.12 09:43:48.060 I> [Core] Модуль=U:\bin\vclx100.bpl Версия=11.0.2902.10471 (11.0) Размер=198656 Хеш=F8294F14C9D7D9B5004D13A84ABD83C8
13.04.12 09:43:48.060 I> [Core] Окончание снятия дампа модулей.
13.04.12 09:43:48.149 I> [Core] Начало снятия дампа модулей ...
13.04.12 09:43:48.164 I> [Core] Модуль=C:\Windows\system32\advapi32.dll Версия=6.1.7600.16385 (win7_rtm.090713-1255) (6.1.7600.16385) Размер=640512 Хеш=95E2376B3323F062EB562B8586D0F14A
13.04.12 09:43:48.167 I> [Core] Модуль=C:\Windows\system32\comdlg32.dll Версия=6.1.7600.16385 (win7_rtm.090713-1255) (6.1.7600.16385) Размер=485888 Хеш=D1DE1EAFDE97BE41CF6585027FF3E732
13.04.12 09:43:48.168 I> [Core] Модуль=C:\Windows\system32\CRYPTBASE.dll Версия=6.1.7600.16385 (win7_rtm.090713-1255) (6.1.7600.16385) Размер=36864 Хеш=F08F6FCD09F9BE94C37ACC1B344685FF
13.04.12 09:43:48.174 I> [Core] Модуль=C:\Windows\system32\dbghelp.dll Версия=6.1.7601.17514 (win7sp1_rtm.101119-1850) (6.1.7601.17514) Размер=854016 Хеш=53223B673A3FA2F9A4D1C31C8D3F6CD8
13.04.12 09:43:48.175 I> [Core] Модуль=C:\Windows\system32\dwmapi.dll Версия=6.1.7600.16385 (win7_rtm.090713-1255) (6.1.7600.16385) Размер=67072 Хеш=39C5F32747B3414D1BB216FDB1DEFC58
13.04.12 09:43:48.177 I> [Core] Модуль=C:\Windows\system32\GDI32.dll Версия=6.1.7601.17514 (win7sp1_rtm.101119-1850) (6.1.7601.17514) Размер=304640 Хеш=E87F5393F7D8CE2FACC4DFF703531392
13.04.12 09:43:48.188 I> [Core] Модуль=C:\Windows\system32\iertutil.dll Версия=9.00.8112.16443 (WIN7_IE9_GDR.120227-1545) (9.00.8112.16443) Размер=1792000 Хеш=1341915D4705A3BA68BC49E83024ADE0
13.04.12 09:43:48.189 I> [Core] Модуль=C:\Windows\system32\IMAGEHLP.DLL Версия=6.1.7601.17787 (win7sp1_gdr.120229-1502) (6.1.7601.17787) Размер=159232 Хеш=B2DB6ABA2E292235749B80A9C3DFA867
13.04.12 09:43:48.191 I> [Core] Модуль=C:\Windows\system32\IMM32.DLL Версия=6.1.7601.17514 (win7sp1_rtm.101119-1850) (6.1.7601.17514) Размер=118272 Хеш=4A8E2F20809CC161107FAA94F6CF2685
13.04.12 09:43:48.192 I> [Core] Модуль=C:\Windows\system32\iphlpapi.dll Версия=6.1.7600.16385 (win7_rtm.090713-1255) (6.1.7600.16385) Размер=103936 Хеш=A90DC9ABD65DB1A8902F361103029952
13.04.12 09:43:48.197 I> [Core] Модуль=C:\Windows\system32\kernel32.dll Версия=6.1.7600.16385 (win7_rtm.090713-1255) (6.1.7600.16385) Размер=868352 Хеш=E570CBD732848438EAC574EB3442A2A8
13.04.12 09:43:48.200 I> [Core] Модуль=C:\Windows\system32\KERNELBASE.dll Версия=6.1.7600.16385 (win7_rtm.090713-1255) (6.1.7600.16385) Размер=290816 Хеш=A9F8E23C1FC00190376B11FFAD9DE6C6
13.04.12 09:43:48.201 I> [Core] Модуль=C:\Windows\system32\LPK.dll Версия=6.1.7600.16385 (win7_rtm.090713-1255) (6.1.7600.16385) Размер=26624 Хеш=4F154D2C9C6DF951FD6E5AABBAE6B5EE
13.04.12 09:43:48.201 I> [Core] Модуль=C:\Windows\system32\mpr.dll Версия=6.1.7600.16385 (win7_rtm.090713-1255) (6.1.7600.16385) Размер=64000 Хеш=B9A8CBCFCD3EC9D2EA4740AF347BF108
13.04.12 09:43:48.207 I> [Core] Модуль=C:\Windows\system32\MSCTF.dll Версия=6.1.7600.16385 (win7_rtm.090713-1255) (6.1.7600.16385) Размер=828928 Хеш=C9618BC9B2B0FD7C1138D8774795A79B
13.04.12 09:43:48.207 I> [Core] Модуль=C:\Windows\system32\msimg32.dll Версия=6.1.7600.16385 (win7_rtm.090713-1255) (6.1.7600.16385) Размер=4608 Хеш=18AB2E5A40064ED5F7791AC5946A90F3
13.04.12 09:43:48.212 I> [Core] Модуль=C:\Windows\system32\msvcrt.dll Версия=7.0.7601.17744 (win7sp1_gdr.111215-1535) (7.0.7601.17744) Размер=690688 Хеш=9DC80A8AAAAAC397BDAB3C67165A824E
13.04.12 09:43:48.213 I> [Core] Модуль=C:\Windows\system32\netapi32.dll Версия=6.1.7601.17514 (win7sp1_rtm.101119-1850) (6.1.7601.17514) Размер=56832 Хеш=8CE1A6D16B9077E91E192499EB611C5F
13.04.12 09:43:48.213 I> [Core] Модуль=C:\Windows\system32\netutils.dll Версия=6.1.7601.17514 (win7sp1_rtm.101119-1850) (6.1.7601.17514) Размер=22528 Хеш=20B3934DB73EABA2B49B7177873CB81F
13.04.12 09:43:48.214 I> [Core] Модуль=C:\Windows\system32\Normaliz.dll Версия=6.1.7600.16385 (win7_rtm.090713-1255) (6.1.7600.16385) Размер=2048 Хеш=9C278785347BCC991F8EA2999D90F58D
13.04.12 09:43:48.214 I> [Core] Модуль=C:\Windows\system32\NSI.dll Версия=6.1.7600.16385 (win7_rtm.090713-1255) (6.1.7600.16385) Размер=8704 Хеш=6377051C63D5552A311935C67E9FDFDC
13.04.12 09:43:48.222 I> [Core] Модуль=C:\Windows\SYSTEM32\ntdll.dll Версия=6.1.7600.16385 (win7_rtm.090713-1255) (6.1.7600.16385) Размер=1288472 Хеш=C30A91ADE8C9CB91E4281EC83C4500C6
13.04.12 09:43:48.231 I> [Core] Модуль=C:\Windows\system32\ole32.dll Версия=6.1.7600.16385 (win7_rtm.090713-1255) (6.1.7600.16385) Размер=1414144 Хеш=928CF7268086631F54C3D8E17238C6DD
13.04.12 09:43:48.233 I> [Core] Модуль=C:\Windows\system32\oleacc.dll Версия=7.0.0.0 (win7sp1_gdr.110826-1504) (6.1.7601.17676) Размер=233472 Хеш=8E01332CC4B68BC6B5B7EFFE374442AA
13.04.12 09:43:48.237 I> [Core] Модуль=C:\Windows\system32\oleaut32.dll Версия=6.1.7601.17676 (6.1.7601.17676) Размер=571904 Хеш=6C765E82B57F2E66CE9C54AC238471D9
13.04.12 09:43:48.238 I> [Core] Модуль=C:\Windows\system32\oledlg.dll Версия=6.1.7600.16385 (win7_rtm.090713-1255) (6.1.7600.16385) Размер=103424 Хеш=936F728E04ACCF3F38801CFFCF1E3F40
13.04.12 09:43:48.239 I> [Core] Модуль=C:\Windows\system32\olepro32.dll Версия=6.1.7601.17514 (6.1.7601.17514) Размер=90112 Хеш=703FFD301AB900B047337C5D40FD6F96
13.04.12 09:43:48.240 I> [Core] Модуль=C:\Windows\system32\psapi.dll Версия=6.1.7600.16385 (win7_rtm.090713-1255) (6.1.7600.16385) Размер=6144 Хеш=A543AC1F7138376D778D630A35FCBC4C
13.04.12 09:43:48.243 I> [Core] Модуль=C:\Windows\system32\RICHED20.DLL Версия=5.31.23.1230 (3.1) Размер=473600 Хеш=102CF6879887BBE846A00C459E6D4ABC
13.04.12 09:43:48.248 I> [Core] Модуль=C:\Windows\system32\RPCRT4.dll Версия=6.1.7600.16385 (win7_rtm.090713-1255) (6.1.7600.16385) Размер=653312 Хеш=6400774E903729ADD0A62A24A334EE56
13.04.12 09:43:48.249 I> [Core] Модуль=C:\Windows\SYSTEM32\sechost.dll Версия=6.1.7600.16385 (win7_rtm.090713-1255) (6.1.7600.16385) Размер=92160 Хеш=CFC97F07904067A1E5FAE195D534DA3A
13.04.12 09:43:48.324 I> [Core] Модуль=C:\Windows\system32\shell32.dll Версия=6.1.7601.17514 (win7sp1_rtm.101119-1850) (6.1.7601.17514) Размер=12872704 Хеш=358FC25391C6733EAF49DB480AFDFD8C
13.04.12 09:43:48.327 I> [Core] Модуль=C:\Windows\system32\SHLWAPI.dll Версия=6.1.7600.16385 (win7_rtm.090713-1255) (6.1.7600.16385) Размер=350208 Хеш=8CC3C111D653E96F3EA1590891491D71
13.04.12 09:43:48.328 I> [Core] Модуль=C:\Windows\system32\srvcli.dll Версия=6.1.7601.17514 (win7sp1_rtm.101119-1850) (6.1.7601.17514) Размер=90112 Хеш=5CCDCD40E732D54E0F7451AC66AC1C87
13.04.12 09:43:48.329 I> [Core] Модуль=C:\Windows\system32\SspiCli.dll Версия=6.1.7601.17725 (win7sp1_gdr.111116-1503) (6.1.7601.17725) Размер=100352 Хеш=4A054C853031616D161A84BECF281F47
13.04.12 09:43:48.332 I> [Core] Модуль=C:\Windows\System32\SYSFER.DLL Версия=12.1.1000.157 (12.1.1000.157) Размер=374704 Хеш=2F79E95D888CCA32F4B984C17B5D897E
13.04.12 09:43:48.339 I> [Core] Модуль=C:\Windows\system32\URLMON.DLL Версия=9.00.8112.16421 (WIN7_IE9_RTM.110308-0330) (9.00.8112.16421) Размер=1103360 Хеш=4C162B2A8E175F46DB41B21C77688221
13.04.12 09:43:48.344 I> [Core] Модуль=C:\Windows\system32\USER32.dll Версия=6.1.7601.17514 (win7sp1_rtm.101119-1850) (6.1.7601.17514) Размер=811520 Хеш=F1DD3ACAEE5E6B4BBC69BC6DF75CEF66
13.04.12 09:43:48.348 I> [Core] Модуль=C:\Windows\system32\USP10.dll Версия=1.0626.7601.17514 (win7sp1_rtm.101119-1850) (1.0626.7601.17514) Размер=626176 Хеш=804AAAFEBB3AD5F49334DD906BCB1DE5
13.04.12 09:43:48.350 I> [Core] Модуль=C:\Windows\system32\uxtheme.dll Версия=6.1.7600.16385 (win7_rtm.090713-1255) (6.1.7600.16385) Размер=249856 Хеш=63BFDF555DA2075A77D677829C3CCCD0
13.04.12 09:43:48.351 I> [Core] Модуль=C:\Windows\system32\version.dll Версия=6.1.7600.16385 (win7_rtm.090713-1255) (6.1.7600.16385) Размер=21504 Хеш=702254574E7E52052DE39408457B7149
13.04.12 09:43:48.358 I> [Core] Модуль=C:\Windows\system32\WININET.dll Версия=9.00.8112.16421 (WIN7_IE9_RTM.110308-0330) (9.00.8112.16421) Размер=1127424 Хеш=44465367256D1C72B58F5ABAA19E7016
13.04.12 09:43:48.359 I> [Core] Модуль=C:\Windows\system32\winmm.dll Версия=6.1.7600.16385 (win7_rtm.090713-1255) (6.1.7600.16385) Размер=194048 Хеш=D5AEFAD57C08349A4393D987DF7C715D
13.04.12 09:43:48.360 I> [Core] Модуль=C:\Windows\system32\WINNSI.DLL Версия=6.1.7600.16385 (win7_rtm.090713-1255) (6.1.7600.16385) Размер=16896 Хеш=CFF35B879D1618D42C86644C717BA947
13.04.12 09:43:48.363 I> [Core] Модуль=C:\Windows\system32\winspool.drv Версия=6.1.7600.16385 (win7_rtm.090713-1255) (6.1.7600.16385) Размер=320000 Хеш=9E4B0E7472B4CEBA9E17F440B8CB0AB8
13.04.12 09:43:48.364 I> [Core] Модуль=C:\Windows\system32\wkscli.dll Версия=6.1.7601.17514 (win7sp1_rtm.101119-1850) (6.1.7601.17514) Размер=47104 Хеш=E5A4A1326A02F8E7B59E6C3270CE7202
13.04.12 09:43:48.365 I> [Core] Модуль=C:\Windows\system32\WS2_32.dll Версия=6.1.7600.16385 (win7_rtm.090713-1255) (6.1.7600.16385) Размер=206848 Хеш=7FF15A4F092CD4A96055BA69F903E3E9
13.04.12 09:43:48.366 I> [Core] Модуль=C:\Windows\system32\wsock32.dll Версия=6.1.7600.16385 (win7_rtm.090713-1255) (6.1.7600.16385) Размер=15360 Хеш=DF13A51A5C591887D2EC6AE64CEED0FA
13.04.12 09:43:48.376 I> [Core] Модуль=C:\Windows\WinSxS\x86_microsoft.windows.common-controls_6595b64144ccf1df_6.0.7601.17514_none_41e6975e2bd6f2b2\comctl32.dll Версия=6.10 (win7_rtm.090713-1255) (6.1.7600.16385) Размер=1680896 Хеш=352B3DC62A0D259A82A052238425C872
13.04.12 09:43:48.385 I> [Core] Модуль=U:\bin\core.bpl Версия=2.0.0.105 (2.0) Размер=1350656 Хеш=30C0715C33871C50F05F4F1FAA98C038
13.04.12 09:43:48.387 I> [Core] Модуль=U:\bin\dbrtl100.bpl Версия=11.0.2902.10471 (11.0) Размер=295936 Хеш=DBDB4B33B1001AEC960FD4CF54AA5729
13.04.12 09:43:48.388 I> [Core] Модуль=U:\bin\imutils.bpl Версия=2.0.0.69 (2.0) Размер=99328 Хеш=9C5BB95115C487EBC4D8B0D61455DEF0
13.04.12 09:43:48.407 I> [Core] Модуль=U:\bin\objects.bpl Версия=2.0.0.52 (2.0) Размер=3245568 Хеш=69EDDF5FDEA2980E1B1D2B9F6AEE3F80
13.04.12 09:43:48.412 I> [Core] Модуль=U:\bin\rtl100.bpl Версия=11.0.2902.10471 (11.0) Размер=853504 Хеш=EE4751299FEBFAB77E689C60721EF218
13.04.12 09:43:48.413 I> [Core] Модуль=U:\bin\taxi.exe Версия=2.0.0.57 (2.0) Размер=28160 Хеш=D2AA390AD527769E210DD1E83B08AE94
13.04.12 09:43:48.423 I> [Core] Модуль=U:\bin\vcl100.bpl Версия=11.0.2902.10471 (11.0) Размер=1874944 Хеш=AA2BAEE9C50AB6FED72DE7C8867DFF49
13.04.12 09:43:48.426 I> [Core] Модуль=U:\bin\vclactnband100.bpl Версия=11.0.2902.10471 (11.0) Размер=306688 Хеш=D50A5F298A1758FE7AB5CD4B58B73618
13.04.12 09:43:48.428 I> [Core] Модуль=U:\bin\vcldb100.bpl Версия=11.0.2902.10471 (11.0) Размер=274432 Хеш=3D7B16B8A4FE5F870F5DB686520A3B0C
13.04.12 09:43:48.432 I> [Core] Модуль=U:\bin\vcliex100.bpl Версия=11.0.2902.10471 (11.0) Размер=592896 Хеш=9233525B9C4A816546257C8BEC09F554
13.04.12 09:43:48.433 I> [Core] Модуль=U:\bin\vclimg100.bpl Версия=11.0.2902.10471 (11.0) Размер=119808 Хеш=F0CEAE65DAF074A42E1A02B185E0759A
13.04.12 09:43:48.434 I> [Core] Модуль=U:\bin\vcljpg100.bpl Версия=11.0.2902.10471 (11.0) Размер=97792 Хеш=341D1B2786F3E5FC4A4360A326656B37
13.04.12 09:43:48.436 I> [Core] Модуль=U:\bin\vclx100.bpl Версия=11.0.2902.10471 (11.0) Размер=198656 Хеш=F8294F14C9D7D9B5004D13A84ABD83C8
13.04.12 09:43:48.436 I> [Core] Окончание снятия дампа модулей.
13.04.12 09:43:49.690 I> [UtilModuleIfaceModule] Выгрузка модуля imutils.bpl прошла успешно.
13.04.12 09:43:49.690 I> *************************
