24.04.12 17:41:03.895 I> Main|7004 --------------------------------------------------
24.04.12 17:41:03.895 I> Main|7004 [Core] Папка=U:\bin
24.04.12 17:41:03.896 I> Main|7004 [Core] Командная строка=U:\bin\taxi.exe /config smhttp.ini /noupdate
24.04.12 17:41:03.896 I> Main|7004 [Core] Режим=smStandalone
24.04.12 17:41:03.896 I> Main|7004 [Core] Действие=saDefault
24.04.12 17:41:03.896 I> Main|7004 [Core] Файл логирования=U:\bin\logs\smhttp.log
24.04.12 17:41:03.896 I> Main|7004 [Core] Конфигурационный файл=U:\bin\smhttp.ini
24.04.12 17:41:03.896 I> Main|7004 [Core] Текст конфигурационного файла=[Logger]
FileName=logs\smhttp.log
Mode=1
Enabled=1
Encoded=0
Cut=0
MaxSize=102400
ThreadInfo=1

[Localbase]
FileName=smhttp.bis
#FileName=maps.bis
Enabled=1

[LoginIface]
Enabled=1
AutoConnect=1
StatusVisible=0
UserName=Сервер Локальный
#UserName=tsv
#Password=1qsc2wdv3efb


24.04.12 17:41:03.925 I> Main|7004 [LocalBase] Загрузка из файла U:\bin\smhttp.bis прошла успешно
24.04.12 17:41:03.930 I> Main|7004 [Core] Начало снятия дампа модулей ...
24.04.12 17:41:03.947 I> Main|7004 [Core] Модуль=C:\Windows\system32\advapi32.dll Версия=6.1.7600.16385 (win7_rtm.090713-1255) (6.1.7600.16385) Размер=640512 Хеш=95E2376B3323F062EB562B8586D0F14A
24.04.12 17:41:03.956 I> Main|7004 [Core] Модуль=C:\Windows\system32\comdlg32.dll Версия=6.1.7600.16385 (win7_rtm.090713-1255) (6.1.7600.16385) Размер=485888 Хеш=D1DE1EAFDE97BE41CF6585027FF3E732
24.04.12 17:41:03.957 I> Main|7004 [Core] Модуль=C:\Windows\system32\CRYPTBASE.dll Версия=6.1.7600.16385 (win7_rtm.090713-1255) (6.1.7600.16385) Размер=36864 Хеш=F08F6FCD09F9BE94C37ACC1B344685FF
24.04.12 17:41:03.962 I> Main|7004 [Core] Модуль=C:\Windows\system32\dbghelp.dll Версия=6.1.7601.17514 (win7sp1_rtm.101119-1850) (6.1.7601.17514) Размер=854016 Хеш=53223B673A3FA2F9A4D1C31C8D3F6CD8
24.04.12 17:41:03.964 I> Main|7004 [Core] Модуль=C:\Windows\system32\dwmapi.dll Версия=6.1.7600.16385 (win7_rtm.090713-1255) (6.1.7600.16385) Размер=67072 Хеш=39C5F32747B3414D1BB216FDB1DEFC58
24.04.12 17:41:03.966 I> Main|7004 [Core] Модуль=C:\Windows\system32\GDI32.dll Версия=6.1.7601.17514 (win7sp1_rtm.101119-1850) (6.1.7601.17514) Размер=304640 Хеш=E87F5393F7D8CE2FACC4DFF703531392
24.04.12 17:41:03.977 I> Main|7004 [Core] Модуль=C:\Windows\system32\iertutil.dll Версия=9.00.8112.16443 (WIN7_IE9_GDR.120227-1545) (9.00.8112.16443) Размер=1792000 Хеш=1341915D4705A3BA68BC49E83024ADE0
24.04.12 17:41:03.979 I> Main|7004 [Core] Модуль=C:\Windows\system32\IMAGEHLP.DLL Версия=6.1.7601.17787 (win7sp1_gdr.120229-1502) (6.1.7601.17787) Размер=159232 Хеш=B2DB6ABA2E292235749B80A9C3DFA867
24.04.12 17:41:03.980 I> Main|7004 [Core] Модуль=C:\Windows\system32\IMM32.DLL Версия=6.1.7601.17514 (win7sp1_rtm.101119-1850) (6.1.7601.17514) Размер=118272 Хеш=4A8E2F20809CC161107FAA94F6CF2685
24.04.12 17:41:03.982 I> Main|7004 [Core] Модуль=C:\Windows\system32\iphlpapi.dll Версия=6.1.7600.16385 (win7_rtm.090713-1255) (6.1.7600.16385) Размер=103936 Хеш=A90DC9ABD65DB1A8902F361103029952
24.04.12 17:41:03.987 I> Main|7004 [Core] Модуль=C:\Windows\system32\kernel32.dll Версия=6.1.7600.16385 (win7_rtm.090713-1255) (6.1.7600.16385) Размер=868352 Хеш=E570CBD732848438EAC574EB3442A2A8
24.04.12 17:41:03.990 I> Main|7004 [Core] Модуль=C:\Windows\system32\KERNELBASE.dll Версия=6.1.7600.16385 (win7_rtm.090713-1255) (6.1.7600.16385) Размер=290816 Хеш=A9F8E23C1FC00190376B11FFAD9DE6C6
24.04.12 17:41:03.991 I> Main|7004 [Core] Модуль=C:\Windows\system32\LPK.dll Версия=6.1.7600.16385 (win7_rtm.090713-1255) (6.1.7600.16385) Размер=26624 Хеш=4F154D2C9C6DF951FD6E5AABBAE6B5EE
24.04.12 17:41:03.992 I> Main|7004 [Core] Модуль=C:\Windows\system32\mpr.dll Версия=6.1.7600.16385 (win7_rtm.090713-1255) (6.1.7600.16385) Размер=64000 Хеш=B9A8CBCFCD3EC9D2EA4740AF347BF108
24.04.12 17:41:03.997 I> Main|7004 [Core] Модуль=C:\Windows\system32\MSCTF.dll Версия=6.1.7600.16385 (win7_rtm.090713-1255) (6.1.7600.16385) Размер=828928 Хеш=C9618BC9B2B0FD7C1138D8774795A79B
24.04.12 17:41:03.998 I> Main|7004 [Core] Модуль=C:\Windows\system32\msimg32.dll Версия=6.1.7600.16385 (win7_rtm.090713-1255) (6.1.7600.16385) Размер=4608 Хеш=18AB2E5A40064ED5F7791AC5946A90F3
24.04.12 17:41:04.003 I> Main|7004 [Core] Модуль=C:\Windows\system32\msvcrt.dll Версия=7.0.7601.17744 (win7sp1_gdr.111215-1535) (7.0.7601.17744) Размер=690688 Хеш=9DC80A8AAAAAC397BDAB3C67165A824E
24.04.12 17:41:04.004 I> Main|7004 [Core] Модуль=C:\Windows\system32\netapi32.dll Версия=6.1.7601.17514 (win7sp1_rtm.101119-1850) (6.1.7601.17514) Размер=56832 Хеш=8CE1A6D16B9077E91E192499EB611C5F
24.04.12 17:41:04.005 I> Main|7004 [Core] Модуль=C:\Windows\system32\netutils.dll Версия=6.1.7601.17514 (win7sp1_rtm.101119-1850) (6.1.7601.17514) Размер=22528 Хеш=20B3934DB73EABA2B49B7177873CB81F
24.04.12 17:41:04.005 I> Main|7004 [Core] Модуль=C:\Windows\system32\Normaliz.dll Версия=6.1.7600.16385 (win7_rtm.090713-1255) (6.1.7600.16385) Размер=2048 Хеш=9C278785347BCC991F8EA2999D90F58D
24.04.12 17:41:04.006 I> Main|7004 [Core] Модуль=C:\Windows\system32\NSI.dll Версия=6.1.7600.16385 (win7_rtm.090713-1255) (6.1.7600.16385) Размер=8704 Хеш=6377051C63D5552A311935C67E9FDFDC
24.04.12 17:41:04.014 I> Main|7004 [Core] Модуль=C:\Windows\SYSTEM32\ntdll.dll Версия=6.1.7600.16385 (win7_rtm.090713-1255) (6.1.7600.16385) Размер=1288472 Хеш=C30A91ADE8C9CB91E4281EC83C4500C6
24.04.12 17:41:04.023 I> Main|7004 [Core] Модуль=C:\Windows\system32\ole32.dll Версия=6.1.7600.16385 (win7_rtm.090713-1255) (6.1.7600.16385) Размер=1414144 Хеш=928CF7268086631F54C3D8E17238C6DD
24.04.12 17:41:04.025 I> Main|7004 [Core] Модуль=C:\Windows\system32\oleacc.dll Версия=7.0.0.0 (win7sp1_gdr.110826-1504) (6.1.7601.17676) Размер=233472 Хеш=8E01332CC4B68BC6B5B7EFFE374442AA
24.04.12 17:41:04.030 I> Main|7004 [Core] Модуль=C:\Windows\system32\oleaut32.dll Версия=6.1.7601.17676 (6.1.7601.17676) Размер=571904 Хеш=6C765E82B57F2E66CE9C54AC238471D9
24.04.12 17:41:04.031 I> Main|7004 [Core] Модуль=C:\Windows\system32\oledlg.dll Версия=6.1.7600.16385 (win7_rtm.090713-1255) (6.1.7600.16385) Размер=103424 Хеш=936F728E04ACCF3F38801CFFCF1E3F40
24.04.12 17:41:04.033 I> Main|7004 [Core] Модуль=C:\Windows\system32\olepro32.dll Версия=6.1.7601.17514 (6.1.7601.17514) Размер=90112 Хеш=703FFD301AB900B047337C5D40FD6F96
24.04.12 17:41:04.034 I> Main|7004 [Core] Модуль=C:\Windows\system32\psapi.dll Версия=6.1.7600.16385 (win7_rtm.090713-1255) (6.1.7600.16385) Размер=6144 Хеш=A543AC1F7138376D778D630A35FCBC4C
24.04.12 17:41:04.037 I> Main|7004 [Core] Модуль=C:\Windows\system32\RICHED20.DLL Версия=5.31.23.1230 (3.1) Размер=473600 Хеш=102CF6879887BBE846A00C459E6D4ABC
24.04.12 17:41:04.041 I> Main|7004 [Core] Модуль=C:\Windows\system32\RPCRT4.dll Версия=6.1.7600.16385 (win7_rtm.090713-1255) (6.1.7600.16385) Размер=653312 Хеш=6400774E903729ADD0A62A24A334EE56
24.04.12 17:41:04.043 I> Main|7004 [Core] Модуль=C:\Windows\SYSTEM32\sechost.dll Версия=6.1.7600.16385 (win7_rtm.090713-1255) (6.1.7600.16385) Размер=92160 Хеш=CFC97F07904067A1E5FAE195D534DA3A
24.04.12 17:41:04.120 I> Main|7004 [Core] Модуль=C:\Windows\system32\shell32.dll Версия=6.1.7601.17514 (win7sp1_rtm.101119-1850) (6.1.7601.17514) Размер=12872704 Хеш=358FC25391C6733EAF49DB480AFDFD8C
24.04.12 17:41:04.124 I> Main|7004 [Core] Модуль=C:\Windows\system32\SHLWAPI.dll Версия=6.1.7600.16385 (win7_rtm.090713-1255) (6.1.7600.16385) Размер=350208 Хеш=8CC3C111D653E96F3EA1590891491D71
24.04.12 17:41:04.125 I> Main|7004 [Core] Модуль=C:\Windows\system32\srvcli.dll Версия=6.1.7601.17514 (win7sp1_rtm.101119-1850) (6.1.7601.17514) Размер=90112 Хеш=5CCDCD40E732D54E0F7451AC66AC1C87
24.04.12 17:41:04.126 I> Main|7004 [Core] Модуль=C:\Windows\system32\SspiCli.dll Версия=6.1.7601.17725 (win7sp1_gdr.111116-1503) (6.1.7601.17725) Размер=100352 Хеш=4A054C853031616D161A84BECF281F47
24.04.12 17:41:04.129 I> Main|7004 [Core] Модуль=C:\Windows\System32\SYSFER.DLL Версия=12.1.1000.157 (12.1.1000.157) Размер=374704 Хеш=2F79E95D888CCA32F4B984C17B5D897E
24.04.12 17:41:04.137 I> Main|7004 [Core] Модуль=C:\Windows\system32\URLMON.DLL Версия=9.00.8112.16421 (WIN7_IE9_RTM.110308-0330) (9.00.8112.16421) Размер=1103360 Хеш=4C162B2A8E175F46DB41B21C77688221
24.04.12 17:41:04.142 I> Main|7004 [Core] Модуль=C:\Windows\system32\USER32.dll Версия=6.1.7601.17514 (win7sp1_rtm.101119-1850) (6.1.7601.17514) Размер=811520 Хеш=F1DD3ACAEE5E6B4BBC69BC6DF75CEF66
24.04.12 17:41:04.147 I> Main|7004 [Core] Модуль=C:\Windows\system32\USP10.dll Версия=1.0626.7601.17514 (win7sp1_rtm.101119-1850) (1.0626.7601.17514) Размер=626176 Хеш=804AAAFEBB3AD5F49334DD906BCB1DE5
24.04.12 17:41:04.149 I> Main|7004 [Core] Модуль=C:\Windows\system32\uxtheme.dll Версия=6.1.7600.16385 (win7_rtm.090713-1255) (6.1.7600.16385) Размер=249856 Хеш=63BFDF555DA2075A77D677829C3CCCD0
24.04.12 17:41:04.150 I> Main|7004 [Core] Модуль=C:\Windows\system32\version.dll Версия=6.1.7600.16385 (win7_rtm.090713-1255) (6.1.7600.16385) Размер=21504 Хеш=702254574E7E52052DE39408457B7149
24.04.12 17:41:04.158 I> Main|7004 [Core] Модуль=C:\Windows\system32\WININET.dll Версия=9.00.8112.16421 (WIN7_IE9_RTM.110308-0330) (9.00.8112.16421) Размер=1127424 Хеш=44465367256D1C72B58F5ABAA19E7016
24.04.12 17:41:04.159 I> Main|7004 [Core] Модуль=C:\Windows\system32\winmm.dll Версия=6.1.7600.16385 (win7_rtm.090713-1255) (6.1.7600.16385) Размер=194048 Хеш=D5AEFAD57C08349A4393D987DF7C715D
24.04.12 17:41:04.160 I> Main|7004 [Core] Модуль=C:\Windows\system32\WINNSI.DLL Версия=6.1.7600.16385 (win7_rtm.090713-1255) (6.1.7600.16385) Размер=16896 Хеш=CFF35B879D1618D42C86644C717BA947
24.04.12 17:41:04.163 I> Main|7004 [Core] Модуль=C:\Windows\system32\winspool.drv Версия=6.1.7600.16385 (win7_rtm.090713-1255) (6.1.7600.16385) Размер=320000 Хеш=9E4B0E7472B4CEBA9E17F440B8CB0AB8
24.04.12 17:41:04.164 I> Main|7004 [Core] Модуль=C:\Windows\system32\wkscli.dll Версия=6.1.7601.17514 (win7sp1_rtm.101119-1850) (6.1.7601.17514) Размер=47104 Хеш=E5A4A1326A02F8E7B59E6C3270CE7202
24.04.12 17:41:04.166 I> Main|7004 [Core] Модуль=C:\Windows\system32\WS2_32.dll Версия=6.1.7600.16385 (win7_rtm.090713-1255) (6.1.7600.16385) Размер=206848 Хеш=7FF15A4F092CD4A96055BA69F903E3E9
24.04.12 17:41:04.167 I> Main|7004 [Core] Модуль=C:\Windows\system32\wsock32.dll Версия=6.1.7600.16385 (win7_rtm.090713-1255) (6.1.7600.16385) Размер=15360 Хеш=DF13A51A5C591887D2EC6AE64CEED0FA
24.04.12 17:41:04.178 I> Main|7004 [Core] Модуль=C:\Windows\WinSxS\x86_microsoft.windows.common-controls_6595b64144ccf1df_6.0.7601.17514_none_41e6975e2bd6f2b2\comctl32.dll Версия=6.10 (win7_rtm.090713-1255) (6.1.7600.16385) Размер=1680896 Хеш=352B3DC62A0D259A82A052238425C872
24.04.12 17:41:04.186 I> Main|7004 [Core] Модуль=U:\bin\core.bpl Версия=2.0.0.114 (2.0) Размер=1350656 Хеш=B9651DD5C2B466DD51906107EF9EE90A
24.04.12 17:41:04.189 I> Main|7004 [Core] Модуль=U:\bin\dbrtl100.bpl Версия=11.0.2902.10471 (11.0) Размер=295936 Хеш=DBDB4B33B1001AEC960FD4CF54AA5729
24.04.12 17:41:04.209 I> Main|7004 [Core] Модуль=U:\bin\objects.bpl Версия=2.0.0.60 (2.0) Размер=3245568 Хеш=F46A1DA1595AD78D52895936EBC94D58
24.04.12 17:41:04.215 I> Main|7004 [Core] Модуль=U:\bin\rtl100.bpl Версия=11.0.2902.10471 (11.0) Размер=853504 Хеш=EE4751299FEBFAB77E689C60721EF218
24.04.12 17:41:04.216 I> Main|7004 [Core] Модуль=U:\bin\taxi.exe Версия=2.0.0.65 (2.0) Размер=28160 Хеш=62D483CCB7B0E83E75266B873358917B
24.04.12 17:41:04.228 I> Main|7004 [Core] Модуль=U:\bin\vcl100.bpl Версия=11.0.2902.10471 (11.0) Размер=1874944 Хеш=AA2BAEE9C50AB6FED72DE7C8867DFF49
24.04.12 17:41:04.230 I> Main|7004 [Core] Модуль=U:\bin\vclactnband100.bpl Версия=11.0.2902.10471 (11.0) Размер=306688 Хеш=D50A5F298A1758FE7AB5CD4B58B73618
24.04.12 17:41:04.233 I> Main|7004 [Core] Модуль=U:\bin\vcldb100.bpl Версия=11.0.2902.10471 (11.0) Размер=274432 Хеш=3D7B16B8A4FE5F870F5DB686520A3B0C
24.04.12 17:41:04.237 I> Main|7004 [Core] Модуль=U:\bin\vcliex100.bpl Версия=11.0.2902.10471 (11.0) Размер=592896 Хеш=9233525B9C4A816546257C8BEC09F554
24.04.12 17:41:04.238 I> Main|7004 [Core] Модуль=U:\bin\vclimg100.bpl Версия=11.0.2902.10471 (11.0) Размер=119808 Хеш=F0CEAE65DAF074A42E1A02B185E0759A
24.04.12 17:41:04.240 I> Main|7004 [Core] Модуль=U:\bin\vcljpg100.bpl Версия=11.0.2902.10471 (11.0) Размер=97792 Хеш=341D1B2786F3E5FC4A4360A326656B37
24.04.12 17:41:04.242 I> Main|7004 [Core] Модуль=U:\bin\vclx100.bpl Версия=11.0.2902.10471 (11.0) Размер=198656 Хеш=F8294F14C9D7D9B5004D13A84ABD83C8
24.04.12 17:41:04.242 I> Main|7004 [Core] Окончание снятия дампа модулей.
24.04.12 17:41:04.258 I> Main|7004 [UIBaseConnectionModule] Загрузка модуля cmuibase.bpl началась ...
24.04.12 17:41:04.323 I> Main|7004 [UIBaseConnectionModule] Загрузка модуля cmuibase.bpl прошла успешно.
24.04.12 17:41:04.325 I> Main|7004 [UIBaseConnectionModule] Инициализация модуля cmuibase.bpl прошла успешно.
24.04.12 17:41:04.327 I> Main|7004 [HttpServerModule] Загрузка модуля smhttp.bpl началась ...
24.04.12 17:41:04.639 I> Main|7004 [HttpServerModule] Загрузка модуля smhttp.bpl прошла успешно.
24.04.12 17:41:05.016 I> Main|7004 [HttpServerModule] Инициализация модуля smhttp.bpl прошла успешно.
24.04.12 17:41:05.018 I> Main|7004 [EventServerModule] Загрузка модуля smudpevt.bpl началась ...
24.04.12 17:41:05.074 I> Main|7004 [EventServerModule] Загрузка модуля smudpevt.bpl прошла успешно.
24.04.12 17:41:05.075 I> Main|7004 [EventServerModule] Инициализация модуля smudpevt.bpl прошла успешно.
24.04.12 17:41:05.077 I> Main|7004 [HttpIfaceModule] Загрузка модуля smhttp.bpl началась ...
24.04.12 17:41:05.077 I> Main|7004 [HttpIfaceModule] Загрузка модуля smhttp.bpl прошла успешно.
24.04.12 17:41:05.077 I> Main|7004 [HttpIfaceModule] Инициализация модуля smhttp.bpl прошла успешно.
24.04.12 17:41:05.077 I> Main|7004 [Core] Начало снятия дампа модулей ...
24.04.12 17:41:05.093 I> Main|7004 [Core] Модуль=C:\Windows\system32\advapi32.dll Версия=6.1.7600.16385 (win7_rtm.090713-1255) (6.1.7600.16385) Размер=640512 Хеш=95E2376B3323F062EB562B8586D0F14A
24.04.12 17:41:05.097 I> Main|7004 [Core] Модуль=C:\Windows\system32\comdlg32.dll Версия=6.1.7600.16385 (win7_rtm.090713-1255) (6.1.7600.16385) Размер=485888 Хеш=D1DE1EAFDE97BE41CF6585027FF3E732
24.04.12 17:41:05.098 I> Main|7004 [Core] Модуль=C:\Windows\system32\CRYPTBASE.dll Версия=6.1.7600.16385 (win7_rtm.090713-1255) (6.1.7600.16385) Размер=36864 Хеш=F08F6FCD09F9BE94C37ACC1B344685FF
24.04.12 17:41:05.105 I> Main|7004 [Core] Модуль=C:\Windows\system32\dbghelp.dll Версия=6.1.7601.17514 (win7sp1_rtm.101119-1850) (6.1.7601.17514) Размер=854016 Хеш=53223B673A3FA2F9A4D1C31C8D3F6CD8
24.04.12 17:41:05.108 I> Main|7004 [Core] Модуль=C:\Windows\system32\DNSAPI.dll Версия=6.1.7600.16385 (win7_rtm.090713-1255) (6.1.7600.16385) Размер=270336 Хеш=B40420876B9288E0A1C8CCA8A84E5DC9
24.04.12 17:41:05.109 I> Main|7004 [Core] Модуль=C:\Windows\system32\dwmapi.dll Версия=6.1.7600.16385 (win7_rtm.090713-1255) (6.1.7600.16385) Размер=67072 Хеш=39C5F32747B3414D1BB216FDB1DEFC58
24.04.12 17:41:05.111 I> Main|7004 [Core] Модуль=C:\Windows\system32\GDI32.dll Версия=6.1.7601.17514 (win7sp1_rtm.101119-1850) (6.1.7601.17514) Размер=304640 Хеш=E87F5393F7D8CE2FACC4DFF703531392
24.04.12 17:41:05.123 I> Main|7004 [Core] Модуль=C:\Windows\system32\iertutil.dll Версия=9.00.8112.16443 (WIN7_IE9_GDR.120227-1545) (9.00.8112.16443) Размер=1792000 Хеш=1341915D4705A3BA68BC49E83024ADE0
24.04.12 17:41:05.125 I> Main|7004 [Core] Модуль=C:\Windows\system32\IMAGEHLP.DLL Версия=6.1.7601.17787 (win7sp1_gdr.120229-1502) (6.1.7601.17787) Размер=159232 Хеш=B2DB6ABA2E292235749B80A9C3DFA867
24.04.12 17:41:05.126 I> Main|7004 [Core] Модуль=C:\Windows\system32\IMM32.DLL Версия=6.1.7601.17514 (win7sp1_rtm.101119-1850) (6.1.7601.17514) Размер=118272 Хеш=4A8E2F20809CC161107FAA94F6CF2685
24.04.12 17:41:05.128 I> Main|7004 [Core] Модуль=C:\Windows\system32\iphlpapi.dll Версия=6.1.7600.16385 (win7_rtm.090713-1255) (6.1.7600.16385) Размер=103936 Хеш=A90DC9ABD65DB1A8902F361103029952
24.04.12 17:41:05.133 I> Main|7004 [Core] Модуль=C:\Windows\system32\kernel32.dll Версия=6.1.7600.16385 (win7_rtm.090713-1255) (6.1.7600.16385) Размер=868352 Хеш=E570CBD732848438EAC574EB3442A2A8
24.04.12 17:41:05.137 I> Main|7004 [Core] Модуль=C:\Windows\system32\KERNELBASE.dll Версия=6.1.7600.16385 (win7_rtm.090713-1255) (6.1.7600.16385) Размер=290816 Хеш=A9F8E23C1FC00190376B11FFAD9DE6C6
24.04.12 17:41:05.138 I> Main|7004 [Core] Модуль=C:\Windows\system32\LPK.dll Версия=6.1.7600.16385 (win7_rtm.090713-1255) (6.1.7600.16385) Размер=26624 Хеш=4F154D2C9C6DF951FD6E5AABBAE6B5EE
24.04.12 17:41:05.139 I> Main|7004 [Core] Модуль=C:\Windows\system32\mpr.dll Версия=6.1.7600.16385 (win7_rtm.090713-1255) (6.1.7600.16385) Размер=64000 Хеш=B9A8CBCFCD3EC9D2EA4740AF347BF108
24.04.12 17:41:05.145 I> Main|7004 [Core] Модуль=C:\Windows\system32\MSCTF.dll Версия=6.1.7600.16385 (win7_rtm.090713-1255) (6.1.7600.16385) Размер=828928 Хеш=C9618BC9B2B0FD7C1138D8774795A79B
24.04.12 17:41:05.145 I> Main|7004 [Core] Модуль=C:\Windows\system32\msimg32.dll Версия=6.1.7600.16385 (win7_rtm.090713-1255) (6.1.7600.16385) Размер=4608 Хеш=18AB2E5A40064ED5F7791AC5946A90F3
24.04.12 17:41:05.150 I> Main|7004 [Core] Модуль=C:\Windows\system32\msvcrt.dll Версия=7.0.7601.17744 (win7sp1_gdr.111215-1535) (7.0.7601.17744) Размер=690688 Хеш=9DC80A8AAAAAC397BDAB3C67165A824E
24.04.12 17:41:05.153 I> Main|7004 [Core] Модуль=C:\Windows\System32\mswsock.dll Версия=6.1.7600.16385 (win7_rtm.090713-1255) (6.1.7600.16385) Размер=232448 Хеш=8999B8631C7FD9F7F9EC3CAFD953BA24
24.04.12 17:41:05.154 I> Main|7004 [Core] Модуль=C:\Windows\system32\napinsp.dll Версия=6.1.7600.16385 (win7_rtm.090713-1255) (6.1.7600.16385) Размер=52224 Хеш=0B7E85364CB878E2AD531DB7B601A9E5
24.04.12 17:41:05.155 I> Main|7004 [Core] Модуль=C:\Windows\system32\netapi32.dll Версия=6.1.7601.17514 (win7sp1_rtm.101119-1850) (6.1.7601.17514) Размер=56832 Хеш=8CE1A6D16B9077E91E192499EB611C5F
24.04.12 17:41:05.156 I> Main|7004 [Core] Модуль=C:\Windows\system32\netutils.dll Версия=6.1.7601.17514 (win7sp1_rtm.101119-1850) (6.1.7601.17514) Размер=22528 Хеш=20B3934DB73EABA2B49B7177873CB81F
24.04.12 17:41:05.157 I> Main|7004 [Core] Модуль=C:\Windows\system32\NLAapi.dll Версия=6.1.7601.17514 (win7sp1_rtm.101119-1850) (6.1.7601.17514) Размер=52224 Хеш=104A1070E90F1C530328E69B49718841
24.04.12 17:41:05.157 I> Main|7004 [Core] Модуль=C:\Windows\system32\Normaliz.dll Версия=6.1.7600.16385 (win7_rtm.090713-1255) (6.1.7600.16385) Размер=2048 Хеш=9C278785347BCC991F8EA2999D90F58D
24.04.12 17:41:05.158 I> Main|7004 [Core] Модуль=C:\Windows\system32\NSI.dll Версия=6.1.7600.16385 (win7_rtm.090713-1255) (6.1.7600.16385) Размер=8704 Хеш=6377051C63D5552A311935C67E9FDFDC
24.04.12 17:41:05.166 I> Main|7004 [Core] Модуль=C:\Windows\SYSTEM32\ntdll.dll Версия=6.1.7600.16385 (win7_rtm.090713-1255) (6.1.7600.16385) Размер=1288472 Хеш=C30A91ADE8C9CB91E4281EC83C4500C6
24.04.12 17:41:05.177 I> Main|7004 [Core] Модуль=C:\Windows\system32\ole32.dll Версия=6.1.7600.16385 (win7_rtm.090713-1255) (6.1.7600.16385) Размер=1414144 Хеш=928CF7268086631F54C3D8E17238C6DD
24.04.12 17:41:05.179 I> Main|7004 [Core] Модуль=C:\Windows\system32\oleacc.dll Версия=7.0.0.0 (win7sp1_gdr.110826-1504) (6.1.7601.17676) Размер=233472 Хеш=8E01332CC4B68BC6B5B7EFFE374442AA
24.04.12 17:41:05.185 I> Main|7004 [Core] Модуль=C:\Windows\system32\oleaut32.dll Версия=6.1.7601.17676 (6.1.7601.17676) Размер=571904 Хеш=6C765E82B57F2E66CE9C54AC238471D9
24.04.12 17:41:05.187 I> Main|7004 [Core] Модуль=C:\Windows\system32\oledlg.dll Версия=6.1.7600.16385 (win7_rtm.090713-1255) (6.1.7600.16385) Размер=103424 Хеш=936F728E04ACCF3F38801CFFCF1E3F40
24.04.12 17:41:05.188 I> Main|7004 [Core] Модуль=C:\Windows\system32\olepro32.dll Версия=6.1.7601.17514 (6.1.7601.17514) Размер=90112 Хеш=703FFD301AB900B047337C5D40FD6F96
24.04.12 17:41:05.189 I> Main|7004 [Core] Модуль=C:\Windows\system32\pnrpnsp.dll Версия=6.1.7600.16385 (win7_rtm.090713-1255) (6.1.7600.16385) Размер=65024 Хеш=5CF640EDDB1E40A5AB1BB743BCDEC610
24.04.12 17:41:05.191 I> Main|7004 [Core] Модуль=C:\Windows\system32\psapi.dll Версия=6.1.7600.16385 (win7_rtm.090713-1255) (6.1.7600.16385) Размер=6144 Хеш=A543AC1F7138376D778D630A35FCBC4C
24.04.12 17:41:05.193 I> Main|7004 [Core] Модуль=C:\Windows\system32\rasapi32.dll Версия=6.1.7600.16385 (win7_rtm.090713-1255) (6.1.7600.16385) Размер=325120 Хеш=839F96DBAAFD3353E0B248A5E0BD2A51
24.04.12 17:41:05.195 I> Main|7004 [Core] Модуль=C:\Windows\system32\rasman.dll Версия=6.1.7600.16385 (win7_rtm.090713-1255) (6.1.7600.16385) Размер=76800 Хеш=FFA7172354B9256DBB2CDD75F16F33FE
24.04.12 17:41:05.199 I> Main|7004 [Core] Модуль=C:\Windows\system32\RICHED20.DLL Версия=5.31.23.1230 (3.1) Размер=473600 Хеш=102CF6879887BBE846A00C459E6D4ABC
24.04.12 17:41:05.204 I> Main|7004 [Core] Модуль=C:\Windows\system32\RPCRT4.dll Версия=6.1.7600.16385 (win7_rtm.090713-1255) (6.1.7600.16385) Размер=653312 Хеш=6400774E903729ADD0A62A24A334EE56
24.04.12 17:41:05.206 I> Main|7004 [Core] Модуль=C:\Windows\SYSTEM32\sechost.dll Версия=6.1.7600.16385 (win7_rtm.090713-1255) (6.1.7600.16385) Размер=92160 Хеш=CFC97F07904067A1E5FAE195D534DA3A
24.04.12 17:41:05.290 I> Main|7004 [Core] Модуль=C:\Windows\system32\shell32.dll Версия=6.1.7601.17514 (win7sp1_rtm.101119-1850) (6.1.7601.17514) Размер=12872704 Хеш=358FC25391C6733EAF49DB480AFDFD8C
24.04.12 17:41:05.294 I> Main|7004 [Core] Модуль=C:\Windows\system32\SHLWAPI.dll Версия=6.1.7600.16385 (win7_rtm.090713-1255) (6.1.7600.16385) Размер=350208 Хеш=8CC3C111D653E96F3EA1590891491D71
24.04.12 17:41:05.295 I> Main|7004 [Core] Модуль=C:\Windows\system32\srvcli.dll Версия=6.1.7601.17514 (win7sp1_rtm.101119-1850) (6.1.7601.17514) Размер=90112 Хеш=5CCDCD40E732D54E0F7451AC66AC1C87
24.04.12 17:41:05.296 I> Main|7004 [Core] Модуль=C:\Windows\system32\SspiCli.dll Версия=6.1.7601.17725 (win7sp1_gdr.111116-1503) (6.1.7601.17725) Размер=100352 Хеш=4A054C853031616D161A84BECF281F47
24.04.12 17:41:05.299 I> Main|7004 [Core] Модуль=C:\Windows\System32\SYSFER.DLL Версия=12.1.1000.157 (12.1.1000.157) Размер=374704 Хеш=2F79E95D888CCA32F4B984C17B5D897E
24.04.12 17:41:05.307 I> Main|7004 [Core] Модуль=C:\Windows\system32\URLMON.DLL Версия=9.00.8112.16421 (WIN7_IE9_RTM.110308-0330) (9.00.8112.16421) Размер=1103360 Хеш=4C162B2A8E175F46DB41B21C77688221
24.04.12 17:41:05.314 I> Main|7004 [Core] Модуль=C:\Windows\system32\USER32.dll Версия=6.1.7601.17514 (win7sp1_rtm.101119-1850) (6.1.7601.17514) Размер=811520 Хеш=F1DD3ACAEE5E6B4BBC69BC6DF75CEF66
24.04.12 17:41:05.320 I> Main|7004 [Core] Модуль=C:\Windows\system32\USP10.dll Версия=1.0626.7601.17514 (win7sp1_rtm.101119-1850) (1.0626.7601.17514) Размер=626176 Хеш=804AAAFEBB3AD5F49334DD906BCB1DE5
24.04.12 17:41:05.322 I> Main|7004 [Core] Модуль=C:\Windows\system32\uxtheme.dll Версия=6.1.7600.16385 (win7_rtm.090713-1255) (6.1.7600.16385) Размер=249856 Хеш=63BFDF555DA2075A77D677829C3CCCD0
24.04.12 17:41:05.323 I> Main|7004 [Core] Модуль=C:\Windows\system32\version.dll Версия=6.1.7600.16385 (win7_rtm.090713-1255) (6.1.7600.16385) Размер=21504 Хеш=702254574E7E52052DE39408457B7149
24.04.12 17:41:05.331 I> Main|7004 [Core] Модуль=C:\Windows\system32\WININET.dll Версия=9.00.8112.16421 (WIN7_IE9_RTM.110308-0330) (9.00.8112.16421) Размер=1127424 Хеш=44465367256D1C72B58F5ABAA19E7016
24.04.12 17:41:05.333 I> Main|7004 [Core] Модуль=C:\Windows\system32\winmm.dll Версия=6.1.7600.16385 (win7_rtm.090713-1255) (6.1.7600.16385) Размер=194048 Хеш=D5AEFAD57C08349A4393D987DF7C715D
24.04.12 17:41:05.334 I> Main|7004 [Core] Модуль=C:\Windows\system32\WINNSI.DLL Версия=6.1.7600.16385 (win7_rtm.090713-1255) (6.1.7600.16385) Размер=16896 Хеш=CFF35B879D1618D42C86644C717BA947
24.04.12 17:41:05.335 I> Main|7004 [Core] Модуль=C:\Windows\System32\winrnr.dll Версия=6.1.7600.16385 (win7_rtm.090713-1255) (6.1.7600.16385) Размер=20992 Хеш=5DF5D8CFD9B9573FA3B2C89D9061A240
24.04.12 17:41:05.338 I> Main|7004 [Core] Модуль=C:\Windows\system32\winspool.drv Версия=6.1.7600.16385 (win7_rtm.090713-1255) (6.1.7600.16385) Размер=320000 Хеш=9E4B0E7472B4CEBA9E17F440B8CB0AB8
24.04.12 17:41:05.339 I> Main|7004 [Core] Модуль=C:\Windows\system32\wkscli.dll Версия=6.1.7601.17514 (win7sp1_rtm.101119-1850) (6.1.7601.17514) Размер=47104 Хеш=E5A4A1326A02F8E7B59E6C3270CE7202
24.04.12 17:41:05.341 I> Main|7004 [Core] Модуль=C:\Windows\system32\WS2_32.dll Версия=6.1.7600.16385 (win7_rtm.090713-1255) (6.1.7600.16385) Размер=206848 Хеш=7FF15A4F092CD4A96055BA69F903E3E9
24.04.12 17:41:05.342 I> Main|7004 [Core] Модуль=C:\Windows\system32\wshbth.dll Версия=6.1.7601.17514 (win7sp1_rtm.101119-1850) (6.1.7601.17514) Размер=36352 Хеш=AC122407B29378FF9646F03404AC7C54
24.04.12 17:41:05.343 I> Main|7004 [Core] Модуль=C:\Windows\system32\wsock32.dll Версия=6.1.7600.16385 (win7_rtm.090713-1255) (6.1.7600.16385) Размер=15360 Хеш=DF13A51A5C591887D2EC6AE64CEED0FA
24.04.12 17:41:05.354 I> Main|7004 [Core] Модуль=C:\Windows\WinSxS\x86_microsoft.windows.common-controls_6595b64144ccf1df_6.0.7601.17514_none_41e6975e2bd6f2b2\comctl32.dll Версия=6.10 (win7_rtm.090713-1255) (6.1.7600.16385) Размер=1680896 Хеш=352B3DC62A0D259A82A052238425C872
24.04.12 17:41:05.358 I> Main|7004 [Core] Модуль=U:\bin\cmuibase.bpl Версия=2.0.0.78 (2.0) Размер=493568 Хеш=762A86F7D836B2F81205DB1209298C88
24.04.12 17:41:05.367 I> Main|7004 [Core] Модуль=U:\bin\core.bpl Версия=2.0.0.114 (2.0) Размер=1350656 Хеш=B9651DD5C2B466DD51906107EF9EE90A
24.04.12 17:41:05.369 I> Main|7004 [Core] Модуль=U:\bin\dbrtl100.bpl Версия=11.0.2902.10471 (11.0) Размер=295936 Хеш=DBDB4B33B1001AEC960FD4CF54AA5729
24.04.12 17:41:05.371 I> Main|7004 [Core] Модуль=U:\bin\inet100.bpl Версия=11.0.2902.10471 (11.0) Размер=128512 Хеш=D1BD3489708EBF14FB9EE7A476749A35
24.04.12 17:41:05.396 I> Main|7004 [Core] Модуль=U:\bin\objects.bpl Версия=2.0.0.60 (2.0) Размер=3245568 Хеш=F46A1DA1595AD78D52895936EBC94D58
24.04.12 17:41:05.404 I> Main|7004 [Core] Модуль=U:\bin\omnet.bpl Версия=2.0.0.76 (2.0) Размер=1124352 Хеш=493E4F49125F55E4DD9E92355A6BCC10
24.04.12 17:41:05.411 I> Main|7004 [Core] Модуль=U:\bin\rtl100.bpl Версия=11.0.2902.10471 (11.0) Размер=853504 Хеш=EE4751299FEBFAB77E689C60721EF218
24.04.12 17:41:05.413 I> Main|7004 [Core] Модуль=U:\bin\smhttp.bpl Версия=2.0.0.79 (2.0) Размер=115712 Хеш=AF76B84C97C5B4D278A993ABF5320F82
24.04.12 17:41:05.414 I> Main|7004 [Core] Модуль=U:\bin\smudpevt.bpl Версия=2.0.0.75 (2.0) Размер=77824 Хеш=A5461FCCC0631F4C447AB64D3F82E243
24.04.12 17:41:05.415 I> Main|7004 [Core] Модуль=U:\bin\taxi.exe Версия=2.0.0.65 (2.0) Размер=28160 Хеш=62D483CCB7B0E83E75266B873358917B
24.04.12 17:41:05.427 I> Main|7004 [Core] Модуль=U:\bin\vcl100.bpl Версия=11.0.2902.10471 (11.0) Размер=1874944 Хеш=AA2BAEE9C50AB6FED72DE7C8867DFF49
24.04.12 17:41:05.429 I> Main|7004 [Core] Модуль=U:\bin\vclactnband100.bpl Версия=11.0.2902.10471 (11.0) Размер=306688 Хеш=D50A5F298A1758FE7AB5CD4B58B73618
24.04.12 17:41:05.432 I> Main|7004 [Core] Модуль=U:\bin\vcldb100.bpl Версия=11.0.2902.10471 (11.0) Размер=274432 Хеш=3D7B16B8A4FE5F870F5DB686520A3B0C
24.04.12 17:41:05.436 I> Main|7004 [Core] Модуль=U:\bin\vcliex100.bpl Версия=11.0.2902.10471 (11.0) Размер=592896 Хеш=9233525B9C4A816546257C8BEC09F554
24.04.12 17:41:05.438 I> Main|7004 [Core] Модуль=U:\bin\vclimg100.bpl Версия=11.0.2902.10471 (11.0) Размер=119808 Хеш=F0CEAE65DAF074A42E1A02B185E0759A
24.04.12 17:41:05.439 I> Main|7004 [Core] Модуль=U:\bin\vcljpg100.bpl Версия=11.0.2902.10471 (11.0) Размер=97792 Хеш=341D1B2786F3E5FC4A4360A326656B37
24.04.12 17:41:05.441 I> Main|7004 [Core] Модуль=U:\bin\vclx100.bpl Версия=11.0.2902.10471 (11.0) Размер=198656 Хеш=F8294F14C9D7D9B5004D13A84ABD83C8
24.04.12 17:41:05.441 I> Main|7004 [Core] Окончание снятия дампа модулей.
24.04.12 17:41:05.441 I> Main|7004 [LoginStatusFormIface] Попытка #1: Соединение [Interbase (UIB)] начало подключение ...
24.04.12 17:41:05.769 I> Main|7004 [LoginStatusFormIface] Соединение [Interbase (UIB)] успешно подключено
24.04.12 17:41:05.780 I> Main|7004 [LoginStatusFormIface] Пользователь [Сервер Локальный] начал аутентификацию ...
24.04.12 17:41:05.876 I> Main|7004 [FirstUIBaseConnection] 78754E0C9AF2B1474E191F1BF3E38AE1: Начало создания сессии ...
24.04.12 17:41:05.876 I> Main|7004 [FirstUIBaseConnection] 78754E0C9AF2B1474E191F1BF3E38AE1: Запрос создания сессии => INSERT INTO SESSIONS (SESSION_ID,APPLICATION_ID,ACCOUNT_ID,DATE_CREATE,DATE_CHANGE,PARAMS) VALUES ('78754E0C9AF2B1474E191F1BF3E38AE1','AF5DFB35AE9C819F41FB2451E2EB0D0D','18CA3F02460BAFD74320C618470A4782','2012-04-24 17:41:05',CURRENT_TIMESTAMP,:PARAMS)
24.04.12 17:41:05.902 I> Main|7004 [FirstUIBaseConnection] 78754E0C9AF2B1474E191F1BF3E38AE1: Сессия создана успешно.
24.04.12 17:41:05.914 I> Main|7004 [LoginStatusFormIface] Пользователь [Сервер Локальный] успешно аутентифицирован
24.04.12 17:41:05.914 I> Main|7004 [LoginStatusFormIface] Начата загрузка профиля ...
24.04.12 17:41:05.917 I> Main|7004 [FirstUIBaseConnection] 78754E0C9AF2B1474E191F1BF3E38AE1: Начало загрузки профиля ...
24.04.12 17:41:05.917 I> Main|7004 [FirstUIBaseConnection] 78754E0C9AF2B1474E191F1BF3E38AE1: Запрос загрузки профиля => SELECT P.PROFILE FROM PROFILES P WHERE P.APPLICATION_ID='AF5DFB35AE9C819F41FB2451E2EB0D0D' AND P.ACCOUNT_ID='18CA3F02460BAFD74320C618470A4782'
24.04.12 17:41:05.920 I> Main|7004 [FirstUIBaseConnection] 78754E0C9AF2B1474E191F1BF3E38AE1: Профиль загружен успешно.
24.04.12 17:41:05.920 I> Main|7004 [FirstUIBaseConnection] 78754E0C9AF2B1474E191F1BF3E38AE1: Начало обновления сессии ...
24.04.12 17:41:05.921 I> Main|7004 [FirstUIBaseConnection] 78754E0C9AF2B1474E191F1BF3E38AE1: Запрос обновления сессии => UPDATE SESSIONS SET DATE_CHANGE=CURRENT_TIMESTAMP, QUERY_TEXT=:QUERY_TEXT, DURATION=:DURATION WHERE SESSION_ID='78754E0C9AF2B1474E191F1BF3E38AE1'
24.04.12 17:41:05.924 I> Main|7004 [FirstUIBaseConnection] 78754E0C9AF2B1474E191F1BF3E38AE1: Сессия обновлена успешно.
24.04.12 17:41:05.924 I> Main|7004 [LoginStatusFormIface] Загрузка профиля прошла успешно
24.04.12 17:41:05.924 I> Main|7004 [LoginStatusFormIface] Начата загрузка интерфейсов ...
24.04.12 17:41:05.927 I> Main|7004 [FirstUIBaseConnection] 78754E0C9AF2B1474E191F1BF3E38AE1: Начало загрузки интерфейсов ...
24.04.12 17:41:05.928 I> Main|7004 [FirstUIBaseConnection] 78754E0C9AF2B1474E191F1BF3E38AE1: Запрос загрузки интерфейсов => SELECT AI.INTERFACE_ID, AI.PRIORITY, AI.AUTO_RUN, I.NAME, I.DESCRIPTION, I."MODULE_NAME", I.MODULE_INTERFACE, I.INTERFACE_TYPE, S.SCRIPT_ID, S.ENGINE AS SCRIPT_ENGINE, S.PLACE AS SCRIPT_PLACE, R.REPORT_ID, R.ENGINE AS REPORT_ENGINE, R.PLACE AS REPORT_PLACE, D.DOCUMENT_ID, D.OLE_CLASS AS DOCUMENT_OLE_CLASS, D.PLACE AS DOCUMENT_PLACE FROM APPLICATION_INTERFACES AI JOIN INTERFACES I ON I.INTERFACE_ID=AI.INTERFACE_ID LEFT JOIN SCRIPTS S ON S.SCRIPT_ID=AI.INTERFACE_ID LEFT JOIN REPORTS R ON R.REPORT_ID=AI.INTERFACE_ID LEFT JOIN DOCUMENTS D ON D.DOCUMENT_ID=AI.INTERFACE_ID WHERE AI.APPLICATION_ID='AF5DFB35AE9C819F41FB2451E2EB0D0D' AND AI.ACCOUNT_ID IN ('18CA3F02460BAFD74320C618470A4782') ORDER BY AI.PRIORITY
24.04.12 17:41:05.932 I> Main|7004 [FirstUIBaseConnection] 78754E0C9AF2B1474E191F1BF3E38AE1: Интерфейсы загружены успешно.
24.04.12 17:41:05.933 I> Main|7004 [FirstUIBaseConnection] 78754E0C9AF2B1474E191F1BF3E38AE1: Начало обновления сессии ...
24.04.12 17:41:05.933 I> Main|7004 [FirstUIBaseConnection] 78754E0C9AF2B1474E191F1BF3E38AE1: Запрос обновления сессии => UPDATE SESSIONS SET DATE_CHANGE=CURRENT_TIMESTAMP, QUERY_TEXT=:QUERY_TEXT, DURATION=:DURATION WHERE SESSION_ID='78754E0C9AF2B1474E191F1BF3E38AE1'
24.04.12 17:41:05.935 I> Main|7004 [FirstUIBaseConnection] 78754E0C9AF2B1474E191F1BF3E38AE1: Сессия обновлена успешно.
24.04.12 17:41:05.938 I> Main|7004 [FirstUIBaseConnection] 78754E0C9AF2B1474E191F1BF3E38AE1: Начало загрузки заданий ...
24.04.12 17:41:05.938 I> Main|7004 [FirstUIBaseConnection] 78754E0C9AF2B1474E191F1BF3E38AE1: Запрос загрузки заданий => SELECT TASK_ID, NAME, DESCRIPTION, INTERFACE_ID, ENABLED, DATE_BEGIN, OFFSET, DATE_END, SCHEDULE, PRIORITY, PROC_NAME, COMMAND_STRING, DAY_FREQUENCY, WEEK_FREQUENCY, MONDAY, TUESDAY, WEDNESDAY, THURSDAY, FRIDAY, SATURDAY, SUNDAY, MONTH_DAY, JANUARY, FEBRUARY, MARCH, APRIL, MAY, JUNE, JULY, AUGUST, SEPTEMBER, OCTOBER, NOVEMBER, DECEMBER, REPEAT_ENABLED, REPEAT_TYPE, REPEAT_VALUE, REPEAT_COUNT, DATE_EXECUTE, RESULT_STRING FROM TASKS WHERE APPLICATION_ID='AF5DFB35AE9C819F41FB2451E2EB0D0D' AND (ACCOUNT_ID IN ('18CA3F02460BAFD74320C618470A4782') OR ACCOUNT_ID IS NULL) ORDER BY DATE_BEGIN
24.04.12 17:41:05.943 I> Main|7004 [FirstUIBaseConnection] 78754E0C9AF2B1474E191F1BF3E38AE1: Задания загружены успешно.
24.04.12 17:41:05.944 I> Main|7004 [FirstUIBaseConnection] 78754E0C9AF2B1474E191F1BF3E38AE1: Начало обновления сессии ...
24.04.12 17:41:05.944 I> Main|7004 [FirstUIBaseConnection] 78754E0C9AF2B1474E191F1BF3E38AE1: Запрос обновления сессии => UPDATE SESSIONS SET DATE_CHANGE=CURRENT_TIMESTAMP, QUERY_TEXT=:QUERY_TEXT, DURATION=:DURATION WHERE SESSION_ID='78754E0C9AF2B1474E191F1BF3E38AE1'
24.04.12 17:41:05.946 I> Main|7004 [FirstUIBaseConnection] 78754E0C9AF2B1474E191F1BF3E38AE1: Сессия обновлена успешно.
24.04.12 17:41:05.960 I> Main|7004 [LoginStatusFormIface] Загрузка интерфейсов прошла успешно
24.04.12 17:41:05.960 I> Main|7004 [LoginStatusFormIface] Запуск приложения ...
24.04.12 17:41:05.960 I> Main|7004 [HttpServerModule] Запуск серверов ...
24.04.12 17:41:05.960 I> Main|7004 [InternalHttpServer] Запуск сервера ...
24.04.12 17:41:05.979 I> Main|7004 [KrasplatHttpServerHandlerModule] Загрузка модуля smhttpplt.bpl началась ...
24.04.12 17:41:06.044 I> Main|7004 [KrasplatHttpServerHandlerModule] Загрузка модуля smhttpplt.bpl прошла успешно.
24.04.12 17:41:06.047 I> Main|7004 [KrasplatHttpServerHandlerModule] Инициализация модуля smhttpplt.bpl прошла успешно.
24.04.12 17:41:06.048 I> Main|7004 [InternalHttpServer] Запуск сервера прошел успешно.
24.04.12 17:41:06.062 I> Main|7004 [HttpServerModule] Запуск серверов прошел успешно.
24.04.12 17:41:06.062 I> Main|7004 [EventServerModule] Запуск серверов ...
24.04.12 17:41:06.062 I> Main|7004 [DefaultUdpEventServer] Запуск сервера ...
24.04.12 17:41:06.137 I> Main|7004 [FirstUIBaseConnection] 78754E0C9AF2B1474E191F1BF3E38AE1: Начало обновления сессии ...
24.04.12 17:41:06.138 I> Main|7004 [FirstUIBaseConnection] 78754E0C9AF2B1474E191F1BF3E38AE1: Запрос обновления сессии => UPDATE SESSIONS SET DATE_CHANGE=CURRENT_TIMESTAMP, PARAMS=:PARAMS, QUERY_TEXT=:QUERY_TEXT, DURATION=:DURATION WHERE SESSION_ID='78754E0C9AF2B1474E191F1BF3E38AE1' 
24.04.12 17:41:06.144 I> Main|7004 [FirstUIBaseConnection] 78754E0C9AF2B1474E191F1BF3E38AE1: Сессия обновлена успешно.
24.04.12 17:41:06.160 I> Main|7004 [DefaultUdpEventServer] Запуск сервера прошел успешно.
24.04.12 17:41:06.160 I> Main|7004 [EventServerModule] Запуск серверов прошел успешно.
24.04.12 17:41:06.292 I> Main|7004 [Core] Начало снятия дампа модулей ...
24.04.12 17:41:06.313 I> Main|7004 [Core] Модуль=C:\Program Files\Firebird\Firebird_2_5\bin\fbclient.dll Версия=WI-V2.5.1.26351 (2.5.1.26351) Размер=548864 Хеш=BBC0CBBB8F41EA6D3FE27F411B7B1DE0
24.04.12 17:41:06.318 I> Main|7004 [Core] Модуль=C:\Windows\system32\advapi32.dll Версия=6.1.7600.16385 (win7_rtm.090713-1255) (6.1.7600.16385) Размер=640512 Хеш=95E2376B3323F062EB562B8586D0F14A
24.04.12 17:41:06.323 I> Main|7004 [Core] Модуль=C:\Windows\system32\CLBCatQ.DLL Версия=2001.12.8530.16385 (win7_rtm.090713-1255) (6.1.7600.16385) Размер=522240 Хеш=FF5688D309347F2720911D8796912834
24.04.12 17:41:06.327 I> Main|7004 [Core] Модуль=C:\Windows\system32\comdlg32.dll Версия=6.1.7600.16385 (win7_rtm.090713-1255) (6.1.7600.16385) Размер=485888 Хеш=D1DE1EAFDE97BE41CF6585027FF3E732
24.04.12 17:41:06.328 I> Main|7004 [Core] Модуль=C:\Windows\system32\credssp.dll Версия=6.1.7601.17514 (win7sp1_rtm.101119-1850) (6.1.7601.17514) Размер=17408 Хеш=4E5FE39C1076D115EC8BFCFE14D75B80
24.04.12 17:41:06.329 I> Main|7004 [Core] Модуль=C:\Windows\system32\CRYPTBASE.dll Версия=6.1.7600.16385 (win7_rtm.090713-1255) (6.1.7600.16385) Размер=36864 Хеш=F08F6FCD09F9BE94C37ACC1B344685FF
24.04.12 17:41:06.330 I> Main|7004 [Core] Модуль=C:\Windows\system32\cryptdll.dll Версия=6.1.7600.16385 (win7_rtm.090713-1255) (6.1.7600.16385) Размер=58880 Хеш=1128637CAD49A8E3C8B5FA5D0A061525
24.04.12 17:41:06.336 I> Main|7004 [Core] Модуль=C:\Windows\system32\dbghelp.dll Версия=6.1.7601.17514 (win7sp1_rtm.101119-1850) (6.1.7601.17514) Размер=854016 Хеш=53223B673A3FA2F9A4D1C31C8D3F6CD8
24.04.12 17:41:06.337 I> Main|7004 [Core] Модуль=C:\Windows\system32\dhcpcsvc.DLL Версия=6.1.7600.16385 (win7_rtm.090713-1255) (6.1.7600.16385) Размер=61952 Хеш=9A85ABCE0FDD1AF8E79E731EB0B679F3
24.04.12 17:41:06.340 I> Main|7004 [Core] Модуль=C:\Windows\system32\DNSAPI.dll Версия=6.1.7600.16385 (win7_rtm.090713-1255) (6.1.7600.16385) Размер=270336 Хеш=B40420876B9288E0A1C8CCA8A84E5DC9
24.04.12 17:41:06.341 I> Main|7004 [Core] Модуль=C:\Windows\system32\dwmapi.dll Версия=6.1.7600.16385 (win7_rtm.090713-1255) (6.1.7600.16385) Размер=67072 Хеш=39C5F32747B3414D1BB216FDB1DEFC58
24.04.12 17:41:06.343 I> Main|7004 [Core] Модуль=C:\Windows\System32\fwpuclnt.dll Версия=6.1.7600.16385 (win7_rtm.090713-1255) (6.1.7600.16385) Размер=216576 Хеш=03A03A453F1AAAE0C73AAAF895321C7A
24.04.12 17:41:06.346 I> Main|7004 [Core] Модуль=C:\Windows\system32\GDI32.dll Версия=6.1.7601.17514 (win7sp1_rtm.101119-1850) (6.1.7601.17514) Размер=304640 Хеш=E87F5393F7D8CE2FACC4DFF703531392
24.04.12 17:41:06.359 I> Main|7004 [Core] Модуль=C:\Windows\system32\iertutil.dll Версия=9.00.8112.16443 (WIN7_IE9_GDR.120227-1545) (9.00.8112.16443) Размер=1792000 Хеш=1341915D4705A3BA68BC49E83024ADE0
24.04.12 17:41:06.361 I> Main|7004 [Core] Модуль=C:\Windows\system32\IMAGEHLP.DLL Версия=6.1.7601.17787 (win7sp1_gdr.120229-1502) (6.1.7601.17787) Размер=159232 Хеш=B2DB6ABA2E292235749B80A9C3DFA867
24.04.12 17:41:06.362 I> Main|7004 [Core] Модуль=C:\Windows\system32\IMM32.DLL Версия=6.1.7601.17514 (win7sp1_rtm.101119-1850) (6.1.7601.17514) Размер=118272 Хеш=4A8E2F20809CC161107FAA94F6CF2685
24.04.12 17:41:06.364 I> Main|7004 [Core] Модуль=C:\Windows\system32\iphlpapi.dll Версия=6.1.7600.16385 (win7_rtm.090713-1255) (6.1.7600.16385) Размер=103936 Хеш=A90DC9ABD65DB1A8902F361103029952
24.04.12 17:41:06.370 I> Main|7004 [Core] Модуль=C:\Windows\system32\kernel32.dll Версия=6.1.7600.16385 (win7_rtm.090713-1255) (6.1.7600.16385) Размер=868352 Хеш=E570CBD732848438EAC574EB3442A2A8
24.04.12 17:41:06.373 I> Main|7004 [Core] Модуль=C:\Windows\system32\KERNELBASE.dll Версия=6.1.7600.16385 (win7_rtm.090713-1255) (6.1.7600.16385) Размер=290816 Хеш=A9F8E23C1FC00190376B11FFAD9DE6C6
24.04.12 17:41:06.375 I> Main|7004 [Core] Модуль=C:\Windows\system32\LPK.dll Версия=6.1.7600.16385 (win7_rtm.090713-1255) (6.1.7600.16385) Размер=26624 Хеш=4F154D2C9C6DF951FD6E5AABBAE6B5EE
24.04.12 17:41:06.376 I> Main|7004 [Core] Модуль=C:\Windows\system32\mpr.dll Версия=6.1.7600.16385 (win7_rtm.090713-1255) (6.1.7600.16385) Размер=64000 Хеш=B9A8CBCFCD3EC9D2EA4740AF347BF108
24.04.12 17:41:06.382 I> Main|7004 [Core] Модуль=C:\Windows\system32\MSCTF.dll Версия=6.1.7600.16385 (win7_rtm.090713-1255) (6.1.7600.16385) Размер=828928 Хеш=C9618BC9B2B0FD7C1138D8774795A79B
24.04.12 17:41:06.383 I> Main|7004 [Core] Модуль=C:\Windows\system32\msimg32.dll Версия=6.1.7600.16385 (win7_rtm.090713-1255) (6.1.7600.16385) Размер=4608 Хеш=18AB2E5A40064ED5F7791AC5946A90F3
24.04.12 17:41:06.385 I> Main|7004 [Core] Модуль=C:\Windows\system32\msv1_0.DLL Версия=6.1.7600.16385 (win7_rtm.090713-1255) (6.1.7600.16385) Размер=257024 Хеш=4C1E16B9A53102C8D6FBA587CBCB95DE
24.04.12 17:41:06.391 I> Main|7004 [Core] Модуль=C:\Windows\system32\msvcrt.dll Версия=7.0.7601.17744 (win7sp1_gdr.111215-1535) (7.0.7601.17744) Размер=690688 Хеш=9DC80A8AAAAAC397BDAB3C67165A824E
24.04.12 17:41:06.393 I> Main|7004 [Core] Модуль=C:\Windows\System32\mswsock.dll Версия=6.1.7600.16385 (win7_rtm.090713-1255) (6.1.7600.16385) Размер=232448 Хеш=8999B8631C7FD9F7F9EC3CAFD953BA24
24.04.12 17:41:06.396 I> Main|7004 [Core] Модуль=C:\Windows\system32\napinsp.dll Версия=6.1.7600.16385 (win7_rtm.090713-1255) (6.1.7600.16385) Размер=52224 Хеш=0B7E85364CB878E2AD531DB7B601A9E5
24.04.12 17:41:06.398 I> Main|7004 [Core] Модуль=C:\Windows\system32\netapi32.dll Версия=6.1.7601.17514 (win7sp1_rtm.101119-1850) (6.1.7601.17514) Размер=56832 Хеш=8CE1A6D16B9077E91E192499EB611C5F
24.04.12 17:41:06.399 I> Main|7004 [Core] Модуль=C:\Windows\system32\netutils.dll Версия=6.1.7601.17514 (win7sp1_rtm.101119-1850) (6.1.7601.17514) Размер=22528 Хеш=20B3934DB73EABA2B49B7177873CB81F
24.04.12 17:41:06.400 I> Main|7004 [Core] Модуль=C:\Windows\system32\NLAapi.dll Версия=6.1.7601.17514 (win7sp1_rtm.101119-1850) (6.1.7601.17514) Размер=52224 Хеш=104A1070E90F1C530328E69B49718841
24.04.12 17:41:06.401 I> Main|7004 [Core] Модуль=C:\Windows\system32\Normaliz.dll Версия=6.1.7600.16385 (win7_rtm.090713-1255) (6.1.7600.16385) Размер=2048 Хеш=9C278785347BCC991F8EA2999D90F58D
24.04.12 17:41:06.402 I> Main|7004 [Core] Модуль=C:\Windows\system32\NSI.dll Версия=6.1.7600.16385 (win7_rtm.090713-1255) (6.1.7600.16385) Размер=8704 Хеш=6377051C63D5552A311935C67E9FDFDC
24.04.12 17:41:06.410 I> Main|7004 [Core] Модуль=C:\Windows\SYSTEM32\ntdll.dll Версия=6.1.7600.16385 (win7_rtm.090713-1255) (6.1.7600.16385) Размер=1288472 Хеш=C30A91ADE8C9CB91E4281EC83C4500C6
24.04.12 17:41:06.419 I> Main|7004 [Core] Модуль=C:\Windows\system32\ole32.dll Версия=6.1.7600.16385 (win7_rtm.090713-1255) (6.1.7600.16385) Размер=1414144 Хеш=928CF7268086631F54C3D8E17238C6DD
24.04.12 17:41:06.421 I> Main|7004 [Core] Модуль=C:\Windows\system32\oleacc.dll Версия=7.0.0.0 (win7sp1_gdr.110826-1504) (6.1.7601.17676) Размер=233472 Хеш=8E01332CC4B68BC6B5B7EFFE374442AA
24.04.12 17:41:06.425 I> Main|7004 [Core] Модуль=C:\Windows\system32\oleaut32.dll Версия=6.1.7601.17676 (6.1.7601.17676) Размер=571904 Хеш=6C765E82B57F2E66CE9C54AC238471D9
24.04.12 17:41:06.427 I> Main|7004 [Core] Модуль=C:\Windows\system32\oledlg.dll Версия=6.1.7600.16385 (win7_rtm.090713-1255) (6.1.7600.16385) Размер=103424 Хеш=936F728E04ACCF3F38801CFFCF1E3F40
24.04.12 17:41:06.428 I> Main|7004 [Core] Модуль=C:\Windows\system32\olepro32.dll Версия=6.1.7601.17514 (6.1.7601.17514) Размер=90112 Хеш=703FFD301AB900B047337C5D40FD6F96
24.04.12 17:41:06.430 I> Main|7004 [Core] Модуль=C:\Windows\system32\pnrpnsp.dll Версия=6.1.7600.16385 (win7_rtm.090713-1255) (6.1.7600.16385) Размер=65024 Хеш=5CF640EDDB1E40A5AB1BB743BCDEC610
24.04.12 17:41:06.430 I> Main|7004 [Core] Модуль=C:\Windows\system32\psapi.dll Версия=6.1.7600.16385 (win7_rtm.090713-1255) (6.1.7600.16385) Размер=6144 Хеш=A543AC1F7138376D778D630A35FCBC4C
24.04.12 17:41:06.431 I> Main|7004 [Core] Модуль=C:\Windows\system32\rasadhlp.dll Версия=6.1.7600.16385 (win7_rtm.090713-1255) (6.1.7600.16385) Размер=11776 Хеш=ED6EE83D61EBC683C2CD8E899EA6FEBE
24.04.12 17:41:06.434 I> Main|7004 [Core] Модуль=C:\Windows\system32\rasapi32.dll Версия=6.1.7600.16385 (win7_rtm.090713-1255) (6.1.7600.16385) Размер=325120 Хеш=839F96DBAAFD3353E0B248A5E0BD2A51
24.04.12 17:41:06.435 I> Main|7004 [Core] Модуль=C:\Windows\system32\rasman.dll Версия=6.1.7600.16385 (win7_rtm.090713-1255) (6.1.7600.16385) Размер=76800 Хеш=FFA7172354B9256DBB2CDD75F16F33FE
24.04.12 17:41:06.438 I> Main|7004 [Core] Модуль=C:\Windows\system32\RICHED20.DLL Версия=5.31.23.1230 (3.1) Размер=473600 Хеш=102CF6879887BBE846A00C459E6D4ABC
24.04.12 17:41:06.443 I> Main|7004 [Core] Модуль=C:\Windows\system32\RPCRT4.dll Версия=6.1.7600.16385 (win7_rtm.090713-1255) (6.1.7600.16385) Размер=653312 Хеш=6400774E903729ADD0A62A24A334EE56
24.04.12 17:41:06.444 I> Main|7004 [Core] Модуль=C:\Windows\SYSTEM32\sechost.dll Версия=6.1.7600.16385 (win7_rtm.090713-1255) (6.1.7600.16385) Размер=92160 Хеш=CFC97F07904067A1E5FAE195D534DA3A
24.04.12 17:41:06.445 I> Main|7004 [Core] Модуль=C:\Windows\system32\secur32.dll Версия=6.1.7601.17725 (win7sp1_gdr.111116-1503) (6.1.7601.17725) Размер=22016 Хеш=69678722290C78D5D7198C60B5A4E3E8
24.04.12 17:41:06.524 I> Main|7004 [Core] Модуль=C:\Windows\system32\shell32.dll Версия=6.1.7601.17514 (win7sp1_rtm.101119-1850) (6.1.7601.17514) Размер=12872704 Хеш=358FC25391C6733EAF49DB480AFDFD8C
24.04.12 17:41:06.527 I> Main|7004 [Core] Модуль=C:\Windows\system32\SHLWAPI.dll Версия=6.1.7600.16385 (win7_rtm.090713-1255) (6.1.7600.16385) Размер=350208 Хеш=8CC3C111D653E96F3EA1590891491D71
24.04.12 17:41:06.528 I> Main|7004 [Core] Модуль=C:\Windows\system32\srvcli.dll Версия=6.1.7601.17514 (win7sp1_rtm.101119-1850) (6.1.7601.17514) Размер=90112 Хеш=5CCDCD40E732D54E0F7451AC66AC1C87
24.04.12 17:41:06.529 I> Main|7004 [Core] Модуль=C:\Windows\system32\SspiCli.dll Версия=6.1.7601.17725 (win7sp1_gdr.111116-1503) (6.1.7601.17725) Размер=100352 Хеш=4A054C853031616D161A84BECF281F47
24.04.12 17:41:06.532 I> Main|7004 [Core] Модуль=C:\Windows\System32\SYSFER.DLL Версия=12.1.1000.157 (12.1.1000.157) Размер=374704 Хеш=2F79E95D888CCA32F4B984C17B5D897E
24.04.12 17:41:06.540 I> Main|7004 [Core] Модуль=C:\Windows\system32\URLMON.DLL Версия=9.00.8112.16421 (WIN7_IE9_RTM.110308-0330) (9.00.8112.16421) Размер=1103360 Хеш=4C162B2A8E175F46DB41B21C77688221
24.04.12 17:41:06.545 I> Main|7004 [Core] Модуль=C:\Windows\system32\USER32.dll Версия=6.1.7601.17514 (win7sp1_rtm.101119-1850) (6.1.7601.17514) Размер=811520 Хеш=F1DD3ACAEE5E6B4BBC69BC6DF75CEF66
24.04.12 17:41:06.549 I> Main|7004 [Core] Модуль=C:\Windows\system32\USP10.dll Версия=1.0626.7601.17514 (win7sp1_rtm.101119-1850) (1.0626.7601.17514) Размер=626176 Хеш=804AAAFEBB3AD5F49334DD906BCB1DE5
24.04.12 17:41:06.552 I> Main|7004 [Core] Модуль=C:\Windows\system32\uxtheme.dll Версия=6.1.7600.16385 (win7_rtm.090713-1255) (6.1.7600.16385) Размер=249856 Хеш=63BFDF555DA2075A77D677829C3CCCD0
24.04.12 17:41:06.553 I> Main|7004 [Core] Модуль=C:\Windows\system32\version.dll Версия=6.1.7600.16385 (win7_rtm.090713-1255) (6.1.7600.16385) Размер=21504 Хеш=702254574E7E52052DE39408457B7149
24.04.12 17:41:06.560 I> Main|7004 [Core] Модуль=C:\Windows\system32\WININET.dll Версия=9.00.8112.16421 (WIN7_IE9_RTM.110308-0330) (9.00.8112.16421) Размер=1127424 Хеш=44465367256D1C72B58F5ABAA19E7016
24.04.12 17:41:06.562 I> Main|7004 [Core] Модуль=C:\Windows\system32\winmm.dll Версия=6.1.7600.16385 (win7_rtm.090713-1255) (6.1.7600.16385) Размер=194048 Хеш=D5AEFAD57C08349A4393D987DF7C715D
24.04.12 17:41:06.563 I> Main|7004 [Core] Модуль=C:\Windows\system32\WINNSI.DLL Версия=6.1.7600.16385 (win7_rtm.090713-1255) (6.1.7600.16385) Размер=16896 Хеш=CFF35B879D1618D42C86644C717BA947
24.04.12 17:41:06.563 I> Main|7004 [Core] Модуль=C:\Windows\System32\winrnr.dll Версия=6.1.7600.16385 (win7_rtm.090713-1255) (6.1.7600.16385) Размер=20992 Хеш=5DF5D8CFD9B9573FA3B2C89D9061A240
24.04.12 17:41:06.566 I> Main|7004 [Core] Модуль=C:\Windows\system32\winspool.drv Версия=6.1.7600.16385 (win7_rtm.090713-1255) (6.1.7600.16385) Размер=320000 Хеш=9E4B0E7472B4CEBA9E17F440B8CB0AB8
24.04.12 17:41:06.567 I> Main|7004 [Core] Модуль=C:\Windows\system32\wkscli.dll Версия=6.1.7601.17514 (win7sp1_rtm.101119-1850) (6.1.7601.17514) Размер=47104 Хеш=E5A4A1326A02F8E7B59E6C3270CE7202
24.04.12 17:41:06.569 I> Main|7004 [Core] Модуль=C:\Windows\system32\WS2_32.dll Версия=6.1.7600.16385 (win7_rtm.090713-1255) (6.1.7600.16385) Размер=206848 Хеш=7FF15A4F092CD4A96055BA69F903E3E9
24.04.12 17:41:06.570 I> Main|7004 [Core] Модуль=C:\Windows\system32\wshbth.dll Версия=6.1.7601.17514 (win7sp1_rtm.101119-1850) (6.1.7601.17514) Размер=36352 Хеш=AC122407B29378FF9646F03404AC7C54
24.04.12 17:41:06.571 I> Main|7004 [Core] Модуль=C:\Windows\System32\wshtcpip.dll Версия=6.1.7600.16385 (win7_rtm.090713-1255) (6.1.7600.16385) Размер=9216 Хеш=EE5C8E27C37B79CB54A2FCEEED2DC262
24.04.12 17:41:06.571 I> Main|7004 [Core] Модуль=C:\Windows\system32\wsock32.dll Версия=6.1.7600.16385 (win7_rtm.090713-1255) (6.1.7600.16385) Размер=15360 Хеш=DF13A51A5C591887D2EC6AE64CEED0FA
24.04.12 17:41:06.576 I> Main|7004 [Core] Модуль=C:\Windows\WinSxS\x86_microsoft.vc80.crt_1fc8b3b9a1e18e3b_8.0.50727.4940_none_d08cc06a442b34fc\MSVCR80.dll Версия=8.00.50727.4940 (8.00.50727.4940) Размер=632656 Хеш=5FF5E12F28725D14CAA3B408848ADFFC
24.04.12 17:41:06.586 I> Main|7004 [Core] Модуль=C:\Windows\WinSxS\x86_microsoft.windows.common-controls_6595b64144ccf1df_6.0.7601.17514_none_41e6975e2bd6f2b2\comctl32.dll Версия=6.10 (win7_rtm.090713-1255) (6.1.7600.16385) Размер=1680896 Хеш=352B3DC62A0D259A82A052238425C872
24.04.12 17:41:06.590 I> Main|7004 [Core] Модуль=U:\bin\cmuibase.bpl Версия=2.0.0.78 (2.0) Размер=493568 Хеш=762A86F7D836B2F81205DB1209298C88
24.04.12 17:41:06.598 I> Main|7004 [Core] Модуль=U:\bin\core.bpl Версия=2.0.0.114 (2.0) Размер=1350656 Хеш=B9651DD5C2B466DD51906107EF9EE90A
24.04.12 17:41:06.600 I> Main|7004 [Core] Модуль=U:\bin\dbrtl100.bpl Версия=11.0.2902.10471 (11.0) Размер=295936 Хеш=DBDB4B33B1001AEC960FD4CF54AA5729
24.04.12 17:41:06.601 I> Main|7004 [Core] Модуль=U:\bin\inet100.bpl Версия=11.0.2902.10471 (11.0) Размер=128512 Хеш=D1BD3489708EBF14FB9EE7A476749A35
24.04.12 17:41:06.621 I> Main|7004 [Core] Модуль=U:\bin\objects.bpl Версия=2.0.0.60 (2.0) Размер=3245568 Хеш=F46A1DA1595AD78D52895936EBC94D58
24.04.12 17:41:06.628 I> Main|7004 [Core] Модуль=U:\bin\omnet.bpl Версия=2.0.0.76 (2.0) Размер=1124352 Хеш=493E4F49125F55E4DD9E92355A6BCC10
24.04.12 17:41:06.634 I> Main|7004 [Core] Модуль=U:\bin\rtl100.bpl Версия=11.0.2902.10471 (11.0) Размер=853504 Хеш=EE4751299FEBFAB77E689C60721EF218
24.04.12 17:41:06.635 I> Main|7004 [Core] Модуль=U:\bin\smhttp.bpl Версия=2.0.0.79 (2.0) Размер=115712 Хеш=AF76B84C97C5B4D278A993ABF5320F82
24.04.12 17:41:06.636 I> Main|7004 [Core] Модуль=U:\bin\smhttpplt.bpl Версия=2.0.0.77 (2.0) Размер=52224 Хеш=DA407DC17AA9201CBBA34471245AAD29
24.04.12 17:41:06.637 I> Main|7004 [Core] Модуль=U:\bin\smudpevt.bpl Версия=2.0.0.75 (2.0) Размер=77824 Хеш=A5461FCCC0631F4C447AB64D3F82E243
24.04.12 17:41:06.638 I> Main|7004 [Core] Модуль=U:\bin\taxi.exe Версия=2.0.0.65 (2.0) Размер=28160 Хеш=62D483CCB7B0E83E75266B873358917B
24.04.12 17:41:06.649 I> Main|7004 [Core] Модуль=U:\bin\vcl100.bpl Версия=11.0.2902.10471 (11.0) Размер=1874944 Хеш=AA2BAEE9C50AB6FED72DE7C8867DFF49
24.04.12 17:41:06.652 I> Main|7004 [Core] Модуль=U:\bin\vclactnband100.bpl Версия=11.0.2902.10471 (11.0) Размер=306688 Хеш=D50A5F298A1758FE7AB5CD4B58B73618
24.04.12 17:41:06.654 I> Main|7004 [Core] Модуль=U:\bin\vcldb100.bpl Версия=11.0.2902.10471 (11.0) Размер=274432 Хеш=3D7B16B8A4FE5F870F5DB686520A3B0C
24.04.12 17:41:06.658 I> Main|7004 [Core] Модуль=U:\bin\vcliex100.bpl Версия=11.0.2902.10471 (11.0) Размер=592896 Хеш=9233525B9C4A816546257C8BEC09F554
24.04.12 17:41:06.659 I> Main|7004 [Core] Модуль=U:\bin\vclimg100.bpl Версия=11.0.2902.10471 (11.0) Размер=119808 Хеш=F0CEAE65DAF074A42E1A02B185E0759A
24.04.12 17:41:06.660 I> Main|7004 [Core] Модуль=U:\bin\vcljpg100.bpl Версия=11.0.2902.10471 (11.0) Размер=97792 Хеш=341D1B2786F3E5FC4A4360A326656B37
24.04.12 17:41:06.662 I> Main|7004 [Core] Модуль=U:\bin\vclx100.bpl Версия=11.0.2902.10471 (11.0) Размер=198656 Хеш=F8294F14C9D7D9B5004D13A84ABD83C8
24.04.12 17:41:06.662 I> Main|7004 [Core] Окончание снятия дампа модулей.
24.04.12 17:41:13.602 I> HttpServer|6336 [InternalHttpServer] Установлено соединение с ip-адресом 192.168.0.7:54667
24.04.12 17:41:13.603 I> HttpServer|6336 [InternalHttpServer] Запрошена страница [192.168.0.7:55512 GET /krasplat/payment?action=payment&time_p=1335244108&acc=007&sum=10.00&id_p=25039&md5=2607021476b77059bc1c602d930ae130 HTTP/1.1]
24.04.12 17:41:13.604 I> HttpServer|6336 [InternalHttpServer] CacheControl= 
24.04.12 17:41:13.604 I> HttpServer|6336 [InternalHttpServer] Connection=Keep-Alive
24.04.12 17:41:13.604 I> HttpServer|6336 [InternalHttpServer] ContentEncoding= 
24.04.12 17:41:13.604 I> HttpServer|6336 [InternalHttpServer] ContentLanguage= 
24.04.12 17:41:13.604 I> HttpServer|6336 [InternalHttpServer] ContentLength=-1
24.04.12 17:41:13.604 I> HttpServer|6336 [InternalHttpServer] ContentRangeEnd=0
24.04.12 17:41:13.604 I> HttpServer|6336 [InternalHttpServer] ContentRangeStart=0
24.04.12 17:41:13.604 I> HttpServer|6336 [InternalHttpServer] ContentRangeInstanceLength=0
24.04.12 17:41:13.604 I> HttpServer|6336 [InternalHttpServer] ContentType= 
24.04.12 17:41:13.604 I> HttpServer|6336 [InternalHttpServer] ContentVersion= 
24.04.12 17:41:13.604 I> HttpServer|6336 [InternalHttpServer] CustomHeaders=38205152
24.04.12 17:41:13.604 I> HttpServer|6336 [InternalHttpServer] Date=0
24.04.12 17:41:13.604 I> HttpServer|6336 [InternalHttpServer] Expires=0
24.04.12 17:41:13.604 I> HttpServer|6336 [InternalHttpServer] LastModified=0
24.04.12 17:41:13.604 I> HttpServer|6336 [InternalHttpServer] Pragma= 
24.04.12 17:41:13.604 I> HttpServer|6336 [InternalHttpServer] Accept=text/html, application/xhtml+xml, */*
24.04.12 17:41:13.604 I> HttpServer|6336 [InternalHttpServer] AcceptCharSet= 
24.04.12 17:41:13.604 I> HttpServer|6336 [InternalHttpServer] AcceptEncoding=gzip, deflate
24.04.12 17:41:13.604 I> HttpServer|6336 [InternalHttpServer] AcceptLanguage=ru-RU
24.04.12 17:41:13.604 I> HttpServer|6336 [InternalHttpServer] BasicAuthentication=False
24.04.12 17:41:13.604 I> HttpServer|6336 [InternalHttpServer] Host=192.168.0.7:55512
24.04.12 17:41:13.604 I> HttpServer|6336 [InternalHttpServer] From= 
24.04.12 17:41:13.604 I> HttpServer|6336 [InternalHttpServer] Password= 
24.04.12 17:41:13.604 I> HttpServer|6336 [InternalHttpServer] Referer= 
24.04.12 17:41:13.604 I> HttpServer|6336 [InternalHttpServer] UserAgent=Mozilla/5.0 (compatible; MSIE 9.0; Windows NT 6.1; Trident/5.0)
24.04.12 17:41:13.604 I> HttpServer|6336 [InternalHttpServer] Username= 
24.04.12 17:41:13.604 I> HttpServer|6336 [InternalHttpServer] ProxyConnection= 
24.04.12 17:41:13.605 I> HttpServer|6336 [InternalHttpServer] Range= 
24.04.12 17:41:13.605 I> HttpServer|6336 [InternalHttpServer] AuthExists=False
24.04.12 17:41:13.605 I> HttpServer|6336 [InternalHttpServer] AuthPassword= 
24.04.12 17:41:13.605 I> HttpServer|6336 [InternalHttpServer] AuthUsername= 
24.04.12 17:41:13.605 I> HttpServer|6336 [InternalHttpServer] Command=GET
24.04.12 17:41:13.605 I> HttpServer|6336 [InternalHttpServer] CommandType=hcGET
24.04.12 17:41:13.605 I> HttpServer|6336 [InternalHttpServer] Document=/krasplat/payment
24.04.12 17:41:13.605 I> HttpServer|6336 [InternalHttpServer] RawHTTPCommand=GET /krasplat/payment?action=payment&time_p=1335244108&acc=007&sum=10.00&id_p=25039&md5=2607021476b77059bc1c602d930ae130 HTTP/1.1
24.04.12 17:41:13.605 I> HttpServer|6336 [InternalHttpServer] RemoteIP=192.168.0.7
24.04.12 17:41:13.605 I> HttpServer|6336 [InternalHttpServer] UnparsedParams=action=payment&time_p=1335244108&acc=007&sum=10.00&id_p=25039&md5=2607021476b77059bc1c602d930ae130
24.04.12 17:41:13.605 I> HttpServer|6336 [InternalHttpServer] Version=HTTP/1.1
24.04.12 17:41:13.669 I> HttpServer|6336 [FirstUIBaseConnection] 78754E0C9AF2B1474E191F1BF3E38AE1: Начало получения записей ...
24.04.12 17:41:13.670 I> HttpServer|6336 [FirstUIBaseConnection] 78754E0C9AF2B1474E191F1BF3E38AE1: Запрос получения записей => SELECT "ACCOUNT_ID","SURNAME","NAME","PATRONYMIC" FROM S_ACCOUNTS  WHERE ("LOCKED" = 0 AND UPPER("USER_NAME") = '007')
24.04.12 17:41:13.699 I> HttpServer|6336 [FirstUIBaseConnection] 78754E0C9AF2B1474E191F1BF3E38AE1: Записи получены успешно.
24.04.12 17:41:13.699 I> HttpServer|6336 [FirstUIBaseConnection] 78754E0C9AF2B1474E191F1BF3E38AE1: Начало обновления сессии ...
24.04.12 17:41:13.699 I> HttpServer|6336 [FirstUIBaseConnection] 78754E0C9AF2B1474E191F1BF3E38AE1: Запрос обновления сессии => UPDATE SESSIONS SET DATE_CHANGE=CURRENT_TIMESTAMP, QUERY_TEXT=:QUERY_TEXT, DURATION=:DURATION WHERE SESSION_ID='78754E0C9AF2B1474E191F1BF3E38AE1'
24.04.12 17:41:13.710 I> HttpServer|6336 [FirstUIBaseConnection] 78754E0C9AF2B1474E191F1BF3E38AE1: Сессия обновлена успешно.
24.04.12 17:41:13.885 E> HttpServer|6336 [ExceptNotifier] Exception=EListError: List index out of bounds (0)
24.04.12 17:41:17.016 E> HttpServer|6336 [ExceptNotifier] Exception=EListError: List index out of bounds (0)
24.04.12 17:41:19.009 I> HttpServer|6336 [FirstUIBaseConnection] 78754E0C9AF2B1474E191F1BF3E38AE1: Начало выполнения процедуры ...
24.04.12 17:41:19.009 I> HttpServer|6336 [FirstUIBaseConnection] 78754E0C9AF2B1474E191F1BF3E38AE1: Имя процедуры => CREATE_PAYMENT
24.04.12 17:41:19.764 I> HttpServer|6336 [FirstUIBaseConnection] 78754E0C9AF2B1474E191F1BF3E38AE1: Параметр => RECEIPT_ID Тип параметра => ptInput Тип данных => uftVarchar Значение => 66D38DC894C8AF504D2D90E9921758C2
24.04.12 17:41:19.764 I> HttpServer|6336 [FirstUIBaseConnection] 78754E0C9AF2B1474E191F1BF3E38AE1: Параметр => ACCOUNT_ID Тип параметра => ptInput Тип данных => uftVarchar Значение => B3FADBEAE215802A448837DBC696E662
24.04.12 17:41:19.765 I> HttpServer|6336 [FirstUIBaseConnection] 78754E0C9AF2B1474E191F1BF3E38AE1: Параметр => WHO_CREATE_ID Тип параметра => ptInput Тип данных => uftVarchar Значение => 18CA3F02460BAFD74320C618470A4782
24.04.12 17:41:19.765 I> HttpServer|6336 [FirstUIBaseConnection] 78754E0C9AF2B1474E191F1BF3E38AE1: Параметр => SUM_RECEIPT Тип параметра => ptInput Тип данных => uftNumeric Значение => 10
24.04.12 17:41:19.765 I> HttpServer|6336 [FirstUIBaseConnection] 78754E0C9AF2B1474E191F1BF3E38AE1: Параметр => DATE_RECEIPT Тип параметра => ptInput Тип данных => uftTimestamp Значение => 24.04.2012 5:08:28
24.04.12 17:41:19.765 I> HttpServer|6336 [FirstUIBaseConnection] 78754E0C9AF2B1474E191F1BF3E38AE1: Параметр => DESCRIPTION Тип параметра => ptInput Тип данных => uftVarchar Значение => 25039
24.04.12 17:41:19.765 I> HttpServer|6336 [FirstUIBaseConnection] 78754E0C9AF2B1474E191F1BF3E38AE1: Параметры заданы. Запуск процедуры ...
24.04.12 17:41:19.840 I> HttpServer|6336 [FirstUIBaseConnection] 78754E0C9AF2B1474E191F1BF3E38AE1: Параметр => RECEIPT_ID Тип параметра => ptInput Тип данных => ftString Значение => 66D38DC894C8AF504D2D90E9921758C2
24.04.12 17:41:19.840 I> HttpServer|6336 [FirstUIBaseConnection] 78754E0C9AF2B1474E191F1BF3E38AE1: Параметр => ACCOUNT_ID Тип параметра => ptInput Тип данных => ftString Значение => B3FADBEAE215802A448837DBC696E662
24.04.12 17:41:19.840 I> HttpServer|6336 [FirstUIBaseConnection] 78754E0C9AF2B1474E191F1BF3E38AE1: Параметр => WHO_CREATE_ID Тип параметра => ptInput Тип данных => ftString Значение => 18CA3F02460BAFD74320C618470A4782
24.04.12 17:41:19.840 I> HttpServer|6336 [FirstUIBaseConnection] 78754E0C9AF2B1474E191F1BF3E38AE1: Параметр => SUM_RECEIPT Тип параметра => ptInput Тип данных => ftFloat Значение => 10
24.04.12 17:41:19.840 I> HttpServer|6336 [FirstUIBaseConnection] 78754E0C9AF2B1474E191F1BF3E38AE1: Параметр => DATE_RECEIPT Тип параметра => ptInput Тип данных => ftDateTime Значение => 24.04.2012 5:08:28
24.04.12 17:41:19.840 I> HttpServer|6336 [FirstUIBaseConnection] 78754E0C9AF2B1474E191F1BF3E38AE1: Параметр => DESCRIPTION Тип параметра => ptInput Тип данных => ftString Значение => 25039
24.04.12 17:41:19.840 I> HttpServer|6336 [FirstUIBaseConnection] 78754E0C9AF2B1474E191F1BF3E38AE1: Параметр => PAYMENT_EXISTS Тип параметра => ptOutput Тип данных => ftInteger Значение => 0
24.04.12 17:41:19.849 I> HttpServer|6336 [FirstUIBaseConnection] 78754E0C9AF2B1474E191F1BF3E38AE1: Процедура выполнена успешно.
24.04.12 17:41:19.850 I> HttpServer|6336 [FirstUIBaseConnection] 78754E0C9AF2B1474E191F1BF3E38AE1: Начало обновления сессии ...
24.04.12 17:41:19.851 I> HttpServer|6336 [FirstUIBaseConnection] 78754E0C9AF2B1474E191F1BF3E38AE1: Запрос обновления сессии => UPDATE SESSIONS SET DATE_CHANGE=CURRENT_TIMESTAMP, QUERY_TEXT=:QUERY_TEXT, DURATION=:DURATION WHERE SESSION_ID='78754E0C9AF2B1474E191F1BF3E38AE1'
24.04.12 17:41:19.853 I> HttpServer|6336 [FirstUIBaseConnection] 78754E0C9AF2B1474E191F1BF3E38AE1: Сессия обновлена успешно.
24.04.12 17:41:19.854 I> HttpServer|6336 [InternalHttpServer] Разорвано соединение. Время => 6251
