ate0
OK
Марка телефона - команда -> ati3

Sony Ericsson K700 Bluetooth Modem

OK
Производитель - команда -> at+cgmi

Sony Ericsson

OK
Модель телефона - команда -> at+cgmm

AAB-1021041-BV

OK
 PIN-код - команда -> at+cpin?

+CPIN: READY

OK
P IN-код состояние - команда -> at+cpin=?

+CPIN: (READY,SIM PIN,SIM PUK,SIM PIN2,SIM PUK2,PH-SIM PIN,PH-NET PIN,PH-NETSUB PIN,PH-SP PIN,PH-CORP PIN,PH-ESL PIN,PH-SIMLOCK PIN,BLOCKED)

OK
Версия ПО ("прошивка") - команда -> at+cgmr

R2AE033  R2AE033     prgCXC125821_EU_1_C

OK
Номер СМС-центра - команда -> at+csca?

+CSCA: "79029910000",145

OK
 - команда -> at+CMGF=0

OK
 - команда -> at+CMGF?

+CMGF: 0

OK
 - команда -> at+CMGF=1

+CMS ERROR: 303
 - команда -> at+CMGF?

+CMGF: 0

OK
 - команда -> at+CMGF=0

OK
 - команда -> at+CMGF?

+CMGF: 0

OK
>Список всех AT-команд Вашего телефона - команда -> at+clac

&F
*
*EACS
*ECAM
*ECSCA
*EIBA
*EKSE
*EPEE
*EPHD
*ESOM
+BLDN
+CACM
+CAMM
+CFUN
+CGSMS
+CGSN
+CHUP
+CIMI
+CIND
+CKPD
+CLAC
+CLCC
+CMER
+CMGC
+CMGD
+CMGF
+CMGL
+CMGR
+CMGS
+CMGW
+CMSS
+CNMI
+CNUM
+COPS
+CPAS
+CPBF
+CPBR
+CPBS
+CPBW
+CPIN
+CPMS
+CPOL
+CPWD
+CREG
+CSCA
+CSCB
+CSMS
+CSSN
+CUSD
+VGM
+VGS
+VTS
A
D
H
Z
/
&C
&D
&F
&W
*
*EDEBUGMUX
*EIAAUR
*EIAAUW
*EIABTR
*EIABTW
*EIAC
*EIACSR
*EIACSW
*EIAD
*EIADNSV6R
*EIADNSV6W
*EIAIPCPR
*EIAIPCPW
*EIALCPR
*EIALCPW
*EIAPSR
*EIAPSW
*EIAR
*EIARUTD
*EIARUTR
*EIARUTW
*EIAW
*EINA
*ELIN
*EOBEX
*ESIR
*ETUP
+CBST
+CDIP
+CEER
+CGACT
+CGATT
+CGCMOD
+CGCMOD
+CGDATA
+CGDATA
+CGDCONT
+CGEREP
+CGMI
+CGMM
+CGMR
+CGPADDR
+CGPADDR
+CGQMIN
+CGQREQ
+CGREG
+CHSC
+CHSD
+CHSN
+CHSR
+CHSU
+CHUP
+CLAC
+CLIP
+CLIR
+CMEE
+CMUX
+COLP
+CPROT
+CR
+CRC
+CRLP
+CSCS
+CV120
+CVHU
+DR
+DS
+FCLASS
+GCAP
+GMI
+GMM
+GMR
+ICF
+IFC
+ILRR
+IPR
A
D
E
H
I
L
M
O
P
Q
S0
S10
S2
S3
S4
S5
S6
S7
S8
T
V
X
Z

OK
