ate0
OK
Марка телефона - команда -> ati3

Sony Ericsson K700 Bluetooth Modem

OK
Производитель - команда -> at+cgmi

Sony Ericsson

OK
Модель телефона - команда -> at+cgmm

AAB-1021041-BV

OK
 PIN-код - команда -> at+cpin?

+CPIN: READY

OK
P IN-код состояние - команда -> at+cpin=?

+CPIN: (READY,SIM PIN,SIM PUK,SIM PIN2,SIM PUK2,PH-SIM PIN,PH-NET PIN,PH-NETSUB PIN,PH-SP PIN,PH-CORP PIN,PH-ESL PIN,PH-SIMLOCK PIN,BLOCKED)

OK
Версия ПО ("прошивка") - команда -> at+cgmr

R2AE033  R2AE033     prgCXC125821_EU_1_C

OK
Номер СМС-центра - команда -> at+csca?

+CSCA: "79029910000",145

OK
 - команда -> at+CMGF=0

OK
 - команда -> at+CMGF?

+CMGF: 0

OK
 - команда -> at+CMGF=1

+CMS ERROR: 303
 - команда -> at+CMGF?

+CMGF: 0

OK
 - команда -> at+CMGF=0

OK
 - команда -> at+CMGF?

+CMGF: 0

OK
>Список всех AT-команд Вашего телефона - команда -> at+clac

&F
*
*EACS
*ECAM
*ECSCA
*EIBA
*EKSE
*EPEE
*EPHD
*ESOM
+BLDN
+CACM
+CAMM
+CFUN
+CGSMS
+CGSN
+CHUP
+CIMI
+CIND
+CKPD
+CLAC
+CLCC
+CMER
+CMGC
+CMGD
+CMGF
+CMGL
+CMGR
+CMGS
+CMGW
+CMSS
+CNMI
+CNUM
+COPS
+CPAS
+CPBF
+CPBR
+CPBS
+CPBW
+CPIN
+CPMS
+CPOL
+CPWD
+CREG
+CSCA
+CSCB
+CSMS
+CSSN
+CUSD
+VGM
+VGS
+VTS
A
D
H
Z
/
&C
&D
&F
&W
*
*EDEBUGMUX
*EIAAUR
*EIAAUW
*EIABTR
*EIABTW
*EIAC
*EIACSR
*EIACSW
*EIAD
*EIADNSV6R
*EIADNSV6W
*EIAIPCPR
*EIAIPCPW
*EIALCPR
*EIALCPW
*EIAPSR
*EIAPSW
*EIAR
*EIARUTD
*EIARUTR
*EIARUTW
*EIAW
*EINA
*ELIN
*EOBEX
*ESIR
*ETUP
+CBST
+CDIP
+CEER
+CGACT
+CGATT
+CGCMOD
+CGCMOD
+CGDATA
+CGDATA
+CGDCONT
+CGEREP
+CGMI
+CGMM
+CGMR
+CGPADDR
+CGPADDR
+CGQMIN
+CGQREQ
+CGREG
+CHSC
+CHSD
+CHSN
+CHSR
+CHSU
+CHUP
+CLAC
+CLIP
+CLIR
+CMEE
+CMUX
+COLP
+CPROT
+CR
+CRC
+CRLP
+CSCS
+CV120
+CVHU
+DR
+DS
+FCLASS
+GCAP
+GMI
+GMM
+GMR
+ICF
+IFC
+ILRR
+IPR
A
D
E
H
I
L
M
O
P
Q
S0
S10
S2
S3
S4
S5
S6
S7
S8
T
V
X
Z

OK
ВЫБРАТЬ последние звонки  (мои) - команда -> at+cpbs="DC"

OK
ВЫБРАТЬ последние звонки  (мои) - команда -> at+cpbs?

+CPBS: "DC"

OK
ВЫБРАТЬ  номера  (моего телефона) - команда -> at+cpbs="ON"

ERROR
ВЫБРАТЬ  номера  (моего телефона) - команда -> at+cpbs?

+CPBS: "DC"

OK
>СМС сервисы - команда -> at+csms=?

+CSMS: (0)

OK
Тест-устойчивости-соединения-Cycle100-в конце-получить-инфо--из-телефона - команда -> at+cgsn

354009008007836

OK
Тест-устойчивости-соединения-Cycle100-в конце-получить-инфо--из-телефона - команда -> at+csq

+CSQ: 31,99

OK
Тест-устойчивости-соединения-Cycle100-в конце-получить-инфо--из-телефона - команда -> at+cclk?

+CCLK: "09/03/03,12:27:49+28"

OK
Тест-устойчивости-соединения-Cycle100-в конце-получить-инфо--из-телефона - команда -> AT+CGDCONT=?

+CGDCONT: (1-10),("IP"),,,(0-1),(0-1)
+CGDCONT: (1-10),("IPV6"),,,(0-1),(0-1)

OK
Тест-устойчивости-соединения-Cycle100-в конце-получить-инфо--из-телефона - команда -> AT+CGDCONT?

+CGDCONT: 1,"IP","internet.etk.ru","0.0.0.0",0,0
+CGDCONT: 2,"IP","wap.sib","0.0.0.0",0,0
+CGDCONT: 3,"IP","mms.sib","0.0.0.0",0,0
+CGDCONT: 4,"IP","internet.sib","0.0.0.0",0,0
+CGDCONT: 5,"IP","mms.etk.ru","0.0.0.0",0,0

OK
Тест-устойчивости-соединения-Cycle100-в конце-получить-инфо--из-телефона - команда -> at+cpbs="SM"

OK
Тест-устойчивости-соединения-Cycle100-в конце-получить-инфо--из-телефона - команда -> at+cpbs?

+CPBS: "SM"

OK
Тест-устойчивости-соединения-Cycle100-в конце-получить-инфо--из-телефона - команда -> at+cpbr=?

+CPBR: (1-100),80,29

OK
Тест-устойчивости-соединения-Cycle100-в конце-получить-инфо--из-телефона - команда -> at+cpbr=1,100

OK
Тест-устойчивости-соединения-Cycle100-в конце-получить-инфо--из-телефона - команда -> at+cgsn

354009008007836

OK
Тест-устойчивости-соединения-Cycle100-в конце-получить-инфо--из-телефона - команда -> at+csq

+CSQ: 31,99

OK
Тест-устойчивости-соединения-Cycle100-в конце-получить-инфо--из-телефона - команда -> at+cclk?

+CCLK: "09/03/03,12:27:52+28"

OK
Тест-устойчивости-соединения-Cycle100-в конце-получить-инфо--из-телефона - команда -> AT+CGDCONT=?

+CGDCONT: (1-10),("IP"),,,(0-1),(0-1)
+CGDCONT: (1-10),("IPV6"),,,(0-1),(0-1)

OK
Тест-устойчивости-соединения-Cycle100-в конце-получить-инфо--из-телефона - команда -> AT+CGDCONT?

+CGDCONT: 1,"IP","internet.etk.ru","0.0.0.0",0,0
+CGDCONT: 2,"IP","wap.sib","0.0.0.0",0,0
+CGDCONT: 3,"IP","mms.sib","0.0.0.0",0,0
+CGDCONT: 4,"IP","internet.sib","0.0.0.0",0,0
+CGDCONT: 5,"IP","mms.etk.ru","0.0.0.0",0,0

OK
Тест-устойчивости-соединения-Cycle100-в конце-получить-инфо--из-телефона - команда -> at+cpbs="SM"

OK
Тест-устойчивости-соединения-Cycle100-в конце-получить-инфо--из-телефона - команда -> at+cpbs?

+CPBS: "SM"

OK
Тест-устойчивости-соединения-Cycle100-в конце-получить-инфо--из-телефона - команда -> at+cpbr=?

+CPBR: (1-100),80,29
Тест-устойчивости-соединения-Cycle100-в конце-получить-инфо--из-телефона - команда -> at+cpbr=1,100

OK
Тест-устойчивости-соединения-Cycle100-в конце-получить-инфо--из-телефона - команда -> at+cgsn

354009008007836

OK
Тест-устойчивости-соединения-Cycle100-в конце-получить-инфо--из-телефона - команда -> at+csq

+CSQ: 31,99

OK
Тест-устойчивости-соединения-Cycle100-в конце-получить-инфо--из-телефона - команда -> at+cclk?

+CCLK: "09/03/03,12:27:55+28"

OK
Тест-устойчивости-соединения-Cycle100-в конце-получить-инфо--из-телефона - команда -> AT+CGDCONT=?

+CGDCONT: (1-10),("IP"),,,(0-1),(0-1)
+CGDCONT: (1-10),("IPV6"),,,(0-1),(0-1)

OK
Тест-устойчивости-соединения-Cycle100-в конце-получить-инфо--из-телефона - команда -> AT+CGDCONT?

+CGDCONT: 1,"IP","internet.etk.ru","0.0.0.0",0,0
+CGDCONT: 2,"IP","wap.sib","0.0.0.0",0,0
+CGDCONT: 3,"IP","mms.sib","0.0.0.0",0,0
+CGDCONT: 4,"IP","internet.sib","0.0.0.0",0,0
+CGDCONT: 5,"IP","mms.etk.ru","0.0.0.0",0,0

OK
Тест-устойчивости-соединения-Cycle100-в конце-получить-инфо--из-телефона - команда -> at+cpbs="SM"

OK
Тест-устойчивости-соединения-Cycle100-в конце-получить-инфо--из-телефона - команда -> at+cpbs?

+CPBS: "SM"

OK
Тест-устойчивости-соединения-Cycle100-в конце-получить-инфо--из-телефона - команда -> at+cpbr=?

+CPBR: (1-100),80,29

OK
Тест-устойчивости-соединения-Cycle100-в конце-получить-инфо--из-телефона - команда -> at+cpbr=1,100

OK
Тест-устойчивости-соединения-Cycle100-в конце-получить-инфо--из-телефона - команда -> at+cgsn

354009008007836

OK
Тест-устойчивости-соединения-Cycle100-в конце-получить-инфо--из-телефона - команда -> at+csq

+CSQ: 31,99

OK
Тест-устойчивости-соединения-Cycle100-в конце-получить-инфо--из-телефона - команда -> at+cclk?

+CCLK: "09/03/03,12:27:58+28"

OK
Тест-устойчивости-соединения-Cycle100-в конце-получить-инфо--из-телефона - команда -> AT+CGDCONT=?

+CGDCONT: (1-10),("IP"),,,(0-1),(0-1)
+CGDCONT: (1-10),("IPV6"),,,(0-1),(0-1)

OK
Тест-устойчивости-соединения-Cycle100-в конце-получить-инфо--из-телефона - команда -> AT+CGDCONT?

+CGDCONT: 1,"IP","internet.etk.ru","0.0.0.0",0,0
+CGDCONT: 2,"IP","wap.sib","0.0.0.0",0,0
+CGDCONT: 3,"IP","mms.sib","0.0.0.0",0,0
+CGDCONT: 4,"IP","internet.sib","0.0.0.0",0,0
+CGDCONT: 5,"IP","mms.etk.ru","0.0.0.0",0,0

OK
Тест-устойчивости-соединения-Cycle100-в конце-получить-инфо--из-телефона - команда -> at+cpbs="SM"

OK
Тест-устойчивости-соединения-Cycle100-в конце-получить-инфо--из-телефона - команда -> at+cpbs?

+CPBS: "SM"

OK
Тест-устойчивости-соединения-Cycle100-в конце-получить-инфо--из-телефона - команда -> at+cpbr=?

+CPBR: (1-100),80,29

OK
Тест-устойчивости-соединения-Cycle100-в конце-получить-инфо--из-телефона - команда -> at+cpbr=1,100

OK
Тест-устойчивости-соединения-Cycle100-в конце-получить-инфо--из-телефона - команда -> at+cgsn

354009008007836

OK
Тест-устойчивости-соединения-Cycle100-в конце-получить-инфо--из-телефона - команда -> at+csq

+CSQ: 31,99

OK
Тест-устойчивости-соединения-Cycle100-в конце-получить-инфо--из-телефона - команда -> at+cclk?

+CCLK: "09/03/03,12:28:01+28"

OK
Тест-устойчивости-соединения-Cycle100-в конце-получить-инфо--из-телефона - команда -> AT+CGDCONT=?

+CGDCONT: (1-10),("IP"),,,(0-1),(0-1)
+CGDCONT: (1-10),("IPV6"),,,(0-1),(0-1)

OK
Тест-устойчивости-соединения-Cycle100-в конце-получить-инфо--из-телефона - команда -> AT+CGDCONT?

+CGDCONT: 1,"IP","internet.etk.ru","0.0.0.0",0,0
+CGDCONT: 2,"IP","wap.sib","0.0.0.0",0,0
+CGDCONT: 3,"IP","mms.sib","0.0.0.0",0,0
+CGDCONT: 4,"IP","internet.sib","0.0.0.0",0,0
+CGDCONT: 5,"IP","mms.etk.ru","0.0.0.0",0,0

OK
Тест-устойчивости-соединения-Cycle100-в конце-получить-инфо--из-телефона - команда -> at+cpbs="SM"

OK
Тест-устойчивости-соединения-Cycle100-в конце-получить-инфо--из-телефона - команда -> at+cpbs?

+CPBS: "SM"

OK
Тест-устойчивости-соединения-Cycle100-в конце-получить-инфо--из-телефона - команда -> at+cpbr=?

+CPBR: (1-100),80,29
Тест-устойчивости-соединения-Cycle100-в конце-получить-инфо--из-телефона - команда -> at+cpbr=1,100

OK
Тест-устойчивости-соединения-Cycle100-в конце-получить-инфо--из-телефона - команда -> at+cgsn

354009008007836

OK
Тест-устойчивости-соединения-Cycle100-в конце-получить-инфо--из-телефона - команда -> at+csq

+CSQ: 31,99

OK
Тест-устойчивости-соединения-Cycle100-в конце-получить-инфо--из-телефона - команда -> at+cclk?

+CCLK: "09/03/03,12:28:04+28"

OK
Тест-устойчивости-соединения-Cycle100-в конце-получить-инфо--из-телефона - команда -> AT+CGDCONT=?

+CGDCONT: (1-10),("IP"),,,(0-1),(0-1)
+CGDCONT: (1-10),("IPV6"),,,(0-1),(0-1)

OK
Тест-устойчивости-соединения-Cycle100-в конце-получить-инфо--из-телефона - команда -> AT+CGDCONT?

+CGDCONT: 1,"IP","internet.etk.ru","0.0.0.0",0,0
+CGDCONT: 2,"IP","wap.sib","0.0.0.0",0,0
+CGDCONT: 3,"IP","mms.sib","0.0.0.0",0,0
+CGDCONT: 4,"IP","internet.sib","0.0.0.0",0,0
+CGDCONT: 5,"IP","mms.etk.ru","0.0.0.0",0,0

OK
Тест-устойчивости-соединения-Cycle100-в конце-получить-инфо--из-телефона - команда -> at+cpbs="SM"

OK
Тест-устойчивости-соединения-Cycle100-в конце-получить-инфо--из-телефона - команда -> at+cpbs?

+CPBS: "SM"

OK
Тест-устойчивости-соединения-Cycle100-в конце-получить-инфо--из-телефона - команда -> at+cpbr=?

+CPBR: (1-100),80,29

OK
Тест-устойчивости-соединения-Cycle100-в конце-получить-инфо--из-телефона - команда -> at+cpbr=1,100

OK
Тест-устойчивости-соединения-Cycle100-в конце-получить-инфо--из-телефона - команда -> at+cgsn

354009008007836

OK
Тест-устойчивости-соединения-Cycle100-в конце-получить-инфо--из-телефона - команда -> at+csq

+CSQ: 31,99

OK
Тест-устойчивости-соединения-Cycle100-в конце-получить-инфо--из-телефона - команда -> at+cclk?

+CCLK: "09/03/03,12:28:07+28"

OK
Тест-устойчивости-соединения-Cycle100-в конце-получить-инфо--из-телефона - команда -> AT+CGDCONT=?

+CGDCONT: (1-10),("IP"),,,(0-1),(0-1)
+CGDCONT: (1-10),("IPV6"),,,(0-1),(0-1)

OK
Тест-устойчивости-соединения-Cycle100-в конце-получить-инфо--из-телефона - команда -> AT+CGDCONT?

+CGDCONT: 1,"IP","internet.etk.ru","0.0.0.0",0,0
+CGDCONT: 2,"IP","wap.sib","0.0.0.0",0,0
+CGDCONT: 3,"IP","mms.sib","0.0.0.0",0,0
+CGDCONT: 4,"IP","internet.sib","0.0.0.0",0,0
+CGDCONT: 5,"IP","mms.etk.ru","0.0.0.0",0,0

OK
Тест-устойчивости-соединения-Cycle100-в конце-получить-инфо--из-телефона - команда -> at+cpbs="SM"

OK
Тест-устойчивости-соединения-Cycle100-в конце-получить-инфо--из-телефона - команда -> at+cpbs?

+CPBS: "SM"

OK
Тест-устойчивости-соединения-Cycle100-в конце-получить-инфо--из-телефона - команда -> at+cpbr=?

+CPBR: (1-100),80,29

OK
Тест-устойчивости-соединения-Cycle100-в конце-получить-инфо--из-телефона - команда -> at+cpbr=1,100

OK
Тест-устойчивости-соединения-Cycle100-в конце-получить-инфо--из-телефона - команда -> at+cgsn

354009008007836

OK
Тест-устойчивости-соединения-Cycle100-в конце-получить-инфо--из-телефона - команда -> at+csq

+CSQ: 31,99

OK
Тест-устойчивости-соединения-Cycle100-в конце-получить-инфо--из-телефона - команда -> at+cclk?

+CCLK: "09/03/03,12:28:10+28"

OK
Тест-устойчивости-соединения-Cycle100-в конце-получить-инфо--из-телефона - команда -> AT+CGDCONT=?

+CGDCONT: (1-10),("IP"),,,(0-1),(0-1)
+CGDCONT: (1-10),("IPV6"),,,(0-1),(0-1)

OK
Тест-устойчивости-соединения-Cycle100-в конце-получить-инфо--из-телефона - команда -> AT+CGDCONT?

+CGDCONT: 1,"IP","internet.etk.ru","0.0.0.0",0,0
+CGDCONT: 2,"IP","wap.sib","0.0.0.0",0,0
+CGDCONT: 3,"IP","mms.sib","0.0.0.0",0,0
+CGDCONT: 4,"IP","internet.sib","0.0.0.0",0,0
+CGDCONT: 5,"IP","mms.etk.ru","0.0.0.0",0,0

OK
Тест-устойчивости-соединения-Cycle100-в конце-получить-инфо--из-телефона - команда -> at+cpbs="SM"

OK
Тест-устойчивости-соединения-Cycle100-в конце-получить-инфо--из-телефона - команда -> at+cpbs?

+CPBS: "SM"

OK
Тест-устойчивости-соединения-Cycle100-в конце-получить-инфо--из-телефона - команда -> at+cpbr=?

+CPBR: (1-100),80,29
Тест-устойчивости-соединения-Cycle100-в конце-получить-инфо--из-телефона - команда -> at+cpbr=1,100

OK
Тест-устойчивости-соединения-Cycle100-в конце-получить-инфо--из-телефона - команда -> at+cgsn

354009008007836

OK
Тест-устойчивости-соединения-Cycle100-в конце-получить-инфо--из-телефона - команда -> at+csq

+CSQ: 31,99

OK
Тест-устойчивости-соединения-Cycle100-в конце-получить-инфо--из-телефона - команда -> at+cclk?

+CCLK: "09/03/03,12:28:13+28"

OK
Тест-устойчивости-соединения-Cycle100-в конце-получить-инфо--из-телефона - команда -> AT+CGDCONT=?

+CGDCONT: (1-10),("IP"),,,(0-1),(0-1)
+CGDCONT: (1-10),("IPV6"),,,(0-1),(0-1)

OK
Тест-устойчивости-соединения-Cycle100-в конце-получить-инфо--из-телефона - команда -> AT+CGDCONT?

+CGDCONT: 1,"IP","internet.etk.ru","0.0.0.0",0,0
+CGDCONT: 2,"IP","wap.sib","0.0.0.0",0,0
+CGDCONT: 3,"IP","mms.sib","0.0.0.0",0,0
+CGDCONT: 4,"IP","internet.sib","0.0.0.0",0,0
+CGDCONT: 5,"IP","mms.etk.ru","0.0.0.0",0,0

OK
Тест-устойчивости-соединения-Cycle100-в конце-получить-инфо--из-телефона - команда -> at+cpbs="SM"

OK
Тест-устойчивости-соединения-Cycle100-в конце-получить-инфо--из-телефона - команда -> at+cpbs?

+CPBS: "SM"

OK
Тест-устойчивости-соединения-Cycle100-в конце-получить-инфо--из-телефона - команда -> at+cpbr=?

+CPBR: (1-100),80,29

OK
Тест-устойчивости-соединения-Cycle100-в конце-получить-инфо--из-телефона - команда -> at+cpbr=1,100

OK
Тест-устойчивости-соединения-Cycle100-в конце-получить-инфо--из-телефона - команда -> at+cgsn

354009008007836

OK
Тест-устойчивости-соединения-Cycle100-в конце-получить-инфо--из-телефона - команда -> at+csq

+CSQ: 31,99

OK
Тест-устойчивости-соединения-Cycle100-в конце-получить-инфо--из-телефона - команда -> at+cclk?

+CCLK: "09/03/03,12:28:16+28"

OK
Тест-устойчивости-соединения-Cycle100-в конце-получить-инфо--из-телефона - команда -> AT+CGDCONT=?

+CGDCONT: (1-10),("IP"),,,(0-1),(0-1)
+CGDCONT: (1-10),("IPV6"),,,(0-1),(0-1)

OK
Тест-устойчивости-соединения-Cycle100-в конце-получить-инфо--из-телефона - команда -> AT+CGDCONT?

+CGDCONT: 1,"IP","internet.etk.ru","0.0.0.0",0,0
+CGDCONT: 2,"IP","wap.sib","0.0.0.0",0,0
+CGDCONT: 3,"IP","mms.sib","0.0.0.0",0,0
+CGDCONT: 4,"IP","internet.sib","0.0.0.0",0,0
+CGDCONT: 5,"IP","mms.etk.ru","0.0.0.0",0,0

OK
Тест-устойчивости-соединения-Cycle100-в конце-получить-инфо--из-телефона - команда -> at+cpbs="SM"

OK
Тест-устойчивости-соединения-Cycle100-в конце-получить-инфо--из-телефона - команда -> at+cpbs?

+CPBS: "SM"

OK
Тест-устойчивости-соединения-Cycle100-в конце-получить-инфо--из-телефона - команда -> at+cpbr=?

+CPBR: (1-100),80,29

OK
Тест-устойчивости-соединения-Cycle100-в конце-получить-инфо--из-телефона - команда -> at+cpbr=1,100

OK
Тест-устойчивости-соединения-Cycle100-в конце-получить-инфо--из-телефона - команда -> at+cgsn

354009008007836

OK
Тест-устойчивости-соединения-Cycle100-в конце-получить-инфо--из-телефона - команда -> at+csq

+CSQ: 31,99

OK
Тест-устойчивости-соединения-Cycle100-в конце-получить-инфо--из-телефона - команда -> at+cclk?

+CCLK: "09/03/03,12:28:19+28"

OK
Тест-устойчивости-соединения-Cycle100-в конце-получить-инфо--из-телефона - команда -> AT+CGDCONT=?

+CGDCONT: (1-10),("IP"),,,(0-1),(0-1)
+CGDCONT: (1-10),("IPV6"),,,(0-1),(0-1)

OK
Тест-устойчивости-соединения-Cycle100-в конце-получить-инфо--из-телефона - команда -> AT+CGDCONT?

+CGDCONT: 1,"IP","internet.etk.ru","0.0.0.0",0,0
+CGDCONT: 2,"IP","wap.sib","0.0.0.0",0,0
+CGDCONT: 3,"IP","mms.sib","0.0.0.0",0,0
+CGDCONT: 4,"IP","internet.sib","0.0.0.0",0,0
+CGDCONT: 5,"IP","mms.etk.ru","0.0.0.0",0,0

OK
Тест-устойчивости-соединения-Cycle100-в конце-получить-инфо--из-телефона - команда -> at+cpbs="SM"

OK
Тест-устойчивости-соединения-Cycle100-в конце-получить-инфо--из-телефона - команда -> at+cpbs?

+CPBS: "SM"

OK
Тест-устойчивости-соединения-Cycle100-в конце-получить-инфо--из-телефона - команда -> at+cpbr=?

+CPBR: (1-100),80,29
Тест-устойчивости-соединения-Cycle100-в конце-получить-инфо--из-телефона - команда -> at+cpbr=1,100

OK
Тест-устойчивости-соединения-Cycle100-в конце-получить-инфо--из-телефона - команда -> at+cgsn

354009008007836

OK
Тест-устойчивости-соединения-Cycle100-в конце-получить-инфо--из-телефона - команда -> at+csq

+CSQ: 31,99

OK
Тест-устойчивости-соединения-Cycle100-в конце-получить-инфо--из-телефона - команда -> at+cclk?

+CCLK: "09/03/03,12:28:22+28"

OK
Тест-устойчивости-соединения-Cycle100-в конце-получить-инфо--из-телефона - команда -> AT+CGDCONT=?

+CGDCONT: (1-10),("IP"),,,(0-1),(0-1)
+CGDCONT: (1-10),("IPV6"),,,(0-1),(0-1)

OK
Тест-устойчивости-соединения-Cycle100-в конце-получить-инфо--из-телефона - команда -> AT+CGDCONT?

+CGDCONT: 1,"IP","internet.etk.ru","0.0.0.0",0,0
+CGDCONT: 2,"IP","wap.sib","0.0.0.0",0,0
+CGDCONT: 3,"IP","mms.sib","0.0.0.0",0,0
+CGDCONT: 4,"IP","internet.sib","0.0.0.0",0,0
+CGDCONT: 5,"IP","mms.etk.ru","0.0.0.0",0,0

OK
Тест-устойчивости-соединения-Cycle100-в конце-получить-инфо--из-телефона - команда -> at+cpbs="SM"

OK
Тест-устойчивости-соединения-Cycle100-в конце-получить-инфо--из-телефона - команда -> at+cpbs?

+CPBS: "SM"

OK
Тест-устойчивости-соединения-Cycle100-в конце-получить-инфо--из-телефона - команда -> at+cpbr=?

+CPBR: (1-100),80,29

OK
Тест-устойчивости-соединения-Cycle100-в конце-получить-инфо--из-телефона - команда -> at+cpbr=1,100

OK
Тест-устойчивости-соединения-Cycle100-в конце-получить-инфо--из-телефона - команда -> at+cgsn

354009008007836

OK
Тест-устойчивости-соединения-Cycle100-в конце-получить-инфо--из-телефона - команда -> at+csq

+CSQ: 31,99

OK
Тест-устойчивости-соединения-Cycle100-в конце-получить-инфо--из-телефона - команда -> at+cclk?

+CCLK: "09/03/03,12:28:25+28"

OK
Тест-устойчивости-соединения-Cycle100-в конце-получить-инфо--из-телефона - команда -> AT+CGDCONT=?

+CGDCONT: (1-10),("IP"),,,(0-1),(0-1)
+CGDCONT: (1-10),("IPV6"),,,(0-1),(0-1)

OK
Тест-устойчивости-соединения-Cycle100-в конце-получить-инфо--из-телефона - команда -> AT+CGDCONT?

+CGDCONT: 1,"IP","internet.etk.ru","0.0.0.0",0,0
+CGDCONT: 2,"IP","wap.sib","0.0.0.0",0,0
+CGDCONT: 3,"IP","mms.sib","0.0.0.0",0,0
+CGDCONT: 4,"IP","internet.sib","0.0.0.0",0,0
+CGDCONT: 5,"IP","mms.etk.ru","0.0.0.0",0,0

OK
Тест-устойчивости-соединения-Cycle100-в конце-получить-инфо--из-телефона - команда -> at+cpbs="SM"

OK
Тест-устойчивости-соединения-Cycle100-в конце-получить-инфо--из-телефона - команда -> at+cpbs?

+CPBS: "SM"

OK
Тест-устойчивости-соединения-Cycle100-в конце-получить-инфо--из-телефона - команда -> at+cpbr=?

+CPBR: (1-100),80,29

OK
Тест-устойчивости-соединения-Cycle100-в конце-получить-инфо--из-телефона - команда -> at+cpbr=1,100

OK
Тест-устойчивости-соединения-Cycle100-в конце-получить-инфо--из-телефона - команда -> at+cgsn

354009008007836

OK
Тест-устойчивости-соединения-Cycle100-в конце-получить-инфо--из-телефона - команда -> at+csq

+CSQ: 31,99

OK
Тест-устойчивости-соединения-Cycle100-в конце-получить-инфо--из-телефона - команда -> at+cclk?

+CCLK: "09/03/03,12:28:28+28"

OK
Тест-устойчивости-соединения-Cycle100-в конце-получить-инфо--из-телефона - команда -> AT+CGDCONT=?

+CGDCONT: (1-10),("IP"),,,(0-1),(0-1)
+CGDCONT: (1-10),("IPV6"),,,(0-1),(0-1)

OK
Тест-устойчивости-соединения-Cycle100-в конце-получить-инфо--из-телефона - команда -> AT+CGDCONT?

+CGDCONT: 1,"IP","internet.etk.ru","0.0.0.0",0,0
+CGDCONT: 2,"IP","wap.sib","0.0.0.0",0,0
+CGDCONT: 3,"IP","mms.sib","0.0.0.0",0,0
+CGDCONT: 4,"IP","internet.sib","0.0.0.0",0,0
+CGDCONT: 5,"IP","mms.etk.ru","0.0.0.0",0,0

OK
Тест-устойчивости-соединения-Cycle100-в конце-получить-инфо--из-телефона - команда -> at+cpbs="SM"

OK
Тест-устойчивости-соединения-Cycle100-в конце-получить-инфо--из-телефона - команда -> at+cpbs?

+CPBS: "SM"

OK
Тест-устойчивости-соединения-Cycle100-в конце-получить-инфо--из-телефона - команда -> at+cpbr=?

+CPBR: (1-100),80,29

OK
Тест-устойчивости-соединения-Cycle100-в конце-получить-инфо--из-телефона - команда -> at+cpbr=1,100

OK
Тест-устойчивости-соединения-Cycle100-в конце-получить-инфо--из-телефона - команда -> at+cgsn

354009008007836

OK
Тест-устойчивости-соединения-Cycle100-в конце-получить-инфо--из-телефона - команда -> at+csq

+CSQ: 31,99

OK
Тест-устойчивости-соединения-Cycle100-в конце-получить-инфо--из-телефона - команда -> at+cclk?

+CCLK: "09/03/03,12:28:32+28"

OK
Тест-устойчивости-соединения-Cycle100-в конце-получить-инфо--из-телефона - команда -> AT+CGDCONT=?

+CGDCONT: (1-10),("IP"),,,(0-1),(0-1)
+CGDCONT: (1-10),("IPV6"),,,(0-1),(0-1)

OK
Тест-устойчивости-соединения-Cycle100-в конце-получить-инфо--из-телефона - команда -> AT+CGDCONT?

+CGDCONT: 1,"IP","internet.etk.ru","0.0.0.0",0,0
+CGDCONT: 2,"IP","wap.sib","0.0.0.0",0,0
+CGDCONT: 3,"IP","mms.sib","0.0.0.0",0,0
+CGDCONT: 4,"IP","internet.sib","0.0.0.0",0,0
+CGDCONT: 5,"IP","mms.etk.ru","0.0.0.0",0,0

OK
Тест-устойчивости-соединения-Cycle100-в конце-получить-инфо--из-телефона - команда -> at+cpbs="SM"

OK
Тест-устойчивости-соединения-Cycle100-в конце-получить-инфо--из-телефона - команда -> at+cpbs?

+CPBS: "SM"

OK
Тест-устойчивости-соединения-Cycle100-в конце-получить-инфо--из-телефона - команда -> at+cpbr=?

+CPBR: (1-100),80,29

OK
Тест-устойчивости-соединения-Cycle100-в конце-получить-инфо--из-телефона - команда -> at+cpbr=1,100

OK
Тест-устойчивости-соединения-Cycle100-в конце-получить-инфо--из-телефона - команда -> at+cgsn

354009008007836

OK
Тест-устойчивости-соединения-Cycle100-в конце-получить-инфо--из-телефона - команда -> at+csq

+CSQ: 31,99

OK
Тест-устойчивости-соединения-Cycle100-в конце-получить-инфо--из-телефона - команда -> at+cclk?

+CCLK: "09/03/03,12:28:35+28"

OK
Тест-устойчивости-соединения-Cycle100-в конце-получить-инфо--из-телефона - команда -> AT+CGDCONT=?

+CGDCONT: (1-10),("IP"),,,(0-1),(0-1)
+CGDCONT: (1-10),("IPV6"),,,(0-1),(0-1)

OK
Тест-устойчивости-соединения-Cycle100-в конце-получить-инфо--из-телефона - команда -> AT+CGDCONT?

+CGDCONT: 1,"IP","internet.etk.ru","0.0.0.0",0,0
+CGDCONT: 2,"IP","wap.sib","0.0.0.0",0,0
+CGDCONT: 3,"IP","mms.sib","0.0.0.0",0,0
+CGDCONT: 4,"IP","internet.sib","0.0.0.0",0,0
+CGDCONT: 5,"IP","mms.etk.ru","0.0.0.0",0,0

OK
Тест-устойчивости-соединения-Cycle100-в конце-получить-инфо--из-телефона - команда -> at+cpbs="SM"

OK
Тест-устойчивости-соединения-Cycle100-в конце-получить-инфо--из-телефона - команда -> at+cpbs?

+CPBS: "SM"

OK
Тест-устойчивости-соединения-Cycle100-в конце-получить-инфо--из-телефона - команда -> at+cpbr=?

+CPBR: (1-100),80,29

OK
Тест-устойчивости-соединения-Cycle100-в конце-получить-инфо--из-телефона - команда -> at+cpbr=1,100

OK
Тест-устойчивости-соединения-Cycle100-в конце-получить-инфо--из-телефона - команда -> at+cgsn

354009008007836

OK
Тест-устойчивости-соединения-Cycle100-в конце-получить-инфо--из-телефона - команда -> at+csq

+CSQ: 31,99

OK
Тест-устойчивости-соединения-Cycle100-в конце-получить-инфо--из-телефона - команда -> at+cclk?

+CCLK: "09/03/03,12:28:38+28"

OK
Тест-устойчивости-соединения-Cycle100-в конце-получить-инфо--из-телефона - команда -> AT+CGDCONT=?

+CGDCONT: (1-10),("IP"),,,(0-1),(0-1)
+CGDCONT: (1-10),("IPV6"),,,(0-1),(0-1)

OK
Тест-устойчивости-соединения-Cycle100-в конце-получить-инфо--из-телефона - команда -> AT+CGDCONT?

+CGDCONT: 1,"IP","internet.etk.ru","0.0.0.0",0,0
+CGDCONT: 2,"IP","wap.sib","0.0.0.0",0,0
+CGDCONT: 3,"IP","mms.sib","0.0.0.0",0,0
+CGDCONT: 4,"IP","internet.sib","0.0.0.0",0,0
+CGDCONT: 5,"IP","mms.etk.ru","0.0.0.0",0,0

OK
Тест-устойчивости-соединения-Cycle100-в конце-получить-инфо--из-телефона - команда -> at+cpbs="SM"

OK
Тест-устойчивости-соединения-Cycle100-в конце-получить-инфо--из-телефона - команда -> at+cpbs?

+CPBS: "SM"

OK
Тест-устойчивости-соединения-Cycle100-в конце-получить-инфо--из-телефона - команда -> at+cpbr=?

+CPBR: (1-100),80,29

OK
Тест-устойчивости-соединения-Cycle100-в конце-получить-инфо--из-телефона - команда -> at+cpbr=1,100

OK
Тест-устойчивости-соединения-Cycle100-в конце-получить-инфо--из-телефона - команда -> at+cgsn

354009008007836

OK
Тест-устойчивости-соединения-Cycle100-в конце-получить-инфо--из-телефона - команда -> at+csq

+CSQ: 31,99

OK
Тест-устойчивости-соединения-Cycle100-в конце-получить-инфо--из-телефона - команда -> at+cclk?

+CCLK: "09/03/03,12:28:41+28"

OK
Тест-устойчивости-соединения-Cycle100-в конце-получить-инфо--из-телефона - команда -> AT+CGDCONT=?

+CGDCONT: (1-10),("IP"),,,(0-1),(0-1)
+CGDCONT: (1-10),("IPV6"),,,(0-1),(0-1)

OK
Тест-устойчивости-соединения-Cycle100-в конце-получить-инфо--из-телефона - команда -> AT+CGDCONT?

+CGDCONT: 1,"IP","internet.etk.ru","0.0.0.0",0,0
+CGDCONT: 2,"IP","wap.sib","0.0.0.0",0,0
+CGDCONT: 3,"IP","mms.sib","0.0.0.0",0,0
+CGDCONT: 4,"IP","internet.sib","0.0.0.0",0,0
+CGDCONT: 5,"IP","mms.etk.ru","0.0.0.0",0,0

OK
Тест-устойчивости-соединения-Cycle100-в конце-получить-инфо--из-телефона - команда -> at+cpbs="SM"

OK
Тест-устойчивости-соединения-Cycle100-в конце-получить-инфо--из-телефона - команда -> at+cpbs?

+CPBS: "SM"

OK
Тест-устойчивости-соединения-Cycle100-в конце-получить-инфо--из-телефона - команда -> at+cpbr=?

+CPBR: (1-100),80,29

OK
Тест-устойчивости-соединения-Cycle100-в конце-получить-инфо--из-телефона - команда -> at+cpbr=1,100

OK
Тест-устойчивости-соединения-Cycle100-в конце-получить-инфо--из-телефона - команда -> at+cgsn

354009008007836

OK
Тест-устойчивости-соединения-Cycle100-в конце-получить-инфо--из-телефона - команда -> at+csq

+CSQ: 31,99

OK
Тест-устойчивости-соединения-Cycle100-в конце-получить-инфо--из-телефона - команда -> at+cclk?

+CCLK: "09/03/03,12:28:44+28"

OK
Тест-устойчивости-соединения-Cycle100-в конце-получить-инфо--из-телефона - команда -> AT+CGDCONT=?

+CGDCONT: (1-10),("IP"),,,(0-1),(0-1)
+CGDCONT: (1-10),("IPV6"),,,(0-1),(0-1)

OK
Тест-устойчивости-соединения-Cycle100-в конце-получить-инфо--из-телефона - команда -> AT+CGDCONT?

+CGDCONT: 1,"IP","internet.etk.ru","0.0.0.0",0,0
+CGDCONT: 2,"IP","wap.sib","0.0.0.0",0,0
+CGDCONT: 3,"IP","mms.sib","0.0.0.0",0,0
+CGDCONT: 4,"IP","internet.sib","0.0.0.0",0,0
+CGDCONT: 5,"IP","mms.etk.ru","0.0.0.0",0,0

OK
Тест-устойчивости-соединения-Cycle100-в конце-получить-инфо--из-телефона - команда -> at+cpbs="SM"

OK
Тест-устойчивости-соединения-Cycle100-в конце-получить-инфо--из-телефона - команда -> at+cpbs?

+CPBS: "SM"

OK
Тест-устойчивости-соединения-Cycle100-в конце-получить-инфо--из-телефона - команда -> at+cpbr=?

+CPBR: (1-100),80,29

OK
Тест-устойчивости-соединения-Cycle100-в конце-получить-инфо--из-телефона - команда -> at+cpbr=1,100

OK
Тест-устойчивости-соединения-Cycle100-в конце-получить-инфо--из-телефона - команда -> at+cgsn

354009008007836

OK
Тест-устойчивости-соединения-Cycle100-в конце-получить-инфо--из-телефона - команда -> at+csq

+CSQ: 31,99

OK
Тест-устойчивости-соединения-Cycle100-в конце-получить-инфо--из-телефона - команда -> at+cclk?

+CCLK: "09/03/03,12:28:47+28"

OK
Тест-устойчивости-соединения-Cycle100-в конце-получить-инфо--из-телефона - команда -> AT+CGDCONT=?

+CGDCONT: (1-10),("IP"),,,(0-1),(0-1)
+CGDCONT: (1-10),("IPV6"),,,(0-1),(0-1)

OK
Тест-устойчивости-соединения-Cycle100-в конце-получить-инфо--из-телефона - команда -> AT+CGDCONT?

+CGDCONT: 1,"IP","internet.etk.ru","0.0.0.0",0,0
+CGDCONT: 2,"IP","wap.sib","0.0.0.0",0,0
+CGDCONT: 3,"IP","mms.sib","0.0.0.0",0,0
+CGDCONT: 4,"IP","internet.sib","0.0.0.0",0,0
+CGDCONT: 5,"IP","mms.etk.ru","0.0.0.0",0,0

OK
