
OK

ERROR
>++Отправить СМС (лат)  ввод номера тел. и строки - команда -> at+cscs="GSM"

ERROR
>++Отправить СМС (лат)  ввод номера тел. и строки - команда -> at+cscs?

ERROR
>++Отправить СМС (лат)  ввод номера тел. и строки - команда -> at+cpms=?

ERROR
>++Отправить СМС (лат)  ввод номера тел. и строки - команда -> at+cpms=

ERROR
>++Отправить СМС (лат)  ввод номера тел. и строки - команда -> at+cmgf=1

ERROR
>++Отправить СМС (лат)  ввод номера тел. и строки - команда -> at+cgsn

ERROR
++Отправить лат (без удаления) СМС ввод номера тел. и строки - команда -> at+cscs="GSM"

ERROR
++Отправить лат (без удаления) СМС ввод номера тел. и строки - команда -> at+cscs?

ERROR
++Отправить лат (без удаления) СМС ввод номера тел. и строки - команда -> at+cpms="OM"

ERROR
++Отправить лат (без удаления) СМС ввод номера тел. и строки - команда -> at+cmgf=1

ERROR
++Отправить лат (без удаления) СМС ввод номера тел. и строки - команда -> at+cmgw="89161234567"Proba gets

ERROR
++Отправить лат (без удаления) СМС ввод номера тел. и строки - команда -> at+cmss=

ERROR
>+-Отправить СМС (лат)  ввод номера тел. и строки - команда -> at+cscs="GSM"

ERROR
>+-Отправить СМС (лат)  ввод номера тел. и строки - команда -> at+cscs?

ERROR
>+-Отправить СМС (лат)  ввод номера тел. и строки - команда -> at+cpms="SM"

ERROR
>+-Отправить СМС (лат)  ввод номера тел. и строки - команда -> at+cmgf=1

ERROR
>+-Отправить СМС (лат)  ввод номера тел. и строки - команда -> at+cgsn

ERROR
>+Отправить (без удаления) СМС (лат)  ввод номера тел. и строки - команда -> at+cscs="GSM"

ERROR
>+Отправить (без удаления) СМС (лат)  ввод номера тел. и строки - команда -> at+cscs?

ERROR
>+Отправить (без удаления) СМС (лат)  ввод номера тел. и строки - команда -> at+cpms="SM"

ERROR
>+Отправить (без удаления) СМС (лат)  ввод номера тел. и строки - команда -> at+cmgf=1

ERROR
>+Отправить (без удаления) СМС (лат)  ввод номера тел. и строки - команда -> at+cgsn

ERROR
+Отправить (без сохранения) СМС (лат)  ввод номера и строки - команда -> at+cscs="GSM"

ERROR
+Отправить (без сохранения) СМС (лат)  ввод номера и строки - команда -> at+cscs?

ERROR
+Отправить (без сохранения) СМС (лат)  ввод номера и строки - команда -> at+cpms="ME"

ERROR
+Отправить (без сохранения) СМС (лат)  ввод номера и строки - команда -> at+cmgf=1

ERROR
+Отправить (без сохранения) СМС (лат)  ввод номера и строки - команда -> at+cgsn

ERROR
+Отправить (без сохранения) СМС (лат)  ввод номера и строки - команда -> at+cmgs="2932332"

ERROR
+Отправить (без сохранения) СМС (лат)  ввод номера и строки - команда -> 
