Послать строку - команда -> AT^SAIC=?

^SAIC: (1-2),(1-2),(1-3)

OK
Послать строку - команда -> AT^SAIC?

^SAIC: 2,1,1

OK
Послать строку - команда -> AT^SAIC=1,1,1

ERROR
Послать строку - команда -> AT^SAIC=2,2,3

ERROR
Послать строку - команда -> AT^SAIC=2,1,1

ERROR
Послать строку - команда -> AT^SAIC=<2>,<1>,<1>

ERROR
Послать строку - команда -> AT^SAIC?

^SAIC: 2,1,1

OK
Послать строку - команда -> AT^SNFS=1

OK
Послать строку - команда -> AT^SNFM=1

ERROR
Набрать номер (ввод) и звонить Голосом - команда -> atd2932332;
Послать строку - команда -> AT^SNFM=1

NO CARRIER

+CRING: VOICE

+CLIP: "+79029232332",145,,,,0

+CRING: VOICE

+CLIP: "+79029232332",145,,,,0
Послать строку - команда -> AT^SNFM=1

ERROR

+CRING: VOICE

+CLIP: "+79029232332",145,,,,0

+CRING: VOICE

+CLIP: "+79029232332",145,,,,0

+CRING: VOICE

+CLIP: "+79029232332",145,,,,0

+CRING: VOICE

+CLIP: "+79029232332",145,,,,0

+CRING: VOICE

+CLIP: "+79029232332",145,,,,0

+CRING: VOICE

+CLIP: "+79029232332",145,,,,0
Послать строку - команда -> AT+CHUP

OK
Послать строку - команда -> AT^SNFM=1

ERROR
