Послать строку - команда -> AT^SNFS=?

^SNFS: (1-6)

OK
Послать строку - команда -> AT^SNFS=1

OK
Послать строку - команда -> AT^SNFS=2

OK

+CRING: VOICE

+CLIP: "+79029232332",145,,,,0

+CRING: VOICE

+CLIP: "+79029232332",145,,,,0

+CRING: VOICE

+CLIP: "+79029232332",145,,,,0

+CRING: VOICE

+CLIP: "+79029232332",145,,,,0

+CRING: VOICE

+CLIP: "+79029232332",145,,,,0

+CRING: VOICE

+CLIP: "+79029232332",145,,,,0
Послать строку - команда -> AT+CHUP

OK
Послать строку - команда -> AT^SNFS=3

OK

+CRING: VOICE

+CLIP: "+79029232332",145,,,,0

+CRING: VOICE

+CLIP: "+79029232332",145,,,,0

+CRING: VOICE

+CLIP: "+79029232332",145,,,,0

+CRING: VOICE

+CLIP: "+79029232332",145,,,,0

+CRING: VOICE

+CLIP: "+79029232332",145,,,,0

+CRING: VOICE

+CLIP: "+79029232332",145,,,,0

+CRING: VOICE

+CLIP: "+79029232332",145,,,,0
Прервать вызов - команда -> at+ckpd="e"

ERROR

+CRING: VOICE

+CLIP: "+79029232332",145,,,,0
>Прервать вызов - команда -> at+ckpd="e"

ERROR

+CRING: VOICE

+CLIP: "+79029232332",145,,,,0

+CRING: VOICE

+CLIP: "+79029232332",145,,,,0

+CRING: VOICE

+CLIP: "+79029232332",145,,,,0
Прервать  вызов - команда -> at+ckpd="e"

ERROR

+CRING: VOICE

+CLIP: "+79029232332",145,,,,0

+CRING: VOICE

+CLIP: "+79029232332",145,,,,0
Прервать набор номера - команда -> ath0

OK
Набрать номер (ввод) и звонить - команда -> at+ckpd="2932332"

ERROR
Набрать номер (ввод) и звонить - команда -> at+ckpd="s"

ERROR
Набрать номер (ввод) и звонить Голосом - команда -> atd2932332;

OK
Послать строку - команда -> AT^SNFS=4

OK
Послать строку - команда -> AT^SNFS=4

OK
Послать строку - команда -> AT^SNFS=5

OK
Послать строку - команда -> AT^SNFS=6

OK

NO CARRIER
Послать строку - команда -> AT^SNFS=4

OK
Послать строку - команда -> AT^SAIC?

^SAIC: 2,1,1

OK
Послать строку - команда -> AT^SNFS=2

OK
Послать строку - команда -> AT^SAIC?

^SAIC: 2,2,2

OK
Набрать номер (ввод) и звонить Голосом - команда -> atd2932332;

BUSY
Набрать номер (ввод) и звонить Голосом - команда -> atdAT^SAIC?;

ERROR
Послать строку - команда -> AT^SAIC?

^SAIC: 2,2,2

OK
Послать строку - команда -> AT^SNFM=?

^SNFM: (0,1)

OK
Послать строку - команда -> AT^SNFM=1

ERROR
Послать строку - команда -> AT^SNFS=?

^SNFS: (1-6)

OK
Набрать номер (ввод) и звонить Голосом - команда -> atd2932332;
Набрать номер (ввод) и звонить Голосом - команда -> atdAT^SNFM=1;

NO CARRIER
Набрать номер (ввод) и звонить Голосом - команда -> atd2932332;
Послать строку - команда -> AT^SNFM=1

NO CARRIER

+CRING
Послать строку - команда -> 9232332",145,,,,0

+CRING: VOICE

+CLIP: "+79029232332",145,,,,0
Послать строку - команда -> AT+CHUP

OK
Послать строку - команда -> AT+CMUT

ERROR
Послать строку - команда -> AT^SAIC=?

^SAIC: (1-2),(1-2),(1-3)

OK
Послать строку - команда -> AT^SAIC=?

^SAIC: (1-2),(1-2),(1-3)

OK
Послать строку - команда -> AT^SNFS=?

^SNFS: (1-6)

OK
Послать строку - команда -> AT^SAIC?

^SAIC: 2,2,2

OK
Послать строку - команда -> AT^SM20=?

OK
Послать строку - команда -> AT^SM20?

^SM20: 1,1

OK
Послать строку - команда -> AT^SM20=0

OK
Послать строку - команда -> AT^SM20?

^SM20: 0,1

OK
Набрать номер (ввод) и звонить Голосом - команда -> atd2932332;

OK

NO CARRIER
Набрать номер (ввод) и звонить Голосом - команда -> atdAT^SM20=1;

ERROR
Послать строку - команда -> AT^SM20=1

OK
Послать строку - команда -> AT^SM20?

^SM20: 1,1

OK
Послать строку - команда -> AT^SNFS?

^SNFS: 2

OK
Послать строку - команда -> AT^SNFS=3

OK
Послать строку - команда -> AT^SNFS?

^SNFS: 3

OK
Послать строку - команда -> AT^SNFS=4

OK
Набрать номер (ввод) и звонить Голосом - команда -> atd2932332;

OK

NO CARRIER
Набрать номер (ввод) и звонить Голосом - команда -> atdAT+CSNS?;

ERROR
Послать строку - команда -> AT+CSNS?

+CSNS: 0

OK
Послать строку - команда -> 
Послать строку - команда -> AT+csns?

+CSNS: 0

OK
Послать строку - команда -> ATS0?

000

OK
Послать строку - команда -> AT+V

ERROR
Послать строку - команда -> AT&V

ACTIVE PROFILE:
E0 Q0 V1 X4 &C1 &D2 &S0 \Q0 
S0:000 S3:013 S4:010 S5:008 S6:000 S7:060 S8:000 S10:002 S18:000 
+CBST: 7,0,1 
+CRLP: 61,61,78,6 
+CR: 0 
+FCLASS: 0 
+CRC: 1
+CMGF: 0
+CNMI: 0,0,0,0,1
+ILRR: 0
+IPR: 0
+CMEE: 0
^SMGO: 0,0
+CSMS: 0,1,1,1
^SACM: 0,"000000","000000"
^SCKS: 0,1
^SSET: 0
+CREG: 0,1
+CLIP: 1,1
+CAOC: 0
+COPS: 0,0,"Beeline"
+CGSMS: 1

OK
