
OK

+CSCS: "GSM"

OK
Модель телефона - команда -> at+cgmm

MC35i

OK
 - команда -> at+CMGF=0

OK
 - команда -> at+CMGF?

+CMGF: 0

OK
Получить характеристики телефона - команда -> at+cgsn

353414026664173

OK

+ Открытие файла с пакетом команд "CHECKPHONE.BAT"

+ Пакет команд из файла "CHECKPHONE.BAT" загружен (всего строк=1)

++ Выполнение пакета команд из файла "CHECKPHONE.BAT"
Выполнить пакет - команда -> AT+CMGF=0

OK
Выполнить пакет - команда -> AT+CMGF?

+CMGF: 0

OK
Выполнить пакет - команда -> AT+CMGF=1

OK
Выполнить пакет - команда -> AT+CMGF?

+CMGF: 1

OK
Выполнить пакет - команда -> AT+CSCS="UCS2"

OK
Выполнить пакет - команда -> AT+CSCS?

+CSCS: "UCS2"

OK
Выполнить пакет - команда -> AT+CSCS="PCCP437"

ERROR
Набрать номер (ввод) и звонить - команда -> at+ckpd="+79029232332"

ERROR
Набрать номер (ввод) и звонить - команда -> at+ckpd="s"

ERROR
Набрать номер (ввод) и звонить Голосом - команда -> atd+79029232332;

OK
Увеличить громкость - команда -> at+ckpd="u"

ERROR
Увеличить громкость - команда -> at+ckpd="u"

ERROR
Увеличить громкость - команда -> at+ckpd="u"

ERROR
Уменьшить громкость - команда -> at+ckpd="d"

ERROR
Уменьшить громкость - команда -> at+ckpd="d"

ERROR

NO CARRIER
